        {
          "type": "AIMessage",
          "content": "Intention: Full hdoor.exe record captured. Now summarize iexeplorer.exe's execution behavior — how many runs and how many distinct targets — to settle the selection premise.\n",
          "tool_calls": [
            {
              "name": "run_splunk_search",
              "args": {
                "query": "index=botsv3 sourcetype=\"XmlWinEventLog:Microsoft-Windows-Sysmon/Operational\" host=FYODOR-L EventCode=1 Image=\"C:\\\\Windows\\\\Temp\\\\unziped\\\\lsof-master\\\\iexeplorer.exe\" | rex field=CommandLine \"http://(?<target>[^/\\\"]+)\" | stats count, dc(target) as distinct_targets, values(target) as targets, min(_time) as first_run, max(_time) as last_run"
              }
            }
          ]
        },
        {
          "type": "ToolMessage",
          "content": "{\"results\": [{\"count\": \"34\", \"distinct_targets\": \"1\", \"targets\": \"192.168.9.30:8080\", \"first_run\": \"1534763140\", \"last_run\": \"1534764841\"}], \"meta\": {\"total_event_count\": 1, \"returned\": 1, \"sid\": \"1790249443.1077\"}}",
          "name": "run_splunk_search"
        },
        {
          "type": "AIMessage",
          "content": "Intention: iexeplorer.exe: 34 runs, 1 distinct target (192.168.9.30:8080) — single-host exploitation. Now confirm hdoor.exe's scan behavior in network telemetry: EventCode=3 connections for its ProcessGuid.\n",
          "tool_calls": [
            {
              "name": "run_splunk_search",
              "args": {
                "query": "index=botsv3 sourcetype=\"XmlWinEventLog:Microsoft-Windows-Sysmon/Operational\" host=FYODOR-L EventCode=3 ProcessGuid=\"{EBF7A186-CCB6-5B58-0000-00109D240102}\" | stats count, dc(DestinationIp) as distinct_dest_ips, min(_time) as first_conn, max(_time) as last_conn"
              }
            }
          ]
        },
        {
          "type": "ToolMessage",
          "content": "{\"results\": [{\"count\": \"19\", \"distinct_dest_ips\": \"6\", \"first_conn\": \"1534761811\", \"last_conn\": \"1534761845\"}], \"meta\": {\"total_event_count\": 1, \"returned\": 1, \"sid\": \"1790249450.1078\"}}",
          "name": "run_splunk_search"
        },
        {
          "type": "AIMessage",
          "content": "All evidence is in hand. The selection premise is now settled with exact records: hdoor.exe is the network scanner (IP-range sweep, 19 connections to 6 distinct IPs), iexeplorer.exe is single-host exploitation (34 runs, 1 target). The MD5 is unchanged.",
          "tool_calls": [
            {
              "name": "submit_finding",
              "args": {
                "ruled_out": "iexeplorer.exe (MD5=655D76930C77B713864CD26E386F1DE7) - 34 executions against exactly one target (192.168.9.30:8080) with post-exploitation shell commands; never an IP-range sweep, so not the network scanner. stream:http as download evidence - 0 events for \"hdoor\". Direct exact-match filter on TargetFilename for EventCode=11 - returns 0 rows despite the value existing (feed quirk with backslash-escaped values); post-aggregation search on stats-by-TargetFilename works.",
                "notes": "MD5 unchanged from round 1: 586EF56F4D8963DD546163AC31C865D7 (uppercase, exactly as recorded in the Sysmon Hashes field; SHA256=99925199059EE049F7AEDA8904C2F5BDFBA86671FD7A5989BD60B72F26EF737C). Full chain on FYODOR-L: powershell.exe PID 6360 (encoded downloader) created C:\\Windows\\Temp\\hdoor.exe at epoch 1534761769 (2018-08-20 18:42:49 +08:00); the same powershell parent then launched hdoor.exe (PID 10260, user AzureAD\\FyodorMalteskesko) at 18:43:10 with \"-hbs 192.168.9.1-192.168.9.50 /b /m /n\"; hdoor.exe's ProcessGuid made 19 connections to 6 distinct IPs between 1534761811-1534761845. The same powershell PID 6360 later created unziped\\lsof-master\\iexeplorer.exe at 1534762061, used only against 192.168.9.30:8080. The download transfer itself left no stream:http record (0 events for 'hdoor'); the on-endpoint file-creation by the encoded PowerShell downloader is the download's footprint. Quirk noted: filtering EventCode=11 directly on TargetFilename=\"C:\\Windows\\Temp\\hdoor.exe\" returns 0 rows even though the value exists — the backslash-escaped exact-match filter fails on this feed; stats-by-TargetFilename with a post-aggregation search works.",
                "sources_used": "WinEventLog:Microsoft-Windows-Sysmon/Operational",
                "sourcetypes_used": "XmlWinEventLog:Microsoft-Windows-Sysmon/Operational",
                "confidence": 90,
                "new_premises": [
                  {
                    "evidence": "EventCode=3 for ProcessGuid {EBF7A186-CCB6-5B58-0000-00109D240102} returned 19 connections to 6 distinct DestinationIp between 1534761811 and 1534761845, immediately after the 18:43:10 launch with the 192.168.9.1-192.168.9.50 sweep.",
                    "kind": "selection",
                    "load_bearing": false,
                    "rival": "iexeplorer.exe (MD5=655D76930C77B713864CD26E386F1DE7)",
                    "text": "hdoor.exe's process (ProcessGuid {EBF7A186-CCB6-5B58-0000-00109D240102}) generated the scan traffic itself: 19 network connections to 6 distinct destination IPs in the 34 seconds after launch, confirming the sweep was executed, not merely configured."
                  }
                ],
                "premise_updates": [
                  {
                    "id": "p2",
                    "quote": "\"C:\\windows\\temp\\hdoor.exe\" -hbs 192.168.9.1-192.168.9.50 /b /m /n ... Hashes: MD5=586EF56F4D8963DD546163AC31C865D7 ... count: 1 | iexeplorer.exe: count=34, distinct_targets=1, targets=192.168.9.30:8080 | hdoor.exe ProcessGuid {EBF7A186-CCB6-5B58-0000-00109D240102}: count=19, distinct_dest_ips=6",
                    "status": "VERIFIED",
                    "evidence": "hdoor.exe's only execution sweeps the IP range 192.168.9.1-192.168.9.50 and its process made 19 connections to 6 distinct destination IPs in the 34 seconds after launch — the act of scanning Frothly's network. iexeplorer.exe ran 34 times against exactly one target (192.168.9.30:8080) with post-exploitation shell commands (whoami, id, cat /etc/passwd, useradd tomcat7) — single-host Struts exploitation, not scanning. Both files were dropped by the same powershell.exe PID 6360, so provenance does not distinguish them; only execution behavior does, and it selects hdoor.exe."
                  }
                ],
                "report": "**Scope:** sourcetype=XmlWinEventLog:Microsoft-Windows-Sysmon/Operational | source=WinEventLog:Microsoft-Windows-Sysmon/Operational | fields=EventCode, Image, CommandLine, Hashes, TargetFilename, ParentImage, DestinationIp, host\n**Insight:** FOUND\n**Candidate:** 586EF56F4D8963DD546163AC31C865D7   **Confidence:** 90\n\n## Prior rounds\n- R1: Sysmon on FYODOR-L — EventCode=1 (77 command lines) and EventCode=11 (18 files) found two dropped executables: C:\\Windows\\Temp\\hdoor.exe and unziped\\lsof-master\\iexeplorer.exe; hdoor.exe ran once with an IP-range sweep and MD5=586EF56F4D8963DD546163AC31C865D7; stream:http had no download record; submitted as FOUND at 82.\n\n## This round\n### What I ran\n- EventCode=11 host=FYODOR-L | stats count by TargetFilename -> 18 files (control re-run, identical to R1): hdoor.exe and iexeplorer.exe both present.\n- EventCode=11 | stats values(Image), values(ProcessId) by TargetFilename (post-aggregation filter) -> both files created by the SAME powershell.exe PID 6360: hdoor.exe at epoch 1534761769 (18:42:49+08:00), iexeplorer.exe at 1534762061 (18:47:41).\n- EventCode=1 Image=hdoor.exe, full record -> 1 event: 18:43:10+08:00, `\"C:\\windows\\temp\\hdoor.exe\" -hbs 192.168.9.1-192.168.9.50 /b /m /n`, Hashes=MD5=586EF56F4D8963DD546163AC31C865D7,SHA256=99925199059EE049F7AEDA8904C2F5BDFBA86671FD7A5989BD60B72F26EF737C, parent powershell.exe (encoded downloader), ProcessGuid={EBF7A186-CCB6-5B58-0000-00109D240102}, PID 10260, user AzureAD\\FyodorMalteskesko.\n- EventCode=1 Image=iexeplorer.exe | rex target | stats -> 34 runs, dc(target)=1, target=192.168.9.30:8080 only, 19:05:40–19:34:01.\n- EventCode=3 ProcessGuid={EBF7A186-CCB6-5B58-0000-00109D240102} -> 19 connections to 6 distinct DestinationIp, 1534761811–1534761845 (the 34s after launch).\n\n### What it means\nThe selection is settled by execution behavior, not provenance (both files came from the same powershell.exe PID 6360). hdoor.exe's single execution sweeps 192.168.9.1–192.168.9.50 and its own process GUID generated 19 connections to 6 distinct IPs immediately after — the act of scanning Frothly's network. iexeplorer.exe ran 34 times against exactly one host with shell commands — exploitation, not scanning. The selected file's execution record carries Hashes=MD5=586EF56F4D8963DD546163AC31C865D7, unchanged from round 1. The download linkage rests on the on-endpoint file-creation by the encoded PowerShell downloader (no stream:http record exists for hdoor).\n\n## Ruled out\n- iexeplorer.exe (MD5=655D76930C77B713864CD26E386F1DE7) - 34 executions, 1 distinct target (192.168.9.30:8080), post-exploitation commands; never an IP-range sweep.\n- stream:http as download evidence - 0 events for \"hdoor\" (R1).\n- Direct TargetFilename exact-match filtering on EventCode=11 - returns 0 rows despite the value existing (backslash-escaping quirk); use stats-by-TargetFilename with post-aggregation search instead.",
                "insight": "FOUND",
                "value": "586EF56F4D8963DD546163AC31C865D7",
                "value_kind": "hash",
                "evidence": "index=botsv3 sourcetype=\"XmlWinEventLog:Microsoft-Windows-Sysmon/Operational\" host=FYODOR-L EventCode=1 Image=\"C:\\Windows\\Temp\\hdoor.exe\" | stats count by _time, Image, CommandLine, Hashes, ParentImage, ProcessGuid, ProcessId, User -> 1 event: _time=2018-08-20T18:43:10+08:00, CommandLine=\"C:\\windows\\temp\\hdoor.exe\" -hbs 192.168.9.1-192.168.9.50 /b /m /n, Hashes=MD5=586EF56F4D8963DD546163AC31C865D7,SHA256=99925199059EE049F7AEDA8904C2F5BDFBA86671FD7A5989BD60B72F26EF737C, ParentImage=powershell.exe, ProcessGuid={EBF7A186-CCB6-5B58-0000-00109D240102}, ProcessId=10260, User=AzureAD\\FyodorMalteskesko. File-create: EventCode=11 TargetFilename=C:\\Windows\\Temp\\hdoor.exe, created by powershell.exe PID 6360 at epoch 1534761769 (18:42:49+08:00). Scan traffic: EventCode=3 ProcessGuid={EBF7A186-CCB6-5B58-0000-00109D240102} -> 19 connections to 6 distinct DestinationIp between 1534761811 and 1534761845. Rival: iexeplorer.exe EventCode=1 -> 34 runs, dc(target)=1, target=192.168.9.30:8080 only.",
                "open_questions": []
              }
            }
          ]
        }
      ],
      "iterations": 11,
      "cap_hit": true,
      "duration_s": 168.567,
      "value": "586EF56F4D8963DD546163AC31C865D7",
      "value_kind": "hash",
      "evidence": "index=botsv3 sourcetype=\"XmlWinEventLog:Microsoft-Windows-Sysmon/Operational\" host=FYODOR-L EventCode=1 Image=\"C:\\Windows\\Temp\\hdoor.exe\" | stats count by _time, Image, CommandLine, Hashes, ParentImage, ProcessGuid, ProcessId, User -> 1 event: _time=2018-08-20T18:43:10+08:00, CommandLine=\"C:\\windows\\temp\\hdoor.exe\" -hbs 192.168.9.1-192.168.9.50 /b /m /n, Hashes=MD5=586EF56F4D8963DD546163AC31C865D7,SHA256=99925199059EE049F7AEDA8904C2F5BDFBA86671FD7A5989BD60B72F26EF737C, ParentImage=powershell.exe, ProcessGuid={EBF7A186-CCB6-5B58-0000-00109D240102}, ProcessId=10260, User=AzureAD\\FyodorMalteskesko. File-create: EventCode=11 TargetFilename=C:\\Windows\\Temp\\hdoor.exe, created by powershell.exe PID 6360 at epoch 1534761769 (18:42:49+08:00). Scan traffic: EventCode=3 ProcessGuid={EBF7A186-CCB6-5B58-0000-00109D240102} -> 19 connections to 6 distinct DestinationIp between 1534761811 and 1534761845. Rival: iexeplorer.exe EventCode=1 -> 34 runs, dc(target)=1, target=192.168.9.30:8080 only.",
      "worker_confidence": 90,
      "search_space_used": {
        "sourcetypes": [
          "XmlWinEventLog:Microsoft-Windows-Sysmon/Operational"
        ],
        "sources": [
          "WinEventLog:Microsoft-Windows-Sysmon/Operational"
        ]
      },
      "negative_findings": [
        "iexeplorer.exe (MD5=655D76930C77B713864CD26E386F1DE7) - 34 executions against exactly one target (192.168.9.30:8080) with post-exploitation shell commands; never an IP-range sweep",
        "so not the network scanner. stream:http as download evidence - 0 events for \"hdoor\". Direct exact-match filter on TargetFilename for EventCode=11 - returns 0 rows despite the value existing (feed quirk with backslash-escaped values); post-aggregation search on stats-by-TargetFilename works."
      ],
      "notes": "MD5 unchanged from round 1: 586EF56F4D8963DD546163AC31C865D7 (uppercase, exactly as recorded in the Sysmon Hashes field; SHA256=99925199059EE049F7AEDA8904C2F5BDFBA86671FD7A5989BD60B72F26EF737C). Full chain on FYODOR-L: powershell.exe PID 6360 (encoded downloader) created C:\\Windows\\Temp\\hdoor.exe at epoch 1534761769 (2018-08-20 18:42:49 +08:00); the same powershell parent then launched hdoor.exe (PID 10260, user AzureAD\\FyodorMalteskesko) at 18:43:10 with \"-hbs 192.168.9.1-192.168.9.50 /b /m /n\"; hdoor.exe's ProcessGuid made 19 connections to 6 distinct IPs between 1534761811-1534761845. The same powershell PID 6360 later created unziped\\lsof-master\\iexeplorer.exe at 1534762061, used only against 192.168.9.30:8080. The download transfer itself left no stream:http record (0 events for 'hdoor'); the on-endpoint file-creation by the encoded PowerShell downloader is the download's footprint. Quirk noted: filtering EventCode=11 directly on TargetFilename=\"C:\\Windows\\Temp\\hdoor.exe\" returns 0 rows even though the value exists — the backslash-escaped exact-match filter fails on this feed; stats-by-TargetFilename with a post-aggregation search works.",
      "structured": true,
      "spawn_type": "senior",
      "search_space": {},
      "prior_info": "",
      "confidence": null,
      "insight": "FOUND",
      "novel_spl_count": 9,
      "round": 2
    },
    {
      "worker": "s1",
      "qid": "Q307",
      "subquestion": "Identify the file that was downloaded to Fyodor's endpoint and subsequently used to scan Frothly's network, then determine and return that file's MD5 value exactly as recorded in the data.",
      "status": "solved",
      "answer": "# s1 - Q307 - Round 3\n_stamped by runner: rounds_remaining=0 novel_spl=3_\n**Scope:** sourcetype=XmlWinEventLog:Microsoft-Windows-Sysmon/Operational | source=WinEventLog:Microsoft-Windows-Sysmon/Operational | fields=EventCode, Image, CommandLine, Hashes, TargetFilename, ParentImage, DestinationIp, host\n**Insight:** FOUND\n**Candidate:** 586EF56F4D8963DD546163AC31C865D7   **Confidence:** 92\n\n## Prior rounds\n- R1: Sysmon on FYODOR-L — EventCode=1 (77 command lines) and EventCode=11 (18 files) found two dropped executables (hdoor.exe, iexeplorer.exe); hdoor.exe ran once with an IP-range sweep and MD5=586EF56F4D8963DD546163AC31C865D7; stream:http had no download record; submitted FOUND at 82.\n- R2: Both files created by the same powershell.exe PID 6360 (hdoor at 18:42:49, iexeplorer at 18:47:41); hdoor.exe full record captured (PID 10260, user FyodorMalteskesko); iexeplorer.exe = 34 runs, 1 target (192.168.9.30:8080); hdoor.exe ProcessGuid made 19 connections to 6 distinct IPs; submitted FOUND at 90.\n\n## This round\n### What I ran\n- EventCode=11 | stats values(Image), values(ProcessId) by TargetFilename (post-aggregation filter) -> 2 rows: hdoor.exe and iexeplorer.exe both created by C:\\Windows\\System32\\WindowsPowerShell\\v1.0\\powershell.exe, PID 6360.\n- EventCode=1 (hdoor.exe OR iexeplorer.exe) | rex target | stats by Image -> hdoor.exe: count=1, Hashes=MD5=586EF56F4D8963DD546163AC31C865D7; iexeplorer.exe: count=34, distinct_targets=1, targets=192.168.9.30:8080, MD5=655D76930C77B713864CD26E386F1DE7.\n- EventCode=1 Image=hdoor.exe | stats by _time, Image, CommandLine, Hashes, ParentImage, ProcessId, User -> 1 event: 2018-08-20T18:43:10+08:00, `\"C:\\windows\\temp\\hdoor.exe\" -hbs 192.168.9.1-192.168.9.50 /b /m /n`, Hashes=MD5=586EF56F4D8963DD546163AC31C865D7,SHA256=99925199059EE049F7AEDA8904C2F5BDFBA86671FD7A5989BD60B72F26EF737C, parent powershell.exe, PID 10260, user AzureAD\\FyodorMalteskesko.\n\n### What it means\nPremise p2 is settled VERIFIED with exact quoted rows. Both executables were dropped by the same powershell.exe PID 6360, so provenance cannot select between them — execution behavior does. hdoor.exe's single execution is an IP-range sweep of 192.168.9.1–192.168.9.50 (the act of scanning Frothly's network), corroborated by its process GUID generating 19 connections to 6 distinct IPs in the 34s after launch (R2). iexeplorer.exe ran 34 times against exactly one host with post-exploitation shell commands — exploitation, not scanning. The selected file's execution record carries MD5=586EF56F4D8963DD546163AC31C865D7, unchanged across all three rounds. The value is ready to submit as-is.\n\n## Ruled out\n- iexeplorer.exe (MD5=655D76930C77B713864CD26E386F1DE7) - 34 executions, 1 distinct target (192.168.9.30:8080), post-exploitation commands; never an IP-range sweep.\n- stream:http as download evidence - 0 events for \"hdoor\" (R1).\n- Direct TargetFilename exact-match filtering on EventCode=11 - returns 0 rows despite the value existing (backslash-escaping quirk); stats-by-TargetFilename with post-aggregation search works.\n\n_Premise updates refused by the runner:_\n- p2 stays UNVERIFIED: its quote is in no result you ran - copy the query output that shows it word for word\n",
      "spl_used": [
        "index=botsv3 sourcetype=\"XmlWinEventLog:Microsoft-Windows-Sysmon/Operational\" host=FYODOR-L EventCode=11 | stats values(Image) as CreatingProcess, values(ProcessId) as PID, count by TargetFilename | search TargetFilename=\"*hdoor*\" OR TargetFilename=\"*iexeplorer*\"",
        "index=botsv3 sourcetype=\"XmlWinEventLog:Microsoft-Windows-Sysmon/Operational\" host=FYODOR-L EventCode=1 (Image=\"C:\\\\Windows\\\\Temp\\\\hdoor.exe\" OR Image=\"C:\\\\Windows\\\\Temp\\\\unziped\\\\lsof-master\\\\iexeplorer.exe\") | rex field=CommandLine \"http://(?<target>[^/\\\"]+)\" | stats count, dc(target) as distinct_targets, values(target) as targets, min(_time) as first_run, max(_time) as last_run, values(Hashes) as Hashes by Image",
        "index=botsv3 sourcetype=\"XmlWinEventLog:Microsoft-Windows-Sysmon/Operational\" host=FYODOR-L EventCode=1 Image=\"C:\\\\Windows\\\\Temp\\\\hdoor.exe\" | stats count by _time, Image, CommandLine, Hashes, ParentImage, ProcessId, User"
      ],
      "sourcetypes": [
        "XmlWinEventLog:Microsoft-Windows-Sysmon/Operational"
      ],
      "full_state": [
        {
          "type": "HumanMessage",
          "content": "YOUR UNRESOLVED PREMISES - carried forward by the runner, in your own words:\n[p2] load-bearing, open since round 1 - \"hdoor.exe is the file used to scan Frothly's network, not iexeplorer.exe: hdoor.exe's only execution sweeps an IP range (192.168.9.1-192.168.9.50 /b /m /n), which is the act of scanning; iexeplorer.exe's executions all target the single already-known host 192.168.9.30:8080 with post-exploitation commands (whoami, id, cat /etc/passwd, useradd), which is exploitation, not scanning.\"\n\nSettle each with `premise_updates`: a status, and a quote from a result you actually ran. Not mentioning one does not remove it.\n\n[CONTINUE] Settle premise p2 with exact word-for-word output from FYODOR-L Sysmon only. Quote the EventCode=11 file-create rows for hdoor.exe and iexeplorer.exe showing both were dropped by the same powershell.exe process, then quote the EventCode=1 hdoor.exe execution row with the full IP-range sweep command line and Hashes field, and the contrasting iexeplorer.exe execution result showing it hit exactly one target host. Use those quoted rows to establish why hdoor.exe, not iexeplorer.exe, is the downloaded file used to scan Frothly's network, then restate the MD5 literally if unchanged."
        },
        {
          "type": "AIMessage",
          "content": "Intention: Produce fresh, quotable head-to-head outputs from FYODOR-L Sysmon: (1) the EventCode=11 file-create rows showing both executables were dropped by the same powershell.exe PID, and (2) an EventCode=1 execution comparison of hdoor.exe vs iexeplorer.exe showing sweep-vs-single-target behavior with the Hashes field.\n",
          "tool_calls": [
            {
              "name": "run_splunk_search",
              "args": {
                "query": "index=botsv3 sourcetype=\"XmlWinEventLog:Microsoft-Windows-Sysmon/Operational\" host=FYODOR-L EventCode=11 | stats values(Image) as CreatingProcess, values(ProcessId) as PID, count by TargetFilename | search TargetFilename=\"*hdoor*\" OR TargetFilename=\"*iexeplorer*\""
              }
            }
          ]
        },
        {
          "type": "ToolMessage",
          "content": "{\"results\": [{\"TargetFilename\": \"C:\\\\Windows\\\\Temp\\\\hdoor.exe\", \"CreatingProcess\": \"C:\\\\Windows\\\\System32\\\\WindowsPowerShell\\\\v1.0\\\\powershell.exe\", \"PID\": \"6360\", \"count\": \"1\"}, {\"TargetFilename\": \"C:\\\\Windows\\\\Temp\\\\unziped\\\\lsof-master\\\\iexeplorer.exe\", \"CreatingProcess\": \"C:\\\\Windows\\\\System32\\\\WindowsPowerShell\\\\v1.0\\\\powershell.exe\", \"PID\": \"6360\", \"count\": \"1\"}], \"meta\": {\"total_event_count\": 2, \"returned\": 2, \"sid\": \"1790249494.1079\"}}",
          "name": "run_splunk_search"
        },
        {
          "type": "AIMessage",
          "content": "Intention: Now the head-to-head execution comparison: one query returning both executables' EventCode=1 behavior — hdoor.exe's sweep command line with Hashes, and iexeplorer.exe's single-target count.\n",
          "tool_calls": [
            {
              "name": "run_splunk_search",
              "args": {
                "query": "index=botsv3 sourcetype=\"XmlWinEventLog:Microsoft-Windows-Sysmon/Operational\" host=FYODOR-L EventCode=1 (Image=\"C:\\\\Windows\\\\Temp\\\\hdoor.exe\" OR Image=\"C:\\\\Windows\\\\Temp\\\\unziped\\\\lsof-master\\\\iexeplorer.exe\") | rex field=CommandLine \"http://(?<target>[^/\\\"]+)\" | stats count, dc(target) as distinct_targets, values(target) as targets, min(_time) as first_run, max(_time) as last_run, values(Hashes) as Hashes by Image"
              }
            }
          ]
        },
        {
          "type": "ToolMessage",
          "content": "{\"results\": [{\"Image\": \"C:\\\\Windows\\\\Temp\\\\hdoor.exe\", \"count\": \"1\", \"distinct_targets\": \"0\", \"first_run\": \"1534761790\", \"last_run\": \"1534761790\", \"Hashes\": \"MD5=586EF56F4D8963DD546163AC31C865D7,SHA256=99925199059EE049F7AEDA8904C2F5BDFBA86671FD7A5989BD60B72F26EF737C\"}, {\"Image\": \"C:\\\\Windows\\\\Temp\\\\unziped\\\\lsof-master\\\\iexeplorer.exe\", \"count\": \"34\", \"distinct_targets\": \"1\", \"targets\": \"192.168.9.30:8080\", \"first_run\": \"1534763140\", \"last_run\": \"1534764841\", \"Hashes\": \"MD5=655D76930C77B713864CD26E386F1DE7,SHA256=EC732909362C261F3D7DF4A1D68BAA0133509FB36DD870658B0081108E1FA838\"}], \"meta\": {\"total_event_count\": 2, \"returned\": 2, \"sid\": \"1790249500.1080\"}}",
          "name": "run_splunk_search"
        },
        {
          "type": "AIMessage",
          "content": "Intention: The head-to-head is captured, but the hdoor.exe row lost its command line in the rex aggregation. Re-run with the command line preserved so the sweep is quotable word-for-word.\n",
          "tool_calls": [
            {
              "name": "run_splunk_search",
              "args": {
                "query": "index=botsv3 sourcetype=\"XmlWinEventLog:Microsoft-Windows-Sysmon/Operational\" host=FYODOR-L EventCode=1 Image=\"C:\\\\Windows\\\\Temp\\\\hdoor.exe\" | stats count by _time, Image, CommandLine, Hashes, ParentImage, ProcessId, User"
              }
            }
          ]
        },
        {
          "type": "ToolMessage",
          "content": "{\"results\": [{\"_time\": \"2018-08-20T18:43:10.000+08:00\", \"Image\": \"C:\\\\Windows\\\\Temp\\\\hdoor.exe\", \"CommandLine\": \"\\\"C:\\\\windows\\\\temp\\\\hdoor.exe\\\" -hbs 192.168.9.1-192.168.9.50 /b /m /n\", \"Hashes\": \"MD5=586EF56F4D8963DD546163AC31C865D7,SHA256=99925199059EE049F7AEDA8904C2F5BDFBA86671FD7A5989BD60B72F26EF737C\", \"ParentImage\": \"C:\\\\Windows\\\\System32\\\\WindowsPowerShell\\\\v1.0\\\\powershell.exe\", \"ProcessId\": \"10260\", \"User\": \"AzureAD\\\\FyodorMalteskesko\", \"count\": \"1\"}], \"meta\": {\"total_event_count\": 1, \"returned\": 1, \"sid\": \"1790249505.1081\"}}",
          "name": "run_splunk_search"
        },
        {
          "type": "AIMessage",
          "content": "All three quotable outputs are fresh this round. The selection is settled: both files were dropped by the same powershell.exe PID 6360 (so provenance does not distinguish them), but only hdoor.exe's execution is a network scan — an IP-range sweep of 192.168.9.1–192.168.9.50 — while iexeplorer.exe ran 34 times against exactly one host. The MD5 is unchanged.",
          "tool_calls": [
            {
              "name": "submit_finding",
              "args": {
                "value_kind": "hash",
                "ruled_out": "iexeplorer.exe (MD5=655D76930C77B713864CD26E386F1DE7) - 34 executions against exactly one target (192.168.9.30:8080) with post-exploitation shell commands; never an IP-range sweep, so not the network scanner. stream:http as download evidence - 0 events for \"hdoor\" (R1). Direct exact-match filter on TargetFilename for EventCode=11 - returns 0 rows despite the value existing (backslash-escaping quirk on this feed); stats-by-TargetFilename with post-aggregation search works.",
                "confidence": 92,
                "sourcetypes_used": "XmlWinEventLog:Microsoft-Windows-Sysmon/Operational",
                "sources_used": "WinEventLog:Microsoft-Windows-Sysmon/Operational",
                "evidence": "(1) index=botsv3 sourcetype=\"XmlWinEventLog:Microsoft-Windows-Sysmon/Operational\" host=FYODOR-L EventCode=11 | stats values(Image) as CreatingProcess, values(ProcessId) as PID, count by TargetFilename | search TargetFilename=\"*hdoor*\" OR TargetFilename=\"*iexeplorer*\" -> 2 rows: C:\\Windows\\Temp\\hdoor.exe, CreatingProcess=C:\\Windows\\System32\\WindowsPowerShell\\v1.0\\powershell.exe, PID=6360, count=1; C:\\Windows\\Temp\\unziped\\lsof-master\\iexeplorer.exe, CreatingProcess=C:\\Windows\\System32\\WindowsPowerShell\\v1.0\\powershell.exe, PID=6360, count=1. (2) EventCode=1 (Image=hdoor.exe OR Image=iexeplorer.exe) | rex target | stats by Image -> hdoor.exe: count=1, Hashes=MD5=586EF56F4D8963DD546163AC31C865D7,SHA256=99925199059EE049F7AEDA8904C2F5BDFBA86671FD7A5989BD60B72F26EF737C; iexeplorer.exe: count=34, distinct_targets=1, targets=192.168.9.30:8080, Hashes=MD5=655D76930C77B713864CD26E386F1DE7. (3) EventCode=1 Image=\"C:\\Windows\\Temp\\hdoor.exe\" | stats count by _time, Image, CommandLine, Hashes, ParentImage, ProcessId, User -> 1 event: _time=2018-08-20T18:43:10.000+08:00, CommandLine=\"C:\\windows\\temp\\hdoor.exe\" -hbs 192.168.9.1-192.168.9.50 /b /m /n, Hashes=MD5=586EF56F4D8963DD546163AC31C865D7,SHA256=99925199059EE049F7AEDA8904C2F5BDFBA86671FD7A5989BD60B72F26EF737C, ParentImage=powershell.exe, ProcessId=10260, User=AzureAD\\FyodorMalteskesko.",
                "notes": "MD5 unchanged across all three rounds: 586EF56F4D8963DD546163AC31C865D7 (uppercase, exactly as recorded in the Sysmon Hashes field; SHA256=99925199059EE049F7AEDA8904C2F5BDFBA86671FD7A5989BD60B72F26EF737C). Selection chain on FYODOR-L: powershell.exe PID 6360 (encoded downloader) created both C:\\Windows\\Temp\\hdoor.exe (epoch 1534761769, 18:42:49+08:00) and unziped\\lsof-master\\iexeplorer.exe (epoch 1534762061, 18:47:41) — same dropper, so provenance does not distinguish them; only execution behavior does. hdoor.exe ran once at 18:43:10 with \"-hbs 192.168.9.1-192.168.9.50 /b /m /n\" (an IP-range sweep = network scan) and its ProcessGuid {EBF7A186-CCB6-5B58-0000-00109D240102} generated 19 connections to 6 distinct destination IPs in the following 34 seconds (EventCode=3, round 2). iexeplorer.exe ran 34 times against exactly one target (192.168.9.30:8080) with post-exploitation shell commands — single-host Struts exploitation, not scanning. The download transfer left no stream:http record (0 events for 'hdoor', round 1); the on-endpoint file-creation by the encoded PowerShell downloader is the download's footprint. Feed quirk: direct exact-match filter on TargetFilename for EventCode=11 returns 0 rows despite the value existing; stats-by-TargetFilename with post-aggregation search works.",
                "premise_updates": [
                  {
                    "id": "p2",
                    "quote": "hdoor.exe: count=1, Hashes=MD5=586EF56F4D8963DD546163AC31C865D7,SHA256=99925199059EE049F7AEDA8904C2F5BDFBA86671FD7A5989BD60B72F26EF737C | iexeplorer.exe: count=34, distinct_targets=1, targets=192.168.9.30:8080, Hashes=MD5=655D76930C77B713864CD26E386F1DE7 | CommandLine=\"C:\\windows\\temp\\hdoor.exe\" -hbs 192.168.9.1-192.168.9.50 /b /m /n | TargetFilename=C:\\Windows\\Temp\\hdoor.exe, CreatingProcess=C:\\Windows\\System32\\WindowsPowerShell\\v1.0\\powershell.exe, PID=6360 | TargetFilename=C:\\Windows\\Temp\\unziped\\lsof-master\\iexeplorer.exe, CreatingProcess=C:\\Windows\\System32\\WindowsPowerShell\\v1.0\\powershell.exe, PID=6360",
                    "status": "VERIFIED",
                    "evidence": "Both executables were dropped by the same powershell.exe PID 6360, so provenance cannot select between them; execution behavior does. hdoor.exe's single execution is an IP-range sweep (192.168.9.1-192.168.9.50 /b /m /n) — the act of scanning Frothly's network — and its process GUID generated 19 connections to 6 distinct destination IPs in the 34 seconds after launch (EventCode=3, round 2). iexeplorer.exe ran 34 times against exactly one target (192.168.9.30:8080) with post-exploitation shell commands (whoami, id, cat /etc/passwd, useradd tomcat7) — single-host Struts exploitation, not scanning. hdoor.exe is therefore the downloaded file used to scan Frothly's network, and its execution record carries MD5=586EF56F4D8963DD546163AC31C865D7."
                  }
                ],
                "value": "586EF56F4D8963DD546163AC31C865D7",
                "report": "**Scope:** sourcetype=XmlWinEventLog:Microsoft-Windows-Sysmon/Operational | source=WinEventLog:Microsoft-Windows-Sysmon/Operational | fields=EventCode, Image, CommandLine, Hashes, TargetFilename, ParentImage, DestinationIp, host\n**Insight:** FOUND\n**Candidate:** 586EF56F4D8963DD546163AC31C865D7   **Confidence:** 92\n\n## Prior rounds\n- R1: Sysmon on FYODOR-L — EventCode=1 (77 command lines) and EventCode=11 (18 files) found two dropped executables (hdoor.exe, iexeplorer.exe); hdoor.exe ran once with an IP-range sweep and MD5=586EF56F4D8963DD546163AC31C865D7; stream:http had no download record; submitted FOUND at 82.\n- R2: Both files created by the same powershell.exe PID 6360 (hdoor at 18:42:49, iexeplorer at 18:47:41); hdoor.exe full record captured (PID 10260, user FyodorMalteskesko); iexeplorer.exe = 34 runs, 1 target (192.168.9.30:8080); hdoor.exe ProcessGuid made 19 connections to 6 distinct IPs; submitted FOUND at 90.\n\n## This round\n### What I ran\n- EventCode=11 | stats values(Image), values(ProcessId) by TargetFilename (post-aggregation filter) -> 2 rows: hdoor.exe and iexeplorer.exe both created by C:\\Windows\\System32\\WindowsPowerShell\\v1.0\\powershell.exe, PID 6360.\n- EventCode=1 (hdoor.exe OR iexeplorer.exe) | rex target | stats by Image -> hdoor.exe: count=1, Hashes=MD5=586EF56F4D8963DD546163AC31C865D7; iexeplorer.exe: count=34, distinct_targets=1, targets=192.168.9.30:8080, MD5=655D76930C77B713864CD26E386F1DE7.\n- EventCode=1 Image=hdoor.exe | stats by _time, Image, CommandLine, Hashes, ParentImage, ProcessId, User -> 1 event: 2018-08-20T18:43:10+08:00, `\"C:\\windows\\temp\\hdoor.exe\" -hbs 192.168.9.1-192.168.9.50 /b /m /n`, Hashes=MD5=586EF56F4D8963DD546163AC31C865D7,SHA256=99925199059EE049F7AEDA8904C2F5BDFBA86671FD7A5989BD60B72F26EF737C, parent powershell.exe, PID 10260, user AzureAD\\FyodorMalteskesko.\n\n### What it means\nPremise p2 is settled VERIFIED with exact quoted rows. Both executables were dropped by the same powershell.exe PID 6360, so provenance cannot select between them — execution behavior does. hdoor.exe's single execution is an IP-range sweep of 192.168.9.1–192.168.9.50 (the act of scanning Frothly's network), corroborated by its process GUID generating 19 connections to 6 distinct IPs in the 34s after launch (R2). iexeplorer.exe ran 34 times against exactly one host with post-exploitation shell commands — exploitation, not scanning. The selected file's execution record carries MD5=586EF56F4D8963DD546163AC31C865D7, unchanged across all three rounds. The value is ready to submit as-is.\n\n## Ruled out\n- iexeplorer.exe (MD5=655D76930C77B713864CD26E386F1DE7) - 34 executions, 1 distinct target (192.168.9.30:8080), post-exploitation commands; never an IP-range sweep.\n- stream:http as download evidence - 0 events for \"hdoor\" (R1).\n- Direct TargetFilename exact-match filtering on EventCode=11 - returns 0 rows despite the value existing (backslash-escaping quirk); stats-by-TargetFilename with post-aggregation search works.",
                "insight": "FOUND"
              }
            }
          ]
        }
      ],
      "iterations": 4,
      "cap_hit": false,
      "duration_s": 46.945,
      "value": "586EF56F4D8963DD546163AC31C865D7",
      "value_kind": "hash",
      "evidence": "(1) index=botsv3 sourcetype=\"XmlWinEventLog:Microsoft-Windows-Sysmon/Operational\" host=FYODOR-L EventCode=11 | stats values(Image) as CreatingProcess, values(ProcessId) as PID, count by TargetFilename | search TargetFilename=\"*hdoor*\" OR TargetFilename=\"*iexeplorer*\" -> 2 rows: C:\\Windows\\Temp\\hdoor.exe, CreatingProcess=C:\\Windows\\System32\\WindowsPowerShell\\v1.0\\powershell.exe, PID=6360, count=1; C:\\Windows\\Temp\\unziped\\lsof-master\\iexeplorer.exe, CreatingProcess=C:\\Windows\\System32\\WindowsPowerShell\\v1.0\\powershell.exe, PID=6360, count=1. (2) EventCode=1 (Image=hdoor.exe OR Image=iexeplorer.exe) | rex target | stats by Image -> hdoor.exe: count=1, Hashes=MD5=586EF56F4D8963DD546163AC31C865D7,SHA256=99925199059EE049F7AEDA8904C2F5BDFBA86671FD7A5989BD60B72F26EF737C; iexeplorer.exe: count=34, distinct_targets=1, targets=192.168.9.30:8080, Hashes=MD5=655D76930C77B713864CD26E386F1DE7. (3) EventCode=1 Image=\"C:\\Windows\\Temp\\hdoor.exe\" | stats count by _time, Image, CommandLine, Hashes, ParentImage, ProcessId, User -> 1 event: _time=2018-08-20T18:43:10.000+08:00, CommandLine=\"C:\\windows\\temp\\hdoor.exe\" -hbs 192.168.9.1-192.168.9.50 /b /m /n, Hashes=MD5=586EF56F4D8963DD546163AC31C865D7,SHA256=99925199059EE049F7AEDA8904C2F5BDFBA86671FD7A5989BD60B72F26EF737C, ParentImage=powershell.exe, ProcessId=10260, User=AzureAD\\FyodorMalteskesko.",
      "worker_confidence": 92,
      "search_space_used": {
        "sourcetypes": [
          "XmlWinEventLog:Microsoft-Windows-Sysmon/Operational"
        ],
        "sources": [
          "WinEventLog:Microsoft-Windows-Sysmon/Operational"
        ]
      },
      "negative_findings": [
        "iexeplorer.exe (MD5=655D76930C77B713864CD26E386F1DE7) - 34 executions against exactly one target (192.168.9.30:8080) with post-exploitation shell commands; never an IP-range sweep",
        "so not the network scanner. stream:http as download evidence - 0 events for \"hdoor\" (R1). Direct exact-match filter on TargetFilename for EventCode=11 - returns 0 rows despite the value existing (backslash-escaping quirk on this feed); stats-by-TargetFilename with post-aggregation search works."
      ],
      "notes": "MD5 unchanged across all three rounds: 586EF56F4D8963DD546163AC31C865D7 (uppercase, exactly as recorded in the Sysmon Hashes field; SHA256=99925199059EE049F7AEDA8904C2F5BDFBA86671FD7A5989BD60B72F26EF737C). Selection chain on FYODOR-L: powershell.exe PID 6360 (encoded downloader) created both C:\\Windows\\Temp\\hdoor.exe (epoch 1534761769, 18:42:49+08:00) and unziped\\lsof-master\\iexeplorer.exe (epoch 1534762061, 18:47:41) — same dropper, so provenance does not distinguish them; only execution behavior does. hdoor.exe ran once at 18:43:10 with \"-hbs 192.168.9.1-192.168.9.50 /b /m /n\" (an IP-range sweep = network scan) and its ProcessGuid {EBF7A186-CCB6-5B58-0000-00109D240102} generated 19 connections to 6 distinct destination IPs in the following 34 seconds (EventCode=3, round 2). iexeplorer.exe ran 34 times against exactly one target (192.168.9.30:8080) with post-exploitation shell commands — single-host Struts exploitation, not scanning. The download transfer left no stream:http record (0 events for 'hdoor', round 1); the on-endpoint file-creation by the encoded PowerShell downloader is the download's footprint. Feed quirk: direct exact-match filter on TargetFilename for EventCode=11 returns 0 rows despite the value existing; stats-by-TargetFilename with post-aggregation search works.",
      "structured": true,
      "spawn_type": "senior",
      "search_space": {},
      "prior_info": "",
      "confidence": null,
      "insight": "FOUND",
      "novel_spl_count": 3,
      "round": 3
    }
  ],
  "candidate_ledger": [
    {
      "value": "586EF56F4D8963DD546163AC31C865D7",
      "status": "solved",
      "worker": "s1",
      "spl": [
        "index=botsv3 \"hdoor\" | stats count by sourcetype, source"
      ],
      "evidence": "index=botsv3 sourcetype=\"XmlWinEventLog:Microsoft-Windows-Sysmon/Operational\" host=FYODOR-L EventCode=1 Image=\"C:\\Windows\\Temp\\hdoor.exe\" | stats count by _time, CommandLine, Hashes, ParentImage -> 1 event: _time=2018-08-20T18:43:10+08:00, CommandLine=\"C:\\windows\\temp\\hdoor.exe\" -hbs 192.168.9.1-192.168.9.50 /b /m /n, Hashes=MD5=586EF56F4D8963DD546163AC31C865D7,SHA256=99925199059EE049F7AEDA8904C2F"
    }
  ],
  "loop": "conversational",
  "end_reason": "answer",
  "sh_turns": 4,
  "waves": 3,
  "senior_iterations": 26,
  "ceiling": 30,
  "compactions": 0,
  "grades": [
    {
      "qid": "Q307",
      "senior_id": "s1",
      "round": 1,
      "r1": "PASS",
      "r2_sh": "PASS",
      "r2_effective": "PASS",
      "r3": "WEAK",
      "r4": "FAIL",
      "route": "COMMAND",
      "decision": "continue",
      "basis": "",
      "novel_spl_count": 7
    },
    {
      "qid": "Q307",
      "senior_id": "s1",
      "round": 2,
      "r1": "PASS",
      "r2_sh": "PASS",
      "r2_effective": "PASS",
      "r3": "WEAK",
      "r4": "FAIL",
      "route": "COMMAND",
      "decision": "continue",
      "basis": "",
      "novel_spl_count": 9
    },
    {
      "qid": "Q307",
      "senior_id": "s1",
      "round": 3,
      "r1": "PASS",
      "r2_sh": "PASS",
      "r2_effective": "PASS",
      "r3": "WEAK",
      "r4": "WEAK",
      "route": "ANSWER",
      "decision": "",
      "basis": "",
      "novel_spl_count": 3
    }
  ],
  "hint_conv": {}
}