{
  "id": "Q316",
  "question": "Based on the information gathered for question 314, what file can be inferred to contain the attack tools?",
  "base_points": 500,
  "correct_answer": "logos.png",
  "sh_answer": "SH retired without answering",
  "clean_answer": "SH retired without answering",
  "sb_correct": false,
  "earned": 0,
  "hint_cost": 0,
  "num_delegations": 6,
  "delegations": [
    {
      "worker": "s1",
      "qid": "Q316",
      "subquestion": "Using the established FYODOR-L tool download from 45.77.53.176:3333, determine what file can be inferred to contain the attack tools. Identify the downloaded file on that retrieval path and show why it is the container for the later-created tools rather than one of the dropped executables themselves.",
      "status": "solved",
      "answer": "# s1 - Q316 - Round 1\n_stamped by runner: rounds_remaining=4 novel_spl=7_\n**Scope:** sourcetype=stream:http | sourcetype=XmlWinEventLog:Microsoft-Windows-Sysmon/Operational | fields=uri_path, url, bytes_out, src_ip, dest_ip, dest_port, EventCode, TargetFilename, host\n**Insight:** FOUND\n**Candidate:** logos.png   **Confidence:** 85\n\n## Prior rounds\n- Round 1 (this round): located the retrieval event and the tool-creation events; no prior rounds.\n\n## This round\n### What I ran\n- `index=botsv3 sourcetype=\"stream:http\" \"45.77.53.176\"` -> 1 retrieval: GET /images/logos.png from 45.77.53.176:3333, status 200, 5,542,140 bytes out, src 192.168.70.186, 18:47:16+08:00.\n- `... Sysmon EventCode=3 dest_ip=45.77.53.176 dest_port=3333` -> 1 event: host=FYODOR-L, src_ip=192.168.70.186, 18:47:06.\n- `... Sysmon host=FYODOR-L EventCode=11` -> 18 events (all returned): C:\\Windows\\Temp\\hdoor.exe; C:\\Windows\\Temp\\unziped\\lsof-master\\iexeplorer.exe; C:\\Windows\\Temp\\unziped\\lsof-master\\powershell.exe; remainder benign (Edge .lnk downloads, PSScriptPolicyTest .ps1 temps, hosts.ac.tmp, Tasks\\Updater, DismHost.exe).\n- Time-bounded EventCode=11 query (18:40–20:00) -> 0 rows; timezone offset between stream:http's +08:00 rendering and Sysmon's stored times, so timestamps were not directly comparable.\n\n### What it means\nFOUND. The retrieval socket 45.77.53.176:3333 delivered exactly one file: logos.png, 5.5 MB — a size no genuine logo image needs. Immediately downstream on the same host, Sysmon records the attack tools appearing inside C:\\Windows\\Temp\\unziped\\lsof-master\\ (iexeplorer.exe, powershell.exe) plus C:\\Windows\\Temp\\hdoor.exe. The directory name \"unziped\" is itself evidence of archive extraction: those executables are the extracted contents, not the container. Since logos.png is the only file retrieved on that path, it is the file inferred to contain the attack tools — a PNG-named archive. The dropped executables fail the container test because they are the artifacts the container produced.\n\n## Ruled out\n- hdoor.exe, iexeplorer.exe, powershell.exe - dropped executables created in C:\\Windows\\Temp and C:\\Windows\\Temp\\unziped\\; they are the contents, not the container.\n- Edge downloads (BRUCE BIRTHDAY HAPPY HOUR PICS .lnk/.partial) - benign user browsing artifacts, unrelated to the 45.77.53.176 retrieval.\n- Any .zip file - no archive filename appears anywhere in FYODOR-L's 18 EventCode=11 records; the archive arrived under the logos.png name.\n\n_Iteration cap reached: 10/10 iterations used this round — cut off, not finished._\n\n_Partial results (runner): 1 result(s) this round returned only their first rows — `run_splunk_search: index=botsv3 sourcetype=\"XmlWinEventLog:Microsoft-Windows-Sysmon/Operational\" \"45.77.53.17…` (50 of 3669 rows seen). A claim resting on them alone is UNVERIFIED._\n",
      "spl_used": [
        "index=botsv3 \"45.77.53.176\" | stats count by sourcetype, source",
        "index=botsv3 \"45.77.53.176\" | stats count by sourcetype, source",
        "index=botsv3 sourcetype=\"stream:http\" \"45.77.53.176\" | stats count by src_ip, dest_ip, http_method, status, uri_path, url, _time",
        "index=botsv3 sourcetype=\"XmlWinEventLog:Microsoft-Windows-Sysmon/Operational\" \"45.77.53.176\" | stats count by host, EventCode, _time",
        "index=botsv3 sourcetype=\"stream:http\" \"45.77.53.176\" | stats count by host, src_ip, dest_ip, uri_path, content_type, http_user_agent, bytes, _time",
        "index=botsv3 sourcetype=\"XmlWinEventLog:Microsoft-Windows-Sysmon/Operational\" EventCode=3 dest_ip=\"45.77.53.176\" dest_port=3333 | stats count by host, src_ip, _time",
        "index=botsv3 sourcetype=\"XmlWinEventLog:Microsoft-Windows-Sysmon/Operational\" host=\"FYODOR-L\" EventCode=11 _time>=\"2018-08-20 18:40:00\" _time<=\"2018-08-20 20:00:00\" | stats count by TargetFilename, _time",
        "index=botsv3 sourcetype=\"XmlWinEventLog:Microsoft-Windows-Sysmon/Operational\" host=\"FYODOR-L\" EventCode=11 | stats count by TargetFilename"
      ],
      "sourcetypes": [
        "XmlWinEventLog:Microsoft-Windows-Sysmon/Operational",
        "stream:http"
      ],
      "full_state": [
        {
          "type": "HumanMessage",
          "content": "SITUATION. Frothly Corporation is a high-growth craft brewery. Its IT environment consists of corporate Windows and Linux endpoints, standard network infrastructure, and public cloud infrastructure on Amazon Web Services and Microsoft Azure. Management suspects a major, coordinated compromise is actively underway across both on-premises assets and cloud instances. The investigation traces malicious activity from initial access to data exfiltration, and builds its timeline entirely from factual evidence, with zero structural assumptions.\n\nYou are a Senior Splunk analyst on that investigation. The data covers August 2018, and all of it is in index=botsv3. You work for SH, who is orchestrating this question.\n\nTHE BOUNDARY: SH speaks in constraints and goals; you speak in evidence and SPL. SH cannot query Splunk and will never hand you a query. Turning a goal into SPL is your job.\n\nHOW YOU RUN\nYou stay alive for the whole question. Each round gives you up to 10 tool-call iterations, then you file a report with `submit_finding`. You remember every prior round of your own, so never repeat a query you have already run — going one step further is the only thing a round is for.\n\nTWO REPLY SHAPES, so you never have to guess which is expected:\n  * To a COMMAND or a CRITIC — resume work. Use your iterations, then call `submit_finding`. A round is a CAP, not a quota: if one iteration satisfies the critic, stop there.\n  * To a CLARIFY — answer in short prose from what you already hold. No tools, no searches. It does not consume a round.\n\nNO UNTESTED ASSUMPTIONS — your report is graded hardest on this.\nEvery conclusion rests on premises. A premise is a hypothesis until a query result shows it. SH grades every report on premise verification (R4), and an untested premise is dangerous ground: it is how an investigation goes off track and returns a confident wrong answer.\nVERIFY FIRST. The first thing you do each round is try to verify the premises your work depends on, before you build further on them.\nAn educated guess is allowed only when a premise genuinely cannot be verified. Then say so: file it, leave it UNVERIFIED, and state why it could not be tested.\nYour premises do not go in the report. File them in `submit_finding`'s `new_premises`, each with a kind and whether the answer breaks without it. The runner holds them and shows every unsettled one back to you at the start of each round, with its id - settle them in `premise_updates`, quoting the query output that does it. A premise you stop mentioning does not go away.\nYour first premise each round is a `coverage` one: the ways the question's concept could show up in your scope, and for each, the query that searched it and what came back. Your second is `selection`: why this entity and not the other candidates coverage found.\nYour questions for SH do not go in the report either - put them in `open_questions`, one per string. SH must answer every one before your next round.\nSEARCH NARROW FIRST, THEN OPEN UP. Every tool returns at most a few dozen rows, in the query's own order, and its meta says how many rows the query produced in total; when that total is larger, the rest were not returned, and a listing you did not read to its end covers only the rows you read. So do not list a whole field and page through it. Start from what the question tells you — the entity, the act, the time, the kind of thing it names — and use those clues to decide which fields could hold the answer and to cut the search down to a result short enough to read in full: filter on the clues, group values into coarser units where their exact spelling does not matter, and count (`| stats dc(field)`) before you list. When the narrow search finds nothing, that is not absence: open up one step at a time — a looser filter, the next field that could hold it, a coarser grouping, another feed that could name the same entity — and only when those run out, fall back to brute force: go through the field's values in full, chunk by chunk. When what you are after is the unusual rather than something the question describes, ranking rarest first is one way to shorten the list; it is a tool, not a default. Your `coverage` premise names the ways the question's concept could show up in your scope, and for each, the query that searched it and what came back, or that it is not yet searched. The candidates are everything those searches find; the first match is only one of them.\nA LEAD IS A HYPOTHESIS, NOT EVIDENCE. A port number, a name, a convention suggests an activity; it does not show it. Before you build on a lead, check that its records behave like the activity the question names — how much traffic, in which direction, for how long, started by what. If they behave like something else, say so plainly and rule the lead out: that is a wall, and hitting it means going back to search elsewhere, not explaining the mismatch away.\nBEING THE ONLY LEAD DOES NOT MAKE IT THE ANSWER. \"I found nothing better\" is not evidence for the lead you hold. A candidate is FOUND only when its own records positively show the act the question names; one that failed that check, or that you cannot yet show passes it, is not a candidate. When that leaves you nothing, your report is NOT_FOUND with Candidate: none — the failed lead goes under Ruled out, and your next round opens the search up.\nVERIFIED MEANS YOU READ EVERY ROW IT RESTS ON. A result that returned only its first rows (its meta says \"showing N of M\") verifies nothing about the rows it did not return: \"all of them are X\" built on the first 50 of 365 is UNVERIFIED, however ordinary those 50 looked. Narrow the search until the whole result fits, then read it to the end. Inside that narrowed range, a row you are not certain fails the requirement is a row you check, not one you assume away — exhaust the range before you call it clean.\nWHEN THE ANSWER IS A MEASUREMENT, take its meaning from the question's verbatim words, not from a paraphrase: which records are the act itself rather than the setup or aftermath around it, and how they combine. Records that overlap in time cannot be added without counting the same moments twice. WHICH records are the act is a `selection` premise, and a query settles it. If the question's own words leave the measurement genuinely ambiguous — a span or a sum, one unit or another — that is not a premise, because no search settles it: put it to SH in `open_questions`.\nTHE PREMISE MOST OFTEN MISSED IS THE CHOICE ITSELF. Then choose from that full set. Your `selection` premise says why this entity (or feed, or value) and not the other candidates coverage found, and it must NAME one of them in `rival`, with the query that ruled it out — a selection naming no rival is not filed at all. When two record sets are both still live, that is two candidates, not one premise: settle the first before filing the second, or say in `rival` why one beats the other.\nWHEN A ROUND FINDS NOTHING — a NOT_FOUND, or a result that contradicts what you expected — do not simply widen the search. Go back to your premises: the UNVERIFIED ones are the first suspects. Your next round starts by testing them.\n\nYOUR REPORT — put it in `submit_finding`'s `report` field, in this shape. Keep it short: ~600 WORDS IS A CEILING, NOT A TARGET — over it, the runner cuts your narrative sections and SH reads less of your work. Be concise: one line per query and its result, no restating the question, no repeating a fact in two sections, fields grouped into one clause where the same verdict covers them.\n\n**Scope:** sourcetype=<...> | source=<...> | fields=<...>\n**Insight:** FOUND | NOT_FOUND\n**Candidate:** <bare value, or none>   **Confidence:** <0-100>\n\n## Prior rounds\n<One line per prior round: what it established or eliminated.\n REWRITTEN each round, never appended. Six lines maximum, total.>\n\n## This round\n### What I ran\n- <spl> -> <what came back, including the event count>\n### What it means\n<FOUND:     the chain from that output to the candidate.\n NOT_FOUND: what you saw instead, and why it rules this scope out.>\n\n## Ruled out\n- <feed / entity / hypothesis> - <why>\n\nDo not write the title line — the runner stamps your round number, your rounds remaining, and how many of your queries this round were new.\n\n`value` still carries the bare answer as its own field, exactly as always: the answer alone, no label, no units unless asked, no hedge. `insight` is FOUND only when `value` holds a candidate for the question as asked and its records show the act the question names; otherwise it is NOT_FOUND and `value` is empty.\n\nHOW YOUR REPORT IS READ\nYour report is read by SH, who is deciding whether to keep you on this scope. Write it so SH can tell, without having to ask: that you stayed inside your constraints and answered the question actually asked; that this round learned something the last one didn't; and whether you now hold a value that could be submitted as-is, or not yet.\n\n## Your task\nThe question, verbatim — its words, not the paraphrase below, decide what is measured:\nBased on the information gathered for question 314, what file can be inferred to contain the attack tools?\nAnswer format guidance: Include the file extension.\n\nSH's framing of your task:\nUsing the established FYODOR-L tool download from 45.77.53.176:3333, determine what file can be inferred to contain the attack tools. Identify the downloaded file on that retrieval path and show why it is the container for the later-created tools rather than one of the dropped executables themselves.\n\n## This round\nBegin. Q314 already fixed the host, retrieval socket, and post-download tool creation sequence. Sysmon file-creation plus the single stream:http retrieval event are the direct evidence path to infer the downloaded container file that held the attack tools."
        },
        {
          "type": "AIMessage",
          "content": "I'll start by finding all events referencing the retrieval socket's IP 45.77.53.176 to confirm the feeds that carry this download, and check what sourcetypes mention FYODOR-L.",
          "tool_calls": [
            {
              "name": "run_splunk_search",
              "args": {
                "query": "index=botsv3 \"45.77.53.176\" | stats count by sourcetype, source"
              }
            }
          ]
        },
        {
          "type": "ToolMessage",
          "content": "{\"error\": \"Rejected: You must state your reasoning before calling any tool. Write an 'Intention: <why you are making this call>' line, then repeat your tool call.\"}",
          "name": "run_splunk_search"
        },
        {
          "type": "AIMessage",
          "content": "Intention: Find every feed that references the retrieval socket's IP 45.77.53.176, to confirm which sourcetypes carry the download event and any related file activity.\n",
          "tool_calls": [
            {
              "name": "run_splunk_search",
              "args": {
                "query": "index=botsv3 \"45.77.53.176\" | stats count by sourcetype, source"
              }
            }
          ]
        },
        {
          "type": "ToolMessage",
          "content": "{\"error\": \"Rejected: every run_splunk_search query must include a sourcetype filter. Call get_source_types to find the right sourcetype, then add sourcetype=<value> to the query.\"}",
          "name": "run_splunk_search"
        },
        {
          "type": "AIMessage",
          "content": "Intention: Get the list of sourcetypes so I can scope the search for the IP to valid feeds.\n",
          "tool_calls": [
            {
              "name": "get_source_types",
              "args": {}
            }
          ]
        },
        {
          "type": "ToolMessage",
          "content": "{\"source_types\": [\"access_combined\", \"alternatives\", \"amazon-ssm-agent\", \"amazon-ssm-agent-too_small\", \"apache_error\", \"aws:cloudtrail\", \"aws:cloudwatch\", \"aws:cloudwatch:guardduty\", \"aws:cloudwatchlogs\", \"aws:cloudwatchlogs:vpcflow\", \"aws:config:rule\", \"aws:description\", \"aws:elb:accesslogs\", \"aws:rds:audit\", \"aws:rds:error\", \"aws:s3:accesslogs\", \"bandwidth\", \"bash_history\", \"bootstrap\", \"cisco:asa\", \"cloud-init\", \"cloud-init-output\", \"code42:api\", \"code42:computer\", \"code42:org\", \"code42:security\", \"code42:user\", \"config_file\", \"cpu\", \"cron-too_small\", \"df\", \"dmesg\", \"dpkg\", \"error-too_small\", \"errors\", \"errors-too_small\", \"ess_content_importer\", \"hardware\", \"history-2\", \"interfaces\", \"iostat\", \"lastlog\", \"linux_audit\", \"linux_secure\", \"localhost-5\", \"lsof\", \"maillog-too_small\", \"ms:aad:audit\", \"ms:aad:signin\", \"ms:o365:management\", \"ms:o365:reporting:messagetrace\", \"netstat\", \"o365:management:activity\", \"osquery:info\", \"osquery:results\", \"osquery:warning\", \"out-3\", \"package\", \"protocol\", \"ps\", \"stream:arp\", \"stream:dhcp\", \"stream:dns\", \"stream:http\", \"stream:icmp\", \"stream:igmp\", \"stream:ip\", \"stream:mysql\", \"stream:smb\", \"stream:smtp\", \"stream:tcp\", \"stream:udp\", \"symantec:ep:agent:file\", \"symantec:ep:agt_system:file\", \"symantec:ep:behavior:file\", \"symantec:ep:packet:file\", \"symantec:ep:risk:file\", \"symantec:ep:scm_system:file\", \"symantec:ep:security:file\", \"symantec:ep:traffic:file\", \"syslog\", \"time\", \"top\", \"vmstat\", \"who\", \"yum-too_small\", \"WinEventLog\", \"WinHostMon\", \"PerfmonMk:Process\", \"Script:GetEndpointInfo\", \"Script:InstalledApps\", \"Script:ListeningPorts\", \"Unix:ListeningPorts\", \"Unix:SSHDConfig\", \"Unix:Service\", \"Unix:Update\", \"Unix:Uptime\", \"Unix:UserAccounts\", \"Unix:Version\", \"XmlWinEventLog:Microsoft-Windows-Sysmon/Operational\", \"openPorts\", \"usersWithLoginPrivs\"], \"count\": 102}",
          "name": "get_source_types"
        },
        {
          "type": "AIMessage",
          "content": "Intention: Search stream:http for the retrieval IP to find the download event on FYODOR-L, and check Sysmon for the same IP.",
          "tool_calls": [
            {
              "name": "run_splunk_search",
              "args": {
                "query": "index=botsv3 sourcetype=\"stream:http\" \"45.77.53.176\" | stats count by src_ip, dest_ip, http_method, status, uri_path, url, _time"
              }
            }
          ]
        },
        {
          "type": "ToolMessage",
          "content": "{\"results\": [{\"src_ip\": \"192.168.70.186\", \"dest_ip\": \"45.77.53.176\", \"http_method\": \"GET\", \"status\": \"200\", \"uri_path\": \"/images/logos.png\", \"url\": \"http://45.77.53.176:3333:3333/images/logos.png\", \"_time\": \"2018-08-20T18:47:16.891+08:00\", \"count\": \"1\"}], \"meta\": {\"total_event_count\": 1, \"returned\": 1, \"sid\": \"1790258426.1405\"}}",
          "name": "run_splunk_search"
        },
        {
          "type": "AIMessage",
          "content": "Intention: Confirm the host identity for 192.168.70.186 and find Sysmon file-creation events after the download, to see what tools were created and from where.\n",
          "tool_calls": [
            {
              "name": "run_splunk_search",
              "args": {
                "query": "index=botsv3 sourcetype=\"XmlWinEventLog:Microsoft-Windows-Sysmon/Operational\" \"45.77.53.176\" | stats count by host, EventCode, _time"
              }
            }
          ]
        },
        {
          "type": "ToolMessage",
          "content": "{\"results\": [{\"host\": \"ABUNGST-L\", \"EventCode\": \"3\", \"_time\": \"2018-08-20T18:01:04.000+08:00\", \"count\": \"1\"}, {\"host\": \"ABUNGST-L\", \"EventCode\": \"3\", \"_time\": \"2018-08-20T18:01:22.000+08:00\", \"count\": \"1\"}, {\"host\": \"ABUNGST-L\", \"EventCode\": \"3\", \"_time\": \"2018-08-20T18:01:40.000+08:00\", \"count\": \"1\"}, {\"host\": \"ABUNGST-L\", \"EventCode\": \"3\", \"_time\": \"2018-08-20T18:01:50.000+08:00\", \"count\": \"1\"}, {\"host\": \"ABUNGST-L\", \"EventCode\": \"3\", \"_time\": \"2018-08-20T18:01:56.000+08:00\", \"count\": \"1\"}, {\"host\": \"ABUNGST-L\", \"EventCode\": \"3\", \"_time\": \"2018-08-20T18:02:02.000+08:00\", \"count\": \"1\"}, {\"host\": \"ABUNGST-L\", \"EventCode\": \"3\", \"_time\": \"2018-08-20T18:02:09.000+08:00\", \"count\": \"1\"}, {\"host\": \"ABUNGST-L\", \"EventCode\": \"3\", \"_time\": \"2018-08-20T18:02:15.000+08:00\", \"count\": \"1\"}, {\"host\": \"ABUNGST-L\", \"EventCode\": \"3\", \"_time\": \"2018-08-20T18:02:21.000+08:00\", \"count\": \"1\"}, {\"host\": \"ABUNGST-L\", \"EventCode\": \"3\", \"_time\": \"2018-08-20T18:02:28.000+08:00\", \"count\": \"1\"}, {\"host\": \"ABUNGST-L\", \"EventCode\": \"3\", \"_time\": \"2018-08-20T18:02:35.000+08:00\", \"count\": \"1\"}, {\"host\": \"ABUNGST-L\", \"EventCode\": \"3\", \"_time\": \"2018-08-20T18:02:43.000+08:00\", \"count\": \"1\"}, {\"host\": \"ABUNGST-L\", \"EventCode\": \"3\", \"_time\": \"2018-08-20T18:02:48.000+08:00\", \"count\": \"1\"}, {\"host\": \"ABUNGST-L\", \"EventCode\": \"3\", \"_time\": \"2018-08-20T18:02:54.000+08:00\", \"count\": \"1\"}, {\"host\": \"ABUNGST-L\", \"EventCode\": \"3\", \"_time\": \"2018-08-20T18:03:00.000+08:00\", \"count\": \"1\"}, {\"host\": \"ABUNGST-L\", \"EventCode\": \"3\", \"_time\": \"2018-08-20T18:03:06.000+08:00\", \"count\": \"1\"}, {\"host\": \"ABUNGST-L\", \"EventCode\": \"3\", \"_time\": \"2018-08-20T18:03:17.000+08:00\", \"count\": \"1\"}, {\"host\": \"ABUNGST-L\", \"EventCode\": \"3\", \"_time\": \"2018-08-20T18:03:23.000+08:00\", \"count\": \"1\"}, {\"host\": \"ABUNGST-L\", \"EventCode\": \"3\", \"_time\": \"2018-08-20T18:03:29.000+08:00\", \"count\": \"1\"}, {\"host\": \"ABUNGST-L\", \"EventCode\": \"3\", \"_time\": \"2018-08-20T18:03:35.000+08:00\", \"count\": \"1\"}, {\"host\": \"ABUNGST-L\", \"EventCode\": \"3\", \"_time\": \"2018-08-20T18:03:40.000+08:00\", \"count\": \"1\"}, {\"host\": \"ABUNGST-L\", \"EventCode\": \"3\", \"_time\": \"2018-08-20T18:03:46.000+08:00\", \"count\": \"1\"}, {\"host\": \"ABUNGST-L\", \"EventCode\": \"3\", \"_time\": \"2018-08-20T18:03:55.000+08:00\", \"count\": \"1\"}, {\"host\": \"ABUNGST-L\", \"EventCode\": \"3\", \"_time\": \"2018-08-20T18:04:01.000+08:00\", \"count\": \"1\"}, {\"host\": \"ABUNGST-L\", \"EventCode\": \"3\", \"_time\": \"2018-08-20T18:04:07.000+08:00\", \"count\": \"1\"}, {\"host\": \"ABUNGST-L\", \"EventCode\": \"3\", \"_time\": \"2018-08-20T18:04:13.000+08:00\", \"count\": \"1\"}, {\"host\": \"ABUNGST-L\", \"EventCode\": \"3\", \"_time\": \"2018-08-20T18:04:21.000+08:00\", \"count\": \"1\"}, {\"host\": \"ABUNGST-L\", \"EventCode\": \"3\", \"_time\": \"2018-08-20T18:04:27.000+08:00\", \"count\": \"1\"}, {\"host\": \"ABUNGST-L\", \"EventCode\": \"3\", \"_time\": \"2018-08-20T18:04:33.000+08:00\", \"count\": \"1\"}, {\"host\": \"ABUNGST-L\", \"EventCode\": \"3\", \"_time\": \"2018-08-20T18:04:40.000+08:00\", \"count\": \"1\"}, {\"host\": \"ABUNGST-L\", \"EventCode\": \"3\", \"_time\": \"2018-08-20T18:04:45.000+08:00\", \"count\": \"1\"}, {\"host\": \"ABUNGST-L\", \"EventCode\": \"3\", \"_time\": \"2018-08-20T18:04:57.000+08:00\", \"count\": \"1\"}, {\"host\": \"ABUNGST-L\", \"EventCode\": \"3\", \"_time\": \"2018-08-20T18:05:04.000+08:00\", \"count\": \"1\"}, {\"host\": \"ABUNGST-L\", \"EventCode\": \"3\", \"_time\": \"2018-08-20T18:05:11.000+08:00\", \"count\": \"1\"}, {\"host\": \"ABUNGST-L\", \"EventCode\": \"3\", \"_time\": \"2018-08-20T18:05:17.000+08:00\", \"count\": \"1\"}, {\"host\": \"ABUNGST-L\", \"EventCode\": \"3\", \"_time\": \"2018-08-20T18:05:25.000+08:00\", \"count\": \"1\"}, {\"host\": \"ABUNGST-L\", \"EventCode\": \"3\", \"_time\": \"2018-08-20T18:05:31.000+08:00\", \"count\": \"1\"}, {\"host\": \"ABUNGST-L\", \"EventCode\": \"3\", \"_time\": \"2018-08-20T18:05:38.000+08:00\", \"count\": \"1\"}, {\"host\": \"ABUNGST-L\", \"EventCode\": \"3\", \"_time\": \"2018-08-20T18:05:44.000+08:00\", \"count\": \"1\"}, {\"host\": \"ABUNGST-L\", \"EventCode\": \"3\", \"_time\": \"2018-08-20T18:05:49.000+08:00\", \"count\": \"1\"}, {\"host\": \"ABUNGST-L\", \"EventCode\": \"3\", \"_time\": \"2018-08-20T18:05:55.000+08:00\", \"count\": \"1\"}, {\"host\": \"ABUNGST-L\", \"EventCode\": \"3\", \"_time\": \"2018-08-20T18:06:04.000+08:00\", \"count\": \"1\"}, {\"host\": \"ABUNGST-L\", \"EventCode\": \"3\", \"_time\": \"2018-08-20T18:06:11.000+08:00\", \"count\": \"1\"}, {\"host\": \"ABUNGST-L\", \"EventCode\": \"3\", \"_time\": \"2018-08-20T18:06:18.000+08:00\", \"count\": \"1\"}, {\"host\": \"ABUNGST-L\", \"EventCode\": \"3\", \"_time\": \"2018-08-20T18:06:24.000+08:00\", \"count\": \"1\"}, {\"host\": \"ABUNGST-L\", \"EventCode\": \"3\", \"_time\": \"2018-08-20T18:06:29.000+08:00\", \"count\": \"1\"}, {\"host\": \"ABUNGST-L\", \"EventCode\": \"3\", \"_time\": \"2018-08-20T18:06:36.000+08:00\", \"count\": \"1\"}, {\"host\": \"ABUNGST-L\", \"EventCode\": \"3\", \"_time\": \"2018-08-20T18:06:42.000+08:00\", \"count\": \"1\"}, {\"host\": \"ABUNGST-L\", \"EventCode\": \"3\", \"_time\": \"2018-08-20T18:06:48.000+08:00\", \"count\": \"1\"}, 