{\"_time\": \"2018-08-20T23:17:29.000+08:00\", \"_raw\": \"08/20/2018 03:17:29 AM\\nLogName=Security\\nSourceName=Microsoft Windows security auditing.\\nEventCode=5157\\nEventType=0\\nType=Information\\nComputerName=BSTOLL-L.froth.ly\\nTaskCategory=Filtering Platform Connection\\nOpCode=Info\\nRecordNumber=989864\\nKeywords=Audit Failure\\nMessage=The Windows Filtering Platform has blocked a connection.\\n\\nApplication Information:\\n\\tProcess ID:\\t\\t4\\n\\tApplication Name:\\tSystem\\n\\nNetwork Information:\\n\\tDirection:\\t\\tInbound\\n\\tSource Address:\\t\\t192.168.247.129\\n\\tSource Port:\\t\\t138\\n\\tDestination Address:\\t192.168.247.255\\n\\tDestination Port:\\t\\t138\\n\\tProtocol:\\t\\t17\\n\\nFilter Information:\\n\\tFilter Run-Time ID:\\t114269\\n\\tLayer Name:\\t\\tReceive/Accept\\n\\tLayer Run-Time ID:\\t44\"}], \"meta\": {\"total_event_count\": 3, \"returned\": 3, \"sid\": \"1783479167.1124\"}}",
          "name": "sample_events"
        },
        {
          "type": "AIMessage",
          "content": "Intention: I see the WinEventLog uses key=value format. Let me search for process creation events (EventCode=4688) on BSTOLL-L and look at the process names. I also need to check stream:tcp and stream:http for mining pool connections on both hosts.\n→ call run_splunk_search(query=\"index=botsv3 sourcetype=WinEventLog host=BSTOLL-L EventCode=4688 | stats count by ProcessName, CommandLine | sort -count\")",
          "tool_calls": [
            {
              "name": "run_splunk_search",
              "args": {
                "query": "index=botsv3 sourcetype=WinEventLog host=BSTOLL-L EventCode=4688 | stats count by ProcessName, CommandLine | sort -count"
              }
            }
          ]
        },
        {
          "type": "ToolMessage",
          "content": "{\"results\": [], \"meta\": {\"total_event_count\": 0, \"returned\": 0, \"sid\": \"1783479173.1126\"}}",
          "name": "run_splunk_search"
        },
        {
          "type": "AIMessage",
          "content": "Intention: Let me get the fields available in WinEventLog for BSTOLL-L to find the correct field names for process creation events.\n→ call get_sourcetype_fields(sourcetype=\"WinEventLog\", min_count=1)",
          "tool_calls": [
            {
              "name": "get_sourcetype_fields",
              "args": {
                "min_count": 1,
                "sourcetype": "WinEventLog"
              }
            }
          ]
        },
        {
          "type": "ToolMessage",
          "content": "{\"results\": [{\"field\": \"ComputerName\", \"count\": \"48101\", \"distinct_count\": \"9\", \"values\": \"[{\\\"value\\\":\\\"BSTOLL-L.froth.ly\\\",\\\"count\\\":24427},{\\\"value\\\":\\\"PCERF-L.froth.ly\\\",\\\"count\\\":4280},{\\\"value\\\":\\\"MKRAEUS-L.froth.ly\\\",\\\"count\\\":4174}]\"}, {\"field\": \"EventCode\", \"count\": \"48101\", \"distinct_count\": \"15\", \"values\": \"[{\\\"value\\\":\\\"5156\\\",\\\"count\\\":11501},{\\\"value\\\":\\\"4689\\\",\\\"count\\\":7446},{\\\"value\\\":\\\"4688\\\",\\\"count\\\":7427}]\"}, {\"field\": \"EventType\", \"count\": \"48101\", \"distinct_count\": \"5\", \"values\": \"[{\\\"value\\\":\\\"0\\\",\\\"count\\\":46512},{\\\"value\\\":\\\"4\\\",\\\"count\\\":1120},{\\\"value\\\":\\\"3\\\",\\\"count\\\":268}]\"}, {\"field\": \"Keywords\", \"count\": \"48101\", \"distinct_count\": \"10\", \"values\": \"[{\\\"value\\\":\\\"Audit Success\\\",\\\"count\\\":37207},{\\\"value\\\":\\\"Audit Failure\\\",\\\"count\\\":9214},{\\\"value\\\":\\\"Classic\\\",\\\"count\\\":866}]\"}, {\"field\": \"LogName\", \"count\": \"48101\", \"distinct_count\": \"7\", \"values\": \"[{\\\"value\\\":\\\"Security\\\",\\\"count\\\":46469},{\\\"value\\\":\\\"Application\\\",\\\"count\\\":719},{\\\"value\\\":\\\"System\\\",\\\"count\\\":482}]\"}, {\"field\": \"Message\", \"count\": \"48101\", \"distinct_count\": \"15\", \"values\": \"[{\\\"value\\\":\\\"The Windows Filtering Platform has permitted a connection.\\\\n\\\\nApplication Information:\\\\n\\\\tProcess ID:\\\\t\\\\t4560\\\\n\\\\tApplication Name:\\\\t\\\\\\\\device\\\\\\\\harddiskvolume4\\\\\\\\program files (x86)\\\\\\\\cisco\\\\\\\\cisco anyconnect secure mobility client\\\\\\\\acnvmagent.exe\\\\n\\\\nNetwork Information:\\\\n\\\\tDirection:\\\\t\\\\tOutbound\\\\n\\\\tSource Address:\\\\t\\\\t192.168.8.114\\\\n\\\\tSource Port:\\\\t\\\\t25001\\\\n\\\\tDestination Address:\\\\t192.168.9.25\\\\n\\\\tDestination Port:\\\\t\\\\t2055\\\\n\\\\tProtocol:\\\\t\\\\t17\\\\n\\\\nFilter Information:\\\\n\\\\tFilter Run-Time ID:\\\\t111804\\\\n\\\\tLayer Name:\\\\t\\\\tConnect\\\\n\\\\tLayer Run-Time ID:\\\\t48\\\",\\\"count\\\":1683},{\\\"value\\\":\\\"The Windows Filtering Platform has permitted a connection.\\\\n\\\\nApplication Information:\\\\n\\\\tProcess ID:\\\\t\\\\t4728\\\\n\\\\tApplication Name:\\\\t\\\\\\\\device\\\\\\\\harddiskvolume4\\\\\\\\program files (x86)\\\\\\\\cisco\\\\\\\\cisco anyconnect secure mobility client\\\\\\\\acnvmagent.exe\\\\n\\\\nNetwork Information:\\\\n\\\\tDirection:\\\\t\\\\tOutbound\\\\n\\\\tSource Address:\\\\t\\\\t192.168.8.114\\\\n\\\\tSource Port:\\\\t\\\\t25001\\\\n\\\\tDestination Address:\\\\t192.168.9.25\\\\n\\\\tDestination Port:\\\\t\\\\t2055\\\\n\\\\tProtocol:\\\\t\\\\t17\\\\n\\\\nFilter Information:\\\\n\\\\tFilter Run-Time ID:\\\\t109460\\\\n\\\\tLayer Name:\\\\t\\\\tConnect\\\\n\\\\tLayer Run-Time ID:\\\\t48\\\",\\\"count\\\":757},{\\\"value\\\":\\\"Special privileges assigned to new logon.\\\\n\\\\nSubject:\\\\n\\\\tSecurity ID:\\\\t\\\\tNT AUTHORITY\\\\\\\\SYSTEM\\\\n\\\\tAccount Name:\\\\t\\\\tSYSTEM\\\\n\\\\tAccount Domain:\\\\t\\\\tNT AUTHORITY\\\\n\\\\tLogon ID:\\\\t\\\\t0x3E7\\\\n\\\\nPrivileges:\\\\t\\\\tSeAssignPrimaryTokenPrivilege\\\\n\\\\t\\\\t\\\\tSeTcbPrivilege\\\\n\\\\t\\\\t\\\\tSeSecurityPrivilege\\\\n\\\\t\\\\t\\\\tSeTakeOwnershipPrivilege\\\\n\\\\t\\\\t\\\\tSeLoadDriverPrivilege\\\\n\\\\t\\\\t\\\\tSeBackupPrivilege\\\\n\\\\t\\\\t\\\\tSeRestorePrivilege\\\\n\\\\t\\\\t\\\\tSeDebugPrivilege\\\\n\\\\t\\\\t\\\\tSeAuditPrivilege\\\\n\\\\t\\\\t\\\\tSeSystemEnvironmentPrivilege\\\\n\\\\t\\\\t\\\\tSeImpersonatePrivilege\\\\n\\\\t\\\\t\\\\tSeDelegateSessionUserImpersonatePrivilege\\\",\\\"count\\\":363}]\"}, {\"field\": \"OpCode\", \"count\": \"48101\", \"distinct_count\": \"15\", \"values\": \"[{\\\"value\\\":\\\"Info\\\",\\\"count\\\":47448},{\\\"value\\\":\\\"The operation completed successfully.\\\",\\\"count\\\":435},{\\\"value\\\":\\\"None\\\",\\\"count\\\":76}]\"}, {\"field\": \"RecordNumber\", \"count\": \"48101\", \"distinct_count\": \"15\", \"values\": \"[{\\\"value\\\":\\\"224929\\\",\\\"count\\\":2},{\\\"value\\\":\\\"224932\\\",\\\"count\\\":2},{\\\"value\\\":\\\"224936\\\",\\\"count\\\":2}]\"}, {\"field\": \"SourceName\", \"count\": \"48101\", \"distinct_count\": \"15\", \"values\": \"[{\\\"value\\\":\\\"Microsoft Windows security auditing.\\\",\\\"count\\\":46419},{\\\"value\\\":\\\"Microsoft-Windows-AppLocker\\\",\\\"count\\\":339},{\\\"value\\\":\\\"Microsoft-Windows-Security-SPP\\\",\\\"count\\\":325}]\"}, {\"field\": \"TaskCategory\", \"count\": \"48101\", \"distinct_count\": \"15\", \"values\": \"[{\\\"value\\\":\\\"Filtering Platform Connection\\\",\\\"count\\\":15626},{\\\"value\\\":\\\"Process Termination\\\",\\\"count\\\":7446},{\\\"value\\\":\\\"Process Creation\\\",\\\"count\\\":7429}]\"}, {\"field\": \"Type\", \"count\": \"48101\", \"distinct_count\": \"5\", \"values\": \"[{\\\"value\\\":\\\"Information\\\",\\\"count\\\":47632},{\\\"value\\\":\\\"Warning\\\",\\\"count\\\":268},{\\\"value\\\":\\\"Error\\\",\\\"count\\\":168}]\"}, {\"field\": \"category\", \"count\": \"48101\", \"distinct_count\": \"15\", \"values\": \"[{\\\"value\\\":\\\"Filtering Platform Connection\\\",\\\"count\\\":15626},{\\\"value\\\":\\\"Process Termination\\\",\\\"count\\\":7446},{\\\"value\\\":\\\"Process Creation\\\",\\\"count\\\":7429}]\"}, {\"field\": \"dvc\", \"count\": \"48101\", \"distinct_count\": \"9\", \"values\": \"[{\\\"value\\\":\\\"BSTOLL-L.froth.ly\\\",\\\"count\\\":24427},{\\\"value\\\":\\\"PCERF-L.froth.ly\\\",\\\"count\\\":4280},{\\\"value\\\":\\\"MKRAEUS-L.froth.ly\\\",\\\"count\\\":4174}]\"}, {\"field\": \"dvc_nt_host\", \"count\": \"48101\", \"distinct_count\": \"9\", \"values\": \"[{\\\"value\\\":\\\"BSTOLL-L\\\",\\\"count\\\":24427},{\\\"value\\\":\\\"PCERF-L\\\",\\\"count\\\":4280},{\\\"value\\\":\\\"MKRAEUS-L\\\",\\\"count\\\":4174}]\"}, {\"field\": \"event_id\", \"count\": \"48101\", \"distinct_count\": \"15\", \"values\": \"[{\\\"value\\\":\\\"224929\\\",\\\"count\\\":2},{\\\"value\\\":\\\"224932\\\",\\\"count\\\":2},{\\\"value\\\":\\\"224936\\\",\\\"count\\\":2}]\"}, {\"field\": \"eventtype\", \"count\": \"48101\", \"distinct_count\": \"15\", \"values\": \"[{\\\"value\\\":\\\"endpoint_services_processes\\\",\\\"count\\\":48101},{\\\"value\\\":\\\"windows_event_signature\\\",\\\"count\\\":48101},{\\\"value\\\":\\\"windows_ta_data\\\",\\\"count\\\":48101}]\"}, {\"field\": \"host\", \"count\": \"48101\", \"distinct_count\": \"9\", \"values\": \"[{\\\"value\\\":\\\"BSTOLL-L\\\",\\\"count\\\":24427},{\\\"value\\\":\\\"PCERF-L\\\",\\\"count\\\":4280},{\\\"value\\\":\\\"MKRAEUS-L\\\",\\\"count\\\":4174}]\"}, {\"field\": \"id\", \"count\": \"48101\", \"distinct_count\": \"15\", \"values\": \"[{\\\"value\\\":\\\"224929\\\",\\\"count\\\":2},{\\\"value\\\":\\\"224932\\\",\\\"count\\\":2},{\\\"value\\\":\\\"224936\\\",\\\"count\\\":2}]\"}, {\"field\": \"index\", \"count\": \"48101\", \"distinct_count\": \"1\", \"values\": \"[{\\\"value\\\":\\\"botsv3\\\",\\\"count\\\":48101}]\"}, {\"field\": \"linecount\", \"count\": \"48101\", \"distinct_count\": \"15\", \"values\": \"[{\\\"value\\\":\\\"29\\\",\\\"count\\\":19738},{\\\"value\\\":\\\"23\\\",\\\"count\\\":7471},{\\\"value\\\":\\\"41\\\",\\\"count\\\":7428}]\"}, {\"field\": \"punct\", \"count\": \"48101\", \"distinct_count\": \"15\", \"values\": \"[{\\\"value\\\":\\\"//_::_\\\\\\\\r=\\\\\\\\r=___.\\\\\\\\r=\\\\\\\\r=\\\\\\\\r=\\\\\\\\r=-..\\\\\\\\r=__\\\\\\\\r=\\\\\\\\r=\\\\\\\\r=_\\\\\\\\r=_______.\\\\\\\\r\\\\\\\\r\\\\\\\\r\\\\\\\\r\\\",\\\"count\\\":15624},{\\\"value\\\":\\\"//_::_\\\\\\\\r=\\\\\\\\r=___.\\\\\\\\r=\\\\\\\\r=\\\\\\\\r=\\\\\\\\r=-..\\\\\\\\r=_\\\\\\\\r=\\\\\\\\r=\\\\\\\\r=_\\\\\\\\r=___.\\\\\\\\r\\\\\\\\r\\\\\\\\r\\\\\\\\r:\\\\\\\\r\\\\\\\\rt_\\\",\\\"count\\\":7453},{\\\"value\\\":\\\"//_::_\\\\\\\\r=\\\\\\\\r=___.\\\\\\\\r=\\\\\\\\r=\\\\\\\\r=\\\\\\\\r=-..\\\\\\\\r=_\\\\\\\\r=\\\\\\\\r=\\\\\\\\r=_\\\\\\\\r=_____.\\\\\\\\r\\\\\\\\r\\\\\\\\r\\\\\\\\r_:\\\\\\\\r\\\",\\\"count\\\":7427}]\"}, {\"field\": \"severity_id\", \"count\": \"48101\", \"distinct_count\": \"5\", \"values\": \"[{\\\"value\\\":\\\"0\\\",\\\"count\\\":46512},{\\\"value\\\":\\\"4\\\",\\\"count\\\":1120},{\\\"value\\\":\\\"3\\\",\\\"count\\\":268}]\"}, {\"field\": \"source\", \"count\": \"48101\", \"distinct_count\": \"6\", \"values\": \"[{\\\"value\\\":\\\"WinEventLog:Security\\\",\\\"count\\\":46469},{\\\"value\\\":\\\"WinEventLog:Application\\\",\\\"count\\\":719},{\\\"value\\\":\\\"WinEventLog:System\\\",\\\"count\\\":482}]\"}, {\"field\": \"sourcetype\", \"count\": \"48101\", \"distinct_count\": \"1\", \"values\": \"[{\\\"value\\\":\\\"WinEventLog\\\",\\\"count\\\":48101}]\"}, {\"field\": \"splunk_server\", \"count\": \"48101\", \"distinct_count\": \"1\", \"values\": \"[{\\\"value\\\":\\\"DESKTOP-Q4TP1FN\\\",\\\"count\\\":48101}]\"}, {\"field\": \"tag\", \"count\": \"48101\", \"distinct_count\": \"15\", \"values\": \"[{\\\"value\\\":\\\"track_event_signatures\\\",\\\"count\\\":48101},{\\\"value\\\":\\\"os\\\",\\\"count\\\":47670},{\\\"value\\\":\\\"windows\\\",\\\"count\\\":47670}]\"}, {\"field\": \"tag::eventtype\", \"count\": \"48101\", \"distinct_count\": \"15\", \"values\": \"[{\\\"value\\\":\\\"track_event_signatures\\\",\\\"count\\\":48101},{\\\"value\\\":\\\"os\\\",\\\"count\\\":47670},{\\\"value\\\":\\\"windows\\\",\\\"count\\\":47670}]\"}, {\"field\": \"vendor_product\", \"count\": \"48101\", \"distinct_count\": \"1\", \"values\": \"[{\\\"value\\\":\\\"Microsoft Windows\\\",\\\"count\\\":48101}]\"}, {\"field\": \"signature_id\", \"count\": \"48080\", \"distinct_count\": \"15\", \"values\": \"[{\\\"value\\\":\\\"5156\\\",\\\"count\\\":11501},{\\\"value\\\":\\\"4689\\\",\\\"count\\\":7446},{\\\"value\\\":\\\"4688\\\",\\\"count\\\":7427}]\"}, {\"field\": \"severity\", \"count\": \"48068\", \"distinct_count\": \"3\", \"values\": \"[{\\\"value\\\":\\\"informational\\\",\\\"count\\\":47632},{\\\"value\\\":\\\"medium\\\",\\\"count\\\":268},{\\\"value\\\":\\\"high\\\",\\\"count\\\":168}]\"}, {\"field\": \"dest\", \"count\": \"47762\", \"distinct_count\": \"15\", \"values\": \"[{\\\"value\\\":\\\"BSTOLL-L.froth.ly\\\",\\\"count\\\":8473},{\\\"value\\\":\\\"PCERF-L.froth.ly\\\",\\\"count\\\":4277},{\\\"value\\\":\\\"MKRAEUS-L.froth.ly\\\",\\\"count\\\":4174}]\"}, {\"field\": \"Error_Code\", \"count\": \"47670\", \"distinct_count\": \"4\", \"values\": \"[{\\\"value\\\":\\\"-\\\",\\\"count\\\":47666},{\\\"value\\\":\\\"0xC0000073\\\",\\\"count\\\":2},{\\\"value\\\":\\\"0xC000006E\\\",\\\"count\\\":1}]\"}, {\"field\": \"body\", \"count\": \"46951\", \"distinct_count\": \"15\", \"values\": \"[{\\\"value\\\":\\\"The Windows Filtering Platform has permitted a connection.\\\\n\\\\nApplication Information:\\\\n\\\\tProcess ID:\\\\t\\\\t4560\\\\n\\\\tApplication Name:\\\\t\\\\\\\\device\\\\\\\\harddiskvolume4\\\\\\\\program files (x86)\\\\\\\\cisco\\\\\\\\cisco anyconnect secure mobility client\\\\\\\\acnvmagent.exe\\\\n\\\\nNetwork Information:\\\\n\\\\tDirection:\\\\t\\\\tOutbound\\\\n\\\\tSource Address:\\\\t\\\\t192.168.8.114\\\\n\\\\tSource Port:\\\\t\\\\t25001\\\\n\\\\tDestination Address:\\\\t192.168.9.25\\\\n\\\\tDestination Port:\\\\t\\\\t2055\\\\n\\\\tProtocol:\\\\t\\\\t17\\\\n\\\\nFilter Information:\\\\n\\\\tFilter Run-Time ID:\\\\t111804\\\\n\\\\tLayer Name:\\\\t\\\\tConnect\\\\n\\\\tLayer Run-Time ID:\\\\t48\\\",\\\"count\\\":1683},{\\\"value\\\":\\\"The Windows Filtering Platform has permitted a connection.\\\\n\\\\nApplication Information:\\\\n\\\\tProcess ID:\\\\t\\\\t4728\\\\n\\\\tApplication Name:\\\\t\\\\\\\\device\\\\\\\\harddiskvolume4\\\\\\\\program files (x86)\\\\\\\\cisco\\\\\\\\cisco anyconnect secure mobility client\\\\\\\\acnvmagent.exe\\\\n\\\\nNetwork Information:\\\\n\\\\tDirection:\\\\t\\\\tOutbound\\\\n\\\\tSource Address:\\\\t\\\\t192.168.8.114\\\\n\\\\tSource Port:\\\\t\\\\t25001\\\\n\\\\tDestination Address:\\\\t192.168.9.25\\\\n\\\\tDestination Port:\\\\t\\\\t2055\\\\n\\\\tProtocol:\\\\t\\\\t17\\\\n\\\\nFilter Information:\\\\n\\\\tFilter Run-Time ID:\\\\t109460\\\\n\\\\tLayer Name:\\\\t\\\\tConnect\\\\n\\\\tLayer Run-Time ID:\\\\t48\\\",\\\"count\\\":757},{\\\"value\\\":\\\"Special privileges assigned to new logon.\\\\n\\\\nSubject:\\\\n\\\\tSecurity ID:\\\\t\\\\tNT AUTHORITY\\\\\\\\SYSTEM\\\\n\\\\tAccount Name:\\\\t\\\\tSYSTEM\\\\n\\\\tAccount Domain:\\\\t\\\\tNT AUTHORITY\\\\n\\\\tLogon ID:\\\\t\\\\t0x3E7\\\\n\\\\nPrivileges:\\\\t\\\\tSeAssignPrimaryTokenPrivilege\\\\n\\\\t\\\\t\\\\tSeTcbPrivilege\\\\n\\\\t\\\\t\\\\tSeSecurityPrivilege\\\\n\\\\t\\\\t\\\\tSeTakeOwnershipPrivilege\\\\n\\\\t\\\\t\\\\tSeLoadDriverPrivilege\\\\n\\\\t\\\\t\\\\tSeBackupPrivilege\\\\n\\\\t\\\\t\\\\tSeRestorePrivilege\\\\n\\\\t\\\\t\\\\tSeDebugPrivilege\\\\n\\\\t\\\\t\\\\tSeAuditPrivilege\\\\n\\\\t\\\\t\\\\tSeSystemEnvironmentPrivilege\\\\n\\\\t\\\\t\\\\tSeImpersonatePrivilege\\\\n\\\\t\\\\t\\\\tSeDelegateSessionUserImpersonatePrivilege\\\",\\\"count\\\":408}]\"}, {\"field\": \"product\", \"count\": \"46951\", \"distinct_count\": \"1\", \"values\": \"[{\\\"value\\\":\\\"Windows\\\",\\\"count\\\":46951}]\"}, {\"field\": \"vendor\", \"count\": \"46951\", \"distinct_count\": \"1\", \"values\": \"[{\\\"value\\\":\\\"Microsoft\\\",\\\"count\\\":46951}]\"}, {\"field\": \"status\", \"count\": \"46492\", \"distinct_count\": \"6\", \"values\": \"[{\\\"value\\\":\\\"success\\\",\\\"count\\\":41293},{\\\"value\\\":\\\"failure\\\",\\\"count\\\":5105},{\\\"value\\\":\\\"started\\\",\\\"count\\\":51}]\"}, {\"field\": \"signature\", \"count\": \"46485\", \"distinct_count\": \"15\", \"values\": \"[{\\\"value\\\":\\\"The Windows Filtering Platform has allowed a connection\\\",\\\"count\\\":11501},{\\\"value\\\":\\\"A process has exited\\\",\\\"count\\\":7446},{\\\"value\\\":\\\"A new process has been created\\\",\\\"count\\\":7427}]\"}, {\"field\": \"app\", \"count\": \"46469\", \"distinct_count\": \"15\", \"values\": \"[{\\\"value\\\":\\\"win:unknown\\\",\\\"count\\\":29997},{\\\"value\\\":\\\"\\\\\\\\device\\\\\\\\harddiskvolume4\\\\\\\\windows\\\\\\\\system32\\\\\\\\svchost.exe\\\",\\\"count\\\":7831},{\\\"value\\\":\\\"\\\\\\\\device\\\\\\\\harddiskvolume4\\\\\\\\program files (x86)\\\\\\\\cisco\\\\\\\\cisco anyconnect secure mobility client\\\\\\\\acnvmagent.exe\\\",\\\"count\\\":2471}]\"}, {\"field\": \"dest_nt_host\", \"count\": \"46469\", \"distinct_count\": \"10\", \"values\": \"[{\\\"value\\\":\\\"BSTOLL-L.froth.ly\\\",\\\"count\\\":23807},{\\\"value\\\":\\\"MKRAEUS-L.froth.ly\\\",\\\"count\\\":4097},{\\\"value\\\":\\\"PCERF-L.froth.ly\\\",\\\"count\\\":4089}]\"}, {\"field\": \"event_time\", \"count\": \"46469\", \"distinct_count\": \"15\", \"values\": \"[{\\\"value\\\":\\\"08/21/2018 01:35:28 AM\\\",\\\"count\\\":329},{\\\"value\\\":\\\"08/20/2018 09:11:59 AM\\\",\\\"count\\\":322},{\\\"value\\\":\\\"08/20/2018 09:06:15 AM\\\",\\\"count\\\":214}]\"}, ... [truncated — use a more specific query]\"}",
          "name": "get_sourcetype_fields"
        },
        {
          "type": "AIMessage",
          "content": "Intention: I see the WinEventLog has process creation events (EventCode=4688) with process info in the Message field. Let me search for process creation events on BSTOLL-L and look for any miner-related process names. I'll also check stream:tcp and stream:http for both hosts simultaneously.\n→ call run_splunk_search(query=\"index=botsv3 sourcetype=WinEventLog host=BSTOLL-L EventCode=4688 | stats count by signature, app | sort -count\")",
          "tool_calls": [
            {
              "name": "run_splunk_search",
              "args": {
                "query": "index=botsv3 sourcetype=WinEventLog host=BSTOLL-L EventCode=4688 | stats count by signature, app | sort -count"
              }
            }
          ]
        },
        {
          "type": "ToolMessage",
          "content": "{\"results\": [{\"signature\": \"A new process has been created\", \"app\": \"win:unknown\", \"count\": \"1936\"}], \"meta\": {\"total_event_count\": 1, \"returned\": 1, \"sid\": \"1783479196.1132\"}}",
          "name": "run_splunk_search"
        },
        {
          "type": "AIMessage",
          "content": "Intention: The process name is in the Message field. Let me get raw events for process creation on BSTOLL-L to see the actual process names. I'll also check stream:tcp for both hosts.\n→ call get_raw_events(sourcetype=\"WinEventLog\", keyword=\"4688\", limit=10)",
          "tool_calls": [
            {
              "name": "get_raw_events",
              "args": {
                "keyword": "4688",
                "limit": 10,
                "sourcetype": "WinEventLog"
              }
            }
          ]
        },
        {
          "type": "ToolMessage",
          "content": "{\"results\": [{\"_time\": \"2018-08-20T23:17:59.000+08:00\", \"_raw\": \"08/20/2018 03:17:59 AM\\nLogName=Security\\nSourceName=Microsoft Windows security auditing.\\nEventCode=4688\\nEventType=0\\nType=Information\\nComputerName=BGIST-L.froth.ly\\nTaskCategory=Process Creation\\nOpCode=Info\\nRecordNumber=298939\\nKeywords=Audit Success\\nMessage=A new process has been created.\\n\\nCreator Subject:\\n\\tSecurity ID:\\t\\tNT AUTHORITY\\\\SYSTEM\\n\\tAccount Name:\\t\\tBGIST-L$\\n\\tAccount Domain:\\t\\tWORKGROUP\\n\\tLogon ID:\\t\\t0x3E7\\n\\nTarget Subject:\\n\\tSecurity ID:\\t\\tNULL SID\\n\\tAccount Name:\\t\\t-\\n\\tAccount Domain:\\t\\t-\\n\\tLogon ID:\\t\\t0x0\\n\\nProcess Information:\\n\\tNew Process ID:\\t\\t0x185c\\n\\tNew Process Name:\\tC:\\\\Windows\\\\System32\\\\findstr.exe\\n\\tToken Elevation Type:\\t%%1936\\n\\tMandatory Label:\\t\\tMandatory Label\\\\System Mandatory Level\\n\\tCreator Process ID:\\t0x1534\\n\\tCreator Process Name:\\tC:\\\\Windows\\\\System32\\\\cmd.exe\\n\\tProcess Command Line:\\tfindstr  /r \\\"LISTENING\\\"\\n\\nToken Elevation Type indicates the type of token that was assigned to the new process in accordance with User Account Control policy.\\n\\nType 1 is a full token with no privileges removed or groups disabled.  A full token is only used if User Account Control is disabled or if the user is the built-in Administrator account or a service account.\\n\\nType 2 is an elevated token with no privileges removed or groups disabled.  An elevated token is used when User Account Control is enabled and the user chooses to start the program using Run as administrator.  An elevated token is also used when an application is configured to always require administrative privilege or to always require maximum privilege, and the user is a member of the Administrators group.\\n\\nType 3 is a limited token with administrative privileges removed and administrative groups disabled.  The limited token is used when User Account Control is enabled, the application does not require administrative privilege, and the user does not choose to start the program using Run as administrator.\"}, {\"_time\": \"2018-08-20T23:17:59.000+08:00\", \"_raw\": \"08/20/2018 03:17:59 AM\\nLogName=Security\\nSourceName=Microsoft Windows security auditing.\\nEventCode=4688\\nEventType=0\\nType=Information\\nComputerName=BGIST-L.froth.ly\\nTaskCategory=Process Creation\\nOpCode=Info\\nRecordNumber=298938\\nKeywords=Audit Success\\nMessage=A new process has been created.\\n\\nCreator Subject:\\n\\tSecurity ID:\\t\\tNT AUTHORITY\\\\SYSTEM\\n\\tAccount Name:\\t\\tBGIST-L$\\n\\tAccount Domain:\\t\\tWORKGROUP\\n\\tLogon ID:\\t\\t0x3E7\\n\\nTarget Subject:\\n\\tSecurity ID:\\t\\tNULL SID\\n\\tAccount Name:\\t\\t-\\n\\tAccount Domain:\\t\\t-\\n\\tLogon ID:\\t\\t0x0\\n\\nProcess Information:\\n\\tNew Process ID:\\t\\t0x2c4\\n\\tNew Process Name:\\tC:\\\\Windows\\\\System32\\\\NETSTAT.EXE\\n\\tToken Elevation Type:\\t%%1936\\n\\tMandatory Label:\\t\\tMandatory Label\\\\System Mandatory Level\\n\\tCreator Process ID:\\t0x1534\\n\\tCreator Process Name:\\tC:\\\\Windows\\\\System32\\\\cmd.exe\\n\\tProcess Command Line:\\tnetstat  -nao \\n\\nToken Elevation Type indicates the type of token that was assigned to the new process in accordance with User Account Control policy.\\n\\nType 1 is a full token with no privileges removed or groups disabled.  A full token is only used if User Account Control is disabled or if the user is the built-in Administrator account or a service account.\\n\\nType 2 is an elevated token with no privileges removed or groups disabled.  An elevated token is used when User Account Control is enabled and the user chooses to start the program using Run as administrator.  An elevated token is also used when an application is configured to always require administrative privilege or to always require maximum privilege, and the user is a member of the Administrators group.\\n\\nType 3 is a limited token with administrative privileges removed and administrative groups disabled.  The limited token is used when User Account Control is enabled, the application does not require administrative privilege, and the user does not choose to start the program using Run as administrator.\"}, {\"_time\": \"2018-08-20T23:17:59.000+08:00\", \"_raw\": \"08/20/2018 03:17:59 AM\\nLogName=Security\\nSourceName=Microsoft Windows security auditing.\\nEventCode=4688\\nEventType=0\\nType=Information\\nComputerName=BGIST-L.froth.ly\\nTaskCategory=Process Creation\\nOpCode=Info\\nRecordNumber=298937\\nKeywords=Audit Success\\nMessage=A new process has been created.\\n\\nCreator Subject:\\n\\tSecurity ID:\\t\\tNT AUTHORITY\\\\SYSTEM\\n\\tAccount Name:\\t\\tBGIST-L$\\n\\tAccount Domain:\\t\\tWORKGROUP\\n\\tLogon ID:\\t\\t0x3E7\\n\\nTarget Subject:\\n\\tSecurity ID:\\t\\tNULL SID\\n\\tAccount Name:\\t\\t-\\n\\tAccount Domain:\\t\\t-\\n\\tLogon ID:\\t\\t0x0\\n\\nProcess Information:\\n\\tNew Process ID:\\t\\t0x1534\\n\\tNew Process Name:\\tC:\\\\Windows\\\\System32\\\\cmd.exe\\n\\tToken Elevation Type:\\t%%1936\\n\\tMandatory Label:\\t\\tMandatory Label\\\\System Mandatory Level\\n\\tCreator Process ID:\\t0xad8\\n\\tCreator Process Name:\\tC:\\\\Windows\\\\System32\\\\cmd.exe\\n\\tProcess Command Line:\\tC:\\\\Windows\\\\system32\\\\cmd.exe /c netstat -nao | findstr /r \\\"LISTENING\\\"\\n\\nToken Elevation Type indicates the type of token that was assigned to the new process in accordance with User Account Control policy.\\n\\nType 1 is a full token with no privileges removed or groups disabled.  A full token is only used if User Account Control is disabled or if the user is the built-in Administrator account or a service account.\\n\\nType 2 is an elevated token with no privileges removed or groups disabled.  An elevated token is used when User Account Control is enabled and the user chooses to start the program using Run as administrator.  An elevated token is also used when an application is configured to always require administrative privilege or to always require maximum privilege, and the user is a member of the Administrators group.\\n\\nType 3 is a limited token with administrative privileges removed and administrative groups disabled.  The limited token is used when User Account Control is enabled, the application does not require administrative privilege, and the user does not choose to start the program using Run as administrator.\"}, {\"_time\": \"2018-08-20T23:17:59.000+08:00\", \"_raw\": \"08/20/2018 03:17:59 AM\\nLogName=Security\\nSourceName=Microsoft Windows security auditing.\\nEventCode=4688\\nEventType=0\\nType=Information\\nComputerName=BGIST-L.froth.ly\\nTaskCategory=Process Creation\\nOpCode=Info\\nRecordNumber=298933\\nKeywords=Audit Success\\nMessage=A new process has been created.\\n\\nCreator Subject:\\n\\tSecurity ID:\\t\\tNT AUTHORITY\\\\SYSTEM\\n\\tAccount Name:\\t\\tBGIST-L$\\n\\tAccount Domain:\\t\\tWORKGROUP\\n\\tLogon ID:\\t\\t0x3E7\\n\\nTarget Subject:\\n\\tSecurity ID:\\t\\tNULL SID\\n\\tAccount Name:\\t\\t-\\n\\tAccount Domain:\\t\\t-\\n\\tLogon ID:\\t\\t0x0\\n\\nProcess Information:\\n\\tNew Process ID:\\t\\t0x1390\\n\\tNew Process Name:\\tC:\\\\Windows\\\\System32\\\\wbem\\\\WMIC.exe\\n\\tToken Elevation Type:\\t%%1936\\n\\tMandatory Label:\\t\\tMandatory Label\\\\System Mandatory Level\\n\\tCreator Process ID:\\t0x440\\n\\tCreator Process Name:\\tC:\\\\Windows\\\\System32\\\\cmd.exe\\n\\tProcess Command Line:\\twmic  os get LocalDateTime /value \\n\\nToken Elevation Type indicates the type of token that was assigned to the new process in accordance with User Account Control policy.\\n\\nType 1 is a full token with no privileges removed or groups disabled.  A full token is only used if User Account Control is disabled or if the user is the built-in Administrator account or a service account.\\n\\nType 2 is an elevated token with no privileges removed or groups disabled.  An elevated token is used when User Account Control is enabled and the user chooses to start the program using Run as administrator.  An elevated token is also used when an application is configured to always require administrative privilege or to always require maximum privilege, and the user is a member of the Administrators group.\\n\\nType 3 is a limited token with administrative privileges removed and administrative groups disabled.  The limited token is used when User Account Control is enabled, the application does not require administrative privilege, and the user does not choose to start the program using Run as administrator.\"}, {\"_time\": \"2018-08-20T23:17:59.000+08:00\", \"_raw\": \"08/20/2018 03:17:59 AM\\nLogName=Security\\nSourceName=Microsoft Windows security auditing.\\nEventCode=4688\\nEventType=0\\nType=Information\\nComputerName=BGIST-L.froth.ly\\nTaskCategory=Process Creation\\nOpCode=Info\\nRecordNumber=298932\\nKeywords=Audit Success\\nMessage=A new process has been created.\\n\\nCreator Subject:\\n\\tSecurity ID:\\t\\tNT AUTHORITY\\\\SYSTEM\\n\\tAccount Name:\\t\\tBGIST-L$\\n\\tAccount Domain:\\t\\tWORKGROUP\\n\\tLogon ID:\\t\\t0x3E7\\n\\nTarget Subject:\\n\\tSecurity ID:\\t\\tNULL SID\\n\\tAccount Name:\\t\\t-\\n\\tAccount Domain:\\t\\t-\\n\\tLogon ID:\\t\\t0x0\\n\\nProcess Information:\\n\\tNew Process ID:\\t\\t0x440\\n\\tNew Process Name:\\tC:\\\\Windows\\\\System32\\\\cmd.exe\\n\\tToken Elevation Type:\\t%%1936\\n\\tMandatory Label:\\t\\tMandatory Label\\\\System Mandatory Level\\n\\tCreator Process ID:\\t0xad8\\n\\tCreator Process Name:\\tC:\\\\Windows\\\\System32\\\\cmd.exe\\n\\tProcess Command Line:\\tC:\\\\Windows\\\\system32\\\\cmd.exe /c wmic os get LocalDateTime /value 2>nul\\n\\nToken Elevation Type indicates the type of token that was assigned to the new process in accordance with User Account Control policy.\\n\\nType 1 is a full token with no privileges removed or groups disabled.  A full token is only used if User Account Control is disabled or if the user is the built-in Administrator account or a service account.\\n\\nType 2 is an elevated token with no privileges removed or groups disabled.  An elevated token is used when User Account Control is enabled and the user chooses to start the program using Run as administrator.  An elevated token is also used when an application is configured to always require administrative privilege or to always require maximum privilege, and the user is a member of the Administrators group.\\n\\nType 3 is a limited token with administrative privileges removed and administrative groups disabled.  The limited token is used when User Account Control is enabled, the application does not require administrative privilege, and the user does not choose to start the program using Run as administrator.\"}, {\"_time\": \"2018-08-20T23:17:57.000+08:00\", \"_raw\": \"08/20/2018 03:17:57 AM\\nLogName=Security\\nSourceName=Microsoft Windows security auditing.\\nEventCode=4688\\nEventType=0\\nType=Information\\nComputerName=PCERF-L.froth.ly\\nTaskCategory=Process Creation\\nOpCode=Info\\n