{
  "id": "Q308",
  "question": "Based on the information gathered for question 304, what groups was this user assigned to after the endpoint was compromised?",
  "base_points": 100,
  "correct_answer": "administrators,users",
  "sh_answer": "Administrators,None,Users",
  "clean_answer": "Administrators,None,Users",
  "sb_correct": false,
  "earned": 0,
  "num_delegations": 3,
  "delegations": [
    {
      "worker": "senior#30",
      "qid": "Q308",
      "subquestion": "In Splunk `index=botsv3` for August 20, 2018 on host `FYODOR-L.froth.ly` / `FYODOR-L`, search Windows Security logs (`wineventlog`) for local or global group membership events involving user `svcvnc` after the account creation event at `2018-08-20 18:08:17`, especially EventCode `4732`, `4728`, `4756`, `4735`, `4737`, `4747`, and `4751`. Return every group name `svcvnc` was added to, with timestamps and raw evidence.",
      "status": "solved",
      "answer": "Intention: The broader search confirms exactly 3 group membership events involving `svcvnc` on FYODOR-L. I now have complete evidence with raw event content for all three. Let me compile the final answer.\n\n---\n\n## FINAL ANSWER\n\nOn host **FYODOR-L.froth.ly**, user `svcvnc` was added to **3 groups** in the Windows Security log (`wineventlog`) on August 20, 2018, all shortly after the account creation/password reset event at `2018-08-20 18:08:17`:\n\n---\n\n### 1. Group: **None** (Global Group)\n| Field | Value |\n|---|---|\n| **Timestamp** | 2018-08-20T18:08:17.000+08:00 |\n| **EventCode** | 4728 — \"A member was added to a security-enabled **global** group\" |\n| **Group Name** | `None` |\n| **Group Domain** | `FYODOR-L` |\n| **Group SID** | `FYODOR-L\\None` |\n| **RecordNumber** | 277560 |\n| **Member SID** | `FYODOR-L\\svcvnc` |\n| **Performed by** | `AzureAD\\FyodorMalteskesko` (Logon ID: 0x1091C98) |\n\n**Raw evidence:**\n```\nEventCode=4728\nMessage=A member was added to a security-enabled global group.\nSubject:\n    Security ID:    AzureAD\\FyodorMalteskesko\n    Account Name:   FyodorMalteskesko\n    Account Domain: AzureAD\n    Logon ID:       0x1091C98\nMember:\n    Security ID:    FYODOR-L\\svcvnc\n    Account Name:   -\nGroup:\n    Security ID:    FYODOR-L\\None\n    Group Name:     None\n    Group Domain:   FYODOR-L\n```\n\n---\n\n### 2. Group: **Users** (Local Group)\n| Field | Value |\n|---|---|\n| **Timestamp** | 2018-08-20T18:08:17.000+08:00 |\n| **EventCode** | 4732 — \"A member was added to a security-enabled **local** group\" |\n| **Group Name** | `Users` |\n| **Group Domain** | `Builtin` |\n| **Group SID** | `BUILTIN\\Users` |\n| **RecordNumber** | 277565 |\n| **Member SID** | `FYODOR-L\\svcvnc` |\n| **Performed by** | `AzureAD\\FyodorMalteskesko` (Logon ID: 0x1091C98) |\n\n**Raw evidence:**\n```\nEventCode=4732\nMessage=A member was added to a security-enabled local group.\nSubject:\n    Security ID:    AzureAD\\FyodorMalteskesko\n    Account Name:   FyodorMalteskesko\n    Account Domain: AzureAD\n    Logon ID:       0x1091C98\nMember:\n    Security ID:    FYODOR-L\\svcvnc\n    Account Name:   -\nGroup:\n    Security ID:    BUILTIN\\Users\n    Group Name:     Users\n    Group Domain:   Builtin\n```\n\n---\n\n### 3. Group: **Administrators** (Local Group)\n| Field | Value |\n|---|---|\n| **Timestamp** | 2018-08-20T18:08:35.000+08:00 |\n| **EventCode** | 4732 — \"A member was added to a security-enabled **local** group\" |\n| **Group Name** | `Administrators` |\n| **Group Domain** | `Builtin` |\n| **Group SID** | `BUILTIN\\Administrators` |\n| **RecordNumber** | 277584 |\n| **Member SID** | `FYODOR-L\\svcvnc` |\n| **Performed by** | `AzureAD\\FyodorMalteskesko` (Logon ID: 0x1091C98) |\n\n**Raw evidence:**\n```\nEventCode=4732\nMessage=A member was added to a security-enabled local group.\nSubject:\n    Security ID:    AzureAD\\FyodorMalteskesko\n    Account Name:   FyodorMalteskesko\n    Account Domain: AzureAD\n    Logon ID:       0x1091C98\nMember:\n    Security ID:    FYODOR-L\\svcvnc\n    Account Name:   -\nGroup:\n    Security ID:    BUILTIN\\Administrators\n    Group Name:     Administrators\n    Group Domain:   Builtin\n```\n\n---\n\n### Summary of all groups `svcvnc` was added to:\n\n| # | Timestamp | EventCode | Group Name | Group Type | RecordNumber |\n|---|---|---|---|---|---|\n| 1 | 2018-08-20T18:08:17 | 4728 | **None** | Global group | 277560 |\n| 2 | 2018-08-20T18:08:17 | 4732 | **Users** | Local group | 277565 |\n| 3 | 2018-08-20T18:08:35 | 4732 | **Administrators** | Local group | 277584 |\n\n### Key observations:\n- All three group additions were performed by **AzureAD\\FyodorMalteskesko** (the legitimate user of FYODOR-L), using the same Logon ID `0x1091C98`.\n- The attacker first added `svcvnc` to a global group named \"None\" and the built-in \"Users\" local group at 18:08:17 (same timestamp as the password reset event), then elevated the account to the **Administrators** local group 18 seconds later at 18:08:35.\n- The process creation events (EventCode 4688) confirm the commands used: `net.exe localgroup administrators svcvnc /add` (spawned from PowerShell), which resulted in the EventCode 4732 Administrator group addition.\n- No EventCode 4735, 4737, 4747, 4751, or 4756 events involving `svcvnc` were found on this host.\n\n**SPL used:**\n```spl\nindex=botsv3 sourcetype=wineventlog host=FYODOR-L \"svcvnc\" EventCode IN (4732,4728,4756,4735,4737,4747,4751) | stats count by _time, EventCode, Group_Name, RecordNumber | sort _time\n```",
      "spl_used": [
        "index=botsv3 sourcetype=wineventlog host=FYODOR-L EventCode IN (4732,4728,4756,4735,4737,4747,4751) \"svcvnc\" | stats count by _time, EventCode, Group_Name, RecordNumber | sort _time",
        "index=botsv3 sourcetype=wineventlog host=FYODOR-L \"svcvnc\" EventCode IN (4732,4728,4756,4735,4737,4747,4751) | stats values(_time) as timestamp, values(EventCode) as event_code, values(Group_Name) as group_name, values(RecordNumber) as record_number by EventCode, Group_Name | sort timestamp",
        "index=botsv3 sourcetype=wineventlog host=FYODOR-L \"svcvnc\" | stats count by _time, EventCode, Group_Name, RecordNumber | sort _time"
      ],
      "sourcetypes": [
        "wineventlog"
      ],
      "full_state": [
        {
          "type": "HumanMessage",
          "content": "In Splunk `index=botsv3` for August 20, 2018 on host `FYODOR-L.froth.ly` / `FYODOR-L`, search Windows Security logs (`wineventlog`) for local or global group membership events involving user `svcvnc` after the account creation event at `2018-08-20 18:08:17`, especially EventCode `4732`, `4728`, `4756`, `4735`, `4737`, `4747`, and `4751`. Return every group name `svcvnc` was added to, with timestamps and raw evidence."
        },
        {
          "type": "AIMessage",
          "content": "Intention: First, I need to confirm the available sourcetypes to verify that wineventlog data exists in BOTSv3, and also search for relevant field names related to group membership events.",
          "tool_calls": [
            {
              "name": "get_source_types",
              "args": {}
            }
          ]
        },
        {
          "type": "ToolMessage",
          "content": "{\"source_types\": [\"access_combined\", \"alternatives\", \"amazon-ssm-agent\", \"amazon-ssm-agent-too_small\", \"apache_error\", \"aws:cloudtrail\", \"aws:cloudwatch\", \"aws:cloudwatch:guardduty\", \"aws:cloudwatchlogs\", \"aws:cloudwatchlogs:vpcflow\", \"aws:config:rule\", \"aws:description\", \"aws:elb:accesslogs\", \"aws:rds:audit\", \"aws:rds:error\", \"aws:s3:accesslogs\", \"bandwidth\", \"bash_history\", \"bootstrap\", \"cisco:asa\", \"cloud-init\", \"cloud-init-output\", \"code42:api\", \"code42:computer\", \"code42:org\", \"code42:security\", \"code42:user\", \"config_file\", \"cpu\", \"cron-too_small\", \"df\", \"dmesg\", \"dpkg\", \"error-too_small\", \"errors\", \"errors-too_small\", \"ess_content_importer\", \"hardware\", \"history-2\", \"interfaces\", \"iostat\", \"lastlog\", \"linux_audit\", \"linux_secure\", \"localhost-5\", \"lsof\", \"maillog-too_small\", \"ms:aad:audit\", \"ms:aad:signin\", \"ms:o365:management\", \"ms:o365:reporting:messagetrace\", \"netstat\", \"o365:management:activity\", \"openports\", \"osquery:info\", \"osquery:results\", \"osquery:warning\", \"out-3\", \"package\", \"perfmonmk:process\", \"protocol\", \"ps\", \"script:getendpointinfo\", \"script:installedapps\", \"script:listeningports\", \"stream:arp\", \"stream:dhcp\", \"stream:dns\", \"stream:http\", \"stream:icmp\", \"stream:igmp\", \"stream:ip\", \"stream:mysql\", \"stream:smb\", \"stream:smtp\", \"stream:tcp\", \"stream:udp\", \"symantec:ep:agent:file\", \"symantec:ep:agt_system:file\", \"symantec:ep:behavior:file\", \"symantec:ep:packet:file\", \"symantec:ep:risk:file\", \"symantec:ep:scm_system:file\", \"symantec:ep:security:file\", \"symantec:ep:traffic:file\", \"syslog\", \"time\", \"top\", \"unix:listeningports\", \"unix:service\", \"unix:sshdconfig\", \"unix:update\", \"unix:uptime\", \"unix:useraccounts\", \"unix:version\", \"userswithloginprivs\", \"vmstat\", \"who\", \"wineventlog\", \"winhostmon\", \"xmlwineventlog:microsoft-windows-sysmon/operational\", \"yum-too_small\", \"WinEventLog\"], \"count\": 103}",
          "name": "get_source_types"
        },
        {
          "type": "AIMessage",
          "content": "Intention: I confirmed `wineventlog` and `WinEventLog` sourcetypes exist. Now I need to understand the field structure of these sourcetypes, particularly fields related to group membership events (EventCode, user, group name, etc.). Let me search for relevant keywords and sample events simultaneously.",
          "tool_calls": [
            {
              "name": "search_keyword",
              "args": {
                "keyword": "group"
              }
            }
          ]
        },
        {
          "type": "ToolMessage",
          "content": "{\"matches\": [{\"sourcetype\": \"aws:cloudtrail\", \"field\": \"user_group_id\"}, {\"sourcetype\": \"aws:cloudwatch:guardduty\", \"field\": \"detail.resource.instanceDetails.networkInterfaces{}.securityGroups{}.groupId\"}, {\"sourcetype\": \"aws:cloudwatch:guardduty\", \"field\": \"detail.resource.instanceDetails.networkInterfaces{}.securityGroups{}.groupName\"}, {\"sourcetype\": \"aws:description\", \"field\": \"rules_egress{}.grants{}.group_id\"}, {\"sourcetype\": \"aws:description\", \"field\": \"rules_egress{}.groups\"}, {\"sourcetype\": \"aws:description\", \"field\": \"rules{}.grants{}.group_id\"}, {\"sourcetype\": \"aws:description\", \"field\": \"rules{}.groups\"}, {\"sourcetype\": \"aws:description\", \"field\": \"group_name\"}, {\"sourcetype\": \"aws:description\", \"field\": \"placement_group\"}, {\"sourcetype\": \"aws:description\", \"field\": \"tags.aws:autoscaling:groupName\"}, {\"sourcetype\": \"aws:description\", \"field\": \"Listeners{}.DefaultActions{}.TargetGroupArn\"}, {\"sourcetype\": \"aws:description\", \"field\": \"OptionGroupName\"}, {\"sourcetype\": \"aws:rds:audit\", \"field\": \"m_isgroup\"}, {\"sourcetype\": \"aws:rds:audit\", \"field\": \"isgroup\"}, {\"sourcetype\": \"cisco:asa\", \"field\": \"tunnel_group\"}, {\"sourcetype\": \"o365:management:activity\", \"field\": \"TargetUserOrGroupName\"}, {\"sourcetype\": \"o365:management:activity\", \"field\": \"TargetUserOrGroupType\"}, {\"sourcetype\": \"package\", \"field\": \"GROUP\"}, {\"sourcetype\": \"stream:igmp\", \"field\": \"group_record_aux_data_len{}\"}, {\"sourcetype\": \"stream:igmp\", \"field\": \"group_record_multicast_address{}\"}, {\"sourcetype\": \"stream:igmp\", \"field\": \"group_record_num_sources{}\"}, {\"sourcetype\": \"stream:igmp\", \"field\": \"group_record_type_string{}\"}, {\"sourcetype\": \"stream:igmp\", \"field\": \"group_record_type{}\"}, {\"sourcetype\": \"stream:igmp\", \"field\": \"num_groups\"}, {\"sourcetype\": \"unix:useraccounts\", \"field\": \"user_group_id\"}, {\"sourcetype\": \"wineventlog\", \"field\": \"Group_Name\"}, {\"sourcetype\": \"WinEventLog\", \"field\": \"user_group\"}, {\"sourcetype\": \"WinEventLog\", \"field\": \"user_group_id\"}], \"count\": 28, \"source\": \"manifest\"}",
          "name": "search_keyword"
        },
        {
          "type": "AIMessage",
          "content": "Intention: I found `Group_Name` in `wineventlog` and `user_group`/`user_group_id` in `WinEventLog`. Now I need to sample events from both sourcetypes to understand the raw structure, and also search for fields related to EventCode and user names.",
          "tool_calls": [
            {
              "name": "search_keyword",
              "args": {
                "keyword": "EventCode"
              }
            }
          ]
        },
        {
          "type": "ToolMessage",
          "content": "{\"matches\": [{\"sourcetype\": \"wineventlog\", \"field\": \"EventCode\"}, {\"sourcetype\": \"xmlwineventlog:microsoft-windows-sysmon/operational\", \"field\": \"EventCode\"}], \"count\": 2, \"source\": \"manifest\"}",
          "name": "search_keyword"
        },
        {
          "type": "AIMessage",
          "content": "Intention: `EventCode` is in `wineventlog`. Let me now sample raw events from `wineventlog` to understand the structure, and also get the fields available in that sourcetype.",
          "tool_calls": [
            {
              "name": "sample_events",
              "args": {
                "sourcetype": "wineventlog",
                "keyword": "svcvnc",
                "count": 5
              }
            }
          ]
        },
        {
          "type": "ToolMessage",
          "content": "{\"results\": [{\"_time\": \"2018-08-20T18:08:35.000+08:00\", \"_raw\": \"08/19/2018 22:08:35 PM\\nLogName=Security\\nSourceName=Microsoft Windows security auditing.\\nEventCode=4732\\nEventType=0\\nType=Information\\nComputerName=FYODOR-L.froth.ly\\nTaskCategory=Security Group Management\\nOpCode=Info\\nRecordNumber=277584\\nKeywords=Audit Success\\nMessage=A member was added to a security-enabled local group.\\n\\nSubject:\\n\\tSecurity ID:\\t\\tAzureAD\\\\FyodorMalteskesko\\n\\tAccount Name:\\t\\tFyodorMalteskesko\\n\\tAccount Domain:\\t\\tAzureAD\\n\\tLogon ID:\\t\\t0x1091C98\\n\\nMember:\\n\\tSecurity ID:\\t\\tFYODOR-L\\\\svcvnc\\n\\tAccount Name:\\t\\t-\\n\\nGroup:\\n\\tSecurity ID:\\t\\tBUILTIN\\\\Administrators\\n\\tGroup Name:\\t\\tAdministrators\\n\\tGroup Domain:\\t\\tBuiltin\\n\\nAdditional Information:\\n\\tPrivileges:\\t\\t-\"}, {\"_time\": \"2018-08-20T18:08:35.000+08:00\", \"_raw\": \"08/19/2018 22:08:35 PM\\nLogName=Security\\nSourceName=Microsoft Windows security auditing.\\nEventCode=4688\\nEventType=0\\nType=Information\\nComputerName=FYODOR-L.froth.ly\\nTaskCategory=Process Creation\\nOpCode=Info\\nRecordNumber=277583\\nKeywords=Audit Success\\nMessage=A new process has been created.\\n\\nCreator Subject:\\n\\tSecurity ID:\\t\\tAzureAD\\\\FyodorMalteskesko\\n\\tAccount Name:\\t\\tFyodorMalteskesko\\n\\tAccount Domain:\\t\\tAzureAD\\n\\tLogon ID:\\t\\t0x1091C98\\n\\nTarget Subject:\\n\\tSecurity ID:\\t\\tNULL SID\\n\\tAccount Name:\\t\\t-\\n\\tAccount Domain:\\t\\t-\\n\\tLogon ID:\\t\\t0x0\\n\\nProcess Information:\\n\\tNew Process ID:\\t\\t0x1664\\n\\tNew Process Name:\\tC:\\\\Windows\\\\System32\\\\net1.exe\\n\\tToken Elevation Type:\\t%%1937\\n\\tMandatory Label:\\t\\tMandatory Label\\\\High Mandatory Level\\n\\tCreator Process ID:\\t0x1d6c\\n\\tCreator Process Name:\\tC:\\\\Windows\\\\System32\\\\net.exe\\n\\tProcess Command Line:\\tC:\\\\Windows\\\\system32\\\\net1 localgroup administrators svcvnc /add\\n\\nToken Elevation Type indicates the type of token that was assigned to the new process in accordance with User Account Control policy.\\n\\nType 1 is a full token with no privileges removed or groups disabled.  A full token is only used if User Account Control is disabled or if the user is the built-in Administrator account or a service account.\\n\\nType 2 is an elevated token with no privileges removed or groups disabled.  An elevated token is used when User Account Control is enabled and the user chooses to start the program using Run as administrator.  An elevated token is also used when an application is configured to always require administrative privilege or to always require maximum privilege, and the user is a member of the Administrators group.\\n\\nType 3 is a limited token with administrative privileges removed and administrative groups disabled.  The limited token is used when User Account Control is enabled, the application does not require administrative privilege, and the user does not choose to start the program using Run as administrator.\"}, {\"_time\": \"2018-08-20T18:08:35.000+08:00\", \"_raw\": \"08/19/2018 22:08:35 PM\\nLogName=Security\\nSourceName=Microsoft Windows security auditing.\\nEventCode=4688\\nEventType=0\\nType=Information\\nComputerName=FYODOR-L.froth.ly\\nTaskCategory=Process Creation\\nOpCode=Info\\nRecordNumber=277582\\nKeywords=Audit Success\\nMessage=A new process has been created.\\n\\nCreator Subject:\\n\\tSecurity ID:\\t\\tAzureAD\\\\FyodorMalteskesko\\n\\tAccount Name:\\t\\tFyodorMalteskesko\\n\\tAccount Domain:\\t\\tAzureAD\\n\\tLogon ID:\\t\\t0x1091C98\\n\\nTarget Subject:\\n\\tSecurity ID:\\t\\tNULL SID\\n\\tAccount Name:\\t\\t-\\n\\tAccount Domain:\\t\\t-\\n\\tLogon ID:\\t\\t0x0\\n\\nProcess Information:\\n\\tNew Process ID:\\t\\t0x1d6c\\n\\tNew Process Name:\\tC:\\\\Windows\\\\System32\\\\net.exe\\n\\tToken Elevation Type:\\t%%1937\\n\\tMandatory Label:\\t\\tMandatory Label\\\\High Mandatory Level\\n\\tCreator Process ID:\\t0x18d8\\n\\tCreator Process Name:\\tC:\\\\Windows\\\\System32\\\\WindowsPowerShell\\\\v1.0\\\\powershell.exe\\n\\tProcess Command Line:\\t\\\"C:\\\\Windows\\\\system32\\\\net.exe\\\" localgroup administrators svcvnc /add\\n\\nToken Elevation Type indicates the type of token that was assigned to the new process in accordance with User Account Control policy.\\n\\nType 1 is a full token with no privileges removed or groups disabled.  A full token is only used if User Account Control is disabled or if the user is the built-in Administrator account or a service account.\\n\\nType 2 is an elevated token with no privileges removed or groups disabled.  An elevated token is used when User Account Control is enabled and the user chooses to start the program using Run as administrator.  An elevated token is also used when an application is configured to always require administrative privilege or to always require maximum privilege, and the user is a member of the Administrators group.\\n\\nType 3 is a limited token with administrative privileges removed and administrative groups disabled.  The limited token is used when User Account Control is enabled, the application does not require administrative privilege, and the user does not choose to start the program using Run as administrator.\"}, {\"_time\": \"2018-08-20T18:08:17.000+08:00\", \"_raw\": \"08/19/2018 22:08:17 PM\\nLogName=Security\\nSourceName=Microsoft Windows security auditing.\\nEventCode=4732\\nEventType=0\\nType=Information\\nComputerName=FYODOR-L.froth.ly\\nTaskCategory=Security Group Management\\nOpCode=Info\\nRecordNumber=277565\\nKeywords=Audit Success\\nMessage=A member was added to a security-enabled local group.\\n\\nSubject:\\n\\tSecurity ID:\\t\\tAzureAD\\\\FyodorMalteskesko\\n\\tAccount Name:\\t\\tFyodorMalteskesko\\n\\tAccount Domain:\\t\\tAzureAD\\n\\tLogon ID:\\t\\t0x1091C98\\n\\nMember:\\n\\tSecurity ID:\\t\\tFYODOR-L\\\\svcvnc\\n\\tAccount Name:\\t\\t-\\n\\nGroup:\\n\\tSecurity ID:\\t\\tBUILTIN\\\\Users\\n\\tGroup Name:\\t\\tUsers\\n\\tGroup Domain:\\t\\tBuiltin\\n\\nAdditional Information:\\n\\tPrivileges:\\t\\t-\"}, {\"_time\": \"2018-08-20T18:08:17.000+08:00\", \"_raw\": \"08/19/2018 22:08:17 PM\\nLogName=Security\\nSourceName=Microsoft Windows security auditing.\\nEventCode=4724\\nEventType=0\\nType=Information\\nComputerName=FYODOR-L.froth.ly\\nTaskCategory=User Account Management\\nOpCode=Info\\nRecordNumber=277564\\nKeywords=Audit Success\\nMessage=An attempt was made to reset an account's password.\\n\\nSubject:\\n\\tSecurity ID:\\t\\tAzureAD\\\\FyodorMalteskesko\\n\\tAccount Name:\\t\\tFyodorMalteskesko\\n\\tAccount Domain:\\t\\tAzureAD\\n\\tLogon ID:\\t\\t0x1091C98\\n\\nTarget Account:\\n\\tSecurity ID:\\t\\tFYODOR-L\\\\svcvnc\\n\\tAccount Name:\\t\\tsvcvnc\\n\\tAccount Domain:\\t\\tFYODOR-L\"}], \"meta\": {\"total_event_count\": 5, \"returned\": 5, \"sid\": \"1783490257.1992\"}}",
          "name": "sample_events"
        },
        {
          "type": "AIMessage",
          "content": "Intention: I can see raw events showing `svcvnc` being added to groups. I found EventCode 4732 events adding `svcvnc` to \"Users\" and \"Administrators\" groups. Now I need to run a comprehensive SPL search to find ALL group membership events involving `svcvnc` with the specified EventCodes, to ensure I capture every group addition.",
          "tool_calls": [
            {
              "name": "run_splunk_search",
              "args": {
                "query": "index=botsv3 sourcetype=wineventlog host=FYODOR-L EventCode IN (4732,4728,4756,4735,4737,4747,4751) \"svcvnc\" | stats count by _time, EventCode, Group_Name, RecordNumber | sort _time",
                "max_results": 50
              }
            }
          ]
        },
        {
          "type": "ToolMessage",
          "content": "{\"results\": [{\"_time\": \"2018-08-20T18:08:17.000+08:00\", \"EventCode\": \"4728\", \"Group_Name\": \"None\", \"RecordNumber\": \"277560\", \"count\": \"1\"}, {\"_time\": \"2018-08-20T18:08:17.000+08:00\", \"EventCode\": \"4732\", \"Group_Name\": \"Users\", \"RecordNumber\": \"277565\", \"count\": \"1\"}, {\"_time\": \"2018-08-20T18:08:35.000+08:00\", \"EventCode\": \"4732\", \"Group_Name\": \"Administrators\", \"RecordNumber\": \"277584\", \"count\": \"1\"}], \"meta\": {\"total_event_count\": 3, \"returned\": 3, \"sid\": \"1783490266.1993\"}}",
          "name": "run_splunk_search"
        },
        {
          "type": "AIMessage",
          "content": "Intention: I found 3 events. The EventCode 4728 event has `Group_Name` as \"None\" — I need to get the raw event for that one to see the actual group name. Let me also check if there are more events I might be missing by broadening the search slightly.",
          "tool_calls": [
            {
              "name": "get_raw_events",
              "args": {
                "sourcetype": "wineventlog",
                "keyword": "svcvnc 4728",
                "limit": 5
              }
            }
          ]
        },
        {
          "type": "ToolMessage",
          "content": "{\"results\": [], \"meta\": {\"total_event_count\": 0, \"returned\": 0, \"sid\": \"1783490271.1994\"}}",
          "name": "get_raw_events"
        },
        {
          "type": "AIMessage",
          "content": "Intention: The raw event search for \"svcvnc 4728\" returned nothing — the keyword search may not match both terms together. Let me try searching for the RecordNumber 277560 to get the raw event.",
          "tool_calls": [
            {
              "name": "get_raw_events",
              "args": {
                "keyword": "277560",
                "limit": 5,
                "sourcetype": "wineventlog"
              }
            }
          ]
        },
        {
          "type": "ToolMessage",
          "content": "{\"results\": [{\"_time\": \"2018-08-20T18:08:17.000+08:00\", \"_raw\": \"08/19/2018 22:08:17 PM\\nLogName=Security\\nSourceName=Microsoft Windows security auditing.\\nEventCode=4728\\nEventType=0\\nType=Information\\nComputerName=FYODOR-L.froth.ly\\nTaskCategory=Security Group Management\\nOpCode=Info\\nRecordNumber=277560\\nKeywords=Audit Success\\nMessage=A member was added to a security-enabled global group.\\n\\nSubject:\\n\\tSecurity ID:\\t\\tAzureAD\\\\FyodorMalteskesko\\n\\tAccount Name:\\t\\tFyodorMalteskesko\\n\\tAccount Domain:\\t\\tAzureAD\\n\\tLogon ID:\\t\\t0x1091C98\\n\\nMember:\\n\\tSecurity ID:\\t\\tFYODOR-L\\\\svcvnc\\n\\tAccount Name:\\t\\t-\\n\\nGroup:\\n\\tSecurity ID:\\t\\tFYODOR-L\\\\None\\n\\tGroup Name:\\t\\tNone\\n\\tGroup Domain:\\t\\tFYODOR-L\\n\\nAdditional Information:\\n\\tPrivileges:\\t\\t-\"}], \"meta\": {\"total_event_count\": 1, \"returned\": 1, \"sid\": \"1783490276.1995\"}}",
          "name": "get_raw_events"
        },
        {
          "type": "AIMessage",
          "content": "Intention: I now have the raw event for EventCode 4728 — the group name is literally \"None\" with Group Domain \"FYODOR-L\". Let me now do a broader search to make sure I haven't missed any other group membership events involving `svcvnc` on this host, including any that might not have the Group_Name field populated.",
          "tool_calls": [
            {
              "name": "run_splunk_search",
              "args": {
                "max_results": 50,
                "query": "index=botsv3 sourcetype=wineventlog host=FYODOR-L \"svcvnc\" EventCode IN (4732,4728,4756,4735,4737,4747,4751) | stats values(_time) as timestamp, values(EventCode) as event_code, values(Group_Name) as group_name, values(RecordNumber) as record_number by EventCode, Group_Name | sort timestamp"
              }
            }
          ]
        },
        {
          "type": "ToolMessage",
          "content": "{\"results\": [{\"EventCode\": \"4728\", \"Group_Name\": \"None\", \"timestamp\": \"1534759697\", \"event_code\": \"4728\", \"group_name\": \"None\", \"record_number\": \"277560\"}, {\"EventCode\": \"4732\", \"Group_Name\": \"Users\", \"timestamp\": \"1534759697\", \"event_code\": \"4732\", \"group_name\": \"Users\", \"record_number\": \"277565\"}, {\"EventCode\": \"4732\", \"Group_Name\": \"Administrators\", \"timestamp\": \"1534759715\", \"event_code\": \"4732\", \"group_name\": \"Administrators\", \"record_number\": \"277584\"}], \"meta\": {\"total_event_count\": 3, \"returned\": 3, \"sid\": \"1783490283.1996\"}}",
          "name": "run_splunk_search"
        },
        {
          "type": "AIMessage",
          "content": "Intention: I have confirmed all 3 group membership events. Let me also verify there are no additional events by doing one more search without the EventCode filter to see if there are any other group-related events involving `svcvnc` that I might have missed.",
          "tool_calls": [
            {
              "name": "run_splunk_search",
              "args": {
                "max_results": 50,
                "query": "index=botsv3 sourcetype=wineventlog host=FYODOR-L \"svcvnc\" | stats count by _time, EventCode, Group_Name, RecordNumber | sort _time"
              }
            }
          ]
        },
        {
          "type": "ToolMessage",
          "content": "{\"results\": [{\"_time\": \"2018-08-20T18:08:17.000+08:00\", \"EventCode\": \"4728\", \"Group_Name\": \"None\", \"RecordNumber\": \"277560\", \"count\": \"1\"}, {\"_time\": \"2018-08-20T18:08:17.000+08:00\", \"EventCode\": \"4732\", \"Group_Name\": \"Users\", \"RecordNumber\": \"277565\", \"count\": \"1\"}, 