{\"_time\": \"2018-08-20T18:43:45.000+08:00\", \"_raw\": \"<Event xmlns='http://schemas.microsoft.com/win/2004/08/events/event'><System><Provider Name='Microsoft-Windows-Sysmon' Guid='{5770385F-C22A-43E0-BF4C-06F5698FFBD9}'/><EventID>3</EventID><Version>5</Version><Level>4</Level><Task>3</Task><Opcode>0</Opcode><Keywords>0x8000000000000000</Keywords><TimeCreated SystemTime='2018-08-20T10:43:45.533526800Z'/><EventRecordID>33326</EventRecordID><Correlation/><Execution ProcessID='10440' ThreadID='8796'/><Channel>Microsoft-Windows-Sysmon/Operational</Channel><Computer>FYODOR-L.froth.ly</Computer><Security UserID='S-1-5-18'/></System><EventData><Data Name='UtcTime'>2018-08-19 13:52:40.959</Data><Data Name='ProcessGuid'>{EBF7A186-CCB6-5B58-0000-00109D240102}</Data><Data Name='ProcessId'>10260</Data><Data Name='Image'>C:\\\\Windows\\\\Temp\\\\hdoor.exe</Data><Data Name='User'>AzureAD\\\\FyodorMalteskesko</Data><Data Name='Protocol'>tcp</Data><Data Name='Initiated'>true</Data><Data Name='SourceIsIpv6'>false</Data><Data Name='SourceIp'>192.168.8.103</Data><Data Name='SourceHostname'>FYODOR-L.froth.ly</Data><Data Name='SourcePort'>63172</Data><Data Name='SourcePortName'></Data><Data Name='DestinationIsIpv6'>false</Data><Data Name='DestinationIp'>192.168.9.31</Data><Data Name='DestinationHostname'>sepm</Data><Data Name='DestinationPort'>139</Data><Data Name='DestinationPortName'>netbios-ssn</Data></EventData></Event>\"}, {\"_time\": \"2018-08-20T18:43:45.000+08:00\", \"_raw\": \"<Event xmlns='http://schemas.microsoft.com/win/2004/08/events/event'><System><Provider Name='Microsoft-Windows-Sysmon' Guid='{5770385F-C22A-43E0-BF4C-06F5698FFBD9}'/><EventID>3</EventID><Version>5</Version><Level>4</Level><Task>3</Task><Opcode>0</Opcode><Keywords>0x8000000000000000</Keywords><TimeCreated SystemTime='2018-08-20T10:43:45.533499400Z'/><EventRecordID>33325</EventRecordID><Correlation/><Execution ProcessID='10440' ThreadID='8796'/><Channel>Microsoft-Windows-Sysmon/Operational</Channel><Computer>FYODOR-L.froth.ly</Computer><Security UserID='S-1-5-18'/></System><EventData><Data Name='UtcTime'>2018-08-19 13:52:40.959</Data><Data Name='ProcessGuid'>{EBF7A186-CCB6-5B58-0000-00109D240102}</Data><Data Name='ProcessId'>10260</Data><Data Name='Image'>C:\\\\Windows\\\\Temp\\\\hdoor.exe</Data><Data Name='User'>AzureAD\\\\FyodorMalteskesko</Data><Data Name='Protocol'>tcp</Data><Data Name='Initiated'>true</Data><Data Name='SourceIsIpv6'>false</Data><Data Name='SourceIp'>192.168.8.103</Data><Data Name='SourceHostname'>FYODOR-L.froth.ly</Data><Data Name='SourcePort'>63171</Data><Data Name='SourcePortName'></Data><Data Name='DestinationIsIpv6'>false</Data><Data Name='DestinationIp'>192.168.9.31</Data><Data Name='DestinationHostname'>sepm</Data><Data Name='DestinationPort'>135</Data><Data Name='DestinationPortName'>epmap</Data></EventData></Event>\"}, {\"_time\": \"2018-08-20T18:43:45.000+08:00\", \"_raw\": \"<Event xmlns='http://schemas.microsoft.com/win/2004/08/events/event'><System><Provider Name='Microsoft-Windows-Sysmon' Guid='{5770385F-C22A-43E0-BF4C-06F5698FFBD9}'/><EventID>3</EventID><Version>5</Version><Level>4</Level><Task>3</Task><Opcode>0</Opcode><Keywords>0x8000000000000000</Keywords><TimeCreated SystemTime='2018-08-20T10:43:45.273704000Z'/><EventRecordID>33324</EventRecordID><Correlation/><Execution ProcessID='10440' ThreadID='8796'/><Channel>Microsoft-Windows-Sysmon/Operational</Channel><Computer>FYODOR-L.froth.ly</Computer><Security UserID='S-1-5-18'/></System><EventData><Data Name='UtcTime'>2018-08-19 13:52:40.517</Data><Data Name='ProcessGuid'>{EBF7A186-CCB6-5B58-0000-00109D240102}</Data><Data Name='ProcessId'>10260</Data><Data Name='Image'>C:\\\\Windows\\\\Temp\\\\hdoor.exe</Data><Data Name='User'>AzureAD\\\\FyodorMalteskesko</Data><Data Name='Protocol'>tcp</Data><Data Name='Initiated'>true</Data><Data Name='SourceIsIpv6'>false</Data><Data Name='SourceIp'>192.168.8.103</Data><Data Name='SourceHostname'>FYODOR-L.froth.ly</Data><Data Name='SourcePort'>63157</Data><Data Name='SourcePortName'></Data><Data Name='DestinationIsIpv6'>false</Data><Data Name='DestinationIp'>192.168.9.30</Data><Data Name='DestinationHostname'></Data><Data Name='DestinationPort'>8080</Data><Data Name='DestinationPortName'></Data></EventData></Event>\"}, {\"_time\": \"2018-08-20T18:43:45.000+08:00\", \"_raw\": \"<Event xmlns='http://schemas.microsoft.com/win/2004/08/events/event'><System><Provider Name='Microsoft-Windows-Sysmon' Guid='{5770385F-C22A-43E0-BF4C-06F5698FFBD9}'/><EventID>3</EventID><Version>5</Version><Level>4</Level><Task>3</Task><Opcode>0</Opcode><Keywords>0x8000000000000000</Keywords><TimeCreated SystemTime='2018-08-20T10:43:45.014870200Z'/><EventRecordID>33323</EventRecordID><Correlation/><Execution ProcessID='10440' ThreadID='8796'/><Channel>Microsoft-Windows-Sysmon/Operational</Channel><Computer>FYODOR-L.froth.ly</Computer><Security UserID='S-1-5-18'/></System><EventData><Data Name='UtcTime'>2018-08-19 13:52:40.359</Data><Data... [truncated — use a more specific query]\"}",
          "name": "get_raw_events"
        },
        {
          "type": "AIMessage",
          "content": "Based on my investigation, I have found comprehensive evidence linking the downloaded `logos.png` to the local `hdoor.exe` file:\n\n1. **HTTP Download (stream:http)**: A GET request to `45.77.53.176:3333` at URI `/images/logos.png` downloaded ~5,542,140 bytes (~5.5MB) — suspiciously large for a PNG logo.\n\n2. **winhostmon Process event**: `hdoor.exe` was found running from `C:\\windows\\temp\\hdoor.exe` on FYODOR-L.\n\n3. **Sysmon EventID 3 (Network Connection)**: Multiple network connections initiated by `C:\\Windows\\Temp\\hdoor.exe` (ProcessId 10260, User: AzureAD\\FyodorMalteskesko) from FYODOR-L.froth.ly (192.168.8.103) to multiple internal hosts on ports 21, 22, 80, 135, 139, 443, 445, 8080 — classic port scanning/backdoor behavior.\n\nThe downloaded `logos.png` (~5.5MB) was saved as `hdoor.exe` in `C:\\Windows\\Temp\\` on FYODOR-L, which then initiated network connections to multiple internal hosts — confirming it contains attack tools (backdoor/port scanner).\n\nFINAL ANSWER: hdoor.exe\nSPL: index=botsv3 sourcetype=winhostmon host=FYODOR-L \"hdoor\" | stats count by process, Path, CommandLine"
        }
      ],
      "iterations": 22,
      "cap_hit": false
    }
  ]
}