{\"_time\": \"2018-08-20T18:43:45.000+08:00\", \"_raw\": \"<Event xmlns='http://schemas.microsoft.com/win/2004/08/events/event'><System><Provider Name='Microsoft-Windows-Sysmon' Guid='{5770385F-C22A-43E0-BF4C-06F5698FFBD9}'/><EventID>3</EventID><Version>5</Version><Level>4</Level><Task>3</Task><Opcode>0</Opcode><Keywords>0x8000000000000000</Keywords><TimeCreated SystemTime='2018-08-20T10:43:45.788554400Z'/><EventRecordID>33328</EventRecordID><Correlation/><Execution ProcessID='10440' ThreadID='8796'/><Channel>Microsoft-Windows-Sysmon/Operational</Channel><Computer>FYODOR-L.froth.ly</Computer><Security UserID='S-1-5-18'/></System><EventData><Data Name='UtcTime'>2018-08-19 13:52:41.062</Data><Data Name='ProcessGuid'>{EBF7A186-CCB6-5B58-0000-00109D240102}</Data><Data Name='ProcessId'>10260</Data><Data Name='Image'>C:\\\\Windows\\\\Temp\\\\hdoor.exe</Data><Data Name='User'>AzureAD\\\\FyodorMalteskesko</Data><Data Name='Protocol'>tcp</Data><Data Name='Initiated'>true</Data><Data Name='SourceIsIpv6'>false</Data><Data Name='SourceIp'>192.168.8.103</Data><Data Name='SourceHostname'>FYODOR-L.froth.ly</Data><Data Name='SourcePort'>63175</Data><Data Name='SourcePortName'></Data><Data Name='DestinationIsIpv6'>false</Data><Data Name='DestinationIp'>192.168.9.31</Data><Data Name='DestinationHostname'>sepm</Data><Data Name='DestinationPort'>443</Data><Data Name='DestinationPortName'>https</Data></EventData></Event>\"}], \"meta\": {\"total_event_count\": 5, \"returned\": 5, \"sid\": \"1783494508.2366\"}}",
          "name": "get_raw_events"
        },
        {
          "type": "AIMessage",
          "content": "## PARTIAL ANSWER\n\nBased on Sysmon FileCreate (EventID=11) events, winhostmon process snapshots, and Sysmon network telemetry on **FYODOR-L.froth.ly**, here is the time-ordered list of malicious executables written to disk after compromise:\n\n### Time-Ordered Executable File Creation Events\n\n| # | Timestamp (+08:00) | Executable Path | Created By (Image) | User | Evidence Source |\n|---|---|---|---|---|---|\n| 1 | **2018-08-20 18:42:49** | `C:\\Windows\\Temp\\hdoor.exe` | `C:\\Windows\\System32\\WindowsPowerShell\\v1.0\\powershell.exe` | `AzureAD\\FyodorMalteskesko` | Sysmon EventID=11 (FileCreate); winhostmon process snapshot at 18:43:33 (PID 10260); Sysmon EventID=3 network events showing hdoor.exe connecting to 192.168.9.50 (ports 21/22/445) and 192.168.9.31/sepm (ports 443/445) |\n| 2 | **2018-08-20 18:47:41** | `C:\\Windows\\Temp\\unziped\\lsof-master\\iexeplorer.exe` | `C:\\Windows\\System32\\WindowsPowerShell\\v1.0\\powershell.exe` | `AzureAD\\FyodorMalteskesko` (inferred from same PowerShell session) | Sysmon EventID=11 (FileCreate); winhostmon process snapshots from 19:15:41 through 19:55:41 (PIDs 3884, 5976, 3388, 3804) showing persistent execution |\n| 3 | **2018-08-20 18:47:41** | `C:\\Windows\\Temp\\unziped\\lsof-master\\powershell.exe` | `C:\\Windows\\System32\\WindowsPowerShell\\v1.0\\powershell.exe` | `AzureAD\\FyodorMalteskesko` (inferred) | Sysmon EventID=11 (FileCreate) — a dropped/renamed PowerShell binary alongside iexeplorer.exe |\n\n### Key Findings\n\n- **hdoor.exe** — A backdoor executable created in `C:\\Windows\\Temp\\` by PowerShell. Confirmed running as PID 10260 under user `AzureAD\\FyodorMalteskesko`. Made outbound connections to 192.168.9.50 (FTP/SSH/SMB) and 192.168.9.31 (SEPM server, HTTPS/SMB), indicating lateral movement/scanning.\n\n- **iexeplorer.exe** — A second malicious executable extracted to `C:\\Windows\\Temp\\unziped\\lsof-master\\`. Persisted across multiple winhostmon snapshots (19:15–19:55) with multiple process instances, suggesting a persistent beacon/implant.\n\n- **powershell.exe** (dropped copy) — A renamed/dropped PowerShell binary in the same `lsof-master` directory, likely used for execution policy bypass or as a backup shell.\n\n- All three executables were created by `powershell.exe`, consistent with a PowerShell-delivered payload (likely via Empire framework, given the Symantec detection of `Backdoor.PsEmpire` on a related host).\n\n### UNCERTAINTY\n\n1. **User field for FileCreate events**: The Sysmon EventID=11 events did not have the User field directly extracted in my aggregation query. The user `AzureAD\\FyodorMalteskesko` was confirmed from Sysmon EventID=3 (network connection) events for hdoor.exe, and is inferred for iexeplorer.exe and the dropped powershell.exe based on the same PowerShell session context.\n\n2. **PowerShell script block logs**: I did not get to check `wineventlog` sourcetype for PowerShell script block logging (EventID 4104) which could reveal the exact download/extraction commands used to create these executables.\n\n3. **Symantec EP for FYODOR-L**: No Symantec Endpoint Protection events were found for FYODOR-L — all Symantec events were from the SEPM server host and pertained to other endpoints (e.g., BGIST-L detected `Backdoor.PsEmpire`).\n\n### SPL Queries Used\n\n**Sysmon FileCreate events (EventID=11) on FYODOR-L:**\n```spl\nindex=botsv3 sourcetype=\"xmlwineventlog:microsoft-windows-sysmon/operational\" host=\"FYODOR-L\"\n| rex field=_raw \"EventID>(?<event_id>\\d+)<\"\n| search event_id=11\n| rex field=_raw \"Name='TargetFilename'>(?<target_filename>[^<]+)\"\n| rex field=_raw \"Name='Image'>(?<image_path>[^<]+)\"\n| rex field=_raw \"Name='User'>(?<sysmon_user>[^<]+)\"\n| stats values(image_path) as Image, values(target_filename) as TargetFilename, values(sysmon_user) as User by _time\n| sort _time\n```\n\n**winhostmon process snapshots of malicious executables:**\n```spl\nindex=botsv3 sourcetype=winhostmon host=\"FYODOR-L\" (Name=\"hdoor.exe\" OR Name=\"iexeplorer.exe\" OR Path=\"C:\\\\Windows\\\\Temp\\\\*\")\n| stats count by _time, Name, ProcessId, Path, CommandLine\n| sort _time\n```\n\n**Sysmon network connections from hdoor.exe (confirming user):**\n```spl\nindex=botsv3 sourcetype=\"xmlwineventlog:microsoft-windows-sysmon/operational\" host=\"FYODOR-L\" \"hdoor.exe\"\n| rex field=_raw \"EventID>(?<event_id>\\d+)<\"\n| search event_id=3\n```\n\n### NEXT STEP\n\nTo fully confirm the user context for all three executables and the exact PowerShell commands used to download/extract them, search `wineventlog` for PowerShell script block logs (EventID 4104) on FYODOR-L around 18:42–18:48, and also re-run the Sysmon EventID=11 query with proper XML field extraction to get the User field for each FileCreate event."
        }
      ],
      "iterations": 26,
      "cap_hit": true
    },
    {
      "worker": "senior#63",
      "qid": "Q317",
      "subquestion": "In Splunk `index=botsv3` for August 2018, search network/web telemetry such as `stream:http`, `stream:tcp`, `suricata`, and related sources for file transfers involving `FYODOR-L.froth.ly` (`192.168.70.186`), suspicious IP `45.77.53.176`, known URI `/images/logos.png`, and any other inbound tool transfers to the domain admin endpoint. Identify the earliest executable delivered to `FYODOR-L` and return the filename with extension, transfer timestamp, source IP, URL/path, and evidence.",
      "status": "failed",
      "answer": "Intention: I can see stream:http has fields like `src_ip`, `dest_ip`, `uri_path`, `http_method`, `http_content_type`, `site`, `status`, `bytes`, etc. Let me now search for traffic involving the suspicious IP `45.77.53.176` and the FYODOR-L host IP `192.168.70.186` in stream:http.\n→ call run_splunk_search<arg_key>query</arg_key><arg_value>index=botsv3 sourcetype=stream:http (src_ip=\"45.77.53.176\" OR dest_ip=\"45.77.53.176\" OR src_ip=\"192.168.70.186\" OR dest_ip=\"192.168.70.186\") | stats count min(_time) as earliest max(_time) as latest by src_ip, dest_ip, http_method, uri_path, http_content_type, status, site, bytes</arg_value><arg_key>max_results</arg_key><arg_value>50</arg_value></tool_call>",
      "spl_used": [],
      "sourcetypes": [],
      "full_state": [
        {
          "type": "HumanMessage",
          "content": "In Splunk `index=botsv3` for August 2018, search network/web telemetry such as `stream:http`, `stream:tcp`, `suricata`, and related sources for file transfers involving `FYODOR-L.froth.ly` (`192.168.70.186`), suspicious IP `45.77.53.176`, known URI `/images/logos.png`, and any other inbound tool transfers to the domain admin endpoint. Identify the earliest executable delivered to `FYODOR-L` and return the filename with extension, transfer timestamp, source IP, URL/path, and evidence."
        },
        {
          "type": "AIMessage",
          "content": "Intention: I need to identify all available sourcetypes to know which network/web telemetry sources exist in BOTSv3 for this investigation.\n→ call get_source_types()",
          "tool_calls": [
            {
              "name": "get_source_types",
              "args": {}
            }
          ]
        },
        {
          "type": "ToolMessage",
          "content": "{\"source_types\": [\"access_combined\", \"alternatives\", \"amazon-ssm-agent\", \"amazon-ssm-agent-too_small\", \"apache_error\", \"aws:cloudtrail\", \"aws:cloudwatch\", \"aws:cloudwatch:guardduty\", \"aws:cloudwatchlogs\", \"aws:cloudwatchlogs:vpcflow\", \"aws:config:rule\", \"aws:description\", \"aws:elb:accesslogs\", \"aws:rds:audit\", \"aws:rds:error\", \"aws:s3:accesslogs\", \"bandwidth\", \"bash_history\", \"bootstrap\", \"cisco:asa\", \"cloud-init\", \"cloud-init-output\", \"code42:api\", \"code42:computer\", \"code42:org\", \"code42:security\", \"code42:user\", \"config_file\", \"cpu\", \"cron-too_small\", \"df\", \"dmesg\", \"dpkg\", \"error-too_small\", \"errors\", \"errors-too_small\", \"ess_content_importer\", \"hardware\", \"history-2\", \"interfaces\", \"iostat\", \"lastlog\", \"linux_audit\", \"linux_secure\", \"localhost-5\", \"lsof\", \"maillog-too_small\", \"ms:aad:audit\", \"ms:aad:signin\", \"ms:o365:management\", \"ms:o365:reporting:messagetrace\", \"netstat\", \"o365:management:activity\", \"openports\", \"osquery:info\", \"osquery:results\", \"osquery:warning\", \"out-3\", \"package\", \"perfmonmk:process\", \"protocol\", \"ps\", \"script:getendpointinfo\", \"script:installedapps\", \"script:listeningports\", \"stream:arp\", \"stream:dhcp\", \"stream:dns\", \"stream:http\", \"stream:icmp\", \"stream:igmp\", \"stream:ip\", \"stream:mysql\", \"stream:smb\", \"stream:smtp\", \"stream:tcp\", \"stream:udp\", \"symantec:ep:agent:file\", \"symantec:ep:agt_system:file\", \"symantec:ep:behavior:file\", \"symantec:ep:packet:file\", \"symantec:ep:risk:file\", \"symantec:ep:scm_system:file\", \"symantec:ep:security:file\", \"symantec:ep:traffic:file\", \"syslog\", \"time\", \"top\", \"unix:listeningports\", \"unix:service\", \"unix:sshdconfig\", \"unix:update\", \"unix:uptime\", \"unix:useraccounts\", \"unix:version\", \"userswithloginprivs\", \"vmstat\", \"who\", \"wineventlog\", \"winhostmon\", \"xmlwineventlog:microsoft-windows-sysmon/operational\", \"yum-too_small\", \"WinEventLog\"], \"count\": 103}",
          "name": "get_source_types"
        },
        {
          "type": "AIMessage",
          "content": "Intention: I need to search for fields related to the suspicious IP `45.77.53.176` and the URI `/images/logos.png` across the dataset. Let me also check for Suricata-related sourcetypes and search for relevant keywords.\n→ call search_keyword(keyword=\"45.77.53.176\")",
          "tool_calls": [
            {
              "name": "search_keyword",
              "args": {
                "keyword": "45.77.53.176"
              }
            }
          ]
        },
        {
          "type": "ToolMessage",
          "content": "{\"results\": [], \"meta\": {\"total_event_count\": 0, \"returned\": 0, \"sid\": \"1783494379.2343\"}}",
          "name": "search_keyword"
        },
        {
          "type": "AIMessage",
          "content": "Intention: The keyword search for the IP didn't find fields. Let me search for \"logos\" and \"suricata\" keywords, and also sample stream:http events to understand the field structure.\n→ call search_keyword(keyword=\"logos\")",
          "tool_calls": [
            {
              "name": "search_keyword",
              "args": {
                "keyword": "logos"
              }
            }
          ]
        },
        {
          "type": "ToolMessage",
          "content": "{\"results\": [], \"meta\": {\"total_event_count\": 0, \"returned\": 0, \"sid\": \"1783494385.2345\"}}",
          "name": "search_keyword"
        },
        {
          "type": "AIMessage",
          "content": "Intention: Let me sample stream:http events to understand the field structure, and also search for \"suricata\" and \"executable\" keywords.\n→ call sample_events(sourcetype=\"stream:http\", count=3)",
          "tool_calls": [
            {
              "name": "sample_events",
              "args": {
                "sourcetype": "stream:http",
                "count": 3
              }
            }
          ]
        },
        {
          "type": "ToolMessage",
          "content": "{\"results\": [{\"_time\": \"2018-08-20T23:17:39.217+08:00\", \"_raw\": \"{\\\"endtime\\\":\\\"2018-08-20T15:17:39.217823Z\\\",\\\"timestamp\\\":\\\"2018-08-20T15:17:39.165035Z\\\",\\\"bytes\\\":20247,\\\"src_mac\\\":\\\"02:4F:D7:61:53:04\\\",\\\"src_port\\\":13772,\\\"bytes_in\\\":127,\\\"dest_ip\\\":\\\"172.16.0.178\\\",\\\"dest_mac\\\":\\\"02:A0:38:1B:B3:70\\\",\\\"dest_port\\\":80,\\\"bytes_out\\\":20120,\\\"time_taken\\\":53189,\\\"transport\\\":\\\"tcp\\\",\\\"flow_id\\\":\\\"c7310b1d-332f-4361-9546-7de79663eb52\\\",\\\"src_ip\\\":\\\"172.16.0.149\\\",\\\"http_comment\\\":\\\"HTTP/1.1 200 OK\\\",\\\"http_content_type\\\":\\\"text/html; charset=UTF-8\\\",\\\"site\\\":\\\"172.16.0.178\\\",\\\"http_method\\\":\\\"GET\\\",\\\"server\\\":\\\"Apache/2.2.34 (Amazon)\\\",\\\"status\\\":200,\\\"uri_path\\\":\\\"/\\\",\\\"http_user_agent\\\":\\\"ELB-HealthChecker/2.0\\\",\\\"protocol_stack\\\":\\\"ip:tcp:http\\\"}\"}, {\"_time\": \"2018-08-20T23:17:39.162+08:00\", \"_raw\": \"{\\\"endtime\\\":\\\"2018-08-20T15:17:39.162157Z\\\",\\\"timestamp\\\":\\\"2018-08-20T15:17:39.162157Z\\\",\\\"count\\\":1,\\\"dest_ip\\\":\\\"216.239.38.21\\\",\\\"site\\\":\\\"ipinfo.io\\\",\\\"status\\\":200,\\\"uri_path\\\":\\\"/json\\\",\\\"sum(bytes_in)\\\":144,\\\"sum(bytes_out)\\\":539,\\\"sum(time_taken)\\\":150781}\"}, {\"_time\": \"2018-08-20T23:17:39.162+08:00\", \"_raw\": \"{\\\"endtime\\\":\\\"2018-08-20T15:17:39.162157Z\\\",\\\"timestamp\\\":\\\"2018-08-20T15:17:39.162157Z\\\",\\\"count\\\":1,\\\"dest_ip\\\":\\\"216.239.38.21\\\",\\\"status\\\":200}\"}], \"meta\": {\"total_event_count\": 3, \"returned\": 3, \"sid\": \"1783494421.2352\"}}",
          "name": "sample_events"
        },
        {
          "type": "AIMessage",
          "content": "Intention: I can see stream:http has fields like `src_ip`, `dest_ip`, `uri_path`, `http_method`, `http_content_type`, `site`, `status`, `bytes`, etc. Let me now search for traffic involving the suspicious IP `45.77.53.176` and the FYODOR-L host IP `192.168.70.186` in stream:http.\n→ call run_splunk_search<arg_key>query</arg_key><arg_value>index=botsv3 sourcetype=stream:http (src_ip=\"45.77.53.176\" OR dest_ip=\"45.77.53.176\" OR src_ip=\"192.168.70.186\" OR dest_ip=\"192.168.70.186\") | stats count min(_time) as earliest max(_time) as latest by src_ip, dest_ip, http_method, uri_path, http_content_type, status, site, bytes</arg_value><arg_key>max_results</arg_key><arg_value>50</arg_value></tool_call>"
        }
      ],
      "iterations": 5,
      "cap_hit": false
    },
    {
      "worker": "senior#64",
      "qid": "Q317",
      "subquestion": "Given [Task-1 (partial): ## PARTIAL ANSWER\n\nBased on Sysmon FileCreate (EventID=11) events, winhostmon process snapshots, and Sysmon network telemetry on **FYODOR-L.froth.ly**, here is the time-ordered list of malicious executables written to disk after compromise:\n\n### Time-Ordered Executable File Creation Events\n\n| # | Timestamp (+08:00) | Executable Path | Created By (Image) | User | Evidence Source |\n|---|---|---|---|] and [Task-2 (failed): Intention: I can see stream:http has fields like `src_ip`, `dest_ip`, `uri_path`, `http_method`, `http_content_type`, `site`, `status`, `bytes`, etc. Let me now search for traffic involving the suspicious IP `45.77.53.176` and the FYODOR-L host IP `192.168.70.186` in stream:http.\n→ call run_splunk_search<arg_key>query</arg_key><arg_value>index=botsv3 sourcetype=stream:http (src_ip=\"45.77.53.176\" O]: Determine the first executable uploaded to the domain admin account’s compromised endpoint system `FYODOR-L.froth.ly` in `index=botsv3` during August 2018. Return only the filename with extension.\n\nEXPECTED SHAPE: filename with extension only, no extra text",
      "status": "failed",
      "answer": "Intention: I need to see the actual raw content of these events to identify the filenames. Let me get the raw events specifically for FYODOR-L with EventID 11 and .exe, focusing on the earliest timestamps.\n→ call get_raw_events<arg_key>keyword</arg_key><arg_value>FYODOR-L EventID>11 .exe</arg_value><arg_key>limit</arg_key><arg_value>20</arg_value><arg_key>sourcetype</arg_key><arg_value>xmlwineventlog:microsoft-windows-sysmon/operational</arg_value></tool_call>",
      "spl_used": [
        "index=botsv3 sourcetype=\"xmlwineventlog:microsoft-windows-sysmon/operational\" host=FYODOR-L | stats count by EventID",
        "index=botsv3 sourcetype=\"xmlwineventlog:microsoft-windows-sysmon/operational\" host=FYODOR-L \"EventID>11\" \".exe\" | stats count by _time",
        "index=botsv3 sourcetype=\"xmlwineventlog:microsoft-windows-sysmon/operational\" host=FYODOR-L \"EventID>11\" \".exe\" | stats count by _time, _raw"
      ],
      "sourcetypes": [
        "xmlwineventlog:microsoft-windows-sysmon/operational"
      ],
      "full_state": [
        {
          "type": "HumanMessage",
          "content": "Given [Task-1 (partial): ## PARTIAL ANSWER\n\nBased on Sysmon FileCreate (EventID=11) events, winhostmon process snapshots, and Sysmon network telemetry on **FYODOR-L.froth.ly**, here is the time-ordered list of malicious executables written to disk after compromise:\n\n### Time-Ordered Executable File Creation Events\n\n| # | Timestamp (+08:00) | Executable Path | Created By (Image) | User | Evidence Source |\n|---|---|---|---|] and [Task-2 (failed): Intention: I can see stream:http has fields like `src_ip`, `dest_ip`, `uri_path`, `http_method`, `http_content_type`, `site`, `status`, `bytes`, etc. Let me now search for traffic involving the suspicious IP `45.77.53.176` and the FYODOR-L host IP `192.168.70.186` in stream:http.\n→ call run_splunk_search<arg_key>query</arg_key><arg_value>index=botsv3 sourcetype=stream:http (src_ip=\"45.77.53.176\" O]: Determine the first executable uploaded to the domain admin account’s compromised endpoint system `FYODOR-L.froth.ly` in `index=botsv3` during August 2018. Return only the filename with extension.\n\nEXPECTED SHAPE: filename with extension only, no extra text"
        },
        {
          "type": "AIMessage",
          "content": "Intention: I need to find all available sourcetypes to identify which ones track file creation events on FYODOR-L.froth.ly, particularly executables.\n→ call get_source_types()",
          "tool_calls": [
            {
              "name": "search_keyword",
              "args": {
                "keyword": "executable"
              }
            }
          ]
        },
        {
          "type": "ToolMessage",
          "content": "{\"results\": [], \"meta\": {\"total_event_count\": 0, \"returned\": 0, \"sid\": \"1783494538.2367\"}}",
          "name": "search_keyword"
        },
        {
          "type": "AIMessage",
          "content": "Intention: The keyword search for \"executable\" returned no results. Let me search for file creation related keywords and also look at Sysmon-related sourcetypes.\n→ call search_keyword(keyword=\"filecreate\")",
          "tool_calls": [
            {
              "name": "search_keyword",
              "args": {
                "keyword": "sysmon"
              }
            }
          ]
        },
        {
          "type": "ToolMessage",
          "content": "{\"results\": [], \"meta\": {\"total_event_count\": 0, \"returned\": 0, \"sid\": \"1783494574.2368\"}}",
          "name": "search_keyword"
        },
        {
          "type": "AIMessage",
          "content": "Intention: The keyword searches aren't returning results from the manifest. Let me look at the full list of sourcetypes to find Sysmon or file creation related ones.\n→ call get_source_types()",
          "tool_calls": [
            {
              "name": "search_keyword",
              "args": {
                "keyword": "FileCreate"
              }
            }
          ]
        },
        {
          "type": "ToolMessage",
          "content": "{\"results\": [], \"meta\": {\"total_event_count\": 0, \"returned\": 0, \"sid\": \"1783494609.2369\"}}",
          "name": "search_keyword"
        },
        {
          "type": "AIMessage",
          "content": "Intention: Let me search for relevant sourcetypes by looking for Windows-related and file-related keywords.\n→ call search_keyword(keyword=\"winhostmon\")",
          "tool_calls": [
            {
              "name": "search_keyword",
              "args": {}
            }
          ]
        },
        {
          "type": "ToolMessage",
          "content": "{\"error\": \"1 validation error for search_keyword\\nkeyword\\n  Field required [type=missing, input_value={}, input_type=dict]\\n    For further information visit https://errors.pydantic.dev/2.8/v/missing\"}",
          "name": "search_keyword"
        },
        {
          "type": "AIMessage",
          "content": "Intention: Let me search for winhostmon and also for process-related keywords.\n→ call search_keyword(keyword=\"winhostmon\")",
          "tool_calls": [
            {
              "name": "search_keyword",
              "args": {
                "keyword": "process"
              }
            }
          ]
        },
        {
          "type": "ToolMessage",
          "content": "{\"matches\": [{\"sourcetype\": \"code42:security\", \"field\": \"processName\"}, {\"sourcetype\": \"code42:security\", \"field\": \"processOwner\"}, {\"sourcetype\": \"perfmonmk:process\", \"field\": \"process_name\"}, {\"sourcetype\": \"perfmonmk:process\", \"field\": \"process_cpu_used_percent\"}, {\"sourcetype\": \"perfmonmk:process\", \"field\": \"process_handle_count\"}, {\"sourcetype\": \"perfmonmk:process\", \"field\": \"process_io_reads_per_sec\"}, {\"sourcetype\": \"ps\", \"field\": \"PercentProcessorTime\"}, {\"sourcetype\": \"ps\", \"field\": \"process\"}, {\"sourcetype\": \"ps\", \"field\": \"process_cpu_used_percent\"}, {\"sourcetype\": \"ps\", \"field\": \"process_exec\"}, {\"sourcetype\": \"ps\", \"field\": \"process_id\"}, {\"sourcetype\": \"ps\", \"field\": \"process_mem_used\"}, {\"sourcetype\": \"ps\", \"field\": \"process_name\"}, {\"sourcetype\": \"script:listeningports\", \"field\": \"process_id\"}, {\"sourcetype\": \"syslog\", \"field\": \"process\"}, {\"sourcetype\": \"top\", \"field\": \"process\"}, {\"sourcetype\": \"vmstat\", \"field\": \"processes\"}, {\"sourcetype\": \"wineventlog\", \"field\": \"Process_Command_Line\"}, {\"sourcetype\": \"winhostmon\", \"field\": \"ProcessId\"}, {\"sourcetype\": \"winhostmon\", \"field\": \"process_id\"}, {\"sourcetype\": \"winhostmon\", \"field\": \"process\"}, {\"sourcetype\": \"winhostmon\", \"field\": \"NumberOfProcessors\"}, {\"sourcetype\": \"winhostmon\", \"field\": \"Processor_Id\"}], \"count\": 23, \"source\": \"manifest\"}",
          "name": "search_keyword"
        },
        {
          "type": "AIMessage",
          "content": "Intention: I can see winhostmon is a valid sourcetype. Let me also search for file-related keywords and look at the full sourcetype list to find Sysmon sourcetypes.\n→ call search_keyword(keyword=\"file\")",
          "tool_calls": [
            {
              "name": "search_keyword",
              "args": {
                "keyword": "image"
              }
            }
          ]
        },
        {
          "type": "ToolMessage",
          "content": "{\"matches\": [{\"sourcetype\": \"aws:cloudtrail\", \"field\": \"requestParameters.imageId\"}, {\"sourcetype\": \"aws:cloudwatch:guardduty\", \"field\": \"detail.resource.instanceDetails.imageDescription\"}, {\"sourcetype\": \"aws:cloudwatch:guardduty\", \"field\": \"detail.resource.instanceDetails.imageId\"}, {\"sourcetype\": \"aws:description\", \"field\": \"image.attributes.architecture\"}, {\"sourcetype\": \"aws:description\", \"field\": \"image.attributes.description\"}, {\"sourcetype\": \"aws:description\", \"field\": \"image.attributes.hypervisor\"}, {\"sourcetype\": \"aws:description\", \"field\": \"image.attributes.id\"}, {\"sourcetype\": \"aws:description\", \"field\": \"image.attributes.instance_lifecycle\"}, {\"sourcetype\": \"aws:description\", \"field\": \"image.attributes.is_public\"}, {\"sourcetype\": \"aws:description\", \"field\": \"image.attributes.kernel_id\"}, {\"sourcetype\": \"aws:description\", \"field\": \"image.attributes.location\"}, {\"sourcetype\": \"aws:description\", \"field\": \"image.attributes.name\"}, {\"sourcetype\": \"aws:description\", \"field\": \"image.attributes.owner_alias\"}, {\"sourcetype\": \"aws:description\", \"field\": \"image.attributes.owner_id\"}, {\"sourcetype\": \"aws:description\", \"field\": \"image.attributes.platform\"}, {\"sourcetype\": \"aws:description\", \"field\": \"image.attributes.ramdisk_id\"}, {\"sourcetype\": \"aws:description\", \"field\": \"image.attributes.region\"}, {\"sourcetype\": \"aws:description\", \"field\": \"image.attributes.root_device_name\"}, {\"sourcetype\": \"aws:description\", \"field\": \"image.attributes.root_device_type\"}, {\"sourcetype\": \"aws:description\", \"field\": \"image.attributes.sriov_net_support\"}, {\"sourcetype\": \"aws:description\", \"field\": \"image.attributes.state\"}, {\"sourcetype\": \"aws:description\", \"field\": \"image.attributes.type\"}, {\"sourcetype\": \"aws:description\", \"field\": \"image.attributes.virtualization_type\"}, {\"sourcetype\": \"aws:description\", \"field\": \"image.id\"}, {\"sourcetype\": \"aws:description\", \"field\": \"image_id\"}, {\"sourcetype\": \"aws:rds:audit\", \"field\": \"imagehash\"}, {\"sourcetype\": \"wineventlog\", \"field\": \"Image\"}, {\"sourcetype\": \"wineventlog\", \"field\": \"ParentImage\"}, {\"sourcetype\": \"winhostmon\", \"field\": \"content_image_texture_target\"}, {\"sourcetype\": \"winhostmon\", \"field\": \"video_image_texture_target\"}, {\"sourcetype\": \"xmlwineventlog:microsoft-windows-sysmon/operational\", \"field\": \"Image\"}, {\"sourcetype\": \"xmlwineventlog:microsoft-windows-sysmon/operational\", \"field\": \"ParentImage\"}], \"count\": 32, \"source\": \"manifest\"}",
          "name": "search_keyword"
        },
        {
          "type": "AIMessage",
          "content": "Intention: I found the Sysmon sourcetype `xmlwineventlog:microsoft-windows-sysmon/operational`. Let me search for file creation related fields and also look at TargetFilename which is the key field for Sysmon EventID=11 (FileCreate).\n→ call search_keyword(keyword=\"TargetFilename\")",
          "tool_calls": [
            {
              "name": "search_keyword",
              "args": {}
            }
          ]
        },
        {
          "type": "ToolMessage",
          "content": "{\"error\": \"Rejected: this exact tool call already failed with an error this turn. Try different arguments or a different approach.\"}",
          "name": "search_keyword"
        },
        {
          "type": "AIMessage",
          "content": "Intention: Let me search for TargetFilename keyword and also get the fields for the Sysmon sourcetype.\n→ call search_keyword(keyword=\"TargetFilename\")",
          "tool_calls": [
            {
              "name": "get_sourcetype_fields",
              "args": {
                "sourcetype": "xmlwineventlog:microsoft-windows-sysmon/operational"
              }
            }
          ]
        },
        {
          "type": "ToolMessage",
          "content": "{\"results\": [{\"field\": \"eventtype\", \"count\": \"9212\", \"distinct_count\": \"2\", \"values\": \"[{\\\"value\\\":\\\"windows_ta_data\\\",\\\"count\\\":9212},{\\\"value\\\":\\\"err0r\\\",\\\"count\\\":2}]\"}, {\"field\": \"host\", \"count\": \"9212\", \"distinct_count\": \"8\", \"values\": \"[{\\\"value\\\":\\\"FYODOR-L\\\",\\\"count\\\":4126},{\\\"value\\\":\\\"ABUNGST-L\\\",\\\"count\\\":1479},{\\\"value\\\":\\\"BSTOLL-L\\\",\\\"count\\\":1048}]\"}, {\"field\": \"index\", \"count\": \"9212\", \"distinct_count\": \"1\", \"values\": \"[{\\\"value\\\":\\\"botsv3\\\",\\\"count\\\":9212}]\"}, {\"field\": \"linecount\", \"count\": \"9212\", \"distinct_count\": \"1\", \"values\": \"[{\\\"value\\\":\\\"1\\\",\\\"count\\\":9212}]\"}, {\"field\": \"punct\", \"count\": \"9212\", \"distinct_count\": \"1\", \"values\": \"[{\\\"value\\\":\\\"<_='://../////'><><_='--'_='{----}'/><><\\\\/><><\\\\/><><\\\",\\\"count\\\":9212}]\"}, {\"field\": \"source\", \"count\": \"9212\", \"distinct_count\": \"1\", \"values\": \"[{\\\"value\\\":\\\"WinEventLog:Microsoft-Windows-Sysmon/Operational\\\",\\\"count\\\":9212}]\"}, {\"field\": \"sourcetype\", \"count\": \"9212\", \"distinct_count\": \"1\", \"values\": \"[{\\\"value\\\":\\\"XmlWinEventLog:Microsoft-Windows-Sysmon/Operational\\\",\\\"count\\\":9212}]\"}, {\"field\": \"splunk_server\", \"count\": \"9212\", \"distinct_count\": \"1\", \"values\": \"[{\\\"value\\\":\\\"DESKTOP-Q4TP1FN\\\",\\\"count\\\":9212}]\"}, {\"field\": \"tag\", \"count\": \"2\", \"distinct_count\": \"1\", \"values\": \"[{\\\"value\\\":\\\"error\\\",\\\"count\\\":2}]\"}, {\"field\": \"tag::eventtype\", \"count\": \"2\", \"distinct_count\": \"1\", \"values\": \"[{\\\"value\\\":\\\"error\\\",\\\"count\\\":2}]\"}], \"meta\": {\"total_event_count\": 10, \"returned\": 10, \"sid\": \"1783494652.2370\"}}",
          "name": "get_sourcetype_fields"
        },
        {
          "type": "AIMessage",
          "content": "Intention: The fieldsummary didn't show Sysmon-specific fields like EventID, Image, TargetFilename. Let me sample raw events from this sourcetype to see the actual structure and field names.\n→ call sample_events(sourcetype=\"xmlwineventlog:microsoft-windows-sysmon/operational\", count=5)",
          "tool_calls": [
            {
              "name": "run_splunk_search",
              "args": {
                "query": "index=botsv3 sourcetype=\"xmlwineventlog:microsoft-windows-sysmon/operational\" host=FYODOR-L | stats count by EventID"
              }
            }
          ]
        },
        {
          "type": "ToolMessage",
          "content": "{\"results\": [], \"meta\": {\"total_event_count\": 0, \"returned\": 0, \"sid\": \"1783494657.2371\"}}",
          "name": "run_splunk_search"
        },
        {
          "type": "AIMessage",
          "content": "Intention: The sample events returned empty and the SPL search returned 0 results. The fieldsummary showed the sourcetype value is `XmlWinEventLog:Microsoft-Windows-Sysmon/Operational` (with different casing). Let me try with that exact sourcetype name and also check what fields are available.\n→ call run_splunk_search<arg_key>query</arg_key><arg_value>index=botsv3 sourcetype=\"XmlWinEventLog:Microsoft-Windows-Sysmon/Operational\" host=FYODOR-L | stats count by EventID</arg_value></tool_call>",
          "tool_calls": [
            {
              "name": "get_raw_events",
              "args": {
                "sourcetype": "xmlwineventlog:microsoft-windows-sysmon/operational",
                "keyword": "FYODOR",
                "limit": 3
              }
            }
          ]
        },
        {
          "type": "ToolMessage",
          "content": "{\"results\": [{\"_time\": \"2018-08-20T23:17:37.000+08:00\", \"_raw\": \"<Event xmlns='http://schemas.microsoft.com/win/2004/08/events/event'><System><Provider Name='Microsoft-Windows-Sysmon' Guid='{5770385F-C22A-43E0-BF4C-06F5698FFBD9}'/><EventID>3</EventID><Version>5</Version><Level>4</Level><Task>3</Task><Opcode>0</Opcode><Keywords>0x8000000000000000</Keywords><TimeCreated SystemTime='2018-08-20T15:17:37.964159900Z'/><EventRecordID>31557</EventRecordID><Correlation/><Execution ProcessID='10440' ThreadID='8796'/><Channel>Microsoft-Windows-Sysmon/Operational</Channel><Computer>FYODOR-L.froth.ly</Computer><Security UserID='S-1-5-18'/></System><EventData><Data Name='UtcTime'>2018-08-19 12:28:57.881</Data><Data Name='ProcessGuid'>{EBF7A186-2E77-5B56-0000-0010EB3F0200}</Data><Data Name='ProcessId'>2684</Data><Data Name='Image'>C:\\\\ProgramData\\\\Microsoft\\\\Windows Defender\\\\Platform\\\\4.18.1806.18062-0\\\\MsMpEng.exe</Data><Data Name='User'>NT AUTHORITY\\\\SYSTEM</Data><Data Name='Protocol'>tcp</Data><Data Name='Initiated'>true</Data><Data Name='SourceIsIpv6'>false</Data><Data Name='SourceIp'>192.168.70.186</Data><Data Name='SourceHostname'>FYODOR-L.froth.ly</Data><Data Name='SourcePort'>59529</Data><Data Name='SourcePortName'></Data><Data Name='DestinationIsIpv6'>false</Data><Data Name='DestinationIp'>52.160.42.250</Data><Data Name='DestinationHostname'></Data><Data Name='DestinationPort'>443</Data><Data Name='DestinationPortName'>https</Data></EventData></Event>\"}, {\"_time\": \"2018-08-20T23:17:34.000+08:00\", \"_raw\": \"<Event xmlns='http://schemas.microsoft.com/win/2004/08/events/event'><System><Provider Name='Microsoft-Windows-Sysmon' Guid='{5770385F-C22A-43E0-BF4C-06F5698FFBD9}'/><EventID>1</EventID><Version>5</Version><Level>4</Level><Task>1</Task><Opcode>0</Opcode><Keywords>0x8000000000000000</Keywords><TimeCreated SystemTime='2018-08-20T15:17:34.685098600Z'/><EventRecordID>31556</EventRecordID><Correlation/><Execution ProcessID='10440' ThreadID='2904'/><Channel>Microsoft-Windows-Sysmon/Operational</Channel><Computer>FYODOR-L.froth.ly</Computer><Security UserID='S-1-5-18'/></System><EventData><Data Name='UtcTime'>2018-08-20 15:17:34.679</Data><Data Name='ProcessGuid'>{EBF7A186-0B62-5B59-0000-001050118D01}</Data><Data Name='ProcessId'>2436</Data><Data Name='Image'>C:\\\\Windows\\\\System32\\\\findstr.exe</Data><Data Name='FileVersion'>10.0.17134.1 (WinBuild.160101.0800)</Data><Data Name='Description'>Find String (QGREP) Utility</Data><Data Name='Product'>Microsoft\\u00ae Windows\\u00ae Operating System</Data><Data Name='Company'>Microsoft Corporation</Data><Data Name='CommandLine'>findstr  /r \\\"LISTENING\\\"</Data><Data Name='CurrentDirectory'>C:\\\\Windows\\\\system32\\\\</Data><Data Name='User'>NT AUTHORITY\\\\SYSTEM</Data><Data Name='LogonGuid'>{EBF7A186-2E71-5B56-0000-0020E7030000}</Data><Data Name='LogonId'>0x3e7</Data><Data Name='TerminalSessionId'>0</Data><Data Name='IntegrityLevel'>System</Data><Data Name='Hashes'>MD5=BCC8F29B929DABF5489C9BE6587FF66D,SHA256=40F83CE0B6E1C894AB766591574ABD5B6780028C874410F2EC224300DF443C81</Data><Data Name='ParentProcessGuid'>{EBF7A186-0B62-5B59-0000-00100B108D01}</Data><Data Name='ParentProcessId'>348</Data><Data Name='ParentImage'>C:\\\\Windows\\\\System32\\\\cmd.exe</Data><Data Name='ParentCommandLine'>C:\\\\Windows\\\\system32\\\\cmd.exe /c netstat -nao | findstr /r \\\"LISTENING\\\"</Data></EventData></Event>\"}, {\"_time\": \"2018-08-20T23:17:34.000+08:00\", \"_raw\": \"<Event xmlns='http://schemas.microsoft.com/win/2004/08/events/event'><System><Provider Name='Microsoft-Windows-Sysmon' Guid='{5770385F-C22A-43E0-BF4C-06F5698FFBD9}'/><EventID>1</EventID><Version>5</Version><Level>4</Level><Task>1</Task><Opcode>0</Opcode><Keywords>0x8000000000000000</Keywords><TimeCreated SystemTime='2018-08-20T15:17:34.681800500Z'/><EventRecordID>31555</EventRecordID><Correlation/><Execution ProcessID='10440' ThreadID='2904'/><Channel>Microsoft-Windows-Sysmon/Operational</Channel><Computer>FYODOR-L.froth.ly</Computer><Security UserID='S-1-5-18'/></System><EventData><Data Name='UtcTime'>2018-08-20 15:17:34.674</Data><Data Name='ProcessGuid'>{EBF7A186-0B62-5B59-0000-0010E4108D01}</Data><Data Name='ProcessId'>1632</Data><Data Name='Image'>C:\\\\Windows\\\\System32\\\\NETSTAT.EXE</Data><Data Name='FileVersion'>10.0.17134.1 (WinBuild.160101.0800)</Data><Data Name='Description'>TCP/IP Netstat Command</Data><Data Name='Product'>Microsoft\\u00ae Windows\\u00ae Operating System</Data><Data Name='Company'>Microsoft Corporation</Data><Data Name='CommandLine'>netstat  -nao </Data><Data Name='CurrentDirectory'>C:\\\\Windows\\\\system32\\\\</Data><Data Name='User'>NT AUTHORITY\\\\SYSTEM</Data><Data Name='LogonGuid'>{EBF7A186-2E71-5B56-0000-0020E7030000}</Data><Data Name='LogonId'>0x3e7</Data><Data Name='TerminalSessionId'>0</Data><Data Name='IntegrityLevel'>System</Data><Data Name='Hashes'>MD5=1FB68CF12310CD932BA464B58EF7F524,SHA256=4631C03A1CC798EEF61CCDA3EC887475E201C9A7D14A90A1DEEE86BE62213951</Data><Data Name='ParentProcessGuid'>{EBF7A186-0B62-5B59-0000-00100B108D01}</Data><Data Name='ParentProcessId'>348</Data><Data Name='ParentImage'>C:\\\\Windows\\\\System32\\\\cmd.exe</Data><Data Name='ParentCommandLine'>C:\\\\Windows\\\\system32\\\\cmd.exe /c netstat -nao | findstr /r \\\"LISTENING\\\"</Data></EventData></Event>\"}], \"meta\": {\"total_event_count\": 3, \"returned\": 3, \"sid\": \"1783494666.2372\"}}",
          "name": "get_raw_events"
        },
        {
          "type": "AIMessage",
          "content": "Intention: I can see the Sysmon events are XML-formatted with EventID and Data fields embedded. I need to find EventID=11 (FileCreate) events on FYODOR-L to identify executable files written to disk. Let me search for those.\n→ call run_splunk_search<arg_key>query</arg_key><arg_value>index=botsv3 sourcetype=\"xmlwineventlog:microsoft-windows-sysmon/operational\" host=FYODOR-L EventID=11 | stats count by TargetFilename, Image, User</arg_value></tool_call>",
          "tool_calls": [
            {
              "name": "get_raw_events",
              "args": {
                "sourcetype": "xmlwineventlog:microsoft-windows-sysmon/operational",
                "keyword": "EventID>11",
                "limit": 10
              }
            }
          ]
        },
        {
          "type": "ToolMessage",
          "content": "{\"results\": [{\"_time\": \"2018-08-20T23:00:09.000+08:00\", \"_raw\": \"<Event xmlns='http://schemas.microsoft.com/win/2004/08/events/event'><System><Provider Name='Microsoft-Windows-Sysmon' Guid='{5770385F-C22A-43E0-BF4C-06F5698FFBD9}'/><EventID>11</EventID><Version>2</Version><Level>4</Level><Task>11</Task><Opcode>0</Opcode><Keywords>0x8000000000000000</Keywords><TimeCreated SystemTime='2018-08-20T15:00:09.085499100Z'/><EventRecordID>31027</EventRecordID><Correlation/><Execution ProcessID='3804' ThreadID='7540'/><Channel>Microsoft-Windows-Sysmon/Operational</Channel><Computer>PCERF-L.froth.ly</Computer><Security UserID='S-1-5-18'/></System><EventData><Data Name='UtcTime'>2018-08-20 15:00:09.085</Data><Data Name='ProcessGuid'>{EBF7A186-0749-5B59-0000-0010A5C75300}</Data><Data Name='ProcessId'>5168</Data><Data Name='Image'>C:\\\\Windows\\\\system32\\\\cleanmgr.exe</Data><Data Name='TargetFilename'>C:\\\\Users\\\\PeatCerf\\\\AppData\\\\Local\\\\Temp\\\\9027560D-FED5-45FC-A0CC-89A7591BC00E\\\\DismHost.exe</Data><Data Name='CreationUtcTime'>2018-08-20 15:00:09.084</Data></EventData></Event>\"}, {\"_time\": \"2018-08-20T22:52:02.000+08:00\", \"_raw\": \"<Event xmlns='http://schemas.microsoft.com/win/2004/08/events/event'><System><Provider Name='Microsoft-Windows-Sysmon' Guid='{5770385F-C22A-43E0-BF4C-06F5698FFBD9}'/><EventID>11</EventID><Version>2</Version><Level>4</Level><Task>11</Task><Opcode>0</Opcode><Keywords>0x8000000000000000</Keywords><TimeCreated SystemTime='2018-08-20T14:52:02.025721100Z'/><EventRecordID>30968</EventRecordID><Correlation/><Execution ProcessID='3804' ThreadID='7540'/><Channel>Microsoft-Windows-Sysmon/Operational</Channel><Computer>PCERF-L.froth.ly</Computer><Security UserID='S-1-5-18'/></System><EventData><Data Name='UtcTime'>2018-08-20 14:30:10.728</Data><Data Name='ProcessGuid'>{EBF7A186-FF0A-5B58-0000-0010CD5A0100}</Data><Data Name='ProcessId'>1148</Data><Data Name='Image'>C:\\\\Windows\\\\system32\\\\svchost.exe</Data><Data Name='TargetFilename'>C:\\\\Windows\\\\System32\\\\Tasks\\\\Symantec Endpoint Protection\\\\Symantec Endpoint Protection Autofix</Data><Data Name='CreationUtcTime'>2018-08-13 21:01:51.778</Data></EventData></Event>\"}, {\"_time\": \"2018-08-20T22:41:46.000+08:00\", \"_raw\": \"<Event xmlns='http://schemas.microsoft.com/win/2004/08/events/event'><System><Provider Name='Microsoft-Windows-Sysmon' Guid='{5770385F-C22A-43E0-BF4C-06F5698FFBD9}'/><EventID>11</EventID><Version>2</Version><Level>4</Level><Task>11</Task><Opcode>0</Opcode><Keywords>0x8000000000000000</Keywords><TimeCreated SystemTime='2018-08-20T14:41:46.943805900Z'/><EventRecordID>34829</EventRecordID><Correlation/><Execution ProcessID='3580' ThreadID='4036'/><Channel>Microsoft-Windows-Sysmon/Operational</Channel><Computer>JWORTOS-L.froth.ly</Computer><Security UserID='S-1-5-18'/></System><EventData><Data Name='UtcTime'>2018-08-20 14:41:46.916</Data><Data Name='ProcessGuid'>{EBF7A186-F506-5B58-0000-001047B90300}</Data><Data Name='ProcessId'>3436</Data><Data Name='Image'>C:\\\\Program Files (x86)\\\\Symantec\\\\Symantec Endpoint Protection\\\\14.2.760.0000.105\\\\Bin\\\\ccSvcHst.exe</Data><Data Name='TargetFilename'>C:\\\\Windows\\\\Temp\\\\SymDelta_3436\\\\content.zip.tmp\\\\cur.scr</Data><Data Name='CreationUtcTime'>2018-08-20 14:41:46.916</Data></EventData></Event>\"}, {\"_time\": \"2018-08-20T22:41:43.000+08:00\", \"_raw\": \"<Event xmlns='http://schemas.microsoft.com/win/2004/08/events/event'><System><Provider Name='Microsoft-Windows-Sysmon' Guid='{5770385F-C22A-43E0-BF4C-06F5698FFBD9}'/><EventID>11</EventID><Version>2</Version><Level>4</Level><Task>11</Task><Opcode>0</Opcode><Keywords>0x8000000000000000</Keywords><TimeCreated SystemTime='2018-08-20T14:41:43.722225000Z'/><EventRecordID>34826</EventRecordID><Correlation/><Execution ProcessID='3580' ThreadID='4036'/><Channel>Microsoft-Windows-Sysmon/Operational</Channel><Computer>JWORTOS-L.froth.ly</Computer><Security UserID='S-1-5-18'/></System><EventData><Data Name='UtcTime'>2018-08-20 14:41:43.619</Data><Data Name='ProcessGuid'>{EBF7A186-F506-5B58-0000-001047B90300}</Data><Data Name='ProcessId'>3436</Data><Data Name='Image'>C:\\\\Program Files (x86)\\\\Symantec\\\\Symantec Endpoint Protection\\\\14.2.760.0000.105\\\\Bin\\\\ccSvcHst.exe</Data><Data Name='TargetFilename'>C:\\\\Program Files (x86)\\\\Symantec\\\\Symantec Endpoint Protection\\\\14.2.760.0000.105\\\\Temp\\\\SepEB00.tmp\\\\IDSvix86.sys</Data><Data Name='CreationUtcTime'>2018-08-20 14:41:43.619</Data></EventData></Event>\"}, {\"_time\": \"2018-08-20T22:41:43.000+08:00\", \"_raw\": \"<Event xmlns='http://schemas.microsoft.com/win/2004/08/events/event'><System><Provider Name='Microsoft-Windows-Sysmon' Guid='{5770385F-C22A-43E0-BF4C-06F5698FFBD9}'/><EventID>11</EventID><Version>2</Version><Level>4</Level><Task>11</Task><Opcode>0</Opcode><Keywords>0x8000000000000000</Keywords><TimeCreated SystemTime='2018-08-20T14:41:43.722041000Z'/><EventRecordID>34825</EventRecordID><Correlation/><Execution ProcessID='3580' ThreadID='4036'/><Channel>Microsoft-Windows-Sysmon/Operational</Channel><Computer>JWORTOS-L.froth.ly</Computer><Security UserID='S-1-5-18'/></System><EventData><Data Name='UtcTime'>2018-08-20 14:41:43.619</Data><Data Name='ProcessGuid'>{EBF7A186-F506-5B58-0000-001047B90300}</Data><Data Name='ProcessId'>3436</Data><Data Name='Image'>C:\\\\Program Files (x86)\\\\Symantec\\\\Symantec Endpoint Protection\\\\14.2.760.0000.105\\\\Bin\\\\ccSvcHst.exe</Data><Data Name='TargetFilename'>C:\\\\Program Files (x86)\\\\Symantec\\\\Symantec Endpoint Protection\\\\14.2.760.0000.105\\\\Temp\\\\SepEB00.tmp\\\\IDSvia64.sys</Data><Data Name='CreationUtcTime'>2018-08-20 14:41:43.619</Data></EventData></Event>\"}, {\"_time\": \"2018-08-20T22:41:43.000+08:00\", \"_raw\": \"<Event xmlns='http://schemas.microsoft.com/win/2004/08/events/event'><System><Provider Name='Microsoft-Windows-Sysmon' Guid='{5770385F-C22A-43E0-BF4C-06F5698FFBD9}'/><EventID>11</EventID><Version>2</Version><Level>4</Level><Task>11</Task><Opcode>0</Opcode><Keywords>0x8000000000000000</Keywords><TimeCreated SystemTime='2018-08-20T14:41:43.721915700Z'/><EventRecordID>34824</EventRecordID><Correlation/><Execution ProcessID='3580' ThreadID='4036'/><Channel>Microsoft-Windows-Sysmon/Operational</Channel><Computer>JWORTOS-L.froth.ly</Computer><Security UserID='S-1-5-18'/></System><EventData><Data Name='UtcTime'>2018-08-20 14:41:43.603</Data><Data Name='ProcessGuid'>{EBF7A186-F506-5B58-0000-001047B90300}</Data><Data Name='ProcessId'>3436</Data><Data Name='Image'>C:\\\\Program Files (x86)\\\\Symantec\\\\Symantec Endpoint Protection\\\\14.2.760.0000.105\\\\Bin\\\\ccSvcHst.exe</Data><Data Name='TargetFilename'>C:\\\\Program Files (x86)\\\\Symantec\\\\Symantec Endpoint Protection\\\\14.2.760.0000.105\\\\Temp\\\\SepEB00.tmp\\\\IDSXpx86.sys</Data><Data Name='CreationUtcTime'>2018-08-20 14:41:43.588</Data></EventData></Event>\"}, {\"_time\": \"2018-08-20T22:41:43.000+08:00\", \"_raw\": \"<Event xmlns='http://schemas.microsoft.com/win/2004/08/events/event'><System><Provider Name='Microsoft-Windows-Sysmon' Guid='{5770385F-C22A-43E0-BF4C-06F5698FFBD9}'/><EventID>11</EventID><Version>2</Version><Level>4</Level><Task>11</Task><Opcode>0</Opcode><Keywords>0x8000000000000000</Keywords><TimeCreated SystemTime='2018-08-20T14:41:43.585391200Z'/><EventRecordID>34823</EventRecordID><Correlation/><Execution ProcessID='3580' ThreadID='4036'/><Channel>Microsoft-Windows-Sysmon/Operational</Channel><Computer>JWORTOS-L.froth.ly</Computer><Security UserID='S-1-5-18'/></System><EventData><Data Name='UtcTime'>2018-08-20 14:41:43.494</Data><Data Name='ProcessGuid'>{EBF7A186-F506-5B58-0000-001047B90300}</Data><Data Name='ProcessId'>3436</Data><Data Name='Image'>C:\\\\Program Files (x86)\\\\Symantec\\\\Symantec Endpoint Protection\\\\14.2.760.0000.105\\\\Bin\\\\ccSvcHst.exe</Data><Data Name='TargetFilename'>C:\\\\Program Files (x86)\\\\Symantec\\\\Symantec Endpoint Protection\\\\14.2.760.0000.105\\\\Temp\\\\SepEB00.tmp\\\\IDSXpa64.sys</Data><Data Name='CreationUtcTime'>2018-08-20 14:41:43.494</Data></EventData></Event>\"}, {\"_time\": \"2018-08-20T22:41:43.000+08:00\", \"_raw\": \"<Event xmlns='http://schemas.microsoft.com/win/2004/08/events/event'><System><Provider Name='Microsoft-Windows-Sysmon' Guid='{5770385F-C22A-43E0-BF4C-06F5698FFBD9}'/><EventID>11</EventID><Version>2</Version><Level>4</Level><Task>11</Task><Opcode>0</Opcode><Keywords>0x8000000000000000</Keywords><TimeCreated SystemTime='2018-08-20T14:41:43.367539800Z'/><EventRecordID>34822</EventRecordID><Correlation/><Execution ProcessID='3580' ThreadID='4036'/><Channel>Microsoft-Windows-Sysmon/Operational</Channel><Computer>JWORTOS-L.froth.ly</Computer><Security UserID='S-1-5-18'/></System><EventData><Data Name='UtcTime'>2018-08-20 14:41:43.275</Data><Data Name='ProcessGuid'>{EBF7A186-F506-5B58-0000-001047B90300}</Data><Data Name='ProcessId'>3436</Data><Data Name='Image'>C:\\\\Program Files (x86)\\\\Symantec\\\\Symantec Endpoint Protection\\\\14.2.760.0000.105\\\\Bin\\\\ccSvcHst.exe</Data><Data Name='TargetFilename'>C:\\\\Windows\\\\Temp\\\\SymDelta_3436\\\\content.zip.tmp\\\\cur.scr</Data><Data Name='CreationUtcTime'>2018-08-20 14:41:43.275</Data></EventData></Event>\"}, {\"_time\": \"2018-08-20T22:39:48.000+08:00\", \"_raw\": \"<Event xmlns='http://schemas.microsoft.com/win/2004/08/events/event'><System><Provider Name='Microsoft-Windows-Sysmon' Guid='{5770385F-C22A-43E0-BF4C-06F5698FFBD9}'/><EventID>11</EventID><Version>2</Version><Level>4</Level><Task>11</Task><Opcode>0</Opcode><Keywords>0x8000000000000000</Keywords><TimeCreated SystemTime='2018-08-20T14:39:48.109885600Z'/><EventRecordID>31139</EventRecordID><Correlation/><Execution ProcessID='3804' ThreadID='7540'/><Channel>Microsoft-Windows-Sysmon/Operational</Channel><Computer>PCERF-L.froth.ly</Computer><Security UserID='S-1-5-18'/></System><EventData><Data Name='UtcTime'>2018-08-20 14:39:48.084</Data><Data Name='ProcessGuid'>{EBF7A186-FF11-5B58-0000-0010C8E10200}</Data><Data Name='ProcessId'>2496</Data><Data Name='Image'>C:\\\\Program Files (x86)\\\\Symantec\\\\Symantec Endpoint Protection\\\\14.2.760.0000.105\\\\Bin\\\\ccSvcHst.exe</Data><Data Name='TargetFilename'>C:\\\\Windows\\\\Temp\\\\SymDelta_2496\\\\content.zip.tmp\\\\cur.scr</Data><Data Name='CreationUtcTime'>2018-08-20 14:39:48.083</Data></EventData></Event>\"}, 