{"_time": "2018-08-20T22:53:30.000+08:00", "_raw": "{\"requestParameters\": {\"userName\": \"splunk_access\"}, \"eventTime\": \"2018-08-20T14:53:30Z\", \"eventID\": \"f2cf8979-a0cb-4749-ba75-dcf5d5f4cad4\", \"eventVersion\": \"1.02\", \"awsRegion\": \"us-east-1\", \"eventType\": \"AwsApiCall\", \"eventSource\": \"iam.amazonaws.com\", \"requestID\": \"52b4116e-9061-11e8-ba16-3f3e4f345a73\", \"userIdentity\": {\"arn\": \"arn:aws:iam::622676721278:user/splunk_access\", \"userName\": \"splunk_access\", \"accountId\": \"622676721278\", \"principalId\": \"AIDAIQDWHFKP2XVDXFKFW\", \"accessKeyId\": \"AKIAIGKL572SFDPOKLHA\", \"type\": \"IAMUser\"}, \"eventName\": \"ListAccessKeys\", \"recipientAccountId\": \"622676721278\", \"responseElements\": null, \"sourceIPAddress\": \"34.215.24.225\", \"userAgent\": \"Boto3/1.5.22 Python/2.7.14 Linux/4.4.0-1062-aws Botocore/1.8.46\"}"}], "meta": {"total_event_count": 5, "returned": 5, "sid": "1790241104.656"}}


[STATE:agent_in]  step=8  msgs=17  errors=0  empty=1  verified=True
  last_msg: ToolMessage -> '{"results": [{"_time": "2018-08-20T22:53:31.000+08:00", "_raw": "{\\"requestParameters\\": {\\"userName\\": \\"web_admin\\"}, '

[Agent thinking]
Intention: The previous sample returned unrelated splunk_access events; I need the raw events carrying the leaked key itself, which are exactly the burst's denial events.



[STATE:verify_in]  step=9  msgs=18  errors=0  empty=1  verified=True
  last_msg: AIMessage -> tool_call: get_raw_events({"keyword":"AKIAJOGCDXJ5NW5PXUPA","limit":10,"sourcetype":"aws:cloudtrail"})
[Verify OK]     get_raw_events

[STATE:execute_in]  step=9  msgs=18  errors=0  empty=1  verified=True
  last_msg: AIMessage -> tool_call: get_raw_events({"keyword":"AKIAJOGCDXJ5NW5PXUPA","limit":10,"sourcetype":"aws:cloudtrail"})
[Execute] get_raw_events({"keyword":"AKIAJOGCDXJ5NW5PXUPA","limit":10,"sourcetype":"aws:cloudtrail"})
          -> {"results": [{"_time": "2018-08-20T17:36:12.000+08:00", "_raw": "{\"sourceIPAddress\": \"157.97.121.132\", \"eventTime\": \"2018-08-20T09:36:12Z\", \"userAgent\": \"signin.amazonaws.com\", \"eventID\": \"9df2f306-88a7-482b-8271-5930366a7fa7\", \"eventSource\": \"iam.amazonaws.com\", \"eventType\": \"AwsApiCall\", \"eventName\": \"UpdateAccessKey\", \"requestParameters\": {\"status\": \"Inactive\", \"accessKeyId\": \"AKIAJOGCDXJ5NW5PXUPA\", \"userName\": \"web_admin\"}, \"userIdentity\": {\"sessionContext\": {\"attributes\": {\"mfaAuthenticated\": \"false\", \"creationDate\": \"2018-08-20T09:35:27Z\"}}, \"accessKeyId\": \"ASIAZB6TMXZ7MJUJJK6X\", \"type\": \"IAMUser\", \"userName\": \"bstoll\", \"accountId\": \"622676721278\", \"arn\": \"arn:aws:iam::622676721278:user/bstoll\", \"invokedBy\": \"signin.amazonaws.com\", \"principalId\": \"AIDAJUFKXZ44LV4EN4MGK\"}, \"eventVersion\": \"1.02\", \"recipientAccountId\": \"622676721278\", \"requestID\": \"de811b84-9095-11e8-9eb5-71b28ef3114b\", \"responseElements\": null, \"awsRegion\": \"us-east-1\"}"}, {"_time": "2018-08-20T17:27:07.000+08:00", "_raw": "{\"sourceIPAddress\": \"82.102.18.111\", \"eventTime\": \"2018-08-20T09:27:07Z\", \"userAgent\": \"ElasticWolf/5.1.6\", \"responseElements\": null, \"eventSource\": \"iam.amazonaws.com\", \"eventType\": \"AwsApiCall\", \"errorCode\": \"AccessDenied\", \"requestParameters\": null, \"userIdentity\": {\"accessKeyId\": \"AKIAJOGCDXJ5NW5PXUPA\", \"type\": \"IAMUser\", \"userName\": \"web_admin\", \"accountId\": \"622676721278\", \"arn\": \"arn:aws:iam::622676721278:user/web_admin\", \"principalId\": \"AIDAJNUCQVD57VVGYEFTQ\"}, \"eventID\": \"f42a75ca-fda2-44fc-b9ef-084ac6922534\", \"eventVersion\": \"1.02\", \"recipientAccountId\": \"622676721278\", \"errorMessage\": \"User: arn:aws:iam::622676721278:user/web_admin is not authorized to perform: iam:GetUser on resource: user web_admin\", \"eventName\": \"GetUser\", \"requestID\": \"998cefe3-9094-11e8-9f0d-dfb84f749fa0\", \"awsRegion\": \"us-east-1\"}"}, {"_time": "2018-08-20T17:27:06.000+08:00", "_raw": "{\"sourceIPAddress\": \"82.102.18.111\", \"eventTime\": \"2018-08-20T09:27:06Z\", \"userAgent\": \"ElasticWolf/5.1.6\", \"responseElements\": null, \"eventSource\": \"ec2.amazonaws.com\", \"eventType\": \"AwsApiCall\", \"errorCode\": \"Client.UnauthorizedOperation\", \"requestParameters\": {\"filterSet\": {}, \"accountAttributeNameSet\": {}}, \"userIdentity\": {\"accessKeyId\": \"AKIAJOGCDXJ5NW5PXUPA\", \"type\": \"IAMUser\", \"userName\": \"web_admin\", \"accountId\": \"622676721278\", \"arn\": \"arn:aws:iam::622676721278:user/web_admin\", \"principalId\": \"AIDAJNUCQVD57VVGYEFTQ\"}, \"eventID\": \"c077df0d-2435-4152-9127-09e579dd1fb2\", \"eventVersion\": \"1.05\", \"recipientAccountId\": \"622676721278\", \"errorMessage\": \"You are not authorized to perform this operation.\", \"eventName\": \"DescribeAccountAttributes\", \"requestID\": \"f94dfb04-2d7b-40a8-b3cc-3664b9463db8\", \"awsRegion\": \"us-east-1\"}"}, {"_time": "2018-08-20T17:16:18.000+08:00", "_raw": "{\"sourceIPAddress\": \"209.107.196.112\", \"eventTime\": \"2018-08-20T09:16:18Z\", \"userAgent\": \"Boto3/1.6.3 Python/2.7.14 Windows/2012ServerR2 Botocore/1.9.3\", \"responseElements\": null, \"eventSource\": \"iam.amazonaws.com\", \"eventType\": \"AwsApiCall\", \"errorCode\": \"AccessDenied\", \"requestParameters\": null, \"userIdentity\": {\"accessKeyId\": \"AKIAJOGCDXJ5NW5PXUPA\", \"type\": \"IAMUser\", \"userName\": \"web_admin\", \"accountId\": \"622676721278\", \"arn\": \"arn:aws:iam::622676721278:user/web_admin\", \"principalId\": \"AIDAJNUCQVD57VVGYEFTQ\"}, \"eventID\": \"7ea7fdd1-b32d-4ac2-b543-2d2214cad35c\", \"eventVersion\": \"1.02\", \"recipientAccountId\": \"622676721278\", \"errorMessage\": \"User: arn:aws:iam::622676721278:user/web_admin is not authorized to perform: iam:ListAccessKeys on resource: user nullweb_admin\", \"eventName\": \"ListAccessKeys\", \"requestID\": \"16e579dd-9093-11e8-ab8b-ed4c24162757\", \"awsRegion\": \"us-east-1\"}"}, {"_time": "2018-08-20T17:16:12.000+08:00", "_raw": "{\"sourceIPAddress\": \"35.153.154.221\", \"eventTime\": \"2018-08-20T09:16:12Z\", \"userAgent\": \"Boto3/1.7.44 Python/2.7.12 Linux/4.4.0-1063-aws Botocore/1.10.44\", \"eventID\": \"2008c533-526c-45fb-93cc-71f21e3e7dfb\", \"eventSource\": \"sts.amazonaws.com\", \"eventType\": \"AwsApiCall\", \"eventName\": \"GetSessionToken\", \"requestParameters\": {\"durationSeconds\": 129600}, \"userIdentity\": {\"accessKeyId\": \"AKIAJOGCDXJ5NW5PXUPA\", \"type\": \"IAMUser\", \"userName\": \"web_admin\", \"accountId\": \"622676721278\", \"arn\": \"arn:aws:iam::622676721278:user/web_admin\", \"principalId\": \"AIDAJNUCQVD57VVGYEFTQ\"}, \"eventVersion\": \"1.05\", \"recipientAccountId\": \"622676721278\", \"requestID\": \"136ca6c3-9093-11e8-b83d-57e1d45e2df6\", \"responseElements\": {\"credentials\": {\"expiration\": \"Jul 27, 2018 5:16:39 PM\", \"sessionToken\": \"FQoDYXdzEJ7//////////wEaDEpcQqwmPSvc1qyugCKsAc7A34ubF02Utxe4onLbarX7Bw+Af8krNf+HWOMTZ3VTq9JxjXxK5K8WdqtA3YxFkWc3ByCPpteMCo7UGQl8J1G8VbM24FOfI2OIVAbwcZbyaBXfIC+WUCzppbUNAUxU0JiGeonMu3rIv931oMK3MZtrLTFidnK8w5FT++QG72rWXj8vhjzPu8I1IG65sLOdPd+KIsP7jZHq5C0vBwXvXNA52x8BzrbKCDwCW18ot7Ll2gU=\", \"accessKeyId\": \"ASIAZB6TMXZ7LL6JBJQA\"}}, \"awsRegion\": \"us-east-1\"}"}, {"_time": "2018-08-20T17:16:12.000+08:00", "_raw": "{\"sourceIPAddress\": \"35.153.154.221\", \"eventTime\": \"2018-08-20T09:16:12Z\", \"userAgent\": \"Boto3/1.7.44 Python/2.7.12 Linux/4.4.0-1063-aws Botocore/1.10.44\", \"responseElements\": null, \"eventSource\": \"iam.amazonaws.com\", \"eventType\": \"AwsApiCall\", \"errorCode\": \"AccessDenied\", \"requestParameters\": null, \"userIdentity\": {\"accessKeyId\": \"AKIAJOGCDXJ5NW5PXUPA\", \"type\": \"IAMUser\", \"userName\": \"web_admin\", \"accountId\": \"622676721278\", \"arn\": \"arn:aws:iam::622676721278:user/web_admin\", \"principalId\": \"AIDAJNUCQVD57VVGYEFTQ\"}, \"eventID\": \"7c62eeba-2159-41b1-ab8a-26ac6669bd80\", \"eventVersion\": \"1.02\", \"recipientAccountId\": \"622676721278\", \"errorMessage\": \"User: arn:aws:iam::622676721278:user/web_admin is not authorized to perform: iam:CreateAccessKey on resource: user nullweb_admin\", \"eventName\": \"CreateAccessKey\", \"requestID\": \"1377f1d2-9093-11e8-a22b-759b04dac456\", \"awsRegion\": \"us-east-1\"}"}, {"_time": "2018-08-20T17:16:12.000+08:00", "_raw": "{\"sourceIPAddress\": \"35.153.154.221\", \"eventTime\": \"2018-08-20T09:16:12Z\", \"userAgent\": \"Boto3/1.7.44 Python/2.7.12 Linux/4.4.0-1063-aws Botocore/1.10.44\", \"responseElements\": null, \"eventSource\": \"iam.amazonaws.com\", \"eventType\": \"AwsApiCall\", \"errorCode\": \"AccessDenied\", \"requestParameters\": null, \"userIdentity\": {\"accessKeyId\": \"AKIAJOGCDXJ5NW5PXUPA\", \"type\": \"IAMUser\", \"userName\": \"web_admin\", \"accountId\": \"622676721278\", \"arn\": \"arn:aws:iam::622676721278:user/web_admin\", \"principalId\": \"AIDAJNUCQVD57VVGYEFTQ\"}, \"eventID\": \"e25ed5d1-c0a2-4f36-aacb-a25a609d3200\", \"eventVersion\": \"1.02\", \"recipientAccountId\": \"622676721278\", \"errorMessage\": \"User: arn:aws:iam::622676721278:user/web_admin is not authorized to perform: iam:DeleteAccessKey on resource: user nullweb_admin\", \"eventName\": \"DeleteAccessKey\", \"requestID\": \"137559bc-9093-11e8-a22b-759b04dac456\", \"awsRegion\": \"us-east-1\"}"}, {"_time": "2018-08-20T17:16:12.000+08:00", "_raw": "{\"sourceIPAddress\": \"35.153.154.221\", \"eventTime\": \"2018-08-20T09:16:12Z\", \"userAgent\": \"Boto3/1.7.44 Python/2.7.12 Linux/4.4.0-1063-aws Botocore/1.10.44\", \"responseElements\": null, \"eventSource\": \"iam.amazonaws.com\", \"eventType\": \"AwsApiCall\", \"errorCode\": \"AccessDenied\", \"requestParameters\": null, \"userIdentity\": {\"accessKeyId\": \"AKIAJOGCDXJ5NW5PXUPA\", \"type\": \"IAMUser\", \"userName\": \"web_admin\", \"accountId\": \"622676721278\", \"arn\": \"arn:aws:iam::622676721278:user/web_admin\", \"principalId\": \"AIDAJNUCQVD57VVGYEFTQ\"}, \"eventID\": \"441802b0-01d6-4cf4-bf96-893173f69061\", \"eventVersion\": \"1.02\", \"recipientAccountId\": \"622676721278\", \"errorMessage\": \"User: arn:aws:iam::622676721278:user/web_admin is not authorized to perform: iam:CreateUser on resource: arn:aws:iam::622676721278:user/my_db_user\", \"eventName\": \"CreateUser\", \"requestID\": \"1373d317-9093-11e8-a22b-759b04dac456\", \"awsRegion\": \"us-east-1\"}"}, {"_time": "2018-08-20T17:16:12.000+08:00", "_raw": "{\"sourceIPAddress\": \"35.153.154.221\", \"eventTime\": \"2018-08-20T09:16:12Z\", \"userAgent\": \"Boto3/1.7.44 Python/2.7.12 Linux/4.4.0-1063-aws Botocore/1.10.44\", \"responseElements\": null, \"eventSource\": \"iam.amazonaws.com\", \"eventType\": \"AwsApiCall\", \"errorCode\": \"AccessDenied\", \"requestParameters\": null, \"userIdentity\": {\"accessKeyId\": \"AKIAJOGCDXJ5NW5PXUPA\", \"type\": \"IAMUser\", \"userName\": \"web_admin\", \"accountId\": \"622676721278\", \"arn\": \"arn:aws:iam::622676721278:user/web_admin\", \"principalId\": \"AIDAJNUCQVD57VVGYEFTQ\"}, \"eventID\": \"92e03584-dc93-482e-9c9e-958f02d91aea\", \"eventVersion\": \"1.02\", \"recipientAccountId\": \"622676721278\", \"errorMessage\": \"User: arn:aws:iam::622676721278:user/web_admin is not authorized to perform: iam:ListAccessKeys on resource: user nullweb_admin\", \"eventName\": \"ListAccessKeys\", \"requestID\": \"1370c5d0-9093-11e8-a22b-759b04dac456\", \"awsRegion\": \"us-east-1\"}"}, {"_time": "2018-08-20T17:16:12.000+08:00", "_raw": "{\"sourceIPAddress\": \"35.153.154.221\", \"eventTime\": \"2018-08-20T09:16:12Z\", \"userAgent\": \"Boto3/1.7.44 Python/2.7.12 Linux/4.4.0-1063-aws Botocore/1.10.44\", \"eventID\": \"e55a41a8-a425-448e-8a95-e0bb22696d1c\", \"eventSource\": \"sts.amazonaws.com\", \"eventType\": \"AwsApiCall\", \"eventName\": \"GetCallerIdentity\", \"requestParameters\": null, \"userIdentity\": {\"accessKeyId\": \"AKIAJOGCDXJ5NW5PXUPA\", \"type\": \"IAMUser\", \"userName\": \"web_admin\", \"accountId\": \"622676721278\", \"arn\": \"arn:aws:iam::622676721278:user/web_admin\", \"principalId\": \"AIDAJNUCQVD57VVGYEFTQ\"}, \"eventVersion\": \"1.05\", \"recipientAccountId\": \"622676721278\", \"requestID\": \"135e0154-9093-11e8-9dd7-db171eecd903\", \"responseElements\": {\"userId\": \"AIDAJNUCQVD57VVGYEFTQ\", \"account\": \"622676721278\", \"arn\": \"arn:aws:iam::622676721278:user/web_admin\"}, \"awsRegion\": \"us-east-1\"}"}], "meta": {"total_event_count": 10, "returned": 10, "sid": "1790241109.657"}}


[STATE:agent_in]  step=9  msgs=19  errors=0  empty=1  verified=True
  last_msg: ToolMessage -> '{"results": [{"_time": "2018-08-20T17:36:12.000+08:00", "_raw": "{\\"sourceIPAddress\\": \\"157.97.121.132\\", \\"eventTime\\"'

[Agent thinking]
I now have the full burst. The CreateAccessKey denial reads "on resource: user nullweb_admin", while the later GetUser denial (same key, ElasticWolf, 09:27:07Z) reads "on resource: user web_admin". Before deciding, I'll check whether "nullweb_admin" appears anywhere else in the dataset (e.g., as a real IAM user or in a command), and whether other denied events show "null"-prefixed resource names (which would indicate a rendering artifact).


[STATE:verify_in]  step=10  msgs=20  errors=0  empty=1  verified=True
  last_msg: AIMessage -> tool_call: run_splunk_search({"query":"index=botsv3 \"nullweb_admin\" | stats count by sourcetype, eventName"})
[Verify REJECT] No Intention stated (retry 2/2)

[STATE:agent_in]  step=10  msgs=21  errors=0  empty=1  verified=False
  last_msg: ToolMessage -> '{"error": "Rejected: You must state your reasoning before calling any tool. Write an \'Intention: <why you are making thi'
[Max iterations reached — forcing final answer]

[Agent thinking]
Intention: I have the complete burst and the decisive comparison; submitting the finding with the literal resource-name string from the CreateAccessKey denial.


[WORKER RESULT] Senior-2-Q221: Intention: I have the complete burst and the decisive comparison; submitting the finding with the literal resource-name string from the CreateAccessKey denial.
[SH CONV] Q221: end=turns  turns=5  waves=4  iterations=24/30  compactions=0
[SH FINAL] clean='SH retired without answering'
  Extracted: 'SH retired without answering'  ->  [WRONG]  (0/100)
  SH tokens [Q221]: input=916,038  cached=891,392  output=2,868  est=$0.3275
[SH MEMORY] Q221 finished → summarizing with gpt-5.4-mini (6,459 tok in)
[SH MEMORY] Q221 summary: 616 tok (card 241) → memory/Q221.md
[SH MEMORY]   +5 entities, +3 feed facts, +3 SPL

**Q221** — "Using the leaked key, the adversary makes an unauthorized attempt to create a key for a specific resource. What is the name of that resource?" (One word.)
**Answer: SH retired without answering**
1. The question is about the denied CloudTrail CreateAccessKey attempt made with the leaked access key AKIAJOGCDXJ5NW5PXUPA, so the relevant evidence is in aws:cloudtrail IAM-service events.
2. The denied CreateAccessKey event was located in the same 09:16:12Z burst as sibling IAM denials (DeleteAccessKey, ListAccessKeys, GetUser, CreateUser), all tied to the leaked key and all AccessDenied on iam.amazonaws.com.
3. The CreateAccessKey raw errorMessage literally names the target as resource: user nullweb_admin, and the same-burst ListAccessKeys and DeleteAccessKey denials repeat that same literal string.
4. A later GetUser denial in a separate session names web_admin, but the transcript treats that as a different event and not the CreateAccessKey target.
5. Therefore the one-word resource name supported by the records is nullweb_admin.

### Q221 — detail
Derivation: Start from the leaked key AKIAJOGCDXJ5NW5PXUPA in aws:cloudtrail. The adversary’s IAM-service burst at 2018-08-20T09:16:12Z includes denied CreateAccessKey, CreateUser, DeleteAccessKey, ListAccessKeys, and GetUser events. The CreateAccessKey raw event’s errorMessage is the decisive source for the target resource, and it literally says `user nullweb_admin`. Sibling same-burst denials for ListAccessKeys and DeleteAccessKey repeat the same literal target string, which the replacement senior used to confirm that the name is not being inferred from a later, separate GetUser denial. The later `user web_admin` reading is tied to a different session and event, not the CreateAccessKey attempt. On that basis the supported answer is the literal one-word resource name `nullweb_admin`.
Verified premises:
- p2 [selection] The target resource of the denied CreateAccessKey attempt is the literal string nullweb_admin, not web_admin: the CreateAccessKey event's own errorMessage and all three same-burst sibling key-management denials (ListAccessKeys x2, DeleteAccessKey) read 'user nullweb_admin', while the only 'user web_admin' reading comes from a GetUser denial 11 minutes later, from a different source IP and user agent, where GetUser with no parameters names the caller's own user. — holds: not stamped
Ruled out: web_admin as the CreateAccessKey target (it appears as the caller identity and in a later separate GetUser denial, not in the CreateAccessKey burst); my_db_user (target of the CreateUser denial, not CreateAccessKey); requestParameters as the name source (null in the burst denials).

Entities:
- AKIAJOGCDXJ5NW5PXUPA: Leaked IAM user access key used in the denied IAM burst; tied to web_admin in prior work. (Q221)
- web_admin: IAM user identity associated with the leaked key; also appears in a later separate GetUser denial. (Q221)
- nullweb_admin: Literal resource-name string in the denied CreateAccessKey, ListAccessKeys, and DeleteAccessKey messages. (Q221)
- 35.153.154.221: Source IP of the denied CreateAccessKey burst. (Q221)
- 82.102.18.111: Source IP of the later separate GetUser denial. (Q221)
Feed and field facts:
- [aws:cloudtrail] For these IAM events, userIdentity.accessKeyId identifies the caller’s access key; errorMessage carries the target resource text when requestParameters is null. (Q221)
- [aws:cloudtrail] The denied CreateAccessKey event and its sibling ListAccessKeys/DeleteAccessKey denials all occur in the same 09:16:12Z burst on iam.amazonaws.com. (Q221)
- [aws:cloudtrail] requestParameters is null in the burst denials, so the resource name is read from errorMessage. (Q221)
Working SPL:
- [aws:cloudtrail] Locate the denied CreateAccessKey event for the leaked key and extract the target resource string.: `sourcetype=aws:cloudtrail "CreateAccessKey" | stats count by eventName, eventSource, errorCode` → 1 event: iam.amazonaws.com, AccessDenied. (Q221)
- [aws:cloudtrail] Show the leaked-key denial burst and its sibling IAM operations.: `userIdentity.accessKeyId=AKIAJOGCDXJ5NW5PXUPA eventSource=iam.amazonaws.com | stats count by eventName, errorCode, _time` → 6 denials including CreateAccessKey, CreateUser, DeleteAccessKey, ListAccessKeys x2, and GetUser. (Q221)
- [aws:cloudtrail] Read the raw CreateAccessKey denial message for the target name.: `get_raw_events keyword=CreateAccessKey` → Denied iam:CreateAccessKey on resource: user nullweb_admin at 2018-08-20T09:16:12Z. (Q221)



--------------------------------------------------------------------------------
[Q222]  100 pts  |  Using the leaked key, the adversary makes an unauthorized attempt to describe an account. 
[SH MEMORY] knowledge over 6,000 tok: dropped 53 least-recent entries (still in memory/<QID>.json)
[SH MEMORY] prompt for Q222: 150,794 tok ≤ 163,200 — 20 past question(s) raw, 0 summarized, 20 card(s)

[STATE:agent_in]  step=0  msgs=1  errors=0  empty=0  verified=False
  last_msg: HumanMessage -> 'SITUATION. Frothly Corporation is a high-growth craft brewery. Its IT environment consists of corporate Windows and Linu'

[Agent thinking]
I'll investigate the unauthorized DescribeAccount attempt made with the leaked key AKIAJOGCDXJ5NW5PXUPA in aws:cloudtrail. Let me start by confirming the feed and searching for the relevant events.


[STATE:verify_in]  step=1  msgs=2  errors=0  empty=0  verified=False
  last_msg: AIMessage -> tool_call: get_source_types({})
[Verify REJECT] No Intention stated (retry 1/2)

[STATE:agent_in]  step=1  msgs=3  errors=0  empty=0  verified=False
  last_msg: ToolMessage -> '{"error": "Rejected: You must state your reasoning before calling any tool. Write an \'Intention: <why you are making thi'

[Agent thinking]
Intention: Confirm the aws:cloudtrail sourcetype exists and see what other feeds might carry CloudTrail data before searching for the leaked-key DescribeAccount event.


[STATE:verify_in]  step=2  msgs=4  errors=0  empty=0  verified=False
  last_msg: AIMessage -> tool_call: get_source_types({})
[Verify OK]     get_source_types

[STATE:execute_in]  step=2  msgs=4  errors=0  empty=0  verified=True
  last_msg: AIMessage -> tool_call: get_source_types({})
[Execute] get_source_types({})
          -> {"source_types": ["access_combined", "alternatives", "amazon-ssm-agent", "amazon-ssm-agent-too_small", "apache_error", "aws:cloudtrail", "aws:cloudwatch", "aws:cloudwatch:guardduty", "aws:cloudwatchlogs", "aws:cloudwatchlogs:vpcflow", "aws:config:rule", "aws:description", "aws:elb:accesslogs", "aws:rds:audit", "aws:rds:error", "aws:s3:accesslogs", "bandwidth", "bash_history", "bootstrap", "cisco:asa", "cloud-init", "cloud-init-output", "code42:api", "code42:computer", "code42:org", "code42:security", "code42:user", "config_file", "cpu", "cron-too_small", "df", "dmesg", "dpkg", "error-too_small", "errors", "errors-too_small", "ess_content_importer", "hardware", "history-2", "interfaces", "iostat", "lastlog", "linux_audit", "linux_secure", "localhost-5", "lsof", "maillog-too_small", "ms:aad:audit", "ms:aad:signin", "ms:o365:management", "ms:o365:reporting:messagetrace", "netstat", "o365:management:activity", "osquery:info", "osquery:results", "osquery:warning", "out-3", "package", "protocol", "ps", "stream:arp", "stream:dhcp", "stream:dns", "stream:http", "stream:icmp", "stream:igmp", "stream:ip", "stream:mysql", "stream:smb", "stream:smtp", "stream:tcp", "stream:udp", "symantec:ep:agent:file", "symantec:ep:agt_system:file", "symantec:ep:behavior:file", "symantec:ep:packet:file", "symantec:ep:risk:file", "symantec:ep:scm_system:file", "symantec:ep:security:file", "symantec:ep:traffic:file", "syslog", "time", "top", "vmstat", "who", "yum-too_small", "WinEventLog", "WinHostMon", "PerfmonMk:Process", "Script:GetEndpointInfo", "Script:InstalledApps", "Script:ListeningPorts", "Unix:ListeningPorts", "Unix:SSHDConfig", "Unix:Service", "Unix:Update", "Unix:Uptime", "Unix:UserAccounts", "Unix:Version", "XmlWinEventLog:Microsoft-Windows-Sysmon/Operational", "openPorts", "usersWithLoginPrivs"], "count": 102}


[STATE:agent_in]  step=2  msgs=5  errors=0  empty=0  verified=True
  last_msg: ToolMessage -> '{"source_types": ["access_combined", "alternatives", "amazon-ssm-agent", "amazon-ssm-agent-too_small", "apache_error", "'

[Agent thinking]
Intention: Search CloudTrail for events using the leaked key AKIAJOGCDXJ5NW5PXUPA that involve describing an account, to find the unauthorized attempt and its user agent.


[STATE:verify_in]  step=3  msgs=6  errors=0  empty=0  verified=True
  last_msg: AIMessage -> tool_call: run_splunk_search({"query":"index=botsv3 sourcetype=aws:cloudtrail \"AKIAJOGCDXJ5NW5PXUPA\" eventName=\"*DescribeAccount*\" | stats count by eventName, userAgent, errorCode, eventName"})
[Verify OK]     run_splunk_search

[STATE:execute_in]  step=3  msgs=6  errors=0  empty=0  verified=True
  last_msg: AIMessage -> tool_call: run_splunk_search({"query":"index=botsv3 sourcetype=aws:cloudtrail \"AKIAJOGCDXJ5NW5PXUPA\" eventName=\"*DescribeAccount*\" | stats count by eventName, userAgent, errorCode, eventName"})
[Execute] run_splunk_search({"query":"index=botsv3 sourcetype=aws:cloudtrail \"AKIAJOGCDXJ5NW5PXUPA\" eventName=\"*DescribeAccount*\" | stats count by eventName, userAgent, errorCode, eventName"})
          -> {"error": "Search failed: [{'type': 'FATAL', 'text': \"Error in 'stats' command: Repeated group-by field 'eventName'.\"}, {'type': 'ERROR', 'text': \"Error in 'stats' command: Repeated group-by field 'eventName'.\"}]"}


[STATE:agent_in]  step=3  msgs=7  errors=1  empty=0  verified=True
  last_msg: ToolMessage -> '{"error": "Search failed: [{\'type\': \'FATAL\', \'text\': \\"Error in \'stats\' command: Repeated group-by field \'eventName\'.\\"}'

[Agent thinking]
Intention: Fix the duplicate group-by field and re-run the search for DescribeAccount events using the leaked key.



[STATE:verify_in]  step=4  msgs=8  errors=1  empty=0  verified=True
  last_msg: AIMessage -> tool_call: run_splunk_search({"query":"index=botsv3 sourcetype=aws:cloudtrail \"AKIAJOGCDXJ5NW5PXUPA\" eventName=\"*DescribeAccount*\" | stats count by eventName, userAgent, errorCode"})
[Verify OK]     run_splunk_search

[STATE:execute_in]  step=4  msgs=8  errors=1  empty=0  verified=True
  last_msg: AIMessage -> tool_call: run_splunk_search({"query":"index=botsv3 sourcetype=aws:cloudtrail \"AKIAJOGCDXJ5NW5PXUPA\" eventName=\"*DescribeAccount*\" | stats count by eventName, userAgent, errorCode"})
[Execute] run_splunk_search({"query":"index=botsv3 sourcetype=aws:cloudtrail \"AKIAJOGCDXJ5NW5PXUPA\" eventName=\"*DescribeAccount*\" | stats count by eventName, userAgent, errorCode"})
          -> {"results": [{"eventName": "DescribeAccountAttributes", "userAgent": "ElasticWolf/5.1.6", "errorCode": "Client.UnauthorizedOperation", "count": "1"}], "meta": {"total_event_count": 1, "returned": 1, "sid": "1790241271.661"}}


[STATE:agent_in]  step=4  msgs=9  errors=1  empty=0  verified=True
  last_msg: ToolMessage -> '{"results": [{"eventName": "DescribeAccountAttributes", "userAgent": "ElasticWolf/5.1.6", "errorCode": "Client.Unauthori'

[Agent thinking]
I found one DescribeAccountAttributes denial with the leaked key, userAgent "ElasticWolf/5.1.6". Let me read the raw event to confirm the full userAgent string and check the broader leaked-key activity to distinguish from any IAM denial burst.


[STATE:verify_in]  step=5  msgs=10  errors=1  empty=0  verified=True
  last_msg: AIMessage -> tool_call: run_splunk_search({"query":"index=botsv3 sourcetype=aws:cloudtrail \"AKIAJOGCDXJ5NW5PXUPA\" eventName=\"*DescribeAccount*\" | stats count by _raw | top limit=5 _raw"})
[Verify REJECT] No Intention stated (retry 2/2)

[STATE:agent_in]  step=5  msgs=11  errors=1  empty=0  verified=False
  last_msg: ToolMessage -> '{"error": "Rejected: You must state your reasoning before calling any tool. Write an \'Intention: <why you are making thi'

[Agent thinking]
Intention: Read the raw event text to confirm the exact full userAgent string as recorded in the event, not just the aggregated field value.


[STATE:verify_in]  step=6  msgs=12  errors=1  empty=0  verified=False
  last_msg: AIMessage -> tool_call: get_raw_events({"sourcetype":"aws:cloudtrail","limit":10,"index":"botsv3","keyword":"AKIAJOGCDXJ5NW5PXUPA"})
[Verify OK]     get_raw_events

[STATE:execute_in]  step=6  msgs=12  errors=1  empty=0  verified=True
  last_msg: AIMessage -> tool_call: get_raw_events({"sourcetype":"aws:cloudtrail","limit":10,"index":"botsv3","keyword":"AKIAJOGCDXJ5NW5PXUPA"})
[Execute] get_raw_events({"index":"botsv3","keyword":"AKIAJOGCDXJ5NW5PXUPA","limit":10,"sourcetype":"aws:cloudtrail"})
          -> {"results": [{"_time": "2018-08-20T17:36:12.000+08:00", "_raw": "{\"sourceIPAddress\": \"157.97.121.132\", \"eventTime\": \"2018-08-20T09:36:12Z\", \"userAgent\": \"signin.amazonaws.com\", \"eventID\": \"9df2f306-88a7-482b-8271-5930366a7fa7\", \"eventSource\": \"iam.amazonaws.com\", \"eventType\": \"AwsApiCall\", \"eventName\": \"UpdateAccessKey\", \"requestParameters\": {\"status\": \"Inactive\", \"accessKeyId\": \"AKIAJOGCDXJ5NW5PXUPA\", \"userName\": \"web_admin\"}, \"userIdentity\": {\"sessionContext\": {\"attributes\": {\"mfaAuthenticated\": \"false\", \"creationDate\": \"2018-08-20T09:35:27Z\"}}, \"accessKeyId\": \"ASIAZB6TMXZ7MJUJJK6X\", \"type\": \"IAMUser\", \"userName\": \"bstoll\", \"accountId\": \"622676721278\", \"arn\": \"arn:aws:iam::622676721278:user/bstoll\", \"invokedBy\": \"signin.amazonaws.com\", \"principalId\": \"AIDAJUFKXZ44LV4EN4MGK\"}, \"eventVersion\": \"1.02\", \"recipientAccountId\": \"622676721278\", \"requestID\": \"de811b84-9095-11e8-9eb5-71b28ef3114b\", \"responseElements\": null, \"awsRegion\": \"us-east-1\"}"}, {"_time": "2018-08-20T17:27:07.000+08:00", "_raw": "{\"sourceIPAddress\": \"82.102.18.111\", \"eventTime\": \"2018-08-20T09:27:07Z\", \"userAgent\": \"ElasticWolf/5.1.6\", \"responseElements\": null, \"eventSource\": \"iam.amazonaws.com\", \"eventType\": \"AwsApiCall\", \"errorCode\": \"AccessDenied\", \"requestParameters\": null, \"userIdentity\": {\"accessKeyId\": \"AKIAJOGCDXJ5NW5PXUPA\", \"type\": \"IAMUser\", \"userName\": \"web_admin\", \"accountId\": \"622676721278\", \"arn\": \"arn:aws:iam::622676721278:user/web_admin\", \"principalId\": \"AIDAJNUCQVD57VVGYEFTQ\"}, \"eventID\": \"f42a75ca-fda2-44fc-b9ef-084ac6922534\", \"eventVersion\": \"1.02\", \"recipientAccountId\": \"622676721278\", \"errorMessage\": \"User: arn:aws:iam::622676721278:user/web_admin is not authorized to perform: iam:GetUser on resource: user web_admin\", \"eventName\": \"GetUser\", \"requestID\": \"998cefe3-9094-11e8-9f0d-dfb84f749fa0\", \"awsRegion\": \"us-east-1\"}"}, {"_time": "2018-08-20T17:27:06.000+08:00", "_raw": "{\"sourceIPAddress\": \"82.102.18.111\", \"eventTime\": \"2018-08-20T09:27:06Z\", \"userAgent\": \"ElasticWolf/5.1.6\", \"responseElements\": null, \"eventSource\": \"ec2.amazonaws.com\", \"eventType\": \"AwsApiCall\", \"errorCode\": \"Client.UnauthorizedOperation\", \"requestParameters\": {\"filterSet\": {}, \"accountAttributeNameSet\": {}}, \"userIdentity\": {\"accessKeyId\": \"AKIAJOGCDXJ5NW5PXUPA\", \"type\": \"IAMUser\", \"userName\": \"web_admin\", \"accountId\": \"622676721278\", \"arn\": \"arn:aws:iam::622676721278:user/web_admin\", \"principalId\": \"AIDAJNUCQVD57VVGYEFTQ\"}, \"eventID\": \"c077df0d-2435-4152-9127-09e579dd1fb2\", \"eventVersion\": \"1.05\", \"recipientAccountId\": \"622676721278\", \"errorMessage\": \"You are not authorized to perform this operation.\", \"eventName\": \"DescribeAccountAttributes\", \"requestID\": \"f94dfb04-2d7b-40a8-b3cc-3664b9463db8\", \"awsRegion\": \"us-east-1\"}"}, {"_time": "2018-08-20T17:16:18.000+08:00", "_raw": "{\"sourceIPAddress\": \"209.107.196.112\", \"eventTime\": \"2018-08-20T09:16:18Z\", \"userAgent\": \"Boto3/1.6.3 Python/2.7.14 Windows/2012ServerR2 Botocore/1.9.3\", \"responseElements\": null, \"eventSource\": \"iam.amazonaws.com\", \"eventType\": \"AwsApiCall\", \"errorCode\": \"AccessDenied\", \"requestParameters\": null, \"userIdentity\": {\"accessKeyId\": \"AKIAJOGCDXJ5NW5PXUPA\", \"type\": \"IAMUser\", \"userName\": \"web_admin\", \"accountId\": \"622676721278\", \"arn\": \"arn:aws:iam::622676721278:user/web_admin\", \"principalId\": \"AIDAJNUCQVD57VVGYEFTQ\"}, \"eventID\": \"7ea7fdd1-b32d-4ac2-b543-2d2214cad35c\", \"eventVersion\": \"1.02\", \"recipientAccountId\": \"622676721278\", \"errorMessage\": \"User: arn:aws:iam::622676721278:user/web_admin is not authorized to perform: iam:ListAccessKeys on resource: user nullweb_admin\", \"eventName\": \"ListAccessKeys\", \"requestID\": \"16e579dd-9093-11e8-ab8b-ed4c24162757\", \"awsRegion\": \"us-east-1\"}"}, {"_time": "2018-08-20T17:16:12.000+08:00", "_raw": "{\"sourceIPAddress\": \"35.153.154.221\", \"eventTime\": \"2018-08-20T09:16:12Z\", \"userAgent\": \"Boto3/1.7.44 Python/2.7.12 Linux/4.4.0-1063-aws Botocore/1.10.44\", \"eventID\": \"2008c533-526c-45fb-93cc-71f21e3e7dfb\", \"eventSource\": \"sts.amazonaws.com\", \"eventType\": \"AwsApiCall\", \"eventName\": \"GetSessionToken\", \"requestParameters\": {\"durationSeconds\": 129600}, \"userIdentity\": {\"accessKeyId\": \"AKIAJOGCDXJ5NW5PXUPA\", \"type\": \"IAMUser\", \"userName\": \"web_admin\", \"accountId\": \"622676721278\", \"arn\": \"arn:aws:iam::622676721278:user/web_admin\", \"principalId\": \"AIDAJNUCQVD57VVGYEFTQ\"}, \"eventVersion\": \"1.05\", \"recipientAccountId\": \"622676721278\", \"requestID\": \"136ca6c3-9093-11e8-b83d-57e1d45e2df6\", \"responseElements\": {\"credentials\": {\"expiration\": \"Jul 27, 2018 5:16:39 PM\", \"sessionToken\": \"FQoDYXdzEJ7//////////wEaDEpcQqwmPSvc1qyugCKsAc7A34ubF02Utxe4onLbarX7Bw+Af8krNf+HWOMTZ3VTq9JxjXxK5K8WdqtA3YxFkWc3ByCPpteMCo7UGQl8J1G8VbM24FOfI2OIVAbwcZbyaBXfIC+WUCzppbUNAUxU0JiGeonMu3rIv931oMK3MZtrLTFidnK8w5FT++QG72rWXj8vhjzPu8I1IG65sLOdPd+KIsP7jZHq5C0vBwXvXNA52x8BzrbKCDwCW18ot7Ll2gU=\", \"accessKeyId\": \"ASIAZB6TMXZ7LL6JBJQA\"}}, \"awsRegion\": \"us-east-1\"}"}, {"_time": "2018-08-20T17:16:12.000+08:00", "_raw": "{\"sourceIPAddress\": \"35.153.154.221\", \"eventTime\": \"2018-08-20T09:16:12Z\", \"userAgent\": \"Boto3/1.7.44 Python/2.7.12 Linux/4.4.0-1063-aws Botocore/1.10.44\", \"responseElements\": null, \"eventSource\": \"iam.amazonaws.com\", \"eventType\": \"AwsApiCall\", \"errorCode\": \"AccessDenied\", \"requestParameters\": null, \"userIdentity\": {\"accessKeyId\": \"AKIAJOGCDXJ5NW5PXUPA\", \"type\": \"IAMUser\", \"userName\": \"web_admin\", \"accountId\": \"622676721278\", \"arn\": \"arn:aws:iam::622676721278:user/web_admin\", \"principalId\": \"AIDAJNUCQVD57VVGYEFTQ\"}, \"eventID\": \"7c62eeba-2159-41b1-ab8a-26ac6669bd80\", \"eventVersion\": \"1.02\", \"recipientAccountId\": \"622676721278\", \"errorMessage\": \"User: arn:aws:iam::622676721278:user/web_admin is not authorized to perform: iam:CreateAccessKey on resource: user nullweb_admin\", \"eventName\": \"CreateAccessKey\", \"requestID\": \"1377f1d2-9093-11e8-a22b-759b04dac456\", \"awsRegion\": \"us-east-1\"}"}, {"_time": "2018-08-20T17:16:12.000+08:00", "_raw": "{\"sourceIPAddress\": \"35.153.154.221\", \"eventTime\": \"2018-08-20T09:16:12Z\", \"userAgent\": \"Boto3/1.7.44 Python/2.7.12 Linux/4.4.0-1063-aws Botocore/1.10.44\", \"responseElements\": null, \"eventSource\": \"iam.amazonaws.com\", \"eventType\": \"AwsApiCall\", \"errorCode\": \"AccessDenied\", \"requestParameters\": null, \"userIdentity\": {\"accessKeyId\": \"AKIAJOGCDXJ5NW5PXUPA\", \"type\": \"IAMUser\", \"userName\": \"web_admin\", \"accountId\": \"622676721278\", \"arn\": \"arn:aws:iam::622676721278:user/web_admin\", \"principalId\": \"AIDAJNUCQVD57VVGYEFTQ\"}, \"eventID\": \"e25ed5d1-c0a2-4f36-aacb-a25a609d3200\", \"eventVersion\": \"1.02\", \"recipientAccountId\": \"622676721278\", \"errorMessage\": \"User: arn:aws:iam::622676721278:user/web_admin is not authorized to perform: iam:DeleteAccessKey on resource: user nullweb_admin\", \"eventName\": \"DeleteAccessKey\", \"requestID\": \"137559bc-9093-11e8-a22b-759b04dac456\", \"awsRegion\": \"us-east-1\"}"}, {"_time": "2018-08-20T17:16:12.000+08:00", "_raw": "{\"sourceIPAddress\": \"35.153.154.221\", \"eventTime\": \"2018-08-20T09:16:12Z\", \"userAgent\": \"Boto3/1.7.44 Python/2.7.12 Linux/4.4.0-1063-aws Botocore/1.10.44\", \"responseElements\": null, \"eventSource\": \"iam.amazonaws.com\", \"eventType\": \"AwsApiCall\", \"errorCode\": \"AccessDenied\", \"requestParameters\": null, \"userIdentity\": {\"accessKeyId\": \"AKIAJOGCDXJ5NW5PXUPA\", \"type\": \"IAMUser\", \"userName\": \"web_admin\", \"accountId\": \"622676721278\", \"arn\": \"arn:aws:iam::622676721278:user/web_admin\", \"principalId\": \"AIDAJNUCQVD57VVGYEFTQ\"}, \"eventID\": \"441802b0-01d6-4cf4-bf96-893173f69061\", \"eventVersion\": \"1.02\", \"recipientAccountId\": \"622676721278\", \"errorMessage\": \"User: arn:aws:iam::622676721278:user/web_admin is not authorized to perform: iam:CreateUser on resource: arn:aws:iam::622676721278:user/my_db_user\", \"eventName\": \"CreateUser\", \"requestID\": \"1373d317-9093-11e8-a22b-759b04dac456\", \"awsRegion\": \"us-east-1\"}"}, 