{"EventCode": "13", "count": "8"}, '

[Agent thinking]
FYODOR-L is confirmed in Sysmon with EventCode 11 (file create) and 15 (file stream) events. Now I'll list file-creation events on FYODOR-L in time order to find executable arrivals.


[STATE:verify_in]  step=5  msgs=10  errors=0  empty=0  verified=True
  last_msg: AIMessage -> tool_call: run_splunk_search({"query":"index=botsv3 sourcetype=\"XmlWinEventLog:Microsoft-Windows-Sysmon/Operational\" host=\"FYODOR-L\" EventCode=11 | table _time TargetFilename Image User | sort _time"})
[Verify REJECT] No Intention stated (retry 2/2)

[STATE:agent_in]  step=5  msgs=11  errors=0  empty=0  verified=False
  last_msg: ToolMessage -> '{"error": "Rejected: You must state your reasoning before calling any tool. Write an \'Intention: <why you are making thi'

[Agent thinking]
Intention: List all EventCode 11 (file creation) events on FYODOR-L in time order — 21 events is small enough to read in full — to identify the first executable file created/uploaded on that endpoint.


[STATE:verify_in]  step=6  msgs=12  errors=0  empty=0  verified=False
  last_msg: AIMessage -> tool_call: run_splunk_search({"query":"index=botsv3 sourcetype=\"XmlWinEventLog:Microsoft-Windows-Sysmon/Operational\" host=\"FYODOR-L\" EventCode=11 | table _time TargetFilename Image User | sort _time"})
[Verify REJECT] run_splunk_search — Rejected: SPL query must aggregate results with | stats, | top, or | rare. Add an aggregation command before submitting.

[STATE:agent_in]  step=6  msgs=13  errors=0  empty=0  verified=False
  last_msg: ToolMessage -> '{"error": "Rejected: SPL query must aggregate results with | stats, | top, or | rare. Add an aggregation command before '

[Agent response]
Intention: List all EventCode 11 (file creation) events on FYODOR-L in time order — 21 events is small enough to read in full — to identify the first executable file created/uploaded on that endpoint.



[WORKER RESULT] Senior-1-Q317: Intention: List all EventCode 11 (file creation) events on FYODOR-L in time order — 21 events is small enough to read in full — to identify the first executable file created/uploaded on that endpoint.
[s1] report template: missing section '## Prior rounds'; missing section '## Ruled out'

[STATE:agent_in]  step=0  msgs=15  errors=0  empty=0  verified=False
  last_msg: HumanMessage -> '[CONTINUE] On FYODOR-L, read the complete EventCode 11 file-creation set in time order and identify which created files '

[Agent thinking]
Intention: Read the complete EventCode 11 file-creation set on FYODOR-L in time order (21 events, fits fully in one result) to identify which created files are executables and which is earliest.


[STATE:verify_in]  step=1  msgs=16  errors=0  empty=0  verified=False
  last_msg: AIMessage -> tool_call: run_splunk_search({"query":"index=botsv3 sourcetype=\"XmlWinEventLog:Microsoft-Windows-Sysmon/Operational\" host=\"FYODOR-L\" EventCode=11 | stats count by _time TargetFilename Image User | sort _time"})
[Verify OK]     run_splunk_search

[STATE:execute_in]  step=1  msgs=16  errors=0  empty=0  verified=True
  last_msg: AIMessage -> tool_call: run_splunk_search({"query":"index=botsv3 sourcetype=\"XmlWinEventLog:Microsoft-Windows-Sysmon/Operational\" host=\"FYODOR-L\" EventCode=11 | stats count by _time TargetFilename Image User | sort _time"})
[Execute] run_splunk_search({"query":"index=botsv3 sourcetype=\"XmlWinEventLog:Microsoft-Windows-Sysmon/Operational\" host=\"FYODOR-L\" EventCode=11 | stats count by _time TargetFilename Image User | sort _time"})
          -> {"results": [], "meta": {"total_event_count": 0, "returned": 0, "sid": "1790259650.1454"}}


[STATE:agent_in]  step=1  msgs=17  errors=0  empty=1  verified=True
  last_msg: ToolMessage -> '{"results": [], "meta": {"total_event_count": 0, "returned": 0, "sid": "1790259650.1454"}}'

[Agent thinking]
Intention: The stats returned zero — the field names may differ (e.g., TargetFilename may not be extracted). Sample raw EventCode 11 events on FYODOR-L to learn the actual field structure.



[STATE:verify_in]  step=2  msgs=18  errors=0  empty=1  verified=True
  last_msg: AIMessage -> tool_call: sample_events({"count":5,"sourcetype":"XmlWinEventLog:Microsoft-Windows-Sysmon/Operational"})
[Verify OK]     sample_events

[STATE:execute_in]  step=2  msgs=18  errors=0  empty=1  verified=True
  last_msg: AIMessage -> tool_call: sample_events({"count":5,"sourcetype":"XmlWinEventLog:Microsoft-Windows-Sysmon/Operational"})
[Execute] sample_events({"count":5,"sourcetype":"XmlWinEventLog:Microsoft-Windows-Sysmon/Operational"})
          -> {"results": [{"_time": "2018-08-20T23:17:59.000+08:00", "_raw": "<Event xmlns='http://schemas.microsoft.com/win/2004/08/events/event'><System><Provider Name='Microsoft-Windows-Sysmon' Guid='{5770385F-C22A-43E0-BF4C-06F5698FFBD9}'/><EventID>1</EventID><Version>5</Version><Level>4</Level><Task>1</Task><Opcode>0</Opcode><Keywords>0x8000000000000000</Keywords><TimeCreated SystemTime='2018-08-20T15:17:59.940594300Z'/><EventRecordID>36446</EventRecordID><Correlation/><Execution ProcessID='3516' ThreadID='5172'/><Channel>Microsoft-Windows-Sysmon/Operational</Channel><Computer>BGIST-L.froth.ly</Computer><Security UserID='S-1-5-18'/></System><EventData><Data Name='UtcTime'>2018-08-20 15:17:59.929</Data><Data Name='ProcessGuid'>{EBF7A186-0B7B-5B59-0000-001044A3CD01}</Data><Data Name='ProcessId'>6236</Data><Data Name='Image'>C:\\Windows\\System32\\findstr.exe</Data><Data Name='FileVersion'>10.0.17134.1 (WinBuild.160101.0800)</Data><Data Name='Description'>Find String (QGREP) Utility</Data><Data Name='Product'>Microsoft\u00ae Windows\u00ae Operating System</Data><Data Name='Company'>Microsoft Corporation</Data><Data Name='CommandLine'>findstr  /r \"LISTENING\"</Data><Data Name='CurrentDirectory'>C:\\Windows\\system32\\</Data><Data Name='User'>NT AUTHORITY\\SYSTEM</Data><Data Name='LogonGuid'>{EBF7A186-AB15-5B58-0000-0020E7030000}</Data><Data Name='LogonId'>0x3e7</Data><Data Name='TerminalSessionId'>0</Data><Data Name='IntegrityLevel'>System</Data><Data Name='Hashes'>MD5=BCC8F29B929DABF5489C9BE6587FF66D,SHA256=40F83CE0B6E1C894AB766591574ABD5B6780028C874410F2EC224300DF443C81</Data><Data Name='ParentProcessGuid'>{EBF7A186-0B7B-5B59-0000-0010249FCD01}</Data><Data Name='ParentProcessId'>5428</Data><Data Name='ParentImage'>C:\\Windows\\System32\\cmd.exe</Data><Data Name='ParentCommandLine'>C:\\Windows\\system32\\cmd.exe /c netstat -nao | findstr /r \"LISTENING\"</Data></EventData></Event>"}, {"_time": "2018-08-20T23:17:59.000+08:00", "_raw": "<Event xmlns='http://schemas.microsoft.com/win/2004/08/events/event'><System><Provider Name='Microsoft-Windows-Sysmon' Guid='{5770385F-C22A-43E0-BF4C-06F5698FFBD9}'/><EventID>1</EventID><Version>5</Version><Level>4</Level><Task>1</Task><Opcode>0</Opcode><Keywords>0x8000000000000000</Keywords><TimeCreated SystemTime='2018-08-20T15:17:59.926364500Z'/><EventRecordID>36445</EventRecordID><Correlation/><Execution ProcessID='3516' ThreadID='5172'/><Channel>Microsoft-Windows-Sysmon/Operational</Channel><Computer>BGIST-L.froth.ly</Computer><Security UserID='S-1-5-18'/></System><EventData><Data Name='UtcTime'>2018-08-20 15:17:59.915</Data><Data Name='ProcessGuid'>{EBF7A186-0B7B-5B59-0000-001036A2CD01}</Data><Data Name='ProcessId'>708</Data><Data Name='Image'>C:\\Windows\\System32\\NETSTAT.EXE</Data><Data Name='FileVersion'>10.0.17134.1 (WinBuild.160101.0800)</Data><Data Name='Description'>TCP/IP Netstat Command</Data><Data Name='Product'>Microsoft\u00ae Windows\u00ae Operating System</Data><Data Name='Company'>Microsoft Corporation</Data><Data Name='CommandLine'>netstat  -nao </Data><Data Name='CurrentDirectory'>C:\\Windows\\system32\\</Data><Data Name='User'>NT AUTHORITY\\SYSTEM</Data><Data Name='LogonGuid'>{EBF7A186-AB15-5B58-0000-0020E7030000}</Data><Data Name='LogonId'>0x3e7</Data><Data Name='TerminalSessionId'>0</Data><Data Name='IntegrityLevel'>System</Data><Data Name='Hashes'>MD5=1FB68CF12310CD932BA464B58EF7F524,SHA256=4631C03A1CC798EEF61CCDA3EC887475E201C9A7D14A90A1DEEE86BE62213951</Data><Data Name='ParentProcessGuid'>{EBF7A186-0B7B-5B59-0000-0010249FCD01}</Data><Data Name='ParentProcessId'>5428</Data><Data Name='ParentImage'>C:\\Windows\\System32\\cmd.exe</Data><Data Name='ParentCommandLine'>C:\\Windows\\system32\\cmd.exe /c netstat -nao | findstr /r \"LISTENING\"</Data></EventData></Event>"}, {"_time": "2018-08-20T23:17:59.000+08:00", "_raw": "<Event xmlns='http://schemas.microsoft.com/win/2004/08/events/event'><System><Provider Name='Microsoft-Windows-Sysmon' Guid='{5770385F-C22A-43E0-BF4C-06F5698FFBD9}'/><EventID>1</EventID><Version>5</Version><Level>4</Level><Task>1</Task><Opcode>0</Opcode><Keywords>0x8000000000000000</Keywords><TimeCreated SystemTime='2018-08-20T15:17:59.887498100Z'/><EventRecordID>36444</EventRecordID><Correlation/><Execution ProcessID='3516' ThreadID='5172'/><Channel>Microsoft-Windows-Sysmon/Operational</Channel><Computer>BGIST-L.froth.ly</Computer><Security UserID='S-1-5-18'/></System><EventData><Data Name='UtcTime'>2018-08-20 15:17:59.882</Data><Data Name='ProcessGuid'>{EBF7A186-0B7B-5B59-0000-0010249FCD01}</Data><Data Name='ProcessId'>5428</Data><Data Name='Image'>C:\\Windows\\System32\\cmd.exe</Data><Data Name='FileVersion'>10.0.17134.1 (WinBuild.160101.0800)</Data><Data Name='Description'>Windows Command Processor</Data><Data Name='Product'>Microsoft\u00ae Windows\u00ae Operating System</Data><Data Name='Company'>Microsoft Corporation</Data><Data Name='CommandLine'>C:\\Windows\\system32\\cmd.exe /c netstat -nao | findstr /r \"LISTENING\"</Data><Data Name='CurrentDirectory'>C:\\Windows\\system32\\</Data><Data Name='User'>NT AUTHORITY\\SYSTEM</Data><Data Name='LogonGuid'>{EBF7A186-AB15-5B58-0000-0020E7030000}</Data><Data Name='LogonId'>0x3e7</Data><Data Name='TerminalSessionId'>0</Data><Data Name='IntegrityLevel'>System</Data><Data Name='Hashes'>MD5=4E2ACF4F8A396486AB4268C94A6A245F,SHA256=9A7C58BD98D70631AA1473F7B57B426DB367D72429A5455B433A05EE251F3236</Data><Data Name='ParentProcessGuid'>{EBF7A186-0B7B-5B59-0000-0010CB83CD01}</Data><Data Name='ParentProcessId'>2776</Data><Data Name='ParentImage'>C:\\Windows\\System32\\cmd.exe</Data><Data Name='ParentCommandLine'>C:\\Windows\\system32\\cmd.exe /c \"\"C:\\Program Files\\SplunkUniversalForwarder\\etc\\apps\\Splunk_TA_windows\\bin\\win_listening_ports.bat\"\"</Data></EventData></Event>"}, {"_time": "2018-08-20T23:17:59.000+08:00", "_raw": "<Event xmlns='http://schemas.microsoft.com/win/2004/08/events/event'><System><Provider Name='Microsoft-Windows-Sysmon' Guid='{5770385F-C22A-43E0-BF4C-06F5698FFBD9}'/><EventID>1</EventID><Version>5</Version><Level>4</Level><Task>1</Task><Opcode>0</Opcode><Keywords>0x8000000000000000</Keywords><TimeCreated SystemTime='2018-08-20T15:17:59.743460100Z'/><EventRecordID>36443</EventRecordID><Correlation/><Execution ProcessID='3516' ThreadID='5172'/><Channel>Microsoft-Windows-Sysmon/Operational</Channel><Computer>BGIST-L.froth.ly</Computer><Security UserID='S-1-5-18'/></System><EventData><Data Name='UtcTime'>2018-08-20 15:17:59.728</Data><Data Name='ProcessGuid'>{EBF7A186-0B7B-5B59-0000-00101692CD01}</Data><Data Name='ProcessId'>5008</Data><Data Name='Image'>C:\\Windows\\System32\\wbem\\WMIC.exe</Data><Data Name='FileVersion'>10.0.17134.1 (WinBuild.160101.0800)</Data><Data Name='Description'>WMI Commandline Utility</Data><Data Name='Product'>Microsoft\u00ae Windows\u00ae Operating System</Data><Data Name='Company'>Microsoft Corporation</Data><Data Name='CommandLine'>wmic  os get LocalDateTime /value </Data><Data Name='CurrentDirectory'>C:\\Windows\\system32\\</Data><Data Name='User'>NT AUTHORITY\\SYSTEM</Data><Data Name='LogonGuid'>{EBF7A186-AB15-5B58-0000-0020E7030000}</Data><Data Name='LogonId'>0x3e7</Data><Data Name='TerminalSessionId'>0</Data><Data Name='IntegrityLevel'>System</Data><Data Name='Hashes'>MD5=EC80E603E0090B3AC3C1234C2BA43A0F,SHA256=D368BCB7934DB0C53D1E7277DCB47AF2B709253CBF0EEE9869EE7E17ED226EA3</Data><Data Name='ParentProcessGuid'>{EBF7A186-0B7B-5B59-0000-0010948ECD01}</Data><Data Name='ParentProcessId'>1088</Data><Data Name='ParentImage'>C:\\Windows\\System32\\cmd.exe</Data><Data Name='ParentCommandLine'>C:\\Windows\\system32\\cmd.exe /c wmic os get LocalDateTime /value 2&gt;nul</Data></EventData></Event>"}, {"_time": "2018-08-20T23:17:59.000+08:00", "_raw": "<Event xmlns='http://schemas.microsoft.com/win/2004/08/events/event'><System><Provider Name='Microsoft-Windows-Sysmon' Guid='{5770385F-C22A-43E0-BF4C-06F5698FFBD9}'/><EventID>1</EventID><Version>5</Version><Level>4</Level><Task>1</Task><Opcode>0</Opcode><Keywords>0x8000000000000000</Keywords><TimeCreated SystemTime='2018-08-20T15:17:59.698553600Z'/><EventRecordID>36442</EventRecordID><Correlation/><Execution ProcessID='3516' ThreadID='5172'/><Channel>Microsoft-Windows-Sysmon/Operational</Channel><Computer>BGIST-L.froth.ly</Computer><Security UserID='S-1-5-18'/></System><EventData><Data Name='UtcTime'>2018-08-20 15:17:59.692</Data><Data Name='ProcessGuid'>{EBF7A186-0B7B-5B59-0000-0010948ECD01}</Data><Data Name='ProcessId'>1088</Data><Data Name='Image'>C:\\Windows\\System32\\cmd.exe</Data><Data Name='FileVersion'>10.0.17134.1 (WinBuild.160101.0800)</Data><Data Name='Description'>Windows Command Processor</Data><Data Name='Product'>Microsoft\u00ae Windows\u00ae Operating System</Data><Data Name='Company'>Microsoft Corporation</Data><Data Name='CommandLine'>C:\\Windows\\system32\\cmd.exe /c wmic os get LocalDateTime /value 2&gt;nul</Data><Data Name='CurrentDirectory'>C:\\Windows\\system32\\</Data><Data Name='User'>NT AUTHORITY\\SYSTEM</Data><Data Name='LogonGuid'>{EBF7A186-AB15-5B58-0000-0020E7030000}</Data><Data Name='LogonId'>0x3e7</Data><Data Name='TerminalSessionId'>0</Data><Data Name='IntegrityLevel'>System</Data><Data Name='Hashes'>MD5=4E2ACF4F8A396486AB4268C94A6A245F,SHA256=9A7C58BD98D70631AA1473F7B57B426DB367D72429A5455B433A05EE251F3236</Data><Data Name='ParentProcessGuid'>{EBF7A186-0B7B-5B59-0000-0010CB83CD01}</Data><Data Name='ParentProcessId'>2776</Data><Data Name='ParentImage'>C:\\Windows\\System32\\cmd.exe</Data><Data Name='ParentCommandLine'>C:\\Windows\\system32\\cmd.exe /c \"\"C:\\Program Files\\SplunkUniversalForwarder\\etc\\apps\\Splunk_TA_windows\\bin\\win_listening_ports.bat\"\"</Data></EventData></Event>"}], "meta": {"total_event_count": 5, "returned": 5, "sid": "1790259658.1455"}}


[STATE:agent_in]  step=2  msgs=19  errors=0  empty=1  verified=True
  last_msg: ToolMessage -> '{"results": [{"_time": "2018-08-20T23:17:59.000+08:00", "_raw": "<Event xmlns=\'http://schemas.microsoft.com/win/2004/08/'

[Agent thinking]
The sample shows raw XML events (from BGIST-L). I need to check which fields are actually extracted for this sourcetype before querying FYODOR-L's file-creation events.



[STATE:verify_in]  step=3  msgs=20  errors=0  empty=1  verified=True
  last_msg: AIMessage -> tool_call: get_sourcetype_fields({"sourcetype":"XmlWinEventLog:Microsoft-Windows-Sysmon/Operational"})
[Verify REJECT] No Intention stated (retry 1/2)

[STATE:agent_in]  step=3  msgs=21  errors=0  empty=1  verified=False
  last_msg: ToolMessage -> '{"error": "Rejected: You must state your reasoning before calling any tool. Write an \'Intention: <why you are making thi'

[Agent thinking]
Intention: Learn which fields are extracted for the Sysmon sourcetype (e.g., whether TargetFilename is a field or only in _raw), so my EventCode 11 query on FYODOR-L uses real field names.



[STATE:verify_in]  step=4  msgs=22  errors=0  empty=1  verified=False
  last_msg: AIMessage -> tool_call: get_sourcetype_fields({"sourcetype":"XmlWinEventLog:Microsoft-Windows-Sysmon/Operational"})
[Verify OK]     get_sourcetype_fields

[STATE:execute_in]  step=4  msgs=22  errors=0  empty=1  verified=True
  last_msg: AIMessage -> tool_call: get_sourcetype_fields({"sourcetype":"XmlWinEventLog:Microsoft-Windows-Sysmon/Operational"})
[Execute] get_sourcetype_fields({"sourcetype":"XmlWinEventLog:Microsoft-Windows-Sysmon/Operational"})
          -> {"results": [{"field": "Computer", "count": "9212", "distinct_count": "8", "values": "[{\"value\":\"FYODOR-L.froth.ly\",\"count\":4126},{\"value\":\"ABUNGST-L.froth.ly\",\"count\":1479},{\"value\":\"BSTOLL-L.froth.ly\",\"count\":1048}]"}, {"field": "EventChannel", "count": "9212", "distinct_count": "1", "values": "[{\"value\":\"Microsoft-Windows-Sysmon/Operational\",\"count\":9212}]"}, {"field": "EventCode", "count": "9212", "distinct_count": "11", "values": "[{\"value\":\"3\",\"count\":5072},{\"value\":\"1\",\"count\":3616},{\"value\":\"11\",\"count\":172}]"}, {"field": "EventDescription", "count": "9212", "distinct_count": "11", "values": "[{\"value\":\"Network Connect\",\"count\":5072},{\"value\":\"Process Create\",\"count\":3616},{\"value\":\"File Created\",\"count\":172}]"}, {"field": "EventID", "count": "9212", "distinct_count": "11", "values": "[{\"value\":\"3\",\"count\":5072},{\"value\":\"1\",\"count\":3616},{\"value\":\"11\",\"count\":172}]"}, {"field": "Keywords", "count": "9212", "distinct_count": "1", "values": "[{\"value\":\"0x8000000000000000\",\"count\":9212}]"}, {"field": "Level", "count": "9212", "distinct_count": "1", "values": "[{\"value\":\"4\",\"count\":9212}]"}, {"field": "Opcode", "count": "9212", "distinct_count": "1", "values": "[{\"value\":\"0\",\"count\":9212}]"}, {"field": "RecordID", "count": "9212", "distinct_count": "15", "values": "[{\"value\":\"31850\",\"count\":3},{\"value\":\"31851\",\"count\":3},{\"value\":\"31852\",\"count\":3}]"}, {"field": "SecurityID", "count": "9212", "distinct_count": "1", "values": "[{\"value\":\"S-1-5-18\",\"count\":9212}]"}, {"field": "Task", "count": "9212", "distinct_count": "11", "values": "[{\"value\":\"3\",\"count\":5072},{\"value\":\"1\",\"count\":3616},{\"value\":\"11\",\"count\":172}]"}, {"field": "TimeCreated", "count": "9212", "distinct_count": "15", "values": "[{\"value\":\"2018-08-20T09:04:38.907628000Z\",\"count\":1},{\"value\":\"2018-08-20T09:04:56.935401400Z\",\"count\":1},{\"value\":\"2018-08-20T09:06:04.314571700Z\",\"count\":1}]"}, {"field": "UtcTime", "count": "9212", "distinct_count": "15", "values": "[{\"value\":\"2018-08-20 09:59:28.819\",\"count\":7},{\"value\":\"2018-08-20 10:11:37.542\",\"count\":7},{\"value\":\"2018-08-20 10:11:37.543\",\"count\":7}]"}, {"field": "Version", "count": "9212", "distinct_count": "4", "values": "[{\"value\":\"5\",\"count\":8688},{\"value\":\"2\",\"count\":433},{\"value\":\"3\",\"count\":90}]"}, {"field": "action", "count": "9212", "distinct_count": "1", "values": "[{\"value\":\"allowed\",\"count\":9212}]"}, {"field": "direction", "count": "9212", "distinct_count": "2", "values": "[{\"value\":\"outbound\",\"count\":5072},{\"value\":\"inbound\",\"count\":4140}]"}, {"field": "dvc", "count": "9212", "distinct_count": "8", "values": "[{\"value\":\"FYODOR-L.froth.ly\",\"count\":4126},{\"value\":\"ABUNGST-L.froth.ly\",\"count\":1479},{\"value\":\"BSTOLL-L.froth.ly\",\"count\":1048}]"}, {"field": "eventtype", "count": "9212", "distinct_count": "6", "values": "[{\"value\":\"windows_ta_data\",\"count\":9212},{\"value\":\"ms-sysmon-network\",\"count\":5072},{\"value\":\"ms-sysmon-process\",\"count\":3752}]"}, {"field": "host", "count": "9212", "distinct_count": "8", "values": "[{\"value\":\"FYODOR-L\",\"count\":4126},{\"value\":\"ABUNGST-L\",\"count\":1479},{\"value\":\"BSTOLL-L\",\"count\":1048}]"}, {"field": "index", "count": "9212", "distinct_count": "1", "values": "[{\"value\":\"botsv3\",\"count\":9212}]"}, {"field": "linecount", "count": "9212", "distinct_count": "1", "values": "[{\"value\":\"1\",\"count\":9212}]"}, {"field": "process", "count": "9212", "distinct_count": "15", "values": "[{\"value\":\"powershell.exe\",\"count\":4960},{\"value\":\"cmd.exe\",\"count\":971},{\"value\":\"WMIC.exe\",\"count\":502}]"}, {"field": "punct", "count": "9212", "distinct_count": "1", "values": "[{\"value\":\"<_='://../////'><><_='--'_='{----}'/><><\\/><><\\/><><\",\"count\":9212}]"}, {"field": "signature", "count": "9212", "distinct_count": "11", "values": "[{\"value\":\"Network Connect\",\"count\":5072},{\"value\":\"Process Create\",\"count\":3616},{\"value\":\"File Created\",\"count\":172}]"}, {"field": "signature_id", "count": "9212", "distinct_count": "11", "values": "[{\"value\":\"3\",\"count\":5072},{\"value\":\"1\",\"count\":3616},{\"value\":\"11\",\"count\":172}]"}, {"field": "source", "count": "9212", "distinct_count": "1", "values": "[{\"value\":\"WinEventLog:Microsoft-Windows-Sysmon/Operational\",\"count\":9212}]"}, {"field": "sourcetype", "count": "9212", "distinct_count": "1", "values": "[{\"value\":\"XmlWinEventLog:Microsoft-Windows-Sysmon/Operational\",\"count\":9212}]"}, {"field": "splunk_server", "count": "9212", "distinct_count": "1", "values": "[{\"value\":\"DESKTOP-Q4TP1FN\",\"count\":9212}]"}, {"field": "vendor_product", "count": "9212", "distinct_count": "1", "values": "[{\"value\":\"Microsoft Sysmon\",\"count\":9212}]"}, {"field": "tag", "count": "9207", "distinct_count": "9", "values": "[{\"value\":\"communicate\",\"count\":5072},{\"value\":\"network\",\"count\":5072},{\"value\":\"process\",\"count\":3752}]"}, {"field": "tag::eventtype", "count": "9207", "distinct_count": "7", "values": "[{\"value\":\"communicate\",\"count\":5072},{\"value\":\"network\",\"count\":5072},{\"value\":\"process\",\"count\":3752}]"}, {"field": "Image", "count": "9166", "distinct_count": "15", "values": "[{\"value\":\"C:\\\\Windows\\\\System32\\\\WindowsPowerShell\\\\v1.0\\\\powershell.exe\",\"count\":4958},{\"value\":\"C:\\\\Windows\\\\System32\\\\cmd.exe\",\"count\":971},{\"value\":\"C:\\\\Windows\\\\System32\\\\wbem\\\\WMIC.exe\",\"count\":502}]"}, {"field": "ProcessGuid", "count": "9166", "distinct_count": "15", "values": "[{\"value\":\"{EBF7A186-C300-5B58-0000-001007E5CA01}\",\"count\":1129},{\"value\":\"{EBF7A186-C2D3-5B58-0000-0010D8354D04}\",\"count\":1072},{\"value\":\"{EBF7A186-C52C-5B58-0000-0010E061DB01}\",\"count\":1020}]"}, {"field": "ProcessId", "count": "9166", "distinct_count": "15", "values": "[{\"value\":\"5588\",\"count\":1131},{\"value\":\"232\",\"count\":1073},{\"value\":\"5448\",\"count\":1020}]"}, {"field": "app", "count": "9166", "distinct_count": "15", "values": "[{\"value\":\"C:\\\\Windows\\\\System32\\\\WindowsPowerShell\\\\v1.0\\\\powershell.exe\",\"count\":4958},{\"value\":\"C:\\\\Windows\\\\System32\\\\cmd.exe\",\"count\":971},{\"value\":\"C:\\\\Windows\\\\System32\\\\wbem\\\\WMIC.exe\",\"count\":502}]"}, {"field": "process_id", "count": "9166", "distinct_count": "15", "values": "[{\"value\":\"5588\",\"count\":1131},{\"value\":\"232\",\"count\":1073},{\"value\":\"5448\",\"count\":1020}]"}, {"field": "session_id", "count": "9166", "distinct_count": "15", "values": "[{\"value\":\"{EBF7A186-C300-5B58-0000-001007E5CA01}\",\"count\":1129},{\"value\":\"{EBF7A186-C2D3-5B58-0000-0010D8354D04}\",\"count\":1072},{\"value\":\"{EBF7A186-C52C-5B58-0000-0010E061DB01}\",\"count\":1020}]"}, {"field": "dest", "count": "9070", "distinct_count": "15", "values": "[{\"value\":\"45.77.53.176.vultr.com\",\"count\":4916},{\"value\":\"BSTOLL-L.froth.ly\",\"count\":994},{\"value\":\"PCERF-L.froth.ly\",\"count\":705}]"}, {"field": "User", "count": "8688", "distinct_count": "12", "values": "[{\"value\":\"NT AUTHORITY\\\\SYSTEM\",\"count\":4760},{\"value\":\"AzureAD\\\\FyodorMalteskesko\",\"count\":2017},{\"value\":\"AzureAD\\\\AlBungstein\",\"count\":1103}]"}, {"field": "user", "count": "8688", "distinct_count": "12", "values": "[{\"value\":\"NT AUTHORITY\\\\SYSTEM\",\"count\":4760},{\"value\":\"AzureAD\\\\FyodorMalteskesko\",\"count\":2017},{\"value\":\"AzureAD\\\\AlBungstein\",\"count\":1103}]"}, {"field": "DestinationIp", "count": "5072", "distinct_count": "15", "values": "[{\"value\":\"45.77.53.176\",\"count\":4920},{\"value\":\"192.168.9.30\",\"count\":61},{\"value\":\"52.166.12.243\",\"count\":24}]"}, {"field": "DestinationIsIpv6", "count": "5072", "distinct_count": "1", "values": "[{\"value\":\"false\",\"count\":5072}]"}, {"field": "DestinationPort", "count": "5072", "distinct_count": "11", "values": "[{\"value\":\"443\",\"count\":4988},{\"value\":\"8080\",\"count\":53},{\"value\":\"22\",\"count\":14}]"}, {"field": "Initiated", "count": "5072", "distinct_count": "1", "values": "[{\"value\":\"true\",\"count\":5072}]"}, {"field": "Protocol", "count": "5072", "distinct_count": "1", "values": "[{\"value\":\"tcp\",\"count\":5072}]"}, {"field": "SourceHostname", "count": "5072", "distinct_count": "8", "values": "[{\"value\":\"FYODOR-L.froth.ly\",\"count\":3931},{\"value\":\"ABUNGST-L.froth.ly\",\"count\":1073},{\"value\":\"BTUN-L.froth.ly\",\"count\":31}]"}, {"field": "SourceIp", "count": "5072", "distinct_count": "11", "values": "[{\"value\":\"192.168.70.186\",\"count\":3859},{\"value\":\"192.168.24.128\",\"count\":1073},{\"value\":\"192.168.8.103\",\"count\":66}]"}, {"field": "SourceIsIpv6", "count": "5072", "distinct_count": "1", "values": "[{\"value\":\"false\",\"count\":5072}]"}, {"field": "SourcePort", "count": "5072", "distinct_count": "15", "values": "[{\"value\":\"51003\",\"count\":3},{\"value\":\"49161\",\"count\":2},{\"value\":\"49153\",\"count\":1}]"}, {"field": "dest_ip", "count": "5072", "distinct_count": "15", "values": "[{\"value\":\"45.77.53.176\",\"count\":4920},{\"value\":\"192.168.9.30\",\"count\":61},{\"value\":\"52.166.12.243\",\"count\":24}]"}, {"field": "dest_port", "count": "5072", "distinct_count": "11", "values": "[{\"value\":\"443\",\"count\":4988},{\"value\":\"8080\",\"count\":53},{\"value\":\"22\",\"count\":14}]"}, {"field": "src", "count": "5072", "distinct_count": "8", "values": "[{\"value\":\"FYODOR-L.froth.ly\",\"count\":3931},{\"value\":\"ABUNGST-L.froth.ly\",\"count\":1073},{\"value\":\"BTUN-L.froth.ly\",\"count\":31}]"}, {"field": "src_host", "count": "5072", "distinct_count": "8", "values": "[{\"value\":\"FYODOR-L.froth.ly\",\"count\":3931},{\"value\":\"ABUNGST-L.froth.ly\",\"count\":1073},{\"value\":\"BTUN-L.froth.ly\",\"count\":31}]"}, {"field": "src_ip", "count": "5072", "distinct_count": "11", "values": "[{\"value\":\"192.168.70.186\",\"count\":3859},{\"value\":\"192.168.24.128\",\"count\":1073},{\"value\":\"192.168.8.103\",\"count\":66}]"}, {"field": "src_port", "count": "5072", "distinct_count": "15", "values": "[{\"value\":\"51003\",\"count\":3},{\"value\":\"49161\",\"count\":2},{\"value\":\"49153\",\"count\":1}]"}], "meta": {"total_event_count": 111, "returned": 111, "sid": "1790259669.1456", "clipped": "values longer than 1500 chars are cut; extract what you need with rex/eval to read the rest", "truncated": "showing 55 of 111 rows \u2014 the rest were not returned (too large); narrow the query to get a shorter answer"}}


[STATE:agent_in]  step=4  msgs=23  errors=0  empty=1  verified=True
  last_msg: ToolMessage -> '{"results": [{"field": "Computer", "count": "9212", "distinct_count": "8", "values": "[{\\"value\\":\\"FYODOR-L.froth.ly\\",'

[Agent thinking]
Intention: TargetFilename is not an extracted field (absent from fieldsummary), so file names live only in _raw; I'll rex-extract TargetFilename from FYODOR-L's 21 EventCode 11 events and order by earliest creation time.



[STATE:verify_in]  step=5  msgs=24  errors=0  empty=1  verified=True
  last_msg: AIMessage -> tool_call: run_splunk_search({"query":"index=botsv3 sourcetype=\"XmlWinEventLog:Microsoft-Windows-Sysmon/Operational\" host=\"FYODOR-L\" EventCode=11 | rex field=_raw \"Name='TargetFilename'>(?<TargetFilename>[^<]+)\" | stats min(_time) as first_time count by TargetFilename | sort first_time"})
[Verify OK]     run_splunk_search

[STATE:execute_in]  step=5  msgs=24  errors=0  empty=1  verified=True
  last_msg: AIMessage -> tool_call: run_splunk_search({"query":"index=botsv3 sourcetype=\"XmlWinEventLog:Microsoft-Windows-Sysmon/Operational\" host=\"FYODOR-L\" EventCode=11 | rex field=_raw \"Name='TargetFilename'>(?<TargetFilename>[^<]+)\" | stats min(_time) as first_time count by TargetFilename | sort first_time"})
[Execute] run_splunk_search({"query":"index=botsv3 sourcetype=\"XmlWinEventLog:Microsoft-Windows-Sysmon/Operational\" host=\"FYODOR-L\" EventCode=11 | rex field=_raw \"Name='TargetFilename'>(?<TargetFilename>[^<]+)\" | stats min(_time) as first_time count by TargetFilename | sort first_time"})
          -> {"results": [{"TargetFilename": "C:\\Users\\FyodorMalteskesko\\AppData\\Local\\Packages\\Microsoft.MicrosoftEdge_8wekyb3d8bbwe\\TempState\\Downloads\\BRUCE BIRTHDAY HAPPY HOUR PICS.lnk.gapi8f2.partial", "first_time": "1534759293", "count": "1"}, {"TargetFilename": "C:\\Users\\FyodorMalteskesko\\AppData\\Local\\Packages\\Microsoft.MicrosoftEdge_8wekyb3d8bbwe\\TempState\\Downloads\\BRUCE BIRTHDAY HAPPY HOUR PICS (1).lnk.qy8e4dh.partial", "first_time": "1534759296", "count": "2"}, {"TargetFilename": "C:\\Users\\FyodorMalteskesko\\AppData\\Local\\Packages\\Microsoft.MicrosoftEdge_8wekyb3d8bbwe\\TempState\\Downloads\\BRUCE BIRTHDAY HAPPY HOUR PICS (1).lnk.qy8e4dh.partial:Zone.Identifier", "first_time": "1534759298", "count": "1"}, {"TargetFilename": "C:\\Users\\FyodorMalteskesko\\AppData\\Local\\Packages\\Microsoft.MicrosoftEdge_8wekyb3d8bbwe\\TempState\\Downloads\\BRUCE BIRTHDAY HAPPY HOUR PICS (1).lnk", "first_time": "1534759301", "count": "1"}, {"TargetFilename": "C:\\Users\\FyodorMalteskesko\\AppData\\Local\\Temp\\__PSScriptPolicyTest_equi3wwh.s2h.ps1", "first_time": "1534759302", "count": "1"}, {"TargetFilename": "C:\\Users\\FyodorMalteskesko\\AppData\\Local\\Temp\\__PSScriptPolicyTest_oiww1jjj.fo5.ps1", "first_time": "1534759304", "count": "1"}, {"TargetFilename": "C:\\Users\\FyodorMalteskesko\\AppData\\Local\\Temp\\__PSScriptPolicyTest_4ysjugtb.32q.ps1", "first_time": "1534759626", "count": "1"}, {"TargetFilename": "C:\\Users\\FyodorMalteskesko\\AppData\\Local\\Temp\\__PSScriptPolicyTest_to1mhtq0.dle.ps1", "first_time": "1534759626", "count": "1"}, {"TargetFilename": "C:\\Windows\\System32\\Tasks\\Updater", "first_time": "1534759784", "count": "1"}, {"TargetFilename": "C:\\Windows\\Temp\\__PSScriptPolicyTest_swvo5cbn.khc.ps1", "first_time": "1534759860", "count": "1"}, {"TargetFilename": "C:\\Windows\\Temp\\__PSScriptPolicyTest_gyiame5o.sxw.ps1", "first_time": "1534760127", "count": "1"}, {"TargetFilename": "C:\\Windows\\System32\\drivers\\etc\\hosts.ac.tmp", "first_time": "1534760617", "count": "3"}, {"TargetFilename": "C:\\Windows\\Temp\\hdoor.exe", "first_time": "1534761769", "count": "1"}, {"TargetFilename": "C:\\Windows\\Temp\\unziped\\lsof-master\\iexeplorer.exe", "first_time": "1534762061", "count": "1"}, {"TargetFilename": "C:\\Windows\\Temp\\unziped\\lsof-master\\powershell.exe", "first_time": "1534762061", "count": "1"}, {"TargetFilename": "C:\\Users\\FyodorMalteskesko\\AppData\\Local\\Temp\\__PSScriptPolicyTest_m4mweu01.w0d.ps1", "first_time": "1534764733", "count": "1"}, {"TargetFilename": "C:\\Users\\FyodorMalteskesko\\AppData\\Local\\Temp\\__PSScriptPolicyTest_pmhyaqar.n3i.ps1", "first_time": "1534764733", "count": "1"}, {"TargetFilename": "C:\\Users\\FYODOR~1\\AppData\\Local\\Temp\\3F5D15FE-AD68-4E1F-B3C4-90E199AF3640\\DismHost.exe", "first_time": "1534764864", "count": "1"}], "meta": {"total_event_count": 18, "returned": 18, "sid": "1790259693.1457"}}


[STATE:agent_in]  step=5  msgs=25  errors=0  empty=1  verified=True
  last_msg: ToolMessage -> '{"results": [{"TargetFilename": "C:\\\\Users\\\\FyodorMalteskesko\\\\AppData\\\\Local\\\\Packages\\\\Microsoft.MicrosoftEdge_8wekyb3'

[Agent thinking]
Sysmon file-creation telemetry on FYODOR-L is complete and readable: 18 distinct files, all on Aug 20. The executables (.exe) in order: `hdoor.exe` (first, epoch 1534761769), then `iexeplorer.exe`/`powershell.exe` (unziped\lsof-master), then `DismHost.exe`. Now I need (a) how hdoor.exe arrived (creating process = "upload" evidence), and (b) EventCode 15 file-stream events which may show earlier downloaded files.

Intention: Read raw Sysmon events mentioning "hdoor" to see the creating process, hash, and execution of hdoor.exe on FYODOR-L.


[STATE:verify_in]  step=6  msgs=26  errors=0  empty=1  verified=True
  last_msg: AIMessage -> tool_call: get_raw_events({"keyword":"hdoor","sourcetype":"XmlWinEventLog:Microsoft-Windows-Sysmon/Operational","limit":10})
[Verify OK]     get_raw_events

[STATE:execute_in]  step=6  msgs=26  errors=0  empty=1  verified=True
  last_msg: AIMessage -> tool_call: get_raw_events({"keyword":"hdoor","sourcetype":"XmlWinEventLog:Microsoft-Windows-Sysmon/Operational","limit":10})
[Execute] get_raw_events({"keyword":"hdoor","limit":10,"sourcetype":"XmlWinEventLog:Microsoft-Windows-Sysmon/Operational"})
          -> {"results": [{"_time": "2018-08-20T18:44:05.000+08:00", "_raw": "<Event xmlns='http://schemas.microsoft.com/win/2004/08/events/event'><System><Provider Name='Microsoft-Windows-Sysmon' Guid='{5770385F-C22A-43E0-BF4C-06F5698FFBD9}'/><EventID>3</EventID><Version>5</Version><Level>4</Level><Task>3</Task><Opcode>0</Opcode><Keywords>0x8000000000000000</Keywords><TimeCreated SystemTime='2018-08-20T10:44:05.618432200Z'/><EventRecordID>33344</EventRecordID><Correlation/><Execution ProcessID='10440' ThreadID='8796'/><Channel>Microsoft-Windows-Sysmon/Operational</Channel><Computer>FYODOR-L.froth.ly</Computer><Security UserID='S-1-5-18'/></System><EventData><Data Name='UtcTime'>2018-08-19 13:53:01.007</Data><Data Name='ProcessGuid'>{EBF7A186-CCB6-5B58-0000-00109D240102}</Data><Data Name='ProcessId'>10260</Data><Data Name='Image'>C:\\Windows\\Temp\\hdoor.exe</Data><Data Name='User'>AzureAD\\FyodorMalteskesko</Data><Data Name='Protocol'>tcp</Data><Data Name='Initiated'>true</Data><Data Name='SourceIsIpv6'>false</Data><Data Name='SourceIp'>192.168.8.103</Data><Data Name='SourceHostname'>FYODOR-L.froth.ly</Data><Data Name='SourcePort'>63860</Data><Data Name='SourcePortName'></Data><Data Name='DestinationIsIpv6'>false</Data><Data Name='DestinationIp'>192.168.9.50</Data><Data Name='DestinationHostname'></Data><Data Name='DestinationPort'>445</Data><Data Name='DestinationPortName'>microsoft-ds</Data></EventData></Event>"}, {"_time": "2018-08-20T18:44:05.000+08:00", "_raw": "<Event xmlns='http://schemas.microsoft.com/win/2004/08/events/event'><System><Provider Name='Microsoft-Windows-Sysmon' Guid='{5770385F-C22A-43E0-BF4C-06F5698FFBD9}'/><EventID>3</EventID><Version>5</Version><Level>4</Level><Task>3</Task><Opcode>0</Opcode><Keywords>0x8000000000000000</Keywords><TimeCreated SystemTime='2018-08-20T10:44:05.110950500Z'/><EventRecordID>33343</EventRecordID><Correlation/><Execution ProcessID='10440' ThreadID='8796'/><Channel>Microsoft-Windows-Sysmon/Operational</Channel><Computer>FYODOR-L.froth.ly</Computer><Security UserID='S-1-5-18'/></System><EventData><Data Name='UtcTime'>2018-08-19 13:53:00.544</Data><Data Name='ProcessGuid'>{EBF7A186-CCB6-5B58-0000-00109D240102}</Data><Data Name='ProcessId'>10260</Data><Data Name='Image'>C:\\Windows\\Temp\\hdoor.exe</Data><Data Name='User'>AzureAD\\FyodorMalteskesko</Data><Data Name='Protocol'>tcp</Data><Data Name='Initiated'>true</Data><Data Name='SourceIsIpv6'>false</Data><Data Name='SourceIp'>192.168.8.103</Data><Data Name='SourceHostname'>FYODOR-L.froth.ly</Data><Data Name='SourcePort'>63844</Data><Data Name='SourcePortName'></Data><Data Name='DestinationIsIpv6'>false</Data><Data Name='DestinationIp'>192.168.9.50</Data><Data Name='DestinationHostname'></Data><Data Name='DestinationPort'>22</Data><Data Name='DestinationPortName'>ssh</Data></EventData></Event>"}, {"_time": "2018-08-20T18:44:05.000+08:00", "_raw": "<Event xmlns='http://schemas.microsoft.com/win/2004/08/events/event'><System><Provider Name='Microsoft-Windows-Sysmon' Guid='{5770385F-C22A-43E0-BF4C-06F5698FFBD9}'/><EventID>3</EventID><Version>5</Version><Level>4</Level><Task>3</Task><Opcode>0</Opcode><Keywords>0x8000000000000000</Keywords><TimeCreated SystemTime='2018-08-20T10:44:05.110922500Z'/><EventRecordID>33342</EventRecordID><Correlation/><Execution ProcessID='10440' ThreadID='8796'/><Channel>Microsoft-Windows-Sysmon/Operational</Channel><Computer>FYODOR-L.froth.ly</Computer><Security UserID='S-1-5-18'/></System><EventData><Data Name='UtcTime'>2018-08-19 13:53:00.508</Data><Data Name='ProcessGuid'>{EBF7A186-CCB6-5B58-0000-00109D240102}</Data><Data Name='ProcessId'>10260</Data><Data Name='Image'>C:\\Windows\\Temp\\hdoor.exe</Data><Data Name='User'>AzureAD\\FyodorMalteskesko</Data><Data Name='Protocol'>tcp</Data><Data Name='Initiated'>true</Data><Data Name='SourceIsIpv6'>false</Data><Data Name='SourceIp'>192.168.8.103</Data><Data Name='SourceHostname'>FYODOR-L.froth.ly</Data><Data Name='SourcePort'>63843</Data><Data Name='SourcePortName'></Data><Data Name='DestinationIsIpv6'>false</Data><Data Name='DestinationIp'>192.168.9.50</Data><Data Name='DestinationHostname'></Data><Data Name='DestinationPort'>21</Data><Data Name='DestinationPortName'>ftp</Data></EventData></Event>"}, {"_time": "2018-08-20T18:43:45.000+08:00", "_raw": "<Event xmlns='http://schemas.microsoft.com/win/2004/08/events/event'><System><Provider Name='Microsoft-Windows-Sysmon' Guid='{5770385F-C22A-43E0-BF4C-06F5698FFBD9}'/><EventID>3</EventID><Version>5</Version><Level>4</Level><Task>3</Task><Opcode>0</Opcode><Keywords>0x8000000000000000</Keywords><TimeCreated SystemTime='2018-08-20T10:43:45.788575500Z'/><EventRecordID>33329</EventRecordID><Correlation/><Execution ProcessID='10440' ThreadID='8796'/><Channel>Microsoft-Windows-Sysmon/Operational</Channel><Computer>FYODOR-L.froth.ly</Computer><Security UserID='S-1-5-18'/></System><EventData><Data Name='UtcTime'>2018-08-19 13:52:41.080</Data><Data Name='ProcessGuid'>{EBF7A186-CCB6-5B58-0000-00109D240102}</Data><Data Name='ProcessId'>10260</Data><Data Name='Image'>C:\\Windows\\Temp\\hdoor.exe</Data><Data Name='User'>AzureAD\\FyodorMalteskesko</Data><Data Name='Protocol'>tcp</Data><Data Name='Initiated'>true</Data><Data Name='SourceIsIpv6'>false</Data><Data Name='SourceIp'>192.168.8.103</Data><Data Name='SourceHostname'>FYODOR-L.froth.ly</Data><Data Name='SourcePort'>63176</Data><Data Name='SourcePortName'></Data><Data Name='DestinationIsIpv6'>false</Data><Data Name='DestinationIp'>192.168.9.31</Data><Data Name='DestinationHostname'>sepm</Data><Data Name='DestinationPort'>445</Data><Data Name='DestinationPortName'>microsoft-ds</Data></EventData></Event>"}, 