Subject:\n\tSecurity ID:\t\tNULL SID\n\tAccount Name:\t\t-\n\tAccount Domain:\t\t-\n\tLogon ID:\t\t0x0\n\nProcess Information:\n\tNew Process ID:\t\t0x1840\n\tNew Process Name:\tC:\\Windows\\System32\\browser_broker.exe\n\tToken Elevation Type:\t%%1938\n\tMandatory Label:\t\tMandatory Label\\Medium Mandatory Level\n\tCreator Process ID:\t0x2078\n\tCreator Process Name:\tC:\\Windows\\System32\\browser_broker.exe\n\tProcess Command Line:\tC:\\Windows\\system32\\browser_broker.exe -IOAVHost 2781761e-28e0-4109-99fe-b9d127c57afe|C:\\Users\\BudStoll\\AppData\\Local\\Packages\\Microsoft.MicrosoftEdge_8wekyb3d8bbwe\\TempState\\Downloads\\BRUCE BIRTHDAY HAPPY HOUR PICS (4).lnk|https://frothly-my.sharepoint.com/personal/bgist_froth_ly/Documents/Birthday%20Pictures/BRUCE%20BIRTHDAY%20HAPPY%20HOUR%20PICS.lnk\n\nToken Elevation Type indicates the type of token that was assigned to the new process in accordance with User Account Control policy.\n\nType 1 is a full token with no privileges removed or groups disabled.  A full token is only used if User Account Control is disabled or if the user is the built-in Administrator account or a service account.\n\nType 2 is an elevated token with no privileges removed or groups disabled.  An elevated token is used when User Account Control is enabled and the user chooses to start the program using Run as administrator.  An elevated token is also used when an application is configured to always require administrative privilege or to always require maximum privilege, and the user is a member of the Administrators group.\n\nType 3 is a limited token with administrative privileges removed and administrative groups disabled.  The limited token is used when User Account Control is enabled, the application does not require administrative privilege, and the user does not choose to start the program using Run as administrator."}], "meta": {"total_event_count": 10, "returned": 10, "sid": "1789706701.692", "truncated": "showing 5 of 10 rows \u2014 use a more specific query"}}

[Execute] get_raw_events({"index":"botsv3","keyword":"morebeer","limit":10,"sourcetype":"stream:http"})
          -> {"results": [], "meta": {"total_event_count": 0, "returned": 0, "sid": "1789706708.693"}}


[STATE:agent_in]  step=3  msgs=11  errors=0  empty=3  verified=True
  last_msg: ToolMessage -> '{"results": [], "meta": {"total_event_count": 0, "returned": 0, "sid": "1789706708.693"}}'

[Agent thinking]
Intention: The .lnk was downloaded by Mallory and BudStoll. The uploaded file bytes likely traveled over HTTP (stream:http) as POST bodies from NaenaraBrowser. Let me check stream:http for "stout" and "Naenara" in parallel.


[STATE:verify_in]  step=4  msgs=12  errors=0  empty=3  verified=True
  last_msg: AIMessage -> tool_call: get_raw_events({"index":"botsv3","sourcetype":"stream:http","keyword":"stout","limit":10})
  last_msg: AIMessage -> tool_call: get_raw_events({"index":"botsv3","sourcetype":"stream:http","keyword":"Naenara","limit":10})
[Verify OK]     get_raw_events
[Verify OK]     get_raw_events

[STATE:execute_in]  step=4  msgs=12  errors=0  empty=3  verified=True
  last_msg: AIMessage -> tool_call: get_raw_events({"index":"botsv3","sourcetype":"stream:http","keyword":"stout","limit":10})
  last_msg: AIMessage -> tool_call: get_raw_events({"index":"botsv3","sourcetype":"stream:http","keyword":"Naenara","limit":10})
[Execute] get_raw_events({"index":"botsv3","keyword":"stout","limit":10,"sourcetype":"stream:http"})
          -> {"results": [], "meta": {"total_event_count": 0, "returned": 0, "sid": "1789706718.694"}}

[Execute] get_raw_events({"index":"botsv3","keyword":"Naenara","limit":10,"sourcetype":"stream:http"})
          -> {"results": [], "meta": {"total_event_count": 0, "returned": 0, "sid": "1789706722.695"}}


[STATE:agent_in]  step=4  msgs=14  errors=0  empty=5  verified=True
  last_msg: ToolMessage -> '{"results": [], "meta": {"total_event_count": 0, "returned": 0, "sid": "1789706722.695"}}'

[Agent thinking]
Intention: No stream:http matches. The file content may have traveled via SMTP (email attachments) or been captured elsewhere. Let me check stream:smtp for the filenames and enumerate sources under stream:http to see what feeds exist.


[STATE:verify_in]  step=5  msgs=15  errors=0  empty=5  verified=True
  last_msg: AIMessage -> tool_call: get_raw_events({"index":"botsv3","sourcetype":"stream:smtp","keyword":"stout","limit":10})
  last_msg: AIMessage -> tool_call: get_sources({"sourcetype":"stream:http","top_n":30})
[Verify OK]     get_raw_events
[Verify OK]     get_sources

[STATE:execute_in]  step=5  msgs=15  errors=0  empty=5  verified=True
  last_msg: AIMessage -> tool_call: get_raw_events({"index":"botsv3","sourcetype":"stream:smtp","keyword":"stout","limit":10})
  last_msg: AIMessage -> tool_call: get_sources({"sourcetype":"stream:http","top_n":30})
[Execute] get_raw_events({"index":"botsv3","keyword":"stout","limit":10,"sourcetype":"stream:smtp"})
          -> {"results": [], "meta": {"total_event_count": 4, "returned": 4, "sid": "1789706732.696", "truncated": "showing 0 of 4 rows \u2014 use a more specific query"}}

[Execute] get_sources({"sourcetype":"stream:http","top_n":30})
          -> {"results": [{"source": "stream:http", "sourcetype": "stream:http", "count": "10398"}, {"source": "stream:Splunk_HTTPURI", "sourcetype": "stream:http", "count": "6029"}, {"source": "stream:Splunk_HTTPStatus", "sourcetype": "stream:http", "count": "2729"}, {"source": "stream:Splunk_HTTPResponseTime", "sourcetype": "stream:http", "count": "2561"}, {"source": "stream:Splunk_HTTPClient", "sourcetype": "stream:http", "count": "2474"}], "meta": {"total_event_count": 5, "returned": 5, "sid": "1789706735.697"}}


[STATE:agent_in]  step=5  msgs=17  errors=0  empty=6  verified=True
  last_msg: ToolMessage -> '{"results": [{"source": "stream:http", "sourcetype": "stream:http", "count": "10398"}, {"source": "stream:Splunk_HTTPURI'

[Agent thinking]
Intention: stream:smtp has 4 events matching "stout" but they're too large to display raw. Let me narrow with more specific keywords to pull them.


[STATE:verify_in]  step=6  msgs=18  errors=0  empty=6  verified=True
  last_msg: AIMessage -> tool_call: get_raw_events({"index":"botsv3","keyword":"stout.png","limit":5,"sourcetype":"stream:smtp"})
  last_msg: AIMessage -> tool_call: get_raw_events({"index":"botsv3","keyword":"morebeer.jpg","limit":5,"sourcetype":"stream:smtp"})
[Verify OK]     get_raw_events
[Verify OK]     get_raw_events

[STATE:execute_in]  step=6  msgs=18  errors=0  empty=6  verified=True
  last_msg: AIMessage -> tool_call: get_raw_events({"index":"botsv3","keyword":"stout.png","limit":5,"sourcetype":"stream:smtp"})
  last_msg: AIMessage -> tool_call: get_raw_events({"index":"botsv3","keyword":"morebeer.jpg","limit":5,"sourcetype":"stream:smtp"})
[Execute] get_raw_events({"index":"botsv3","keyword":"stout.png","limit":5,"sourcetype":"stream:smtp"})
          -> {"results": [], "meta": {"total_event_count": 0, "returned": 0, "sid": "1789706744.698"}}

[Execute] get_raw_events({"index":"botsv3","keyword":"morebeer.jpg","limit":5,"sourcetype":"stream:smtp"})
          -> {"results": [], "meta": {"total_event_count": 0, "returned": 0, "sid": "1789706748.699"}}


[STATE:agent_in]  step=6  msgs=20  errors=0  empty=8  verified=True
  last_msg: ToolMessage -> '{"results": [], "meta": {"total_event_count": 0, "returned": 0, "sid": "1789706748.699"}}'

[Agent thinking]
Intention: "stout" matched 4 stream:smtp events but the specific filenames don't. Let me sample those events to see their structure.


[STATE:verify_in]  step=7  msgs=21  errors=0  empty=8  verified=True
  last_msg: AIMessage -> tool_call: sample_events({"index":"botsv3","keyword":"stout","limit":4,"sourcetype":"stream:smtp"})
[Verify OK]     sample_events

[STATE:execute_in]  step=7  msgs=21  errors=0  empty=8  verified=True
  last_msg: AIMessage -> tool_call: sample_events({"index":"botsv3","keyword":"stout","limit":4,"sourcetype":"stream:smtp"})
[Execute] sample_events({"index":"botsv3","keyword":"stout","limit":4,"sourcetype":"stream:smtp"})
          -> {"results": [], "meta": {"total_event_count": 3, "returned": 3, "sid": "1789706754.700", "truncated": "showing 0 of 3 rows \u2014 use a more specific query"}}


[STATE:agent_in]  step=7  msgs=22  errors=0  empty=9  verified=True
  last_msg: ToolMessage -> '{"results": [], "meta": {"total_event_count": 3, "returned": 3, "sid": "1789706754.700", "truncated": "showing 0 of 3 ro'

[Agent thinking]
Intention: The events are too large to display raw. Let me check what fields stream:smtp exposes, and simultaneously run an aggregation to extract identifying info from those "stout" events.


[STATE:verify_in]  step=8  msgs=23  errors=0  empty=9  verified=True
  last_msg: AIMessage -> tool_call: get_sourcetype_fields({"sourcetype":"stream:smtp"})
  last_msg: AIMessage -> tool_call: run_splunk_search({"query":"index=botsv3 sourcetype=stream:smtp stout | stats count by src, dest, subject"})
[Verify OK]     get_sourcetype_fields
[Verify OK]     run_splunk_search

[STATE:execute_in]  step=8  msgs=23  errors=0  empty=9  verified=True
  last_msg: AIMessage -> tool_call: get_sourcetype_fields({"sourcetype":"stream:smtp"})
  last_msg: AIMessage -> tool_call: run_splunk_search({"query":"index=botsv3 sourcetype=stream:smtp stout | stats count by src, dest, subject"})
[Execute] get_sourcetype_fields({"sourcetype":"stream:smtp"})
          -> {"results": [{"field": "app", "count": "879", "distinct_count": "1", "values": "[{\"value\":\"smtp\",\"count\":879}]"}, {"field": "bytes", "count": "879", "distinct_count": "15", "values": "[{\"value\":\"43\",\"count\":186},{\"value\":\"204\",\"count\":185},{\"value\":\"72\",\"count\":185}]"}, {"field": "bytes_in", "count": "879", "distinct_count": "15", "values": "[{\"value\":\"6\",\"count\":371},{\"value\":\"0\",\"count\":185},{\"value\":\"52\",\"count\":185}]"}, {"field": "bytes_out", "count": "879", "distinct_count": "6", "values": "[{\"value\":\"37\",\"count\":323},{\"value\":\"152\",\"count\":185},{\"value\":\"72\",\"count\":185}]"}, {"field": "delay", "count": "879", "distinct_count": "15", "values": "[{\"value\":\"0\",\"count\":282},{\"value\":\"0.000067\",\"count\":21},{\"value\":\"0.000064\",\"count\":19}]"}, {"field": "dest", "count": "879", "distinct_count": "1", "values": "[{\"value\":\"172.31.38.181\",\"count\":879}]"}, {"field": "dest_ip", "count": "879", "distinct_count": "1", "values": "[{\"value\":\"172.31.38.181\",\"count\":879}]"}, {"field": "dest_mac", "count": "879", "distinct_count": "1", "values": "[{\"value\":\"06:6A:51:FA:0A:B0\",\"count\":879}]"}, {"field": "dest_port", "count": "879", "distinct_count": "1", "values": "[{\"value\":\"25\",\"count\":879}]"}, {"field": "duration", "count": "879", "distinct_count": "15", "values": "[{\"value\":\"0\",\"count\":282},{\"value\":\"67\",\"count\":21},{\"value\":\"68\",\"count\":17}]"}, {"field": "endtime", "count": "879", "distinct_count": "15", "values": "[{\"value\":\"2018-08-20T09:16:02.614238Z\",\"count\":1},{\"value\":\"2018-08-20T09:16:02.638865Z\",\"count\":1},{\"value\":\"2018-08-20T09:16:02.760741Z\",\"count\":1}]"}, {"field": "eventtype", "count": "879", "distinct_count": "5", "values": "[{\"value\":\"stream_email\",\"count\":879},{\"value\":\"stream_network_traffic\",\"count\":879},{\"value\":\"stream_email_delivery\",\"count\":781}]"}, {"field": "flow_id", "count": "879", "distinct_count": "15", "values": "[{\"value\":\"52f28a5c-f684-484a-bd52-341918db770a\",\"count\":6},{\"value\":\"002d9a07-0a95-4b24-aa88-1e7519fe2241\",\"count\":5},{\"value\":\"00363316-c395-42a7-9fe1-e8886bf64c29\",\"count\":5}]"}, {"field": "host", "count": "879", "distinct_count": "1", "values": "[{\"value\":\"matar\",\"count\":879}]"}, {"field": "index", "count": "879", "distinct_count": "1", "values": "[{\"value\":\"botsv3\",\"count\":879}]"}, {"field": "linecount", "count": "879", "distinct_count": "1", "values": "[{\"value\":\"1\",\"count\":879}]"}, {"field": "protocol", "count": "879", "distinct_count": "1", "values": "[{\"value\":\"smtp\",\"count\":879}]"}, {"field": "protocol_stack", "count": "879", "distinct_count": "1", "values": "[{\"value\":\"ip:tcp:smtp\",\"count\":879}]"}, {"field": "punct", "count": "879", "distinct_count": "12", "values": "[{\"value\":\"{\\\"\\\":\\\"--::.\\\",\\\"\\\":\\\"--::.\\\",\\\"\\\":,\\\"\\\":,\\\"\\\":,\\\"\\\":\\\"...\\\",\\\"\\\":\\\"::\",\"count\":728},{\"value\":\"{\\\"\\\":\\\"--::.\\\",\\\"\\\":\\\"--::.\\\",\\\"\\\":,\\\"\\\":,\\\"\\\":,\\\"\\\":[\\\"-:_=;_=-;_\",\"count\":126},{\"value\":\"{\\\"\\\":\\\"--::.\\\",\\\"\\\":\\\"--::.\\\",\\\"\\\":[\\\"\\\"],\\\"\\\":[\\\".\\\"],\\\"\\\":[],\\\"\\\":[\",\"count\":8}]"}, {"field": "receiver_count", "count": "879", "distinct_count": "1", "values": "[{\"value\":\"0\",\"count\":879}]"}, {"field": "reply_time", "count": "879", "distinct_count": "15", "values": "[{\"value\":\"0\",\"count\":282},{\"value\":\"67\",\"count\":21},{\"value\":\"68\",\"count\":17}]"}, {"field": "request_time", "count": "879", "distinct_count": "15", "values": "[{\"value\":\"0\",\"count\":742},{\"value\":\"108\",\"count\":1},{\"value\":\"10998\",\"count\":1}]"}, {"field": "response_time", "count": "879", "distinct_count": "1", "values": "[{\"value\":\"0\",\"count\":879}]"}, {"field": "size", "count": "879", "distinct_count": "15", "values": "[{\"value\":\"43\",\"count\":186},{\"value\":\"204\",\"count\":185},{\"value\":\"72\",\"count\":185}]"}, {"field": "source", "count": "879", "distinct_count": "1", "values": "[{\"value\":\"stream:smtp\",\"count\":879}]"}, {"field": "sourcetype", "count": "879", "distinct_count": "1", "values": "[{\"value\":\"stream:smtp\",\"count\":879}]"}, {"field": "splunk_server", "count": "879", "distinct_count": "1", "values": "[{\"value\":\"DESKTOP-Q4TP1FN\",\"count\":879}]"}, {"field": "src", "count": "879", "distinct_count": "15", "values": "[{\"value\":\"104.47.32.79\",\"count\":10},{\"value\":\"104.47.33.77\",\"count\":10},{\"value\":\"104.47.33.79\",\"count\":10}]"}, {"field": "src_ip", "count": "879", "distinct_count": "15", "values": "[{\"value\":\"104.47.32.79\",\"count\":10},{\"value\":\"104.47.33.77\",\"count\":10},{\"value\":\"104.47.33.79\",\"count\":10}]"}, {"field": "src_mac", "count": "879", "distinct_count": "1", "values": "[{\"value\":\"06:E3:CC:18:AA:33\",\"count\":879}]"}, {"field": "src_port", "count": "879", "distinct_count": "15", "values": "[{\"value\":\"55104\",\"count\":6},{\"value\":\"10505\",\"count\":5},{\"value\":\"10579\",\"count\":5}]"}, {"field": "tag", "count": "879", "distinct_count": "6", "values": "[{\"value\":\"communicate\",\"count\":879},{\"value\":\"email\",\"count\":879},{\"value\":\"network\",\"count\":879}]"}, {"field": "tag::eventtype", "count": "879", "distinct_count": "6", "values": "[{\"value\":\"communicate\",\"count\":879},{\"value\":\"email\",\"count\":879},{\"value\":\"network\",\"count\":879}]"}, {"field": "time_taken", "count": "879", "distinct_count": "15", "values": "[{\"value\":\"0\",\"count\":282},{\"value\":\"67\",\"count\":21},{\"value\":\"68\",\"count\":17}]"}, {"field": "timestamp", "count": "879", "distinct_count": "15", "values": "[{\"value\":\"2018-08-20T09:16:02.614238Z\",\"count\":1},{\"value\":\"2018-08-20T09:16:02.638796Z\",\"count\":1},{\"value\":\"2018-08-20T09:16:02.760672Z\",\"count\":1}]"}, {"field": "transport", "count": "879", "distinct_count": "1", "values": "[{\"value\":\"tcp\",\"count\":879}]"}, {"field": "action", "count": "781", "distinct_count": "1", "values": "[{\"value\":\"delivered\",\"count\":781}]"}, {"field": "response_code", "count": "781", "distinct_count": "4", "values": "[{\"value\":\"250\",\"count\":322},{\"value\":\"354\",\"count\":186},{\"value\":\"220\",\"count\":185}]"}, {"field": "server_response", "count": "781", "distinct_count": "15", "values": "[{\"value\":\"354 End data with <CR><LF>.<CR><LF>\",\"count\":186},{\"value\":\"220 ip-172-31-38-181.us-west-2.compute.internal ESMTP Postfix (Ubuntu)\",\"count\":185},{\"value\":\"250 ip-172-31-38-181.us-west-2.compute.internal\\r\\nPIPELINING\\r\\nSIZE 10240000\\r\\nVRFY\\r\\nETRN\\r\\nENHANCEDSTATUSCODES\\r\\n8BITMIME\\r\\nDSN\",\"count\":185}]"}, {"field": "status_code", "count": "781", "distinct_count": "4", "values": "[{\"value\":\"250\",\"count\":322},{\"value\":\"354\",\"count\":186},{\"value\":\"220\",\"count\":185}]"}, {"field": "method", "count": "555", "distinct_count": "3", "values": "[{\"value\":\"DATA\",\"count\":185},{\"value\":\"EHLO\",\"count\":185},{\"value\":\"QUIT\",\"count\":185}]"}, {"field": "greeting", "count": "185", "distinct_count": "1", "values": "[{\"value\":\"ip-172-31-38-181.us-west-2.compute.internal ESMTP Postfix (Ubuntu)\",\"count\":185}]"}, {"field": "sender_server", "count": "185", "distinct_count": "1", "values": "[{\"value\":\"ip-172-31-38-181.us-west-2.compute.internal\",\"count\":185}]"}, {"field": "server_agent", "count": "185", "distinct_count": "1", "values": "[{\"value\":\"ESMTP Postfix (Ubuntu)\",\"count\":185}]"}, {"field": "start_time", "count": "185", "distinct_count": "15", "values": "[{\"value\":\"2018-08-20T09:16:02.638796Z\",\"count\":1},{\"value\":\"2018-08-20T09:16:18.639352Z\",\"count\":1},{\"value\":\"2018-08-20T09:16:54.558915Z\",\"count\":1}]"}, {"field": "stop_time", "count": "185", "distinct_count": "15", "values": "[{\"value\":\"2018-08-20T09:16:02.905506Z\",\"count\":1},{\"value\":\"2018-08-20T09:16:19.071040Z\",\"count\":1},{\"value\":\"2018-08-20T09:16:55.346630Z\",\"count\":1}]"}, {"field": "content_type", "count": "137", "distinct_count": "15", "values": "[{\"value\":\" text/plain; charset=\\\"us-ascii\\\"\",\"count\":6},{\"value\":\" text/html; charset=\\\"UTF-8\\\"\",\"count\":4},{\"value\":\" multipart/alternative;\\r\\n\\tboundary=\\\"-----Boundary-WM=_7ffaca3fe700.1534778091933\\\"\",\"count\":1}]"}], "meta": {"total_event_count": 94, "returned": 94, "sid": "1789706768.703", "truncated": "showing 47 of 94 rows \u2014 use a more specific query"}}

[Execute] run_splunk_search({"query":"index=botsv3 sourcetype=stream:smtp stout | stats count by src, dest, subject"})
          -> {"results": [{"src": "104.47.32.202", "dest": "172.31.38.181", "subject": "Quarentined email", "count": "1"}, {"src": "104.47.48.215", "dest": "172.31.38.181", "subject": "Quarentined email", "count": "2"}, {"src": "104.47.48.229", "dest": "172.31.38.181", "subject": "Quarentined email", "count": "1"}], "meta": {"total_event_count": 3, "returned": 3, "sid": "1789706771.704"}}


[STATE:agent_in]  step=8  msgs=25  errors=0  empty=9  verified=True
  last_msg: ToolMessage -> '{"results": [{"src": "104.47.32.202", "dest": "172.31.38.181", "subject": "Quarentined email", "count": "1"}, {"src": "1'
[Max iterations reached — forcing final answer]

[Agent thinking]
I have exhausted my iterations without recovering the file bytes or the word. Filing an honest partial report with everything established and eliminated.


[WORKER RESULT] Senior-2-Q329: I have exhausted my iterations without recovering the file bytes or the word. Filing an honest partial report with everything established and eliminated.

[STATE:agent_in]  step=0  msgs=28  errors=0  empty=0  verified=False
  last_msg: HumanMessage -> '[RETRY] The case no longer needs more confirmation that O365 is metadata-only or that simple filename hits are absent in'

[Agent thinking]
Intention: New scope — endpoint-side content evidence. First, map the fields available in the two most promising feeds: symantec:ep:packet:file (packet-level file capture) and code42:api (endpoint backup), in parallel.


[STATE:verify_in]  step=1  msgs=29  errors=0  empty=0  verified=False
  last_msg: AIMessage -> tool_call: get_sourcetype_fields({"sourcetype":"symantec:ep:packet:file"})
  last_msg: AIMessage -> tool_call: get_sourcetype_fields({"sourcetype":"code42:api"})
[Verify OK]     get_sourcetype_fields
[Verify OK]     get_sourcetype_fields

[STATE:execute_in]  step=1  msgs=29  errors=0  empty=0  verified=True
  last_msg: AIMessage -> tool_call: get_sourcetype_fields({"sourcetype":"symantec:ep:packet:file"})
  last_msg: AIMessage -> tool_call: get_sourcetype_fields({"sourcetype":"code42:api"})
[Execute] get_sourcetype_fields({"sourcetype":"symantec:ep:packet:file"})
          -> {"results": [{"field": "Action", "count": "11550", "distinct_count": "2", "values": "[{\"value\":\"Allowed\",\"count\":11534},{\"value\":\"Blocked\",\"count\":16}]"}, {"field": "Host_Name", "count": "11550", "distinct_count": "5", "values": "[{\"value\":\"PCERF-L\",\"count\":2697},{\"value\":\"JWORTOS-L\",\"count\":2694},{\"value\":\"BTUN-L\",\"count\":2225}]"}, {"field": "Local_IP", "count": "11550", "distinct_count": "14", "values": "[{\"value\":\"172.16.197.137\",\"count\":2692},{\"value\":\"172.16.133.131\",\"count\":2682},{\"value\":\"192.168.3.130\",\"count\":2206}]"}, {"field": "Local_Port", "count": "11550", "distinct_count": "15", "values": "[{\"value\":\"51892\",\"count\":958},{\"value\":\"51570\",\"count\":788},{\"value\":\"53759\",\"count\":741}]"}, {"field": "Remote_IP", "count": "11550", "distinct_count": "15", "values": "[{\"value\":\"34.215.24.225\",\"count\":10257},{\"value\":\"24.8.40.184\",\"count\":300},{\"value\":\"23.197.96.253\",\"count\":83}]"}, {"field": "Remote_Port", "count": "11550", "distinct_count": "10", "values": "[{\"value\":\"9997\",\"count\":9872},{\"value\":\"443\",\"count\":1443},{\"value\":\"80\",\"count\":142}]"}, {"field": "Traffic_Direction", "count": "11550", "distinct_count": "2", "values": "[{\"value\":\"Inbound\",\"count\":6114},{\"value\":\"Outbound\",\"count\":5436}]"}, {"field": "action", "count": "11550", "distinct_count": "2", "values": "[{\"value\":\"allowed\",\"count\":11534},{\"value\":\"blocked\",\"count\":16}]"}, {"field": "date_hour", "count": "11550", "distinct_count": "6", "values": "[{\"value\":\"11\",\"count\":2618},{\"value\":\"13\",\"count\":2148},{\"value\":\"10\",\"count\":2056}]"}, {"field": "date_mday", "count": "11550", "distinct_count": "1", "values": "[{\"value\":\"20\",\"count\":11550}]"}, {"field": "date_minute", "count": "11550", "distinct_count": "15", "values": "[{\"value\":\"1\",\"count\":1180},{\"value\":\"16\",\"count\":1098},{\"value\":\"8\",\"count\":860}]"}, {"field": "date_month", "count": "11550", "distinct_count": "1", "values": "[{\"value\":\"august\",\"count\":11550}]"}, {"field": "date_second", "count": "11550", "distinct_count": "15", "values": "[{\"value\":\"41\",\"count\":1223},{\"value\":\"42\",\"count\":1075},{\"value\":\"43\",\"count\":898}]"}, {"field": "date_wday", "count": "11550", "distinct_count": "1", "values": "[{\"value\":\"monday\",\"count\":11550}]"}, {"field": "date_year", "count": "11550", "distinct_count": "1", "values": "[{\"value\":\"2018\",\"count\":11550}]"}, {"field": "date_zone", "count": "11550", "distinct_count": "1", "values": "[{\"value\":\"local\",\"count\":11550}]"}, {"field": "dest", "count": "11550", "distinct_count": "15", "values": "[{\"value\":\"34.215.24.225\",\"count\":4826},{\"value\":\"172.16.197.137\",\"count\":1529},{\"value\":\"172.16.133.131\",\"count\":1388}]"}, {"field": "dest_port", "count": "11550", "distinct_count": "15", "values": "[{\"value\":\"9997\",\"count\":4652},{\"value\":\"443\",\"count\":669},{\"value\":\"51892\",\"count\":614}]"}, {"field": "direction", "count": "11550", "distinct_count": "2", "values": "[{\"value\":\"inbound\",\"count\":6114},{\"value\":\"outbound\",\"count\":5436}]"}, {"field": "dvc", "count": "11550", "distinct_count": "5", "values": "[{\"value\":\"PCERF-L\",\"count\":2697},{\"value\":\"JWORTOS-L\",\"count\":2694},{\"value\":\"BTUN-L\",\"count\":2225}]"}, {"field": "eventtype", "count": "11550", "distinct_count": "1", "values": "[{\"value\":\"symantec_ep_network_traffic\",\"count\":11550}]"}, {"field": "host", "count": "11550", "distinct_count": "1", "values": "[{\"value\":\"SEPM\",\"count\":11550}]"}, {"field": "index", "count": "11550", "distinct_count": "1", "values": "[{\"value\":\"botsv3\",\"count\":11550}]"}, {"field": "linecount", "count": "11550", "distinct_count": "1", "values": "[{\"value\":\"1\",\"count\":11550}]"}, {"field": "punct", "count": "11550", "distinct_count": "15", "values": "[{\"value\":\"--_::,-,:_...,:_,:_...,:_..,:_,,:_:/_///.,:_\",\"count\":9864},{\"value\":\"--_::,-,:_...,:_,:_...,:_..,:_,,:_:/_///////.,:_\",\"count\":377},{\"value\":\"--_::,-,:_...,:_,:_...,:_..,:_,,:_:///./.,:_\",\"count\":171}]"}, {"field": "source", "count": "11550", "distinct_count": "1", "values": "[{\"value\":\"C:\\\\Program Files (x86)\\\\Symantec\\\\Symantec Endpoint Protection Manager\\\\data\\\\dump\\\\agt_packet.tmp\",\"count\":11550}]"}, {"field": "sourcetype", "count": "11550", "distinct_count": "1", "values": "[{\"value\":\"symantec:ep:packet:file\",\"count\":11550}]"}, {"field": "splunk_server", "count": "11550", "distinct_count": "1", "values": "[{\"value\":\"DESKTOP-Q4TP1FN\",\"count\":11550}]"}, {"field": "src", "count": "11550", "distinct_count": "15", "values": "[{\"value\":\"34.215.24.225\",\"count\":5431},{\"value\":\"172.16.133.131\",\"count\":1294},{\"value\":\"172.16.197.137\",\"count\":1163}]"}, {"field": "src_port", "count": "11550", "distinct_count": "15", "values": "[{\"value\":\"9997\",\"count\":5220},{\"value\":\"443\",\"count\":774},{\"value\":\"51570\",\"count\":391}]"}, {"field": "tag", "count": "11550", "distinct_count": "2", "values": "[{\"value\":\"communicate\",\"count\":11550},{\"value\":\"network\",\"count\":11550}]"}, {"field": "tag::eventtype", "count": "11550", "distinct_count": "2", "values": "[{\"value\":\"communicate\",\"count\":11550},{\"value\":\"network\",\"count\":11550}]"}, {"field": "timeendpos", "count": "11550", "distinct_count": "1", "values": "[{\"value\":\"19\",\"count\":11550}]"}, {"field": "timestartpos", "count": "11550", "distinct_count": "1", "values": "[{\"value\":\"0\",\"count\":11550}]"}, {"field": "vendor_product", "count": "11550", "distinct_count": "1", "values": "[{\"value\":\"Symantec Endpoint Protection\",\"count\":11550}]"}, {"field": "Application_Name", "count": "11495", "distinct_count": "15", "values": "[{\"value\":\"C:/Program Files/SplunkUniversalForwarder/bin/splunkd.exe\",\"count\":9864},{\"value\":\"C:/Program Files/SplunkUniversalForwarder/etc/apps/Splunk_TA_stream/windows_x86_64/bin/streamfwd.exe\",\"count\":377},{\"value\":\"C:/Program Files (x86)/Cisco/Cisco AnyConnect Secure Mobility Client/vpnagent.exe\",\"count\":299}]"}, {"field": "app", "count": "11495", "distinct_count": "15", "values": "[{\"value\":\"C:/Program Files/SplunkUniversalForwarder/bin/splunkd.exe\",\"count\":9864},{\"value\":\"C:/Program Files/SplunkUniversalForwarder/etc/apps/Splunk_TA_stream/windows_x86_64/bin/streamfwd.exe\",\"count\":377},{\"value\":\"C:/Program Files (x86)/Cisco/Cisco AnyConnect Secure Mobility Client/vpnagent.exe\",\"count\":299}]"}, {"field": "Remote_Host_Name", "count": "11249", "distinct_count": "15", "values": "[{\"value\":\"splunk.froth.ly\",\"count\":10257},{\"value\":\"vpn.froth.ly\",\"count\":124},{\"value\":\"outlook.office365.com\",\"count\":110}]"}], "meta": {"total_event_count": 38, "returned": 38, "sid": "1789706810.705"}}

[Execute] get_sourcetype_fields({"sourcetype":"code42:api"})
          -> {"results": [{"field": "date_hour", "count": "88", "distinct_count": "6", "values": "[{\"value\":\"11\",\"count\":20},{\"value\":\"10\",\"count\":16},{\"value\":\"13\",\"count\":16}]"}, {"field": "date_mday", "count": "88", "distinct_count": "1", "values": "[{\"value\":\"20\",\"count\":88}]"}, {"field": "date_minute", "count": "88", "distinct_count": "15", "values": "[{\"value\":\"7\",\"count\":12},{\"value\":\"22\",\"count\":8},{\"value\":\"37\",\"count\":8}]"}, {"field": "date_month", "count": "88", "distinct_count": "1", "values": "[{\"value\":\"august\",\"count\":88}]"}, {"field": "date_second", "count": "88", "distinct_count": "8", "values": "[{\"value\":\"47\",\"count\":32},{\"value\":\"46\",\"count\":24},{\"value\":\"19\",\"count\":12}]"}, {"field": "date_wday", "count": "88", "distinct_count": "1", "values": "[{\"value\":\"monday\",\"count\":88}]"}, {"field": "date_year", "count": "88", "distinct_count": "1", "values": "[{\"value\":\"2018\",\"count\":88}]"}, {"field": "date_zone", "count": "88", "distinct_count": "1", "values": "[{\"value\":\"0\",\"count\":88}]"}, {"field": "endpoint", "count": "88", "distinct_count": "4", "values": "[{\"value\":\"computer\",\"count\":22},{\"value\":\"org\",\"count\":22},{\"value\":\"security\",\"count\":22}]"}, {"field": "host", "count": "88", "distinct_count": "1", "values": "[{\"value\":\"console.us.code42.com:443\",\"count\":88}]"}, {"field": "index", "count": "88", "distinct_count": "1", "values": "[{\"value\":\"botsv3\",\"count\":88}]"}, {"field": "linecount", "count": "88", "distinct_count": "1", "values": "[{\"value\":\"1\",\"count\":88}]"}, {"field": "modular_input_consumption_time", "count": "88", "distinct_count": "15", "values": "[{\"value\":\"Mon, 20 Aug 2018 09:04:19 +0000\",\"count\":4},{\"value\":\"Mon, 20 Aug 2018 09:19:19 +0000\",\"count\":4},{\"value\":\"Mon, 20 Aug 2018 09:34:19 +0000\",\"count\":4}]"}, {"field": "punct", "count": "88", "distinct_count": "6", "values": "[{\"value\":\"{\\\"\\\":_\\\",____::_+\\\",_\\\"\\\":_,_\\\"\\\":_\\\"\\\",_\\\"\\\":_\\\",____::_+\\\"}\",\"count\":24},{\"value\":\"{\\\"\\\":_,_\\\"\\\":_\\\"\\\",_\\\"\\\":_\\\",____::_+\\\",_\\\"\\\":_\\\",____::_+\\\"}\",\"count\":24},{\"value\":\"{\\\"\\\":_\\\"\\\",_\\\"\\\":_,_\\\"\\\":_\\\",____::_+\\\",_\\\"\\\":_\\\",____::_+\\\"}\",\"count\":16}]"}, {"field": "source", "count": "88", "distinct_count": "1", "values": "[{\"value\":\"code42://frothly_code42_input\",\"count\":88}]"}, {"field": "sourcetype", "count": "88", "distinct_count": "1", "values": "[{\"value\":\"code42:api\",\"count\":88}]"}, {"field": "splunk_server", "count": "88", "distinct_count": "1", "values": "[{\"value\":\"DESKTOP-Q4TP1FN\",\"count\":88}]"}, {"field": "timeendpos", "count": "88", "distinct_count": "10", "values": "[{\"value\":\"67\",\"count\":32},{\"value\":\"46\",\"count\":16},{\"value\":\"84\",\"count\":9}]"}, {"field": "timestamp", "count": "88", "distinct_count": "15", "values": "[{\"value\":\"Mon, 20 Aug 2018 09:04:19 +0000\",\"count\":4},{\"value\":\"Mon, 20 Aug 2018 09:19:19 +0000\",\"count\":4},{\"value\":\"Mon, 20 Aug 2018 09:34:19 +0000\",\"count\":4}]"}, {"field": "timestartpos", "count": "88", "distinct_count": "10", "values": "[{\"value\":\"41\",\"count\":32},{\"value\":\"20\",\"count\":16},{\"value\":\"58\",\"count\":9}]"}, {"field": "total_events", "count": "88", "distinct_count": "11", "values": "[{\"value\":\"1\",\"count\":22},{\"value\":\"11\",\"count\":22},{\"value\":\"4\",\"count\":22}]"}], "meta": {"total_event_count": 21, "returned": 21, "sid": "1789706814.706"}}


[STATE:agent_in]  step=1  msgs=31  errors=0  empty=0  verified=True
  last_msg: ToolMessage -> '{"results": [{"field": "date_hour", "count": "88", "distinct_count": "6", "values": "[{\\"value\\":\\"11\\",\\"count\\":20},{\\'

[Agent thinking]
Intention: Work the new scope. symantec:ep:packet:file is network-flow metadata only (no file content), and code42:api is API-poll metadata. The content-bearing candidates are symantec:ep:risk:file and symantec:ep:behavior:file. Check both for the known filenames in parallel.


[STATE:verify_in]  step=2  msgs=32  errors=0  empty=0  verified=True
  last_msg: AIMessage -> tool_call: get_raw_events({"index":"botsv3","keyword":"BRUCE","limit":10,"sourcetype":"symantec:ep:risk:file"})
  last_msg: AIMessage -> tool_call: get_raw_events({"index":"botsv3","keyword":"BRUCE","limit":10,"sourcetype":"symantec:ep:behavior:file"})
[Verify OK]     get_raw_events
[Verify OK]     get_raw_events

[STATE:execute_in]  step=2  msgs=32  errors=0  empty=0  verified=True
  last_msg: AIMessage -> tool_call: get_raw_events({"index":"botsv3","keyword":"BRUCE","limit":10,"sourcetype":"symantec:ep:risk:file"})
  last_msg: AIMessage -> tool_call: get_raw_events({"index":"botsv3","keyword":"BRUCE","limit":10,"sourcetype":"symantec:ep:behavior:file"})
[Execute] get_raw_events({"index":"botsv3","keyword":"BRUCE","limit":10,"sourcetype":"symantec:ep:risk:file"})
          -> {"results": [{"_time": "2018-08-20T18:00:00.000+08:00", "_raw": "2018-08-20 10:00:00,Virus found,IP Address: 192.168.105.214,Computer name: BGIST-L,Intensive Protection Level: 0,Certificate issuer: ,Certificate signer: ,Certificate thumbprint: ,Signing timestamp: 0,Certificate serial number: ,Source: Auto-Protect scan,Risk name: Backdoor.PsEmpire,Occurrences: 1,C:\\Users\\BruceGist\\OneDrive - Frothly\\Birthday Pictures\\Bruce Birthday Happy Hour Pics.lnk,,Actual action: Cleaned by deletion,Requested action: Cleaned,Secondary action: Quarantined,Event time: 2018-08-20 09:58:20,Inserted: 2018-08-20 10:00:00,End: 2018-08-20 09:58:21,Last update time: 2018-08-20 10:00:00,Domain: Default,Group: My Company\\Default Group,Server: SEPM,User: BruceGist,Source computer: ,Source IP: ,Disposition: Reputation was not used in this detection.,Download site: ,Web domain: ,Downloaded by: ,Prevalence: Reputation was not used in this detection.,Confidence: Reputation was not used in this detection.,URL Tracking Status: On,,First Seen: Reputation was not used in this detection.,Sensitivity: ,Not on the permitted application list,Application hash: 7A1367EFBA05B09E317909B040C3CDA972544212B4F9DB639237492351A3A405,Hash type: SHA2,Company name: ,Application name: Bruce Birthday Happy Hour Pics.lnk,Application version: ,Application type: 127,File size (bytes): 5732,Category set: Malware,Category type: Virus,Location: Default"}], "meta": {"total_event_count": 1, "returned": 1, "sid": "1789706866.708"}}

[Execute] get_raw_events({"index":"botsv3","keyword":"BRUCE","limit":10,"sourcetype":"symantec:ep:behavior:file"})
          -> {"results": [], "meta": {"total_event_count": 0, "returned": 0, "sid": "1789706869.709"}}


[STATE:agent_in]  step=2  msgs=34  errors=0  empty=1  verified=True
  last_msg: ToolMessage -> '{"results": [], "meta": {"total_event_count": 0, "returned": 0, "sid": "1789706869.709"}}'

[Agent thinking]
Intention: Key find — the .lnk was detected as Backdoor.PsEmpire on BGIST-L (Bruce Gist's own machine, OneDrive sync folder), SHA256 7A1367EFBA05B09E317909B040C3CDA972544212B4F9DB639237492351A3A405, 5732 bytes. Now I need the .lnk's linked retrieval path (its target/URL) and the images' content. Search WinEventLog for "Birthday" references and map code42:security fields in parallel.


[STATE:verify_in]  step=3  msgs=35  errors=0  empty=1  verified=True
  last_msg: AIMessage -> tool_call: get_raw_events({"index":"botsv3","keyword":"Birthday","limit":10,"sourcetype":"WinEventLog"})
  last_msg: AIMessage -> tool_call: get_sourcetype_fields({"sourcetype":"code42:security"})
[Verify OK]     get_raw_events
[Verify OK]     get_sourcetype_fields

[STATE:execute_in]  step=3  msgs=35  errors=0  empty=1  verified=True
  last_msg: AIMessage -> tool_call: get_raw_events({"index":"botsv3","keyword":"Birthday","limit":10,"sourcetype":"WinEventLog"})
  last_msg: AIMessage -> tool_call: get_sourcetype_fields({"sourcetype":"code42:security"})
[Execute] get_raw_events({"index":"botsv3","keyword":"Birthday","limit":10,"sourcetype":"WinEventLog"})
          -> {"results": [{"_time": "2018-08-20T19:28:40.000+08:00", "_raw": "08/20/2018 11:28:40 AM\nLogName=Security\nSourceName=Microsoft Windows security auditing.\nEventCode=4688\nEventType=0\nType=Information\nComputerName=BSTOLL-L.froth.ly\nTaskCategory=Process Creation\nOpCode=Info\nRecordNumber=955601\nKeywords=Audit Success\nMessage=A new process has been created.\n\nCreator Subject:\n\tSecurity ID:\t\tAzureAD\\BudStoll\n\tAccount Name:\t\tBudStoll\n\tAccount Domain:\t\tAzureAD\n\tLogon ID:\t\t0x4B339\n\nTarget Subject:\n\tSecurity ID:\t\tNULL SID\n\tAccount Name:\t\t-\n\tAccount Domain:\t\t-\n\tLogon ID:\t\t0x0\n\nProcess Information:\n\tNew Process ID:\t\t0x1840\n\tNew Process Name:\tC:\\Windows\\System32\\browser_broker.exe\n\tToken Elevation Type:\t%%1938\n\tMandatory Label:\t\tMandatory Label\\Medium Mandatory Level\n\tCreator Process ID:\t0x2078\n\tCreator Process Name:\tC:\\Windows\\System32\\browser_broker.exe\n\tProcess Command Line:\tC:\\Windows\\system32\\browser_broker.exe -IOAVHost 2781761e-28e0-4109-99fe-b9d127c57afe|C:\\Users\\BudStoll\\AppData\\Local\\Packages\\Microsoft.MicrosoftEdge_8wekyb3d8bbwe\\TempState\\Downloads\\BRUCE BIRTHDAY HAPPY HOUR PICS (4).lnk|https://frothly-my.sharepoint.com/personal/bgist_froth_ly/Documents/Birthday%20Pictures/BRUCE%20BIRTHDAY%20HAPPY%20HOUR%20PICS.lnk\n\nToken Elevation Type indicates the type of token that was assigned to the new process in accordance with User Account Control policy.\n\nType 1 is a full token with no privileges removed or groups disabled.  A full token is only used if User Account Control is disabled or if the user is the built-in Administrator account or a service account.\n\nType 2 is an elevated token with no privileges removed or groups disabled.  An elevated token is used when User Account Control is enabled and the user chooses to start the program using Run as administrator.  An elevated token is also used when an application is configured to always require administrative privilege or to always require maximum privilege, and the user is a member of the Administrators group.\n\nType 3 is a limited token with administrative privileges removed and administrative groups disabled.  The limited token is used when User Account Control is enabled, the application does not require administrative privilege, and the user does not choose to start the program using Run as administrator."}, {"_time": "2018-08-20T18:24:47.000+08:00", "_raw": "08/19/2018 22:24:47 PM\nLogName=Application\nSourceName=Symantec AntiVirus\nEventCode=51\nEventType=2\nType=Error\nComputerName=MKRAEUS-L.froth.ly\nTaskCategory=The operation completed successfully.\nOpCode=None\nRecordNumber=7098\nKeywords=Classic\nMessage= \n\nSecurity Risk Found! Backdoor.PsEmpire in File: C:\\Users\\MalloryKraeusen\\AppData\\Local\\Packages\\Microsoft.MicrosoftEdge_8wekyb3d8bbwe\\AC\\#!001\\MicrosoftEdge\\Cache\\PUZ8SSL4\\BRUCE%20BIRTHDAY%20HAPPY%20HOUR%20PICS[1].lnk by: Auto-Protect scan.  Action: Cleaned by Deletion.  Action Description: The file was deleted successfully."}, {"_time": "2018-08-20T18:24:16.000+08:00", "_raw": "08/19/2018 22:24:16 PM\nLogName=Application\nSourceName=Symantec AntiVirus\nEventCode=51\nEventType=2\nType=Error\nComputerName=MKRAEUS-L.froth.ly\nTaskCategory=The operation completed successfully.\nOpCode=None\nRecordNumber=7097\nKeywords=Classic\nMessage= \n\nSecurity Risk Found! Backdoor.PsEmpire in File: C:\\Users\\MalloryKraeusen\\AppData\\Local\\Packages\\Microsoft.MicrosoftEdge_8wekyb3d8bbwe\\TempState\\Downloads\\BRUCE BIRTHDAY HAPPY HOUR PICS (1).lnk.14yof4k.partial by: Auto-Protect scan.  Action: Cleaned by Deletion.  Action Description: The file was deleted successfully."}, {"_time": "2018-08-20T18:23:35.000+08:00", "_raw": "08/19/2018 22:23:35 PM\nLogName=Application\nSourceName=Symantec AntiVirus\nEventCode=51\nEventType=2\nType=Error\nComputerName=MKRAEUS-L.froth.ly\nTaskCategory=The operation completed successfully.\nOpCode=None\nRecordNumber=7096\nKeywords=Classic\nMessage= \n\nSecurity Risk Found! Backdoor.PsEmpire in File: C:\\Users\\MalloryKraeusen\\AppData\\Local\\Packages\\Microsoft.MicrosoftEdge_8wekyb3d8bbwe\\AC\\#!001\\MicrosoftEdge\\Cache\\PUZ8SSL4\\BRUCE%20BIRTHDAY%20HAPPY%20HOUR%20PICS[1].lnk by: Auto-Protect scan.  Action: Cleaned by Deletion.  Action Description: The file was deleted successfully."}, {"_time": "2018-08-20T18:23:04.000+08:00", "_raw": "08/19/2018 22:23:04 PM\nLogName=Application\nSourceName=Symantec AntiVirus\nEventCode=51\nEventType=2\nType=Error\nComputerName=MKRAEUS-L.froth.ly\nTaskCategory=The operation completed successfully.\nOpCode=None\nRecordNumber=7095\nKeywords=Classic\nMessage= \n\nSecurity Risk Found! Backdoor.PsEmpire in File: C:\\Users\\MalloryKraeusen\\AppData\\Local\\Packages\\Microsoft.MicrosoftEdge_8wekyb3d8bbwe\\TempState\\Downloads\\BRUCE BIRTHDAY HAPPY HOUR PICS.lnk.ylo9t7m.partial by: Auto-Protect scan.  Action: Cleaned by Deletion.  Action Description: The file was deleted successfully."}, {"_time": "2018-08-20T18:02:38.000+08:00", "_raw": "08/19/2018 22:02:38 PM\nLogName=Application\nSourceName=Symantec AntiVirus\nEventCode=51\nEventType=2\nType=Error\nComputerName=BTUN-L.froth.ly\nTaskCategory=The operation completed successfully.\nOpCode=None\nRecordNumber=5949\nKeywords=Classic\nMessage= \n\nSecurity Risk Found! Backdoor.PsEmpire in File: C:\\Users\\BillyTun\\AppData\\Local\\Packages\\Microsoft.MicrosoftEdge_8wekyb3d8bbwe\\AC\\#!001\\MicrosoftEdge\\Cache\\WK8SH2MI\\BRUCE%20BIRTHDAY%20HAPPY%20HOUR%20PICS[1].lnk by: Auto-Protect scan.  Action: Cleaned by Deletion.  Action Description: The file was deleted successfully."}, {"_time": "2018-08-20T18:02:04.000+08:00", "_raw": "08/19/2018 22:02:04 PM\nLogName=Application\nSourceName=Symantec AntiVirus\nEventCode=51\nEventType=2\nType=Error\nComputerName=PCERF-L.froth.ly\nTaskCategory=The operation completed successfully.\nOpCode=None\nRecordNumber=6163\nKeywords=Classic\nMessage= \n\nSecurity Risk Found! Backdoor.PsEmpire in File: C:\\Users\\PeatCerf\\AppData\\Local\\Packages\\Microsoft.MicrosoftEdge_8wekyb3d8bbwe\\AC\\#!001\\MicrosoftEdge\\Cache\\QNACL643\\BRUCE%20BIRTHDAY%20HAPPY%20HOUR%20PICS[1].lnk by: Auto-Protect scan.  Action: Cleaned by Deletion.  Action Description: The file was deleted successfully."}, {"_time": "2018-08-20T18:01:39.000+08:00", "_raw": "08/19/2018 22:01:39 PM\nLogName=Security\nSourceName=Microsoft Windows security auditing.\nEventCode=4688\nEventType=0\nType=Information\nComputerName=FYODOR-L.froth.ly\nTaskCategory=Process Creation\nOpCode=Info\nRecordNumber=277364\nKeywords=Audit Success\nMessage=A new process has been created.\n\nCreator Subject:\n\tSecurity ID:\t\tAzureAD\\FyodorMalteskesko\n\tAccount Name:\t\tFyodorMalteskesko\n\tAccount Domain:\t\tAzureAD\n\tLogon ID:\t\t0x1091CB1\n\nTarget Subject:\n\tSecurity ID:\t\tNULL SID\n\tAccount Name:\t\t-\n\tAccount Domain:\t\t-\n\tLogon ID:\t\t0x0\n\nProcess Information:\n\tNew Process ID:\t\t0x1828\n\tNew Process Name:\tC:\\Windows\\System32\\browser_broker.exe\n\tToken Elevation Type:\t%%1938\n\tMandatory Label:\t\tMandatory Label\\Medium Mandatory Level\n\tCreator Process ID:\t0x200c\n\tCreator Process Name:\tC:\\Windows\\System32\\browser_broker.exe\n\tProcess Command Line:\tC:\\Windows\\system32\\browser_broker.exe -IOAVHost 2781761e-28e0-4109-99fe-b9d127c57afe|C:\\Users\\FyodorMalteskesko\\AppData\\Local\\Packages\\Microsoft.MicrosoftEdge_8wekyb3d8bbwe\\TempState\\Downloads\\BRUCE BIRTHDAY HAPPY HOUR PICS (1).lnk|https://frothly-my.sharepoint.com/personal/bgist_froth_ly/Documents/Birthday%20Pictures/BRUCE%20BIRTHDAY%20HAPPY%20HOUR%20PICS.lnk\n\nToken Elevation Type indicates the type of token that was assigned to the new process in accordance with User Account Control policy.\n\nType 1 is a full token with no privileges removed or groups disabled.  A full token is only used if User Account Control is disabled or if the user is the built-in Administrator account or a service account.\n\nType 2 is an elevated token with no privileges removed or groups disabled.  An elevated token is used when User Account Control is enabled and the user chooses to start the program using Run as administrator.  An elevated token is also used when an application is configured to always require administrative privilege or to always require maximum privilege, and the user is a member of the Administrators group.\n\nType 3 is a limited token with administrative privileges removed and administrative groups disabled.  The limited token is used when User Account Control is enabled, the application does not require administrative privilege, and the user does not choose to start the program using Run as administrator."}, {"_time": "2018-08-20T18:01:32.000+08:00", "_raw": "08/19/2018 22:01:32 PM\nLogName=Application\nSourceName=Symantec AntiVirus\nEventCode=51\nEventType=2\nType=Error\nComputerName=BTUN-L.froth.ly\nTaskCategory=The operation completed successfully.\nOpCode=None\nRecordNumber=5948\nKeywords=Classic\nMessage= \n\nSecurity Risk Found! Backdoor.PsEmpire in File: C:\\Users\\BillyTun\\AppData\\Local\\Packages\\Microsoft.MicrosoftEdge_8wekyb3d8bbwe\\TempState\\Downloads\\BRUCE BIRTHDAY HAPPY HOUR PICS.lnk.95m2mg1.partial by: Auto-Protect scan.  Action: Cleaned by Deletion.  Action Description: The file was deleted successfully."}, {"_time": "2018-08-20T18:01:21.000+08:00", "_raw": "08/19/2018 22:01:21 PM\nLogName=Application\nSourceName=Symantec AntiVirus\nEventCode=51\nEventType=2\nType=Error\nComputerName=BGIST-L.froth.ly\nTaskCategory=The operation completed successfully.\nOpCode=None\n