        {
          "type": "AIMessage",
          "content": "Intention: Only PutBucketAcl events were found. Let me also search for any other S3-related events that could indicate public exposure — CreateBucket, PutBucketPolicy, DeleteBucketPolicy, and also search for any events with \"AllUsers\" or \"AuthenticatedUsers\" in the raw text.\n→ call run_splunk_search(query=\"index=botsv3 sourcetype=aws:cloudtrail recipientAccountId=622676721278 (eventName=PutBucketPolicy OR eventName=DeleteBucketPolicy OR eventName=CreateBucket OR eventName=DeletePublicAccessBlock OR eventName=PutPublicAccessBlock OR eventName=PutBucketWebsite) | stats count by eventName, userIdentity.userName, requestParameters.bucketName, eventID, eventTime | sort eventTime\")",
          "tool_calls": [
            {
              "name": "run_splunk_search",
              "args": {
                "query": "index=botsv3 sourcetype=aws:cloudtrail recipientAccountId=622676721278 (eventName=PutBucketPolicy OR eventName=DeleteBucketPolicy OR eventName=CreateBucket OR eventName=DeletePublicAccessBlock OR eventName=PutPublicAccessBlock OR eventName=PutBucketWebsite) | stats count by eventName, userIdentity.userName, requestParameters.bucketName, eventID, eventTime | sort eventTime"
              }
            }
          ]
        },
        {
          "type": "ToolMessage",
          "content": "{\"results\": [], \"meta\": {\"total_event_count\": 0, \"returned\": 0, \"sid\": \"1783476332.908\"}}",
          "name": "run_splunk_search"
        },
        {
          "type": "AIMessage",
          "content": "Intention: No PutBucketPolicy, DeletePublicAccessBlock, or PutBucketWebsite events found. Let me now search for any CloudTrail events containing \"AllUsers\" or \"AuthenticatedUsers\" in the raw text to make sure I haven't missed any public exposure events.\n→ call run_splunk_search(query=\"index=botsv3 sourcetype=aws:cloudtrail recipientAccountId=622676721278 (AllUsers OR AuthenticatedUsers) | stats count by eventName, userIdentity.userName, requestParameters.bucketName, eventID, eventTime | sort eventTime\")",
          "tool_calls": [
            {
              "name": "run_splunk_search",
              "args": {
                "query": "index=botsv3 sourcetype=aws:cloudtrail recipientAccountId=622676721278 (AllUsers OR AuthenticatedUsers) | stats count by eventName, userIdentity.userName, requestParameters.bucketName, eventID, eventTime | sort eventTime"
              }
            }
          ]
        },
        {
          "type": "ToolMessage",
          "content": "{\"results\": [{\"eventName\": \"PutBucketAcl\", \"userIdentity.userName\": \"bstoll\", \"requestParameters.bucketName\": \"frothlywebcode\", \"eventID\": \"ab45689d-69cd-41e7-8705-5350402cf7ac\", \"eventTime\": \"2018-08-20T13:01:46Z\", \"count\": \"1\"}], \"meta\": {\"total_event_count\": 1, \"returned\": 1, \"sid\": \"1783476338.909\"}}",
          "name": "run_splunk_search"
        },
        {
          "type": "AIMessage",
          "content": "Intention: Only one event contains AllUsers/AuthenticatedUsers — the bstoll PutBucketAcl event. Let me also search for any events with Principal=\"*\" or \"public-read\" or \"public-read-write\" in the raw text to be thorough.\n→ call run_splunk_search(query=\"index=botsv3 sourcetype=aws:cloudtrail recipientAccountId=622676721278 (\\\"Principal\\\":\\\"*\\\" OR \\\"public-read\\\" OR \\\"public-read-write\\\" OR \\\"s3:GetObject\\\" OR \\\"PutBucketWebsite\\\") | stats count by eventName, userIdentity.userName, requestParameters.bucketName, eventID, eventTime | sort eventTime\")",
          "tool_calls": [
            {
              "name": "run_splunk_search",
              "args": {
                "query": "index=botsv3 sourcetype=aws:cloudtrail recipientAccountId=622676721278 (\"Principal\":\"*\" OR \"public-read\" OR \"public-read-write\" OR \"s3:GetObject\" OR \"PutBucketWebsite\") | stats count by eventName, userIdentity.userName, requestParameters.bucketName, eventID, eventTime | sort eventTime"
              }
            }
          ]
        },
        {
          "type": "ToolMessage",
          "content": "{\"results\": [], \"meta\": {\"total_event_count\": 0, \"returned\": 0, \"sid\": \"1783476344.911\"}}",
          "name": "run_splunk_search"
        },
        {
          "type": "AIMessage",
          "content": "Intention: No bucket policy or website events found. Let me also check if there are any other S3 events from the priority users (btun, splunk_access, web_admin) that might involve bucket ACL or policy changes, and also search for any S3 events with \"canned ACL\" values like \"public-read\" in the requestParameters.acl field.\n→ call run_splunk_search(query=\"index=botsv3 sourcetype=aws:cloudtrail recipientAccountId=622676721278 eventSource=s3.amazonaws.com (userIdentity.userName=btun OR userIdentity.userName=bstoll OR userIdentity.userName=splunk_access OR userIdentity.userName=web_admin) | stats count by eventName, userIdentity.userName, requestParameters.bucketName, eventID, eventTime | sort eventTime\")",
          "tool_calls": [
            {
              "name": "run_splunk_search",
              "args": {
                "query": "index=botsv3 sourcetype=aws:cloudtrail recipientAccountId=622676721278 eventSource=s3.amazonaws.com (userIdentity.userName=btun OR userIdentity.userName=bstoll OR userIdentity.userName=splunk_access OR userIdentity.userName=web_admin) | stats count by eventName, userIdentity.userName, requestParameters.bucketName, eventID, eventTime | sort eventTime"
              }
            }
          ]
        },
        {
          "type": "ToolMessage",
          "content": "{\"results\": [{\"eventName\": \"GetBucketLocation\", \"userIdentity.userName\": \"splunk_access\", \"requestParameters.bucketName\": \"cloudtrail-622676721278\", \"eventID\": \"2374035d-7873-4991-921a-8fe332cc9dbe\", \"eventTime\": \"2018-08-20T09:07:59Z\", \"count\": \"1\"}, {\"eventName\": \"GetBucketCors\", \"userIdentity.userName\": \"splunk_access\", \"requestParameters.bucketName\": \"cloud-response-211e1ac5417d46e085bcdc15a1cf2ca0\", \"eventID\": \"33d77ea0-1ace-48c7-9fab-da522075853c\", \"eventTime\": \"2018-08-20T09:08:01Z\", \"count\": \"1\"}, {\"eventName\": \"GetBucketCors\", \"userIdentity.userName\": \"splunk_access\", \"requestParameters.bucketName\": \"cloud-response-27251b9eaab343a3be36ce714e8b3d9b\", \"eventID\": \"3b5875c8-e094-4938-a769-1058d5b85a7e\", \"eventTime\": \"2018-08-20T09:08:01Z\", \"count\": \"1\"}, {\"eventName\": \"GetBucketCors\", \"userIdentity.userName\": \"splunk_access\", \"requestParameters.bucketName\": \"cloud-response-907023eb51584ee0b6d7a75cb669e134\", \"eventID\": \"20fcaab1-3924-4362-894e-73cd7d4653a5\", \"eventTime\": \"2018-08-20T09:08:01Z\", \"count\": \"1\"}, {\"eventName\": \"GetBucketCors\", \"userIdentity.userName\": \"splunk_access\", \"requestParameters.bucketName\": \"cloud-response-95b914c74a2c4131a90e589d3260f722\", \"eventID\": \"1c71d5c7-f5e5-4745-87a8-563abb0ef499\", \"eventTime\": \"2018-08-20T09:08:01Z\", \"count\": \"1\"}, {\"eventName\": \"GetBucketLifecycle\", \"userIdentity.userName\": \"splunk_access\", \"requestParameters.bucketName\": \"cloud-response-211e1ac5417d46e085bcdc15a1cf2ca0\", \"eventID\": \"8be615b0-e6b2-4646-984c-91ce2338ba33\", \"eventTime\": \"2018-08-20T09:08:01Z\", \"count\": \"1\"}, {\"eventName\": \"GetBucketLifecycle\", \"userIdentity.userName\": \"splunk_access\", \"requestParameters.bucketName\": \"cloud-response-27251b9eaab343a3be36ce714e8b3d9b\", \"eventID\": \"66630509-89db-4e50-8757-2e017aad678e\", \"eventTime\": \"2018-08-20T09:08:01Z\", \"count\": \"1\"}, {\"eventName\": \"GetBucketLifecycle\", \"userIdentity.userName\": \"splunk_access\", \"requestParameters.bucketName\": \"cloud-response-907023eb51584ee0b6d7a75cb669e134\", \"eventID\": \"eada5fac-344b-4bc1-90f6-197183f1d50f\", \"eventTime\": \"2018-08-20T09:08:01Z\", \"count\": \"1\"}, {\"eventName\": \"GetBucketLifecycle\", \"userIdentity.userName\": \"splunk_access\", \"requestParameters.bucketName\": \"cloud-response-95b914c74a2c4131a90e589d3260f722\", \"eventID\": \"7164f406-9ede-4c36-8513-8a2984eb2925\", \"eventTime\": \"2018-08-20T09:08:01Z\", \"count\": \"1\"}, {\"eventName\": \"GetBucketLocation\", \"userIdentity.userName\": \"splunk_access\", \"requestParameters.bucketName\": \"cloud-response-211e1ac5417d46e085bcdc15a1cf2ca0\", \"eventID\": \"c9507713-70a6-4197-aa9a-5a1fd391a6eb\", \"eventTime\": \"2018-08-20T09:08:01Z\", \"count\": \"1\"}, {\"eventName\": \"GetBucketLocation\", \"userIdentity.userName\": \"splunk_access\", \"requestParameters.bucketName\": \"cloud-response-27251b9eaab343a3be36ce714e8b3d9b\", \"eventID\": \"e51e17bb-e18c-431a-82ef-e18d0f2e28c7\", \"eventTime\": \"2018-08-20T09:08:01Z\", \"count\": \"1\"}, {\"eventName\": \"GetBucketLocation\", \"userIdentity.userName\": \"splunk_access\", \"requestParameters.bucketName\": \"cloud-response-907023eb51584ee0b6d7a75cb669e134\", \"eventID\": \"b6089f40-ba72-4538-a8bb-5eb232fffb7b\", \"eventTime\": \"2018-08-20T09:08:01Z\", \"count\": \"1\"}, {\"eventName\": \"GetBucketLocation\", \"userIdentity.userName\": \"splunk_access\", \"requestParameters.bucketName\": \"cloud-response-95b914c74a2c4131a90e589d3260f722\", \"eventID\": \"457d8584-8d70-489c-9007-af97e555e2fe\", \"eventTime\": \"2018-08-20T09:08:01Z\", \"count\": \"1\"}, {\"eventName\": \"GetBucketLogging\", \"userIdentity.userName\": \"splunk_access\", \"requestParameters.bucketName\": \"cloud-response-211e1ac5417d46e085bcdc15a1cf2ca0\", \"eventID\": \"c9998bba-4ed9-4ad7-993f-17945a20abf0\", \"eventTime\": \"2018-08-20T09:08:01Z\", \"count\": \"1\"}, {\"eventName\": \"GetBucketLogging\", \"userIdentity.userName\": \"splunk_access\", \"requestParameters.bucketName\": \"cloud-response-27251b9eaab343a3be36ce714e8b3d9b\", \"eventID\": \"c456ff45-ae06-479d-8bae-56e696914215\", \"eventTime\": \"2018-08-20T09:08:01Z\", \"count\": \"1\"}, {\"eventName\": \"GetBucketLogging\", \"userIdentity.userName\": \"splunk_access\", \"requestParameters.bucketName\": \"cloud-response-907023eb51584ee0b6d7a75cb669e134\", \"eventID\": \"47f6c617-3ae9-4435-a66a-9764ddef3799\", \"eventTime\": \"2018-08-20T09:08:01Z\", \"count\": \"1\"}, {\"eventName\": \"GetBucketLogging\", \"userIdentity.userName\": \"splunk_access\", \"requestParameters.bucketName\": \"cloud-response-95b914c74a2c4131a90e589d3260f722\", \"eventID\": \"89a0ef7c-9e50-4646-b00d-c3a1ceadce21\", \"eventTime\": \"2018-08-20T09:08:01Z\", \"count\": \"1\"}, {\"eventName\": \"GetBucketTagging\", \"userIdentity.userName\": \"splunk_access\", \"requestParameters.bucketName\": \"cloud-response-211e1ac5417d46e085bcdc15a1cf2ca0\", \"eventID\": \"8fe02596-fd59-4f63-9baf-a8138213cd99\", \"eventTime\": \"2018-08-20T09:08:01Z\", \"count\": \"1\"}, {\"eventName\": \"GetBucketTagging\", \"userIdentity.userName\": \"splunk_access\", \"requestParameters.bucketName\": \"cloud-response-27251b9eaab343a3be36ce714e8b3d9b\", \"eventID\": \"72af8820-496b-4131-b842-a246eacc8f4c\", \"eventTime\": \"2018-08-20T09:08:01Z\", \"count\": \"1\"}, {\"eventName\": \"GetBucketTagging\", \"userIdentity.userName\": \"splunk_access\", \"requestParameters.bucketName\": \"cloud-response-907023eb51584ee0b6d7a75cb669e134\", \"eventID\": \"8d3f7e95-b9d3-48e7-81e7-26415c12e6bc\", \"eventTime\": \"2018-08-20T09:08:01Z\", \"count\": \"1\"}, {\"eventName\": \"GetBucketTagging\", \"userIdentity.userName\": \"splunk_access\", \"requestParameters.bucketName\": \"cloud-response-95b914c74a2c4131a90e589d3260f722\", \"eventID\": \"44b47801-fc09-4865-9e1a-1727e847c6cf\", \"eventTime\": \"2018-08-20T09:08:01Z\", \"count\": \"1\"}, {\"eventName\": \"GetBucketCors\", \"userIdentity.userName\": \"splunk_access\", \"requestParameters.bucketName\": \"cloud-response-9a0cfce5255f478ea0796ee77aa640b9\", \"eventID\": \"01f7af11-5f9e-4cb9-b695-5d85208dcbac\", \"eventTime\": \"2018-08-20T09:08:02Z\", \"count\": \"1\"}, {\"eventName\": \"GetBucketCors\", \"userIdentity.userName\": \"splunk_access\", \"requestParameters.bucketName\": \"cloud-response-9c00420d72444ec396d8cc3a076a8c58\", \"eventID\": \"eafd9988-fdff-42a2-89bb-acd57d8e9cf8\", \"eventTime\": \"2018-08-20T09:08:02Z\", \"count\": \"1\"}, {\"eventName\": \"GetBucketCors\", \"userIdentity.userName\": \"splunk_access\", \"requestParameters.bucketName\": \"cloud-response-ab77fdc39ec745389488bd830b96ec15\", \"eventID\": \"5c3cd0f2-70ca-4091-88c4-b8bb1ce0c1c4\", \"eventTime\": \"2018-08-20T09:08:02Z\", \"count\": \"1\"}, {\"eventName\": \"GetBucketCors\", \"userIdentity.userName\": \"splunk_access\", \"requestParameters.bucketName\": \"cloud-response-eb70c3d5b0094b17a040cdecc808eedd\", \"eventID\": \"1d282677-b00e-4e53-a179-ebeb8e70657d\", \"eventTime\": \"2018-08-20T09:08:02Z\", \"count\": \"1\"}, {\"eventName\": \"GetBucketCors\", \"userIdentity.userName\": \"splunk_access\", \"requestParameters.bucketName\": \"cloud-response-ebcd190244124cfcbd027a10faf209bd\", \"eventID\": \"f57b1154-7e40-4518-9342-5d9686697fdf\", \"eventTime\": \"2018-08-20T09:08:02Z\", \"count\": \"1\"}, {\"eventName\": \"GetBucketCors\", \"userIdentity.userName\": \"splunk_access\", \"requestParameters.bucketName\": \"cloud-response-f84f8a54d63e47d38ceb94c959650f3b\", \"eventID\": \"6b0ba139-1b2d-4984-9b40-94f7b3d89f17\", \"eventTime\": \"2018-08-20T09:08:02Z\", \"count\": \"1\"}, {\"eventName\": \"GetBucketCors\", \"userIdentity.userName\": \"splunk_access\", \"requestParameters.bucketName\": \"cloudtrail-622676721278\", \"eventID\": \"8b682a4c-a457-46f1-b5af-3af783acd9e7\", \"eventTime\": \"2018-08-20T09:08:02Z\", \"count\": \"1\"}, {\"eventName\": \"GetBucketLifecycle\", \"userIdentity.userName\": \"splunk_access\", \"requestParameters.bucketName\": \"cloud-response-9a0cfce5255f478ea0796ee77aa640b9\", \"eventID\": \"349edefb-bd8a-490f-bcad-6055215ab7bd\", \"eventTime\": \"2018-08-20T09:08:02Z\", \"count\": \"1\"}, {\"eventName\": \"GetBucketLifecycle\", \"userIdentity.userName\": \"splunk_access\", \"requestParameters.bucketName\": \"cloud-response-9c00420d72444ec396d8cc3a076a8c58\", \"eventID\": \"e81634bd-81ee-49c3-b01f-7a90a1754c0a\", \"eventTime\": \"2018-08-20T09:08:02Z\", \"count\": \"1\"}, {\"eventName\": \"GetBucketLifecycle\", \"userIdentity.userName\": \"splunk_access\", \"requestParameters.bucketName\": \"cloud-response-ab77fdc39ec745389488bd830b96ec15\", \"eventID\": \"c5d58008-50bd-4d59-98e3-464c00b30c9e\", \"eventTime\": \"2018-08-20T09:08:02Z\", \"count\": \"1\"}, {\"eventName\": \"GetBucketLifecycle\", \"userIdentity.userName\": \"splunk_access\", \"requestParameters.bucketName\": \"cloud-response-eb70c3d5b0094b17a040cdecc808eedd\", \"eventID\": \"0aed08ec-e81c-4eab-8493-1c9d718b02e7\", \"eventTime\": \"2018-08-20T09:08:02Z\", \"count\": \"1\"}, {\"eventName\": \"GetBucketLifecycle\", \"userIdentity.userName\": \"splunk_access\", \"requestParameters.bucketName\": \"cloud-response-ebcd190244124cfcbd027a10faf209bd\", \"eventID\": \"94382160-bc92-487f-9819-5d2ad97f7d7e\", \"eventTime\": \"2018-08-20T09:08:02Z\", \"count\": \"1\"}, {\"eventName\": \"GetBucketLifecycle\", \"userIdentity.userName\": \"splunk_access\", \"requestParameters.bucketName\": \"cloud-response-f84f8a54d63e47d38ceb94c959650f3b\", \"eventID\": \"295dd168-90a2-4565-909a-2f0851506b08\", \"eventTime\": \"2018-08-20T09:08:02Z\", \"count\": \"1\"}, {\"eventName\": \"GetBucketLifecycle\", \"userIdentity.userName\": \"splunk_access\", \"requestParameters.bucketName\": \"cloudtrail-622676721278\", \"eventID\": \"6bef34a8-a111-442d-8ef8-a0370cfdb768\", \"eventTime\": \"2018-08-20T09:08:02Z\", \"count\": \"1\"}, {\"eventName\": \"GetBucketLocation\", \"userIdentity.userName\": \"splunk_access\", \"requestParameters.bucketName\": \"cloud-response-9a0cfce5255f478ea0796ee77aa640b9\", \"eventID\": \"f6eeee3e-7580-4c32-ada8-d526173298f8\", \"eventTime\": \"2018-08-20T09:08:02Z\", \"count\": \"1\"}, {\"eventName\": \"GetBucketLocation\", \"userIdentity.userName\": \"splunk_access\", \"requestParameters.bucketName\": \"cloud-response-9c00420d72444ec396d8cc3a076a8c58\", \"eventID\": \"c9a61fcd-eeab-4704-8c72-e38f79334bf7\", \"eventTime\": \"2018-08-20T09:08:02Z\", \"count\": \"1\"}, {\"eventName\": \"GetBucketLocation\", \"userIdentity.userName\": \"splunk_access\", \"requestParameters.bucketName\": \"cloud-response-ab77fdc39ec745389488bd830b96ec15\", \"eventID\": \"78276d4a-b5c7-4c4b-86d8-0aa82fa26f76\", \"eventTime\": \"2018-08-20T09:08:02Z\", \"count\": \"1\"}, {\"eventName\": \"GetBucketLocation\", \"userIdentity.userName\": \"splunk_access\", \"requestParameters.bucketName\": \"cloud-response-eb70c3d5b0094b17a040cdecc808eedd\", \"eventID\": \"e3b07c5f-a696-4042-b059-c18ce608c693\", \"eventTime\": \"2018-08-20T09:08:02Z\", \"count\": \"1\"}, {\"eventName\": \"GetBucketLocation\", \"userIdentity.userName\": \"splunk_access\", \"requestParameters.bucketName\": \"cloud-response-ebcd190244124cfcbd027a10faf209bd\", \"eventID\": \"a10d8cce-7a3e-4977-a5d8-8c111da62dec\", \"eventTime\": \"2018-08-20T09:08:02Z\", \"count\": \"1\"}, {\"eventName\": \"GetBucketLocation\", \"userIdentity.userName\": \"splunk_access\", \"requestParameters.bucketName\": \"cloud-response-f84f8a54d63e47d38ceb94c959650f3b\", \"eventID\": \"cb85e630-b6aa-49c5-8eed-71a114847b82\", \"eventTime\": \"2018-08-20T09:08:02Z\", \"count\": \"1\"}, {\"eventName\": \"GetBucketLocation\", \"userIdentity.userName\": \"splunk_access\", \"requestParameters.bucketName\": \"cloudtrail-622676721278\", \"eventID\": \"4122bec2-b123-4957-bd03-078bc6b47deb\", \"eventTime\": \"2018-08-20T09:08:02Z\", \"count\": \"1\"}, {\"eventName\": \"GetBucketLogging\", \"userIdentity.userName\": \"splunk_access\", \"requestParameters.bucketName\": \"cloud-response-9a0cfce5255f478ea0796ee77aa640b9\", \"eventID\": \"0b979f19-8f33-40b1-af2a-01e04706a7d0\", \"eventTime\": \"2018-08-20T09:08:02Z\", \"count\": \"1\"}, {\"eventName\": \"GetBucketLogging\", \"userIdentity.userName\": \"splunk_access\", \"requestParameters.bucketName\": \"cloud-response-9c00420d72444ec396d8cc3a076a8c58\", \"eventID\": \"92de7924-f97e-43b1-a5eb-8b3282630992\", \"eventTime\": \"2018-08-20T09:08:02Z\", \"count\": \"1\"}, {\"eventName\": \"GetBucketLogging\", \"userIdentity.userName\": \"splunk_access\", \"requestParameters.bucketName\": \"cloud-response-ab77fdc39ec745389488bd830b96ec15\", \"eventID\": \"4f7b4b24-b7b2-4c45-8661-074eb28ec234\", \"eventTime\": \"2018-08-20T09:08:02Z\", \"count\": \"1\"}, {\"eventName\": \"GetBucketLogging\", \"userIdentity.userName\": \"splunk_access\", \"requestParameters.bucketName\": \"cloud-response-eb70c3d5b0094b17a040cdecc808eedd\", \"eventID\": \"22031f08-e6ba-4603-94c4-75aff2a563d6\", \"eventTime\": \"2018-08-20T09:08:02Z\", \"count\": \"1\"}, {\"eventName\": \"GetBucketLoggin... [truncated — use a more specific query]\"}",
          "name": "run_splunk_search"
        },
        {
          "type": "AIMessage",
          "content": "Intention: The splunk_access user only has Get* (read-only) S3 operations — no ACL or policy changes. The only public exposure event is bstoll's PutBucketAcl. Let me now also check for any S3 events from btun and web_admin, and also search for any other users who might have made S3 ACL/policy changes.\n→ call run_splunk_search(query=\"index=botsv3 sourcetype=aws:cloudtrail recipientAccountId=622676721278 eventSource=s3.amazonaws.com (eventName=PutBucketAcl OR eventName=PutBucketPolicy OR eventName=DeleteBucketPolicy OR eventName=DeletePublicAccessBlock OR eventName=PutBucketWebsite) | stats count by eventName, userIdentity.userName, requestParameters.bucketName, eventID, eventTime | sort eventTime\")",
          "tool_calls": [
            {
              "name": "run_splunk_search",
              "args": {
                "query": "index=botsv3 sourcetype=aws:cloudtrail recipientAccountId=622676721278 eventSource=s3.amazonaws.com (eventName=PutBucketAcl OR eventName=PutBucketPolicy OR eventName=DeleteBucketPolicy OR eventName=DeletePublicAccessBlock OR eventName=PutBucketWebsite) | stats count by eventName, userIdentity.userName, requestParameters.bucketName, eventID, eventTime | sort eventTime"
              }
            }
          ]
        },
        {
          "type": "ToolMessage",
          "content": "{\"results\": [{\"eventName\": \"PutBucketAcl\", \"userIdentity.userName\": \"bstoll\", \"requestParameters.bucketName\": \"frothlywebcode\", \"eventID\": \"ab45689d-69cd-41e7-8705-5350402cf7ac\", \"eventTime\": \"2018-08-20T13:01:46Z\", \"count\": \"1\"}, {\"eventName\": \"PutBucketAcl\", \"userIdentity.userName\": \"bstoll\", \"requestParameters.bucketName\": \"frothlywebcode\", \"eventID\": \"9a33d8df-1e16-4d58-b36d-8e80ce68f8a3\", \"eventTime\": \"2018-08-20T13:57:54Z\", \"count\": \"1\"}], \"meta\": {\"total_event_count\": 2, \"returned\": 2, \"sid\": \"1783476359.916\"}}",
          "name": "run_splunk_search"
        },
        {
          "type": "AIMessage",
          "content": "Intention: I've confirmed there are exactly 2 PutBucketAcl events, both by bstoll on frothlywebcode. The first one (eventID ab45689d) grants AllUsers READ and WRITE — that's the public exposure event. The second one (eventID 9a33d8df) appears to remove the AllUsers grants. Let me now get the raw event for the second PutBucketAcl to confirm whether it removed the public access (i.e., reverted to private).\n→ call get_raw_events(sourcetype=\"aws:cloudtrail\", keyword=\"9a33d8df-1e16-4d58-b36d-8e80ce68f8a3\", limit=1)",
          "tool_calls": [
            {
              "name": "get_raw_events",
              "args": {
                "keyword": "9a33d8df-1e16-4d58-b36d-8e80ce68f8a3",
                "limit": 1,
                "sourcetype": "aws:cloudtrail"
              }
            }
          ]
        },
        {
          "type": "ToolMessage",
          "content": "{\"results\": [{\"_time\": \"2018-08-20T21:57:54.000+08:00\", \"_raw\": \"{\\\"eventTime\\\": \\\"2018-08-20T13:57:54Z\\\", \\\"eventName\\\": \\\"PutBucketAcl\\\", \\\"userIdentity\\\": {\\\"accountId\\\": \\\"622676721278\\\", \\\"userName\\\": \\\"bstoll\\\", \\\"arn\\\": \\\"arn:aws:iam::622676721278:user/bstoll\\\", \\\"sessionContext\\\": {\\\"attributes\\\": {\\\"mfaAuthenticated\\\": \\\"false\\\", \\\"creationDate\\\": \\\"2018-08-20T13:57:22Z\\\"}}, \\\"type\\\": \\\"IAMUser\\\", \\\"invokedBy\\\": \\\"signin.amazonaws.com\\\", \\\"accessKeyId\\\": \\\"ASIAZB6TMXZ7FWTIS4NJ\\\", \\\"principalId\\\": \\\"AIDAJUFKXZ44LV4EN4MGK\\\"}, \\\"sourceIPAddress\\\": \\\"107.77.212.175\\\", \\\"eventSource\\\": \\\"s3.amazonaws.com\\\", \\\"eventVersion\\\": \\\"1.05\\\", \\\"requestID\\\": \\\"6A18BDBBC85C6E81\\\", \\\"responseElements\\\": null, \\\"awsRegion\\\": \\\"us-west-1\\\", \\\"userAgent\\\": \\\"signin.amazonaws.com\\\", \\\"eventID\\\": \\\"9a33d8df-1e16-4d58-b36d-8e80ce68f8a3\\\", \\\"requestParameters\\\": {\\\"acl\\\": [\\\"\\\"], \\\"AccessControlPolicy\\\": {\\\"AccessControlList\\\": {\\\"Grant\\\": [{\\\"Grantee\\\": {\\\"DisplayName\\\": \\\"bstoll\\\", \\\"ID\\\": \\\"4c018053e740f45beb45f68c0f5eff6347745488ae540130432c9fc64fae310d\\\", \\\"xmlns:xsi\\\": \\\"http://www.w3.org/2001/XMLSchema-instance\\\", \\\"xsi:type\\\": \\\"CanonicalUser\\\"}, \\\"Permission\\\": \\\"FULL_CONTROL\\\"}, {\\\"Grantee\\\": {\\\"URI\\\": \\\"http://acs.amazonaws.com/groups/s3/LogDelivery\\\", \\\"xmlns:xsi\\\": \\\"http://www.w3.org/2001/XMLSchema-instance\\\", \\\"xsi:type\\\": \\\"Group\\\"}, \\\"Permission\\\": \\\"WRITE\\\"}, {\\\"Grantee\\\": {\\\"URI\\\": \\\"http://acs.amazonaws.com/groups/s3/LogDelivery\\\", \\\"xmlns:xsi\\\": \\\"http://www.w3.org/2001/XMLSchema-instance\\\", \\\"xsi:type\\\": \\\"Group\\\"}, \\\"Permission\\\": \\\"READ_ACP\\\"}, {\\\"Grantee\\\": {\\\"URI\\\": \\\"http://acs.amazonaws.com/groups/s3/LogDelivery\\\", \\\"xmlns:xsi\\\": \\\"http://www.w3.org/2001/XMLSchema-instance\\\", \\\"xsi:type\\\": \\\"Group\\\"}, \\\"Permission\\\": \\\"READ\\\"}, {\\\"Grantee\\\": {\\\"DisplayName\\\": \\\"bstoll\\\", \\\"ID\\\": \\\"4c018053e740f45beb45f68c0f5eff6347745488ae540130432c9fc64fae310d\\\", \\\"xmlns:xsi\\\": \\\"http://www.w3.org/2001/XMLSchema-instance\\\", \\\"xsi:type\\\": \\\"CanonicalUser\\\"}, \\\"Permission\\\": \\\"FULL_CONTROL\\\"}]}, \\\"Owner\\\": {\\\"DisplayName\\\": \\\"bstoll\\\", \\\"ID\\\": \\\"4c018053e740f45beb45f68c0f5eff6347745488ae540130432c9fc64fae310d\\\"}, \\\"xmlns\\\": \\\"http://s3.amazonaws.com/doc/2006-03-01/\\\"}, \\\"bucketName\\\": \\\"frothlywebcode\\\"}, \\\"recipientAccountId\\\": \\\"622676721278\\\", \\\"eventType\\\": \\\"AwsApiCall\\\"}\"}], \"meta\": {\"total_event_count\": 1, \"returned\": 1, \"sid\": \"1783476366.918\"}}",
          "name": "get_raw_events"
        },
        {
          "type": "AIMessage",
          "content": "I now have the complete picture. Let me summarize the findings.\n\n## Investigation Summary\n\nI searched all `aws:cloudtrail` events in `index=botsv3` with `recipientAccountId=622676721278` for every category of S3 public exposure:\n\n| Search Category | Events Found |\n|---|---|\n| `PutBucketAcl` with AllUsers/AuthenticatedUsers grants | **1 event** (public exposure) |\n| `PutBucketPolicy` with Principal=\"*\" | 0 |\n| `DeletePublicAccessBlock` | 0 |\n| `PutBucketWebsite` | 0 |\n| Canned ACLs (public-read, public-read-write) | 0 |\n| S3 changes by btun, splunk_access, web_admin | 0 (splunk_access only had Get* read-only calls) |\n\n### The Public Exposure Event\n\n| Field | Value |\n|---|---|\n| **Event Name** | `PutBucketAcl` |\n| **Bucket** | `frothlywebcode` |\n| **User** | `bstoll` (IAMUser, arn:aws:iam::622676721278:user/bstoll) |\n| **eventID** | `ab45689d-69cd-41e7-8705-5350402cf7ac` |\n| **Event Time** | 2018-08-20T13:01:46Z |\n| **Source IP** | 107.77.212.175 |\n| **AWS Region** | us-west-1 |\n\n**Public exposure semantics**: The ACL granted two permissions to `http://acs.amazonaws.com/groups/global/AllUsers` (the AllUsers group = public/anonymous):\n- `READ` — anyone on the internet can list and read objects in the bucket\n- `WRITE` — anyone on the internet can upload/delete objects in the bucket\n\nThis is effectively a **public-read-write** ACL, the most dangerous S3 exposure level.\n\n### Subsequent Remediation Event\n\n| Field | Value |\n|---|---|\n| **Event Name** | `PutBucketAcl` |\n| **Bucket** | `frothlywebcode` |\n| **User** | `bstoll` |\n| **eventID** | `9a33d8df-1e16-4d58-b36d-8e80ce68f8a3` |\n| **Event Time** | 2018-08-20T13:57:54Z (~56 min later) |\n\nThis second PutBucketAcl by the same user **removed** the AllUsers grants, reverting the ACL to only bstoll (FULL_CONTROL) and LogDelivery (READ/WRITE/READ_ACP). This appears to be a remediation of the public exposure.\n\n---\n\n**FINAL ANSWER:**\n\nThe S3 bucket **`frothlywebcode`** was made publicly accessible by IAM user **`bstoll`** via a `PutBucketAcl` API call (eventID: **`ab45689d-69cd-41e7-8705-5350402cf7ac`**) at 2018-08-20T13:01:46Z. The event semantics indicating public exposure are **ACL grants to the AllUsers group** (`http://acs.amazonaws.com/groups/global/AllUsers`) with both **READ** and **WRITE** permissions — equivalent to a public-read-write ACL. No PutBucketPolicy, DeletePublicAccessBlock, PutBucketWebsite, or canned-ACL events were found. No other priority users (btun, splunk_access, web_admin) made any S3 permission or policy changes. A subsequent PutBucketAcl by bstoll (eventID: `9a33d8df-1e16-4d58-b36d-8e80ce68f8a3`) at 13:57:54Z removed the AllUsers grants, reverting the bucket to private.\n\nSPL:\n```\nindex=botsv3 sourcetype=aws:cloudtrail recipientAccountId=622676721278 (eventName=PutBucketAcl OR eventName=PutBucketPolicy OR eventName=DeletePublicAccessBlock OR eventName=PutBucketWebsite) | stats count by eventName, userIdentity.userName, requestParameters.bucketName, eventID, eventTime | sort eventTime\n```"
        }
      ],
      "iterations": 14,
      "cap_hit": false
    },
    {
      "worker": "senior#13",
      "qid": "Q203",
      "subquestion": "Given [Task-1 (partial): PARTIAL ANSWER: IAM user `btun` (Bud) made **zero S3-related API calls** in the BOTSv3 CloudTrail logs. btun has 73 CloudTrail events, but all are from `ec2.amazonaws.com`, `autoscaling.amazonaws.com`, `elasticloadbalancing.amazonaws.com`, `monitoring.amazonaws.com`, and `iam.amazonaws.com` — none from `s3.amazonaws.com`. The only S3 bucket-permission changes in the entire dataset are 2 `PutBucket] and [Task-2 (solved): I now have the complete picture. Let me summarize the findings.\n\n## Investigation Summary\n\nI searched all `aws:cloudtrail` events in `index=botsv3` with `recipientAccountId=622676721278` for every category of S3 public exposure:\n\n| Search Category | Events Found |\n|---|---|\n| `PutBucketAcl` with AllUsers/AuthenticatedUsers grants | **1 event** (public exposure) |\n| `PutBucketPolicy` with Principal]: Determine which single CloudTrail event corresponds to Bud (IAM user btun) accidentally enabling public access on an S3 bucket in Frothly account 622676721278 during August 2018, and provide the exact eventID string only, preserving punctuation.\n\nEXPECTED SHAPE: CloudTrail eventID string with hyphens, exact case, no extra text",
      "status": "partial",
      "answer": "PARTIAL ANSWER: The CloudTrail event that enabled public access on an S3 bucket in Frothly account 622676721278 is eventID `ab45689d-69cd-41e7-8705-5350402cf7ac`. This is a `PutBucketAcl` event at `2018-08-20T13:01:46Z` on bucket `frothlywebcode` that grants `http://acs.amazonaws.com/groups/global/AllUsers` both READ and WRITE permissions. However, the IAM user who performed this action is `bstoll` (Bud Stoll), NOT `btun` — `btun` has zero S3 API calls in CloudTrail.\n\nUNCERTAINTY: The task states \"Bud (IAM user btun)\" but the actual IAM user who made the public S3 bucket ACL change is `bstoll`. This may be a naming confusion in the task (btun vs bstoll), or `btun` may be an alias/nickname for Bud Stoll. The eventID itself is definitively confirmed from the raw event data.\n\nSPL: `index=botsv3 sourcetype=aws:cloudtrail eventSource=s3.amazonaws.com eventName=PutBucketAcl` — examined raw events; the one with `AllUsers` grants has eventID `ab45689d-69cd-41e7-8705-5350402cf7ac`.",
      "spl_used": [
        "index=botsv3 sourcetype=aws:cloudtrail recipientAccountId=622676721278 (eventName=PutBucketAcl OR eventName=PutBucketPolicy) | stats count by eventName, userIdentity.name, eventID, eventTime",
        "index=botsv3 sourcetype=aws:cloudtrail recipientAccountId=622676721278 eventName=PutBucket* | stats count by eventName, userIdentity.name, eventID",
        "index=botsv3 sourcetype=aws:cloudtrail eventName=PutBucket* | stats count by eventName, userIdentity.name, eventID, eventTime",
        "index=botsv3 sourcetype=aws:cloudtrail eventName=*Bucket* | stats count by eventName, userIdentity.name",
        "index=botsv3 sourcetype=aws:cloudtrail eventName=PutBucket* | stats count by eventName, userIdentity.name",
        "index=botsv3 sourcetype=aws:cloudtrail | top limit=50 eventName",
        "index=botsv3 sourcetype=aws:cloudtrail eventName=PutBucketAcl | stats count by eventName, userIdentity.name, eventID, eventTime",
        "index=botsv3 sourcetype=aws:cloudtrail eventName=Put* | stats count by eventName, userIdentity.name",
        "index=botsv3 sourcetype=aws:cloudtrail eventSource=s3.amazonaws.com | stats count by eventName, userIdentity.userName",
        "index=botsv3 sourcetype=aws:cloudtrail eventSource=s3.amazonaws.com eventName=PutBucketAcl | stats count by eventID, eventTime, userIdentity.userName, userIdentity.arn, sourceIPAddress",
        "index=botsv3 sourcetype=aws:cloudtrail userIdentity.userName=btun | stats count by eventName, eventSource",
        "index=botsv3 sourcetype=aws:cloudtrail eventSource=s3.amazonaws.com eventName=PutBucketPolicy | stats count by eventID, eventTime, userIdentity.userName"
      ],
      "sourcetypes": [
        "aws:cloudtrail"
      ],
      "full_state": [
        {
          "type": "HumanMessage",
          "content": "Given [Task-1 (partial): PARTIAL ANSWER: IAM user `btun` (Bud) made **zero S3-related API calls** in the BOTSv3 CloudTrail logs. btun has 73 CloudTrail events, but all are from `ec2.amazonaws.com`, `autoscaling.amazonaws.com`, `elasticloadbalancing.amazonaws.com`, `monitoring.amazonaws.com`, and `iam.amazonaws.com` — none from `s3.amazonaws.com`. The only S3 bucket-permission changes in the entire dataset are 2 `PutBucket] and [Task-2 (solved): I now have the complete picture. Let me summarize the findings.\n\n## Investigation Summary\n\nI searched all `aws:cloudtrail` events in `index=botsv3` with `recipientAccountId=622676721278` for every category of S3 public exposure:\n\n| Search Category | Events Found |\n|---|---|\n| `PutBucketAcl` with AllUsers/AuthenticatedUsers grants | **1 event** (public exposure) |\n| `PutBucketPolicy` with Principal]: Determine which single CloudTrail event corresponds to Bud (IAM user btun) accidentally enabling public access on an S3 bucket in Frothly account 622676721278 during August 2018, and provide the exact eventID string only, preserving punctuation.\n\nEXPECTED SHAPE: CloudTrail eventID string with hyphens, exact case, no extra text"
        },
        {
          "type": "AIMessage",
          "content": "Intention: I need to find the specific CloudTrail event where btun enabled public access on an S3 bucket. Let me first check available sourcetypes and then search for S3 bucket ACL/policy changes in the CloudTrail data.",
          "tool_calls": [
            {
              "name": "get_source_types",
              "args": {}
            }
          ]
        },
        {
          "type": "ToolMessage",
          "content": "{\"source_types\": [\"access_combined\", \"alternatives\", \"amazon-ssm-agent\", \"amazon-ssm-agent-too_small\", \"apache_error\", \"aws:cloudtrail\", \"aws:cloudwatch\", \"aws:cloudwatch:guardduty\", \"aws:cloudwatchlogs\", \"aws:cloudwatchlogs:vpcflow\", \"aws:config:rule\", \"aws:description\", \"aws:elb:accesslogs\", \"aws:rds:audit\", \"aws:rds:error\", \"aws:s3:accesslogs\", \"bandwidth\", \"bash_history\", \"bootstrap\", \"cisco:asa\", \"cloud-init\", \"cloud-init-output\", \"code42:api\", \"code42:computer\", \"code42:org\", \"code42:security\", \"code42:user\", \"config_file\", \"cpu\", \"cron-too_small\", \"df\", \"dmesg\", \"dpkg\", \"error-too_small\", \"errors\", \"errors-too_small\", \"ess_content_importer\", \"hardware\", \"history-2\", \"interfaces\", \"iostat\", \"lastlog\", \"linux_audit\", \"linux_secure\", \"localhost-5\", \"lsof\", \"maillog-too_small\", \"ms:aad:audit\", \"ms:aad:signin\", \"ms:o365:management\", \"ms:o365:reporting:messagetrace\", \"netstat\", \"o365:management:activity\", \"openports\", \"osquery:info\", \"osquery:results\", \"osquery:warning\", \"out-3\", \"package\", \"perfmonmk:process\", \"protocol\", \"ps\", \"script:getendpointinfo\", \"script:installedapps\", \"script:listeningports\", \"stream:arp\", \"stream:dhcp\", \"stream:dns\", \"stream:http\", \"stream:icmp\", \"stream:igmp\", \"stream:ip\", \"stream:mysql\", \"stream:smb\", \"stream:smtp\", \"stream:tcp\", \"stream:udp\", \"symantec:ep:agent:file\", \"symantec:ep:agt_system:file\", \"symantec:ep:behavior:file\", \"symantec:ep:packet:file\", \"symantec:ep:risk:file\", \"symantec:ep:scm_system:file\", \"symantec:ep:security:file\", \"symantec:ep:traffic:file\", \"syslog\", \"time\", \"top\", \"unix:listeningports\", \"unix:service\", \"unix:sshdconfig\", \"unix:update\", \"unix:uptime\", \"unix:useraccounts\", \"unix:version\", \"userswithloginprivs\", \"vmstat\", \"who\", \"wineventlog\", \"winhostmon\", \"xmlwineventlog:microsoft-windows-sysmon/operational\", \"yum-too_small\", \"WinEventLog\"], \"count\": 103}",
          "name": "get_source_types"
        },
        {
          "type": "AIMessage",
          "content": "Intention: Now I need to search for S3 bucket ACL/policy change events in CloudTrail, specifically looking for events by btun that involve public access. Let me search for PutBucketAcl and PutBucketPolicy events.",
          "tool_calls": [
            {
              "name": "run_splunk_search",
              "args": {
                "query": "index=botsv3 sourcetype=aws:cloudtrail recipientAccountId=622676721278 (eventName=PutBucketAcl OR eventName=PutBucketPolicy) | stats count by eventName, userIdentity.name, eventID, eventTime"
              }
            }
          ]
        },
        {
          "type": "ToolMessage",
          "content": "{\"results\": [], \"meta\": {\"total_event_count\": 0, \"returned\": 0, \"sid\": \"1783476410.923\"}}",
          "name": "run_splunk_search"
        },
        {
          "type": "AIMessage",
          "content": "Intention: The search returned no results. Let me try a broader search for any S3-related CloudTrail events to understand the data structure.",
          "tool_calls": [
            {
              "name": "run_splunk_search",
              "args": {
                "query": "index=botsv3 sourcetype=aws:cloudtrail recipientAccountId=622676721278 eventName=PutBucket* | stats count by eventName, userIdentity.name, eventID"
              }
            }
          ]
        },
        {
          "type": "ToolMessage",
          "content": "{\"results\": [], \"meta\": {\"total_event_count\": 0, \"returned\": 0, \"sid\": \"1783476415.924\"}}",
          "name": "run_splunk_search"
        },
        {
          "type": "AIMessage",
          "content": "Intention: Let me try searching without the recipientAccountId filter to see if the account ID is stored differently.",
          "tool_calls": [
            {
              "name": "run_splunk_search",
              "args": {
                "query": "index=botsv3 sourcetype=aws:cloudtrail eventName=PutBucket* | stats count by eventName, userIdentity.name, eventID, eventTime"
              }
            }
          ]
        },
        {
          "type": "ToolMessage",
          "content": "{\"results\": [], \"meta\": {\"total_event_count\": 0, \"returned\": 0, \"sid\": \"1783476420.925\"}}",
          "name": "run_splunk_search"
        },
        {
          "type": "AIMessage",
          "content": "Intention: Let me try a broader search for any S3-related events in CloudTrail.",
          "tool_calls": [
            {
              "name": "run_splunk_search",
              "args": {
                "query": "index=botsv3 sourcetype=aws:cloudtrail eventName=*Bucket* | stats count by eventName, userIdentity.name"
              }
            }
          ]
        },
        {
          "type": "ToolMessage",
          "content": "{\"error\": \"Rejected: leading wildcard detected (=*value). Leading wildcards force a full sequential scan. Use a trailing wildcard (value*) or an exact value instead.\"}",
          "name": "run_splunk_search"
        },
        {
          "type": "AIMessage",
          "content": "Intention: Let me try with a trailing wildcard instead.",
          "tool_calls": [
            {
              "name": "run_splunk_search",
              "args": {
                "query": "index=botsv3 sourcetype=aws:cloudtrail eventName=PutBucket* | stats count by eventName, userIdentity.name"
              }
            }
          ]
        },
        {
          "type": "ToolMessage",
          "content": "{\"results\": [], \"meta\": {\"total_event_count\": 0, \"returned\": 0, \"sid\": \"1783476427.926\"}}",
          "name": "run_splunk_search"
        },
        {
          "type": "AIMessage",
          "content": "Intention: Let me check what eventNames exist in the CloudTrail data to understand the naming convention.",
          "tool_calls": [
            {
              "name": "run_splunk_search",
              "args": {
                "query": "index=botsv3 sourcetype=aws:cloudtrail | top limit=50 eventName"
              }
            }
          ]
        },
        {
          "type": "ToolMessage",
          "content": "{\"results\": [{\"eventName\": \"DescribeConfigRuleEvaluationStatus\", \"count\": \"1798\", \"percent\": \"27.416895\", \"_tc\": \"6558\"}, {\"eventName\": \"RunInstances\", \"count\": \"582\", \"percent\": \"8.874657\", \"_tc\": \"6558\"}, {\"eventName\": \"DescribeInstances\", \"count\": \"346\", \"percent\": \"5.275999\", \"_tc\": \"6558\"}, {\"eventName\": \"AssumeRole\", \"count\": \"332\", \"percent\": \"5.062519\", \"_tc\": \"6558\"}, {\"eventName\": \"GetCallerIdentity\", \"count\": \"304\", \"percent\": \"4.635560\", \"_tc\": \"6558\"}, {\"eventName\": \"Decrypt\", \"count\": \"292\", \"percent\": \"4.452577\", \"_tc\": \"6558\"}, {\"eventName\": \"DescribeInstanceStatus\", \"count\": \"221\", \"percent\": \"3.369930\", \"_tc\": \"6558\"}, {\"eventName\": \"DescribeConfigRules\", \"count\": \"173\", \"percent\": \"2.637999\", \"_tc\": \"6558\"}, {\"eventName\": \"GetBucketLocation\", \"count\": \"169\", \"percent\": \"2.577005\", \"_tc\": \"6558\"}, {\"eventName\": \"GetBucketCors\", \"count\": \"151\", \"percent\": \"2.302531\", \"_tc\": \"6558\"}, {\"eventName\": \"GetBucketTagging\", \"count\": \"147\", \"percent\": \"2.241537\", \"_tc\": \"6558\"}, {\"eventName\": \"GetBucketLogging\", \"count\": \"147\", \"percent\": \"2.241537\", \"_tc\": \"6558\"}, {\"eventName\": \"GetBucketLifecycle\", \"count\": \"147\", \"percent\": \"2.241537\", \"_tc\": \"6558\"}, {\"eventName\": \"DescribeVolumes\", \"count\": \"141\", \"percent\": \"2.150046\", \"_tc\": \"6558\"}, {\"eventName\": \"ListFindings\", \"count\": \"124\", \"percent\": \"1.890820\", \"_tc\": \"6558\"}, {\"eventName\": \"ListAssessmentRuns\", \"count\": \"124\", \"percent\": \"1.890820\", \"_tc\": \"6558\"}, {\"eventName\": \"PutEvaluations\", \"count\": \"79\", \"percent\": \"1.204636\", \"_tc\": \"6558\"}, {\"eventName\": \"GetComplianceDetailsByConfigRule\", \"count\": \"64\", \"percent\": \"0.975907\", \"_tc\": \"6558\"}, {\"eventName\": \"ListAccessKeys\", \"count\": \"59\", \"percent\": \"0.899665\", \"_tc\": \"6558\"}, {\"eventName\": \"GetComplianceSummaryByConfigRule\", \"count\": \"57\", \"percent\": \"0.869167\", \"_tc\": \"6558\"}, {\"eventName\": \"GetBucketPolicy\", \"count\": \"57\", \"percent\": \"0.869167\", \"_tc\": \"6558\"}, {\"eventName\": \"GetBucketAcl\", \"count\": \"57\", \"percent\": \"0.869167\", \"_tc\": \"6558\"}, {\"eventName\": \"DescribeLoadBalancers\", \"count\": \"56\", \"percent\": \"0.853919\", \"_tc\": \"6558\"}, {\"eventName\": \"DescribeSecurityGroups\", \"count\": \"51\", \"percent\": \"0.777676\", \"_tc\": \"6558\"}, {\"eventName\": \"DescribeVolumeStatus\", \"count\": \"47\", \"percent\": \"0.716682\", \"_tc\": \"6558\"}, {\"eventName\": \"DescribeTargetHealth\", \"count\": \"44\", \"percent\": \"0.670936\", \"_tc\": \"6558\"}, {\"eventName\": \"DescribeAddresses\", \"count\": \"44\", \"percent\": \"0.670936\", \"_tc\": \"6558\"}, {\"eventName\": \"DescribeTags\", \"count\": \"43\", \"percent\": \"0.655688\", \"_tc\": \"6558\"}, {\"eventName\": \"DescribeKeyPairs\", \"count\": \"37\", \"percent\": \"0.564196\", \"_tc\": \"6558\"}, {\"eventName\": \"DescribeSnapshots\", \"count\": \"32\", \"percent\": \"0.487954\", \"_tc\": \"6558\"}, {\"eventName\": \"DescribeInstanceAttribute\", \"count\": \"32\", \"percent\": \"0.487954\", \"_tc\": \"6558\"}, {\"eventName\": \"DescribeImages\", \"count\": \"31\", \"percent\": \"0.472705\", \"_tc\": \"6558\"}, {\"eventName\": \"DescribeVpcs\", \"count\": \"30\", \"percent\": \"0.457457\", \"_tc\": \"6558\"}, {\"eventName\": \"DescribeAlarms\", \"count\": \"28\", \"percent\": \"0.426959\", \"_tc\": \"6558\"}, {\"eventName\": \"DescribeSubnets\", \"count\": \"27\", \"percent\": \"0.411711\", \"_tc\": \"6558\"}, {\"eventName\": \"DescribeInstanceCreditSpecifications\", \"count\": \"23\", \"percent\": \"0.350717\", \"_tc\": \"6558\"}, {\"eventName\": \"ListInstanceProfiles\", \"count\": \"22\", \"percent\": \"0.335468\", \"_tc\": \"6558\"}, {\"eventName\": \"CreateLogStream\", \"count\": \"21\", \"percent\": \"0.320220\", \"_tc\": \"6558\"}, {\"eventName\": \"DescribeScalingActivities\", \"count\": \"20\", \"percent\": \"0.304971\", \"_tc\": \"6558\"}, {\"eventName\": \"DescribeDBInstances\", \"count\": \"19\", \"percent\": \"0.289722\", \"_tc\": \"6558\"}, {\"eventName\": \"ListFunctions20150331\", \"count\": \"18\", \"percent\": \"0.274474\", \"_tc\": \"6558\"}, {\"eventName\": \"ListDistributions\", \"count\": \"18\", \"percent\": \"0.274474\", \"_tc\": \"6558\"}, {\"eventName\": \"DescribeTargetGroups\", \"count\": \"18\", \"percent\": \"0.274474\", \"_tc\": \"6558\"}, {\"eventName\": \"DescribeReservedInstances\", \"count\": \"18\", \"percent\": \"0.274474\", \"_tc\": \"6558\"}, {\"eventName\": \"DescribeNetworkAcls\", \"count\": \"18\", \"percent\": \"0.274474\", \"_tc\": \"6558\"}, {\"eventName\": \"ListTagsForResource\", \"count\": \"17\", \"percent\": \"0.259225\", \"_tc\": \"6558\"}, {\"eventName\": \"DescribeAvailabilityZones\", \"count\": \"15\", \"percent\": \"0.228728\", \"_tc\": \"6558\"}, {\"eventName\": \"CreateDefaultVpc\", \"count\": \"15\", \"percent\": \"0.228728\", \"_tc\": \"6558\"}, {\"eventName\": \"DescribeNetworkInterfaces\", \"count\": \"14\", \"percent\": \"0.213480\", \"_tc\": \"6558\"}, {\"eventName\": \"DescribeDBSnapshotAttributes\", \"count\": \"14\", \"percent\": \"0.213480\", \"_tc\": \"6558\"}], \"meta\": {\"total_event_count\": 50, \"returned\": 50, \"sid\": \"1783476432.927\"}}",
          "name": "run_splunk_search"
        },
        {
          "type": "AIMessage",
          "content": "Intention: I don't see PutBucketAcl or PutBucketPolicy in the top 50. Let me search specifically for those event names and also look for any \"Put\" events related to S3.",
          "tool_calls": [
            {
              "name": "run_splunk_search",
              "args": {
                "query": "index=botsv3 sourcetype=aws:cloudtrail eventName=PutBucketAcl | stats count by eventName, userIdentity.name, eventID, eventTime"
              }
            }
          ]
        },
        {
          "type": "ToolMessage",
          "content": "{\"results\": [], \"meta\": {\"total_event_count\": 0, \"returned\": 0, \"sid\": \"1783476438.928\"}}",
          "name": "run_splunk_search"
        },
        {
          "type": "AIMessage",
          "content": "Intention: Let me search for all \"Put\" events in CloudTrail to see what's available.",
          "tool_calls": [
            {
              "name": "run_splunk_search",
              "args": {
                "query": "index=botsv3 sourcetype=aws:cloudtrail eventName=Put* | stats count by eventName, userIdentity.name"
              }
            }
          ]
        },
        {
          "type": "ToolMessage",
          "content": "{\"results\": [], \"meta\": {\"total_event_count\": 0, \"returned\": 0, \"sid\": \"1783476444.929\"}}",
          "name": "run_splunk_search"
        },
        {
          "type": "AIMessage",
          "content": "Intention: The Put* wildcard returns nothing, which is odd. Let me sample a raw CloudTrail event to understand the field structure and see how eventName is stored.",
          "tool_calls": [
            {
              "name": "sample_events",
              "args": {
                "sourcetype": "aws:cloudtrail",
                "count": 3
              }
            }
          ]
        },
        {
          "type": "ToolMessage",
          "content": "{\"results\": [{\"_time\": \"2018-08-20T23:15:20.000+08:00\", \"_raw\": \"{\\\"requestParameters\\\": {\\\"filterSet\\\": {}, \\\"instancesSet\\\": {\\\"items\\\": [{\\\"instanceId\\\": \\\"i-0920036c8ca91e501\\\"}]}, \\\"includeAllInstances\\\": true}, \\\"eventTime\\\": \\\"2018-08-20T15:15:20Z\\\", \\\"eventID\\\": \\\"97c6bfcb-c3cf-437c-8b05-4043635ce306\\\", \\\"eventVersion\\\": \\\"1.05\\\", \\\"awsRegion\\\": \\\"us-west-1\\\", \\\"eventType\\\": \\\"AwsApiCall\\\", \\\"eventSource\\\": \\\"ec2.amazonaws.com\\\", \\\"requestID\\\": \\\"f4bd4e9b-e27c-4a52-93fa-fab7a76d3639\\\", \\\"userIdentity\\\": {\\\"arn\\\": \\\"arn:aws:sts::622676721278:assumed-role/AWSServiceRoleForAutoScaling/AutoScaling\\\", \\\"principalId\\\": \\\"AROAIOHK7E4SHKYSVVYLM:AutoScaling\\\", \\\"accountId\\\": \\\"622676721278\\\", \\\"type\\\": \\\"AssumedRole\\\", \\\"invokedBy\\\": \\\"autoscaling.amazonaws.com\\\", \\\"sessionContext\\\": {\\\"sessionIssuer\\\": {\\\"principalId\\\": \\\"AROAIOHK7E4SHKYSVVYLM\\\", \\\"arn\\\": \\\"arn:aws:iam::622676721278:role/aws-service-role/autoscaling.amazonaws.com/AWSServiceRoleForAutoScaling\\\", \\\"type\\\": \\\"Role\\\", \\\"userName\\\": \\\"AWSServiceRoleForAutoScaling\\\", \\\"accountId\\\": \\\"622676721278\\\"}, \\\"attributes\\\": {\\\"mfaAuthenticated\\\": \\\"false\\\", \\\"creationDate\\\": \\\"2018-08-20T15:09:21Z\\\"}}}, \\\"eventName\\\": \\\"DescribeInstanceStatus\\\", \\\"recipientAccountId\\\": \\\"622676721278\\\", \\\"responseElements\\\": null, \\\"sourceIPAddress\\\": \\\"autoscaling.amazonaws.com\\\", \\\"userAgent\\\": \\\"autoscaling.amazonaws.com\\\"}\"}, 