{\"_time\": \"2018-08-20T23:17:34.000+08:00\", \"_raw\": \"<Event xmlns='http://schemas.microsoft.com/win/2004/08/events/event'><System><Provider Name='Microsoft-Windows-Sysmon' Guid='{5770385F-C22A-43E0-BF4C-06F5698FFBD9}'/><EventID>1</EventID><Version>5</Version><Level>4</Level><Task>1</Task><Opcode>0</Opcode><Keywords>0x8000000000000000</Keywords><TimeCreated SystemTime='2018-08-20T15:17:34.669671800Z'/><EventRecordID>31554</EventRecordID><Correlation/><Execution ProcessID='10440' ThreadID='2904'/><Channel>Microsoft-Windows-Sysmon/Operational</Channel><Computer>FYODOR-L.froth.ly</Computer><Security UserID='S-1-5-18'/></System><EventData><Data Name='UtcTime'>2018-08-20 15:17:34.667</Data><Data Name='ProcessGuid'>{EBF7A186-0B62-5B59-0000-00100B108D01}</Data><Data Name='ProcessId'>348</Data><Data Name='Image'>C:\\\\Windows\\\\System32\\\\cmd.exe</Data><Data Name='FileVersion'>10.0.17134.1 (WinBuild.160101.0800)</Data><Data Name='Description'>Windows Command Processor</Data><Data Name='Product'>Microsoft\\u00ae Windows\\u00ae Operating System</Data><Data Name='Company'>Microsoft Corporation</Data><Data Name='CommandLine'>C:\\\\Windows\\\\system32\\\\cmd.exe /c netstat -nao | findstr /r \\\"LISTENING\\\"</Data><Data Name='CurrentDirectory'>C:\\\\Windows\\\\system32\\\\</Data><Data Name='User'>NT AUTHORITY\\\\SYSTEM</Data><Data Name='LogonGuid'>{EBF7A186-2E71-5B56-0000-0020E7030000}</Data><Data Name='LogonId'>0x3e7</Data><Data Name='TerminalSessionId'>0</Data><Data Name='IntegrityLevel'>System</Data><Data Name='Hashes'>MD5=4E2ACF4F8A396486AB4268C94A6A245F,SHA256=9A7C58BD98D70631AA1473F7B57B426DB367D72429A5455B433A05EE251F3236</Data><Data Name='ParentProcessGuid'>{EBF7A186-0B62-5B59-0000-0010F4068D01}</Data><Data Name='ParentProcessId'>7612</Data><Data Name='ParentImage'>C:\\\\Windows\\\\System32\\\\cmd.exe</Data><Data Name='ParentCommandLine'>C:\\\\Windows\\\\system32\\\\cmd.exe /c \\\"\\\"C:\\\\Program Files\\\\SplunkUniversalForwarder\\\\etc\\\\apps\\\\Splunk_TA_windows\\\\bin\\\\win_listening_ports.bat\\\"\\\"</Data></EventData></Event>\"}, {\"_time\": \"2018-08-20T23:17:34.000+08:00\", \"_raw\": \"<Event xmlns='http://schemas.microsoft.com/win/2004/08/events/event'><System><Provider Name='Microsoft-Windows-Sysmon' Guid='{5770385F-C22A-43E0-BF4C-06F5698FFBD9}'/><EventID>1</EventID><Version>5</Version><Level>4</Level><Task>1</Task><Opcode>0</Opcode><Keywords>0x8000000000000000</Keywords><TimeCreated SystemTime='2018-08-20T15:17:34.585246400Z'/><EventRecordID>31553</EventRecordID><Correlation/><Execution ProcessID='10440' ThreadID='2904'/><Channel>Microsoft-Windows-Sysmon/Operational</Channel><Computer>FYODOR-L.froth.ly</Computer><Security UserID='S-1-5-18'/></System><EventData><Data Name='UtcTime'>2018-08-20 15:17:34.577</Data><Data Name='ProcessGuid'>{EBF7A186-0B62-5B59-0000-0010D1098D01}</Data><Data Name='ProcessId'>10360</Data><Data Name='Image'>C:\\\\Windows\\\\System32\\\\wbem\\\\WMIC.exe</Data><Data Name='FileVersion'>10.0.17134.1 (WinBuild.160101.0800)</Data><Data Name='Description'>WMI Commandline Utility</Data><Data Name='Product'>Microsoft\\u00ae Windows\\u00ae Operating System</Data><Data Name='Company'>Microsoft Corporation</Data><Data Name='CommandLine'>wmic  os get LocalDateTime /value </Data><Data Name='CurrentDirectory'>C:\\\\Windows\\\\system32\\\\</Data><Data Name='User'>NT AUTHORITY\\\\SYSTEM</Data><Data Name='LogonGuid'>{EBF7A186-2E71-5B56-0000-0020E7030000}</Data><Data Name='LogonId'>0x3e7</Data><Data Name='TerminalSessionId'>0</Data><Data Name='IntegrityLevel'>System</Data><Data Name='Hashes'>MD5=EC80E603E0090B3AC3C1234C2BA43A0F,SHA256=D368BCB7934DB0C53D1E7277DCB47AF2B709253CBF0EEE9869EE7E17ED226EA3</Data><Data Name='ParentProcessGuid'>{EBF7A186-0B62-5B59-0000-0010C1088D01}</Data><Data Name='ParentProcessId'>7164</Data><Data Name='ParentImage'>C:\\\\Windows\\\\System32\\\\cmd.exe</Data><Data Name='ParentCommandLine'>C:\\\\Windows\\\\system32\\\\cmd.exe /c wmic os get LocalDateTime /value 2&gt;nul</Data></EventData></Event>\"}], \"meta\": {\"total_event_count\": 5, \"returned\": 5, \"sid\": \"1783489989.1954\"}}",
          "name": "get_raw_events"
        },
        {
          "type": "AIMessage",
          "content": "Intention: I can see Sysmon events have Hashes embedded in raw XML. The events so far are standard system processes. I need to find a non-standard/downloaded file used for network scanning. Let me check code42:security for file downloads on FYODOR-L and also look for non-standard processes in Sysmon events.",
          "tool_calls": [
            {
              "name": "run_splunk_search",
              "args": {
                "query": "index=botsv3 sourcetype=\"code42:security\" host=\"FYODOR-L\" | stats count by files{}.fileName, files{}.md5, files{}.filePath"
              }
            }
          ]
        },
        {
          "type": "ToolMessage",
          "content": "{\"results\": [], \"meta\": {\"total_event_count\": 0, \"returned\": 0, \"sid\": \"1783489995.1955\"}}",
          "name": "run_splunk_search"
        },
        {
          "type": "AIMessage",
          "content": "Intention: code42:security might not have host=FYODOR-L. Let me check what hosts are in code42:security and also search for any non-standard processes in Sysmon events on FYODOR-L.",
          "tool_calls": [
            {
              "name": "run_splunk_search",
              "args": {
                "query": "index=botsv3 sourcetype=\"code42:security\" | stats count by host"
              }
            }
          ]
        },
        {
          "type": "ToolMessage",
          "content": "{\"results\": [{\"host\": \"console.us.code42.com:443\", \"count\": \"30\"}], \"meta\": {\"total_event_count\": 1, \"returned\": 1, \"sid\": \"1783489999.1956\"}}",
          "name": "run_splunk_search"
        },
        {
          "type": "AIMessage",
          "content": "Intention: code42:security doesn't have host=FYODOR-L directly. Let me check what fields are available in code42:security to find FYODOR-L-related events, and also look for non-standard processes in Sysmon on FYODOR-L.",
          "tool_calls": [
            {
              "name": "get_sourcetype_fields",
              "args": {
                "sourcetype": "code42:security"
              }
            }
          ]
        },
        {
          "type": "ToolMessage",
          "content": "{\"results\": [{\"field\": \"date_hour\", \"count\": \"30\", \"distinct_count\": \"6\", \"values\": \"[{\\\"value\\\":\\\"14\\\",\\\"count\\\":14},{\\\"value\\\":\\\"15\\\",\\\"count\\\":8},{\\\"value\\\":\\\"11\\\",\\\"count\\\":3}]\"}, {\"field\": \"date_mday\", \"count\": \"30\", \"distinct_count\": \"1\", \"values\": \"[{\\\"value\\\":\\\"20\\\",\\\"count\\\":30}]\"}, {\"field\": \"date_minute\", \"count\": \"30\", \"distinct_count\": \"11\", \"values\": \"[{\\\"value\\\":\\\"22\\\",\\\"count\\\":8},{\\\"value\\\":\\\"7\\\",\\\"count\\\":6},{\\\"value\\\":\\\"52\\\",\\\"count\\\":5}]\"}, {\"field\": \"date_month\", \"count\": \"30\", \"distinct_count\": \"1\", \"values\": \"[{\\\"value\\\":\\\"august\\\",\\\"count\\\":30}]\"}, {\"field\": \"date_second\", \"count\": \"30\", \"distinct_count\": \"7\", \"values\": \"[{\\\"value\\\":\\\"46\\\",\\\"count\\\":19},{\\\"value\\\":\\\"47\\\",\\\"count\\\":5},{\\\"value\\\":\\\"45\\\",\\\"count\\\":2}]\"}, {\"field\": \"date_wday\", \"count\": \"30\", \"distinct_count\": \"1\", \"values\": \"[{\\\"value\\\":\\\"monday\\\",\\\"count\\\":30}]\"}, {\"field\": \"date_year\", \"count\": \"30\", \"distinct_count\": \"1\", \"values\": \"[{\\\"value\\\":\\\"2018\\\",\\\"count\\\":30}]\"}, {\"field\": \"date_zone\", \"count\": \"30\", \"distinct_count\": \"1\", \"values\": \"[{\\\"value\\\":\\\"0\\\",\\\"count\\\":30}]\"}, {\"field\": \"deviceAddress\", \"count\": \"30\", \"distinct_count\": \"2\", \"values\": \"[{\\\"value\\\":\\\"0.0.0.0\\\",\\\"count\\\":29},{\\\"value\\\":\\\"24.5.244.36\\\",\\\"count\\\":1}]\"}, {\"field\": \"deviceGuid\", \"count\": \"30\", \"distinct_count\": \"2\", \"values\": \"[{\\\"value\\\":\\\"858528515276632730\\\",\\\"count\\\":26},{\\\"value\\\":\\\"858503856366658646\\\",\\\"count\\\":4}]\"}, {\"field\": \"deviceRemoteAddress\", \"count\": \"30\", \"distinct_count\": \"2\", \"values\": \"[{\\\"value\\\":\\\"12.196.122.127\\\",\\\"count\\\":29},{\\\"value\\\":\\\"192.168.247.131\\\",\\\"count\\\":1}]\"}, {\"field\": \"eventType\", \"count\": \"30\", \"distinct_count\": \"4\", \"values\": \"[{\\\"value\\\":\\\"FILE_OPENED\\\",\\\"count\\\":17},{\\\"value\\\":\\\"PERSONAL_CLOUD_SCAN_RESULT\\\",\\\"count\\\":7},{\\\"value\\\":\\\"DEVICE_APPEARED\\\",\\\"count\\\":5}]\"}, {\"field\": \"eventUid\", \"count\": \"30\", \"distinct_count\": \"8\", \"values\": \"[{\\\"value\\\":\\\"2683183210535608078\\\",\\\"count\\\":7},{\\\"value\\\":\\\"2683198308419395342\\\",\\\"count\\\":6},{\\\"value\\\":\\\"2683213407762800398\\\",\\\"count\\\":5}]\"}, {\"field\": \"formattedTimestamp\", \"count\": \"30\", \"distinct_count\": \"8\", \"values\": \"[{\\\"value\\\":\\\"2018-08-20T13:36:04.898Z\\\",\\\"count\\\":7},{\\\"value\\\":\\\"2018-08-20T14:04:12.962Z\\\",\\\"count\\\":6},{\\\"value\\\":\\\"2018-08-20T14:10:16.074Z\\\",\\\"count\\\":5}]\"}, {\"field\": \"host\", \"count\": \"30\", \"distinct_count\": \"1\", \"values\": \"[{\\\"value\\\":\\\"console.us.code42.com:443\\\",\\\"count\\\":30}]\"}, {\"field\": \"index\", \"count\": \"30\", \"distinct_count\": \"1\", \"values\": \"[{\\\"value\\\":\\\"botsv3\\\",\\\"count\\\":30}]\"}, {\"field\": \"linecount\", \"count\": \"30\", \"distinct_count\": \"1\", \"values\": \"[{\\\"value\\\":\\\"1\\\",\\\"count\\\":30}]\"}, {\"field\": \"modular_input_consumption_time\", \"count\": \"30\", \"distinct_count\": \"14\", \"values\": \"[{\\\"value\\\":\\\"Mon, 20 Aug 2018 14:22:46 +0000\\\",\\\"count\\\":4},{\\\"value\\\":\\\"Mon, 20 Aug 2018 14:37:46 +0000\\\",\\\"count\\\":4},{\\\"value\\\":\\\"Mon, 20 Aug 2018 14:52:46 +0000\\\",\\\"count\\\":4}]\"}, {\"field\": \"punct\", \"count\": \"30\", \"distinct_count\": \"15\", \"values\": \"[{\\\"value\\\":\\\"{\\\\\\\"\\\\\\\":_,_\\\\\\\"\\\\\\\":_\\\\\\\"\\\\\\\",_\\\\\\\"\\\\\\\":_\\\\\\\"--::.\\\\\\\",_\\\\\\\"\\\\\\\":_\\\\\\\".\\\\\\\",_\\\\\\\"\\\\\\\":_\\\\\\\",____::_\\\",\\\"count\\\":4},{\\\"value\\\":\\\"{\\\\\\\"\\\\\\\":_\\\\\\\"\\\\\\\",_\\\\\\\"\\\\\\\":_\\\\\\\"\\\\\\\",_\\\\\\\"\\\\\\\":_,_\\\\\\\"\\\\\\\":_\\\\\\\",____::_+\\\\\\\",_\\\\\\\"\\\\\\\":_\\\\\\\"--::.\\\",\\\"count\\\":2},{\\\"value\\\":\\\"{\\\\\\\"\\\\\\\":_\\\\\\\",____::_+\\\\\\\",_\\\\\\\"\\\\\\\":_\\\\\\\"--::.\\\\\\\",_\\\\\\\"\\\\\\\":_\\\\\\\"\\\\\\\",_\\\\\\\"\\\\\\\":_\\\\\\\"...\\\\\\\",_\\\",\\\"count\\\":2}]\"}, {\"field\": \"source\", \"count\": \"30\", \"distinct_count\": \"1\", \"values\": \"[{\\\"value\\\":\\\"code42://frothly_code42_input\\\",\\\"count\\\":30}]\"}, {\"field\": \"sourcetype\", \"count\": \"30\", \"distinct_count\": \"1\", \"values\": \"[{\\\"value\\\":\\\"code42:security\\\",\\\"count\\\":30}]\"}, {\"field\": \"splunk_server\", \"count\": \"30\", \"distinct_count\": \"1\", \"values\": \"[{\\\"value\\\":\\\"DESKTOP-Q4TP1FN\\\",\\\"count\\\":30}]\"}, {\"field\": \"timeendpos\", \"count\": \"30\", \"distinct_count\": \"15\", \"values\": \"[{\\\"value\\\":\\\"24\\\",\\\"count\\\":4},{\\\"value\\\":\\\"74\\\",\\\"count\\\":3},{\\\"value\\\":\\\"232\\\",\\\"count\\\":2}]\"}, {\"field\": \"timestamp\", \"count\": \"30\", \"distinct_count\": \"8\", \"values\": \"[{\\\"value\\\":\\\"1534772164\\\",\\\"count\\\":7},{\\\"value\\\":\\\"1534773852\\\",\\\"count\\\":6},{\\\"value\\\":\\\"1534774216\\\",\\\"count\\\":5}]\"}, {\"field\": \"timestartpos\", \"count\": \"30\", \"distinct_count\": \"15\", \"values\": \"[{\\\"value\\\":\\\"14\\\",\\\"count\\\":4},{\\\"value\\\":\\\"64\\\",\\\"count\\\":3},{\\\"value\\\":\\\"222\\\",\\\"count\\\":2}]\"}, {\"field\": \"userUid\", \"count\": \"30\", \"distinct_count\": \"2\", \"values\": \"[{\\\"value\\\":\\\"858527737266971219\\\",\\\"count\\\":26},{\\\"value\\\":\\\"858501800121238378\\\",\\\"count\\\":4}]\"}, {\"field\": \"version\", \"count\": \"30\", \"distinct_count\": \"1\", \"values\": \"[{\\\"value\\\":\\\"1.0\\\",\\\"count\\\":30}]\"}, {\"field\": \"fileStats.addedBytes\", \"count\": \"25\", \"distinct_count\": \"1\", \"values\": \"[{\\\"value\\\":\\\"null\\\",\\\"count\\\":25}]\"}, {\"field\": \"fileStats.addedNum\", \"count\": \"25\", \"distinct_count\": \"1\", \"values\": \"[{\\\"value\\\":\\\"null\\\",\\\"count\\\":25}]\"}, {\"field\": \"fileStats.deletedBytes\", \"count\": \"25\", \"distinct_count\": \"1\", \"values\": \"[{\\\"value\\\":\\\"null\\\",\\\"count\\\":25}]\"}, {\"field\": \"fileStats.deletedNum\", \"count\": \"25\", \"distinct_count\": \"1\", \"values\": \"[{\\\"value\\\":\\\"null\\\",\\\"count\\\":25}]\"}, {\"field\": \"fileStats.downloadedBytes\", \"count\": \"25\", \"distinct_count\": \"5\", \"values\": \"[{\\\"value\\\":\\\"null\\\",\\\"count\\\":11},{\\\"value\\\":\\\"9229596\\\",\\\"count\\\":6},{\\\"value\\\":\\\"3076532\\\",\\\"count\\\":5}]\"}, {\"field\": \"fileStats.downloadedNum\", \"count\": \"25\", \"distinct_count\": \"4\", \"values\": \"[{\\\"value\\\":\\\"null\\\",\\\"count\\\":11},{\\\"value\\\":\\\"1\\\",\\\"count\\\":7},{\\\"value\\\":\\\"3\\\",\\\"count\\\":6}]\"}, {\"field\": \"fileStats.modifiedBytes\", \"count\": \"25\", \"distinct_count\": \"1\", \"values\": \"[{\\\"value\\\":\\\"null\\\",\\\"count\\\":25}]\"}, {\"field\": \"fileStats.modifiedNum\", \"count\": \"25\", \"distinct_count\": \"1\", \"values\": \"[{\\\"value\\\":\\\"null\\\",\\\"count\\\":25}]\"}, {\"field\": \"fileStats.openedBytes\", \"count\": \"25\", \"distinct_count\": \"1\", \"values\": \"[{\\\"value\\\":\\\"null\\\",\\\"count\\\":25}]\"}, {\"field\": \"fileStats.openedNum\", \"count\": \"25\", \"distinct_count\": \"1\", \"values\": \"[{\\\"value\\\":\\\"null\\\",\\\"count\\\":25}]\"}, {\"field\": \"fileStats.totalBytes\", \"count\": \"25\", \"distinct_count\": \"7\", \"values\": \"[{\\\"value\\\":\\\"99\\\",\\\"count\\\":7},{\\\"value\\\":\\\"9229596\\\",\\\"count\\\":6},{\\\"value\\\":\\\"6133648\\\",\\\"count\\\":5}]\"}, {\"field\": \"fileStats.totalNum\", \"count\": \"25\", \"distinct_count\": \"4\", \"values\": \"[{\\\"value\\\":\\\"2\\\",\\\"count\\\":12},{\\\"value\\\":\\\"1\\\",\\\"count\\\":6},{\\\"value\\\":\\\"3\\\",\\\"count\\\":6}]\"}, {\"field\": \"fileStats.uploadedBytes\", \"count\": \"25\", \"distinct_count\": \"4\", \"values\": \"[{\\\"value\\\":\\\"null\\\",\\\"count\\\":16},{\\\"value\\\":\\\"3057116\\\",\\\"count\\\":5},{\\\"value\\\":\\\"273201\\\",\\\"count\\\":3}]\"}, {\"field\": \"fileStats.uploadedNum\", \"count\": \"25\", \"distinct_count\": \"2\", \"values\": \"[{\\\"value\\\":\\\"null\\\",\\\"count\\\":16},{\\\"value\\\":\\\"1\\\",\\\"count\\\":9}]\"}, {\"field\": \"files{}.detectionTimestamp\", \"count\": \"25\", \"distinct_count\": \"15\", \"values\": \"[{\\\"value\\\":\\\"1534772164891\\\",\\\"count\\\":7},{\\\"value\\\":\\\"1534772164898\\\",\\\"count\\\":7},{\\\"value\\\":\\\"1534773565175\\\",\\\"count\\\":6}]\"}, {\"field\": \"files{}.fileEventType\", \"count\": \"25\", \"distinct_count\": \"4\", \"values\": \"[{\\\"value\\\":\\\"DOWNLOAD\\\",\\\"count\\\":31},{\\\"value\\\":\\\"SCAN\\\",\\\"count\\\":14},{\\\"value\\\":\\\"UPLOAD\\\",\\\"count\\\":9}]\"}, {\"field\": \"files{}.fileName\", \"count\": \"25\", \"distinct_count\": \"13\", \"values\": \"[{\\\"value\\\":\\\"frothly_html_memcached.tar.gz\\\",\\\"count\\\":22},{\\\"value\\\":\\\"OneDrive\\\",\\\"count\\\":7},{\\\"value\\\":\\\"desktop.ini\\\",\\\"count\\\":7}]\"}, {\"field\": \"files{}.fileType\", \"count\": \"25\", \"distinct_count\": \"2\", \"values\": \"[{\\\"value\\\":\\\"FILE\\\",\\\"count\\\":48},{\\\"value\\\":\\\"DIR\\\",\\\"count\\\":7}]\"}, {\"field\": \"files{}.fullPath\", \"count\": \"25\", \"distinct_count\": \"14\", \"values\": \"[{\\\"value\\\":\\\"c:\\\\\\\\users\\\\\\\\budstoll\\\\\\\\downloads\\\\\\\\frothly_html_memcached.tar.gz\\\",\\\"count\\\":17},{\\\"value\\\":\\\"C:\\\\\\\\Users\\\\\\\\BudStoll\\\\\\\\OneDrive\\\",\\\"count\\\":7},{\\\"value\\\":\\\"C:\\\\\\\\Users\\\\\\\\BudStoll\\\\\\\\OneDrive\\\\\\\\desktop.ini\\\",\\\"count\\\":7}]\"}, {\"field\": \"files{}.lastModified\", \"count\": \"25\", \"distinct_count\": \"15\", \"values\": \"[{\\\"value\\\":\\\"1534589732374\\\",\\\"count\\\":7},{\\\"value\\\":\\\"1534589732380\\\",\\\"count\\\":7},{\\\"value\\\":\\\"1534773563726\\\",\\\"count\\\":6}]\"}, {\"field\": \"files{}.length\", \"count\": \"25\", \"distinct_count\": \"10\", \"values\": \"[{\\\"value\\\":\\\"3076532\\\",\\\"count\\\":23},{\\\"value\\\":\\\"0\\\",\\\"count\\\":8},{\\\"value\\\":\\\"99\\\",\\\"count\\\":7}]\"}, {\"field\": \"files{}.md5\", \"count\": \"25\", \"distinct_count\": \"13\", \"values\": \"[{\\\"value\\\":\\\"218dd64994af34fdd8a96d99529ee30f\\\",\\\"count\\\":23},{\\\"value\\\":\\\"59fae36100cd031df0d1b5656de47109\\\",\\\"count\\\":7},{\\\"value\\\":\\\"764e09e430ebdc9d78766805b7433490\\\",\\\"count\\\":7}]\"}, {\"field\": \"files{}.mimeType\", \"count\": \"25\", \"distinct_count\": \"8\", \"values\": \"[{\\\"value\\\":\\\"application/gzip\\\",\\\"count\\\":28},{\\\"value\\\":\\\"null\\\",\\\"count\\\":7},{\\\"value\\\":\\\"text/x-ini\\\",\\\"count\\\":7}]\"}, {\"field\": \"files{}.restoreSuccessful\", \"count\": \"25\", \"distinct_count\": \"1\", \"values\": \"[{\\\"value\\\":\\\"null\\\",\\\"count\\\":55}]\"}, {\"field\": \"processName\", \"count\": \"17\", \"distinct_count\": \"2\", \"values\": \"[{\\\"value\\\":\\\"\\\\\\\\Device\\\\\\\\HarddiskVolume4\\\\\\\\Program Files (x86)\\\\\\\\Google\\\\\\\\Chrome\\\\\\\\Application\\\\\\\\chrome.exe\\\",\\\"count\\\":15},{\\\"value\\\":\\\"\\\\\\\\Device\\\\\\\\HarddiskVolume4\\\\\\\\Windows\\\\\\\\System32\\\\\\\\RuntimeBroker.exe\\\",\\\"count\\\":2}]\"}, {\"field\": \"processOwner\", \"count\": \"17\", \"distinct_count\": \"2\", \"values\": \"[{\\\"value\\\":\\\"BudStoll\\\",\\\"count\\\":13},{\\\"value\\\":\\\"MalloryKraeusen\\\",\\\"count\\\":4}]\"}, {\"field\": \"cloudStorageProvider.dataLocation.path\", \"count\": \"7\", \"distinct_count\": \"1\", \"values\": \"[{\\\"value\\\":\\\"C:\\\\\\\\Users\\\\\\\\BudStoll\\\\\\\\OneDrive\\\",\\\"count\\\":7}]\"}, {\"field\": \"cloudStorageProvider.productName\", \"count\": \"7\", \"distinct_count\": \"1\", \"values\": \"[{\\\"value\\\":\\\"OneDrive\\\",\\\"count\\\":7}]\"}, {\"field\": \"detectionDevice.busType\", \"count\": \"5\", \"distinct_count\": \"1\", \"values\": \"[{\\\"value\\\":\\\"USB\\\",\\\"count\\\":5}]\"}, {\"field\": \"detectionDevice.capacity\", \"count\": \"5\", \"distinct_count\": \"1\", \"values\": \"[{\\\"value\\\":\\\"7337590784\\\",\\\"count\\\":5}]\"}, {\"field\": \"detectionDevice.deviceName\", \"count\": \"5\", \"distinct_count\": \"1\", \"values\": \"[{\\\"value\\\":\\\"Flash Disk\\\",\\\"count\\\":5}]\"}, {\"field\": \"detectionDevice.serialNumber\", \"count\": \"5\", \"distinct_count\": \"1\", \"values\": \"[{\\\"value\\\":\\\"849083BA\\\",\\\"count\\\":5}]\"}, {\"field\": \"detectionDevice.vendorName\", \"count\": \"5\", \"distinct_count\": \"1\", \"values\": \"[{\\\"value\\\":\\\"Generic\\\",\\\"count\\\":5}]\"}, {\"field\": \"fileStats\", \"count\": \"5\", \"distinct_count\": \"1\", \"values\": \"[{\\\"value\\\":\\\"null\\\",\\\"count\\\":5}]\"}, {\"field\": \"files\", \"count\": \"5\", \"distinct_count\": \"1\", \"values\": \"[{\\\"value\\\":\\\"null\\\",\\\"count\\\":5}]\"}, {\"field\": \"ruleName\", \"count\": \"1\", \"distinct_count\": \"1\", \"values\": \"[{\\\"value\\\":\\\"com.code42.rules.AWSPEMKeyMatch\\\",\\\"count\\\":1}]\"}], \"meta\": {\"total_event_count\": 63, \"returned\": 63, \"sid\": \"1783490002.1957\"}}",
          "name": "get_sourcetype_fields"
        },
        {
          "type": "AIMessage",
          "content": "Intention: The code42:security data shows files on BudStoll's machine, not FYODOR-L. I need to find the file downloaded to FYODOR-L specifically. Let me look for non-standard processes in Sysmon on FYODOR-L that could be a network scanner, and also check for file creation events (EventID=11) that might show downloaded files.",
          "tool_calls": [
            {
              "name": "run_splunk_search",
              "args": {
                "query": "index=botsv3 sourcetype=\"xmlwineventlog:microsoft-windows-sysmon/operational\" host=\"FYODOR-L\" | stats count by EventID | sort EventID"
              }
            }
          ]
        },
        {
          "type": "ToolMessage",
          "content": "{\"results\": [], \"meta\": {\"total_event_count\": 0, \"returned\": 0, \"sid\": \"1783490010.1958\"}}",
          "name": "run_splunk_search"
        },
        {
          "type": "AIMessage",
          "content": "Intention: The EventID field might not be extracted. Let me search the raw XML for EventID values. Let me also try searching with the raw XML content.",
          "tool_calls": [
            {
              "name": "run_splunk_search",
              "args": {
                "query": "index=botsv3 sourcetype=\"xmlwineventlog:microsoft-windows-sysmon/operational\" host=\"FYODOR-L\" | stats count"
              }
            }
          ]
        },
        {
          "type": "ToolMessage",
          "content": "{\"results\": [{\"count\": \"4126\"}], \"meta\": {\"total_event_count\": 1, \"returned\": 1, \"sid\": \"1783490016.1959\"}}",
          "name": "run_splunk_search"
        },
        {
          "type": "AIMessage",
          "content": "Intention: There are 4126 events. The EventID is embedded in the raw XML. Let me search for non-standard processes by looking at the Image field in the raw XML. Let me also try to find any downloaded files or scanner-related activity. Let me search for specific keywords in the raw events.",
          "tool_calls": [
            {
              "name": "get_raw_events",
              "args": {
                "keyword": "scan",
                "limit": 10,
                "sourcetype": "xmlwineventlog:microsoft-windows-sysmon/operational"
              }
            }
          ]
        },
        {
          "type": "ToolMessage",
          "content": "{\"results\": [{\"_time\": \"2018-08-20T21:45:59.000+08:00\", \"_raw\": \"<Event xmlns='http://schemas.microsoft.com/win/2004/08/events/event'><System><Provider Name='Microsoft-Windows-Sysmon' Guid='{5770385F-C22A-43E0-BF4C-06F5698FFBD9}'/><EventID>11</EventID><Version>2</Version><Level>4</Level><Task>11</Task><Opcode>0</Opcode><Keywords>0x8000000000000000</Keywords><TimeCreated SystemTime='2018-08-20T13:45:59.557248800Z'/><EventRecordID>36971</EventRecordID><Correlation/><Execution ProcessID='6804' ThreadID='2596'/><Channel>Microsoft-Windows-Sysmon/Operational</Channel><Computer>BSTOLL-L.froth.ly</Computer><Security UserID='S-1-5-18'/></System><EventData><Data Name='UtcTime'>2018-08-20 13:45:59.512</Data><Data Name='ProcessGuid'>{EBF7A186-1A19-5B59-0000-001002340100}</Data><Data Name='ProcessId'>1136</Data><Data Name='Image'>c:\\\\windows\\\\system32\\\\svchost.exe</Data><Data Name='TargetFilename'>C:\\\\Windows\\\\System32\\\\Tasks\\\\Microsoft\\\\Windows\\\\UpdateOrchestrator\\\\Schedule Retry Scan</Data><Data Name='CreationUtcTime'>2018-08-20 13:45:59.512</Data></EventData></Event>\"}, {\"_time\": \"2018-08-20T21:29:02.000+08:00\", \"_raw\": \"<Event xmlns='http://schemas.microsoft.com/win/2004/08/events/event'><System><Provider Name='Microsoft-Windows-Sysmon' Guid='{5770385F-C22A-43E0-BF4C-06F5698FFBD9}'/><EventID>1</EventID><Version>5</Version><Level>4</Level><Task>1</Task><Opcode>0</Opcode><Keywords>0x8000000000000000</Keywords><TimeCreated SystemTime='2018-08-20T13:29:02.564821100Z'/><EventRecordID>36793</EventRecordID><Correlation/><Execution ProcessID='3220' ThreadID='5748'/><Channel>Microsoft-Windows-Sysmon/Operational</Channel><Computer>BSTOLL-L.froth.ly</Computer><Security UserID='S-1-5-18'/></System><EventData><Data Name='UtcTime'>2018-08-20 13:29:02.562</Data><Data Name='ProcessGuid'>{EBF7A186-189E-5B59-0000-0010D8875602}</Data><Data Name='ProcessId'>2128</Data><Data Name='Image'>C:\\\\ProgramData\\\\Microsoft\\\\Windows Defender\\\\Platform\\\\4.18.1806.18062-0\\\\MpCmdRun.exe</Data><Data Name='FileVersion'>4.18.1806.18062 (GitEnlistment(winpbld).180608-1028)</Data><Data Name='Description'>Microsoft Malware Protection Command Line Utility</Data><Data Name='Product'>Microsoft\\u00ae Windows\\u00ae Operating System</Data><Data Name='Company'>Microsoft Corporation</Data><Data Name='CommandLine'>\\\"C:\\\\ProgramData\\\\Microsoft\\\\Windows Defender\\\\platform\\\\4.18.1806.18062-0\\\\MpCmdRun.exe\\\" Scan -ScheduleJob -ScanTrigger 55</Data><Data Name='CurrentDirectory'>C:\\\\Windows\\\\system32\\\\</Data><Data Name='User'>NT AUTHORITY\\\\SYSTEM</Data><Data Name='LogonGuid'>{EBF7A186-B940-5B58-0000-0020E7030000}</Data><Data Name='LogonId'>0x3e7</Data><Data Name='TerminalSessionId'>0</Data><Data Name='IntegrityLevel'>System</Data><Data Name='Hashes'>MD5=97D50B6C5407921A78F2C6395313A5F0,SHA256=F391D39D553D2CCB04E5FF93B0AD38440C490D21F514F9F0B68B2DE0EFC1386D</Data><Data Name='ParentProcessGuid'>{EBF7A186-B941-5B58-0000-0010B8360100}</Data><Data Name='ParentProcessId'>1132</Data><Data Name='ParentImage'>C:\\\\Windows\\\\System32\\\\svchost.exe</Data><Data Name='ParentCommandLine'>c:\\\\windows\\\\system32\\\\svchost.exe -k netsvcs -p -s Schedule</Data></EventData></Event>\"}, {\"_time\": \"2018-08-20T21:20:34.000+08:00\", \"_raw\": \"<Event xmlns='http://schemas.microsoft.com/win/2004/08/events/event'><System><Provider Name='Microsoft-Windows-Sysmon' Guid='{5770385F-C22A-43E0-BF4C-06F5698FFBD9}'/><EventID>1</EventID><Version>5</Version><Level>4</Level><Task>1</Task><Opcode>0</Opcode><Keywords>0x8000000000000000</Keywords><TimeCreated SystemTime='2018-08-20T13:20:34.588720800Z'/><EventRecordID>36780</EventRecordID><Correlation/><Execution ProcessID='3220' ThreadID='5748'/><Channel>Microsoft-Windows-Sysmon/Operational</Channel><Computer>BSTOLL-L.froth.ly</Computer><Security UserID='S-1-5-18'/></System><EventData><Data Name='UtcTime'>2018-08-20 13:20:34.573</Data><Data Name='ProcessGuid'>{EBF7A186-16A2-5B59-0000-001092284B02}</Data><Data Name='ProcessId'>3444</Data><Data Name='Image'>C:\\\\ProgramData\\\\Microsoft\\\\Windows Defender\\\\Platform\\\\4.18.1806.18062-0\\\\MpCmdRun.exe</Data><Data Name='FileVersion'>4.18.1806.18062 (GitEnlistment(winpbld).180608-1028)</Data><Data Name='Description'>Microsoft Malware Protection Command Line Utility</Data><Data Name='Product'>Microsoft\\u00ae Windows\\u00ae Operating System</Data><Data Name='Company'>Microsoft Corporation</Data><Data Name='CommandLine'>\\\"C:\\\\ProgramData\\\\Microsoft\\\\Windows Defender\\\\platform\\\\4.18.1806.18062-0\\\\MpCmdRun.exe\\\" Scan -ScheduleJob -ScanTrigger 55</Data><Data Name='CurrentDirectory'>C:\\\\Windows\\\\system32\\\\</Data><Data Name='User'>NT AUTHORITY\\\\SYSTEM</Data><Data Name='LogonGuid'>{EBF7A186-B940-5B58-0000-0020E7030000}</Data><Data Name='LogonId'>0x3e7</Data><Data Name='TerminalSessionId'>0</Data><Data Name='IntegrityLevel'>System</Data><Data Name='Hashes'>MD5=97D50B6C5407921A78F2C6395313A5F0,SHA256=F391D39D553D2CCB04E5FF93B0AD38440C490D21F514F9F0B68B2DE0EFC1386D</Data><Data Name='ParentProcessGuid'>{EBF7A186-B941-5B58-0000-0010B8360100}</Data><Data Name='ParentProcessId'>1132</Data><Data Name='ParentImage'>C:\\\\Windows\\\\System32\\\\svchost.exe</Data><Data Name='ParentCommandLine'>c:\\\\windows\\\\system32\\\\svchost.exe -k netsvcs -p -s Schedule</Data></EventData></Event>\"}], \"meta\": {\"total_event_count\": 3, \"returned\": 3, \"sid\": \"1783490021.1960\"}}",
          "name": "get_raw_events"
        },
        {
          "type": "AIMessage",
          "content": "Intention: The \"scan\" keyword search returned events from BSTOLL-L, not FYODOR-L. I need to look specifically at FYODOR-L's Sysmon events for non-standard processes. Let me search for EventID=1 (process creation) events on FYODOR-L and look for unusual images. Let me also try searching for common scanner tool names or network-related tools in the raw events.",
          "tool_calls": [
            {
              "name": "get_raw_events",
              "args": {
                "keyword": "FYODOR-L",
                "limit": 20,
                "sourcetype": "xmlwineventlog:microsoft-windows-sysmon/operational"
              }
            }
          ]
        },
        {
          "type": "ToolMessage",
          "content": "{\"results\": [{\"_time\": \"2018-08-20T23:17:37.000+08:00\", \"_raw\": \"<Event xmlns='http://schemas.microsoft.com/win/2004/08/events/event'><System><Provider Name='Microsoft-Windows-Sysmon' Guid='{5770385F-C22A-43E0-BF4C-06F5698FFBD9}'/><EventID>3</EventID><Version>5</Version><Level>4</Level><Task>3</Task><Opcode>0</Opcode><Keywords>0x8000000000000000</Keywords><TimeCreated SystemTime='2018-08-20T15:17:37.964159900Z'/><EventRecordID>31557</EventRecordID><Correlation/><Execution ProcessID='10440' ThreadID='8796'/><Channel>Microsoft-Windows-Sysmon/Operational</Channel><Computer>FYODOR-L.froth.ly</Computer><Security UserID='S-1-5-18'/></System><EventData><Data Name='UtcTime'>2018-08-19 12:28:57.881</Data><Data Name='ProcessGuid'>{EBF7A186-2E77-5B56-0000-0010EB3F0200}</Data><Data Name='ProcessId'>2684</Data><Data Name='Image'>C:\\\\ProgramData\\\\Microsoft\\\\Windows Defender\\\\Platform\\\\4.18.1806.18062-0\\\\MsMpEng.exe</Data><Data Name='User'>NT AUTHORITY\\\\SYSTEM</Data><Data Name='Protocol'>tcp</Data><Data Name='Initiated'>true</Data><Data Name='SourceIsIpv6'>false</Data><Data Name='SourceIp'>192.168.70.186</Data><Data Name='SourceHostname'>FYODOR-L.froth.ly</Data><Data Name='SourcePort'>59529</Data><Data Name='SourcePortName'></Data><Data Name='DestinationIsIpv6'>false</Data><Data Name='DestinationIp'>52.160.42.250</Data><Data Name='DestinationHostname'></Data><Data Name='DestinationPort'>443</Data><Data Name='DestinationPortName'>https</Data></EventData></Event>\"}, {\"_time\": \"2018-08-20T23:17:34.000+08:00\", \"_raw\": \"<Event xmlns='http://schemas.microsoft.com/win/2004/08/events/event'><System><Provider Name='Microsoft-Windows-Sysmon' Guid='{5770385F-C22A-43E0-BF4C-06F5698FFBD9}'/><EventID>1</EventID><Version>5</Version><Level>4</Level><Task>1</Task><Opcode>0</Opcode><Keywords>0x8000000000000000</Keywords><TimeCreated SystemTime='2018-08-20T15:17:34.685098600Z'/><EventRecordID>31556</EventRecordID><Correlation/><Execution ProcessID='10440' ThreadID='2904'/><Channel>Microsoft-Windows-Sysmon/Operational</Channel><Computer>FYODOR-L.froth.ly</Computer><Security UserID='S-1-5-18'/></System><EventData><Data Name='UtcTime'>2018-08-20 15:17:34.679</Data><Data Name='ProcessGuid'>{EBF7A186-0B62-5B59-0000-001050118D01}</Data><Data Name='ProcessId'>2436</Data><Data Name='Image'>C:\\\\Windows\\\\System32\\\\findstr.exe</Data><Data Name='FileVersion'>10.0.17134.1 (WinBuild.160101.0800)</Data><Data Name='Description'>Find String (QGREP) Utility</Data><Data Name='Product'>Microsoft\\u00ae Windows\\u00ae Operating System</Data><Data Name='Company'>Microsoft Corporation</Data><Data Name='CommandLine'>findstr  /r \\\"LISTENING\\\"</Data><Data Name='CurrentDirectory'>C:\\\\Windows\\\\system32\\\\</Data><Data Name='User'>NT AUTHORITY\\\\SYSTEM</Data><Data Name='LogonGuid'>{EBF7A186-2E71-5B56-0000-0020E7030000}</Data><Data Name='LogonId'>0x3e7</Data><Data Name='TerminalSessionId'>0</Data><Data Name='IntegrityLevel'>System</Data><Data Name='Hashes'>MD5=BCC8F29B929DABF5489C9BE6587FF66D,SHA256=40F83CE0B6E1C894AB766591574ABD5B6780028C874410F2EC224300DF443C81</Data><Data Name='ParentProcessGuid'>{EBF7A186-0B62-5B59-0000-00100B108D01}</Data><Data Name='ParentProcessId'>348</Data><Data Name='ParentImage'>C:\\\\Windows\\\\System32\\\\cmd.exe</Data><Data Name='ParentCommandLine'>C:\\\\Windows\\\\system32\\\\cmd.exe /c netstat -nao | findstr /r \\\"LISTENING\\\"</Data></EventData></Event>\"}, {\"_time\": \"2018-08-20T23:17:34.000+08:00\", \"_raw\": \"<Event xmlns='http://schemas.microsoft.com/win/2004/08/events/event'><System><Provider Name='Microsoft-Windows-Sysmon' Guid='{5770385F-C22A-43E0-BF4C-06F5698FFBD9}'/><EventID>1</EventID><Version>5</Version><Level>4</Level><Task>1</Task><Opcode>0</Opcode><Keywords>0x8000000000000000</Keywords><TimeCreated SystemTime='2018-08-20T15:17:34.681800500Z'/><EventRecordID>31555</EventRecordID><Correlation/><Execution ProcessID='10440' ThreadID='2904'/><Channel>Microsoft-Windows-Sysmon/Operational</Channel><Computer>FYODOR-L.froth.ly</Computer><Security UserID='S-1-5-18'/></System><EventData><Data Name='UtcTime'>2018-08-20 15:17:34.674</Data><Data Name='ProcessGuid'>{EBF7A186-0B62-5B59-0000-0010E4108D01}</Data><Data Name='ProcessId'>1632</Data><Data Name='Image'>C:\\\\Windows\\\\System32\\\\NETSTAT.EXE</Data><Data Name='FileVersion'>10.0.17134.1 (WinBuild.160101.0800)</Data><Data Name='Description'>TCP/IP Netstat Command</Data><Data Name='Product'>Microsoft\\u00ae Windows\\u00ae Operating System</Data><Data Name='Company'>Microsoft Corporation</Data><Data Name='CommandLine'>netstat  -nao </Data><Data Name='CurrentDirectory'>C:\\\\Windows\\\\system32\\\\</Data><Data Name='User'>NT AUTHORITY\\\\SYSTEM</Data><Data Name='LogonGuid'>{EBF7A186-2E71-5B56-0000-0020E7030000}</Data><Data Name='LogonId'>0x3e7</Data><Data Name='TerminalSessionId'>0</Data><Data Name='IntegrityLevel'>System</Data><Data Name='Hashes'>MD5=1FB68CF12310CD932BA464B58EF7F524,SHA256=4631C03A1CC798EEF61CCDA3EC887475E201C9A7D14A90A1DEEE86BE62213951</Data><Data Name='ParentProcessGuid'>{EBF7A186-0B62-5B59-0000-00100B108D01}</Data><Data Name='ParentProcessId'>348</Data><Data Name='ParentImage'>C:\\\\Windows\\\\System32\\\\cmd.exe</Data><Data Name='ParentCommandLine'>C:\\\\Windows\\\\system32\\\\cmd.exe /c netstat -nao | findstr /r \\\"LISTENING\\\"</Data></EventData></Event>\"}, {\"_time\": \"2018-08-20T23:17:34.000+08:00\", \"_raw\": \"<Event xmlns='http://schemas.microsoft.com/win/2004/08/events/event'><System><Provider Name='Microsoft-Windows-Sysmon' Guid='{5770385F-C22A-43E0-BF4C-06F5698FFBD9}'/><EventID>1</EventID><Version>5</Version><Level>4</Level><Task>1</Task><Opcode>0</Opcode><Keywords>0x8000000000000000</Keywords><TimeCreated SystemTime='2018-08-20T15:17:34.669671800Z'/><EventRecordID>31554</EventRecordID><Correlation/><Execution ProcessID='10440' ThreadID='2904'/><Channel>Microsoft-Windows-Sysmon/Operational</Channel><Computer>FYODOR-L.froth.ly</Computer><Security UserID='S-1-5-18'/></System><EventData><Data Name='UtcTime'>2018-08-20 15:17:34.667</Data><Data Name='ProcessGuid'>{EBF7A186-0B62-5B59-0000-00100B108D01}</Data><Data Name='ProcessId'>348</Data><Data Name='Image'>C:\\\\Windows\\\\System32\\\\cmd.exe</Data><Data Name='FileVersion'>10.0.17134.1 (WinBuild.160101.0800)</Data><Data Name='Description'>Windows Command Processor</Data><Data Name='Product'>Microsoft\\u00ae Windows\\u00ae Operating System</Data><Data Name='Company'>Microsoft Corporation</Data><Data Name='CommandLine'>C:\\\\Windows\\\\system32\\\\cmd.exe /c netstat -nao | findstr /r \\\"LISTENING\\\"</Data><Data Name='CurrentDirectory'>C:\\\\Windows\\\\system32\\\\</Data><Data Name='User'>NT AUTHORITY\\\\SYSTEM</Data><Data Name='LogonGuid'>{EBF7A186-2E71-5B56-0000-0020E7030000}</Data><Data Name='LogonId'>0x3e7</Data><Data Name='TerminalSessionId'>0</Data><Data Name='IntegrityLevel'>System</Data><Data Name='Hashes'>MD5=4E2ACF4F8A396486AB4268C94A6A245F,SHA256=9A7C58BD98D70631AA1473F7B57B426DB367D72429A5455B433A05EE251F3236</Data><Data Name='ParentProcessGuid'>{EBF7A186-0B62-5B59-0000-0010F4068D01}</Data><Data Name='ParentProcessId'>7612</Data><Data Name='ParentImage'>C:\\\\Windows\\\\System32\\\\cmd.exe</Data><Data Name='ParentCommandLine'>C:\\\\Windows\\\\system32\\\\cmd.exe /c \\\"\\\"C:\\\\Program Files\\\\SplunkUniversalForwarder\\\\etc\\\\apps\\\\Splunk_TA_windows\\\\bin\\\\win_listening_ports.bat\\\"\\\"</Data></EventData></Event>\"}, {\"_time\": \"2018-08-20T23:17:34.000+08:00\", \"_raw\": \"<Event xmlns='http://schemas.microsoft.com/win/2004/08/events/event'><System><Provider Name='Microsoft-Windows-Sysmon' Guid='{5770385F-C22A-43E0-BF4C-06F5698FFBD9}'/><EventID>1</EventID><Version>5</Version><Level>4</Level><Task>1</Task><Opcode>0</Opcode><Keywords>0x8000000000000000</Keywords><TimeCreated SystemTime='2018-08-20T15:17:34.585246400Z'/><EventRecordID>31553</EventRecordID><Correlation/><Execution ProcessID='10440' ThreadID='2904'/><Channel>Microsoft-Windows-Sysmon/Operational</Channel><Computer>FYODOR-L.froth.ly</Computer><Security UserID='S-1-5-18'/></System><EventData><Data Name='UtcTime'>2018-08-20 15:17:34.577</Data><Data Name='ProcessGuid'>{EBF7A186-0B62-5B59-0000-0010D1098D01}</Data><Data Name='ProcessId'>10360</Data><Data Name='Image'>C:\\\\Windows\\\\System32\\\\wbem\\\\WMIC.exe</Data><Data Name='FileVersion'>10.0.17134.1 (WinBuild.160101.0800)</Data><Data Name='Description'>WMI Commandline Utility</Data><Data Name='Product'>Microsoft\\u00ae Windows\\u00ae Operating System</Data><Data Name='Company'>Microsoft Corporation</Data><Data Name='CommandLine'>wmic  os get LocalDateTime /value </Data><Data Name='CurrentDirectory'>C:\\\\Windows\\\\system32\\\\</Data><Data Name='User'>NT AUTHORITY\\\\SYSTEM</Data><Data Name='LogonGuid'>{EBF7A186-2E71-5B56-0000-0020E7030000}</Data><Data Name='LogonId'>0x3e7</Data><Data Name='TerminalSessionId'>0</Data><Data Name='IntegrityLevel'>System</Data><Data Name='Hashes'>MD5=EC80E603E0090B3AC3C1234C2BA43A0F,SHA256=D368BCB7934DB0C53D1E7277DCB47AF2B709253CBF0EEE9869EE7E17ED226EA3</Data><Data Name='ParentProcessGuid'>{EBF7A186-0B62-5B59-0000-0010C1088D01}</Data><Data Name='ParentProcessId'>7164</Data><Data Name='ParentImage'>C:\\\\Windows\\\\System32\\\\cmd.exe</Data><Data Name='ParentCommandLine'>C:\\\\Windows\\\\system32\\\\cmd.exe /c wmic os get LocalDateTime /value 2&gt;nul</Data></EventData></Event>\"}, {\"_time\": \"2018-08-20T23:17:34.000+08:00\", \"_raw\": \"<Event xmlns='http://schemas.microsoft.com/win/2004/08/events/event'><System><Provider Name='Microsoft-Windows-Sysmon' Guid='{5770385F-C22A-43E0-BF4C-06F5698FFBD9}'/><EventID>1</EventID><Version>5</Version><Level>4</Level><Task>1</Task><Opcode>0</Opcode><Keywords>0x8000000000000000</Keywords><TimeCreated SystemTime='2018-08-20T15:17:34.568147200Z'/><EventRecordID>31552</EventRecordID><Correlation/><Execution ProcessID='10440' ThreadID='2904'/><Channel>Microsoft-Windows-Sysmon/Operational</Channel><Computer>FYODOR-L.froth.ly</Computer><Security UserID='S-1-5-18'/></System><EventData><Data Name='UtcTime'>2018-08-20 15:17:34.565</Data><Data Name='ProcessGuid'>{EBF7A186-0B62-5B59-0000-0010C1088D01}</Data><Data Name='ProcessId'>7164</Data><Data Name='Image'>C:\\\\Windows\\\\System32\\\\cmd.exe</Data><Data Name='FileVersion'>10.0.17134.1 (WinBuild.160101.0800)</Data><Data Name='Description'>Windows Command Processor</Data><Data Name='Product'>Microsoft\\u00ae Windows\\u00ae Operating System</Data><Data Name='Company'>Microsoft Corporation</Data><Data Name='CommandLine'>C:\\\\Windows\\\\system32\\\\cmd.exe /c wmic os get LocalDateTime /value 2&gt;nul</Data><Data Name='CurrentDirectory'>C:\\\\Windows\\\\system32\\\\</Data><Data Name='User'>NT AUTHORITY\\\\SYSTEM</Data><Data Name='LogonGuid'>{EBF7A186-2E71-5B56-0000-0020E7030000}</Data><Data Name='LogonId'>0x3e7</Data><Data Name='TerminalSessionId'>0</Data><Data Name='IntegrityLevel'>System</Data><Data Name='Hashes'>MD5=4E2ACF4F8A396486AB4268C94A6A245F,SHA256=9A7C58BD98D70631AA1473F7B57B426DB367D72429A5455B433A05EE251F3236</Data><Data Name='ParentProcessGuid'>{EBF7A186-0B62-5B59-0000-0010F4068D01}</Data><Data Name='ParentProcessId'>7612</Data><Data Name='ParentImage'>C:\\\\Windows\\\\System32\\\\cmd.exe</Data><Data Name='ParentCommandLine'>C:\\\\Windows\\\\system32\\\\cmd.exe /c \\\"\\\"C:\\\\Program Files\\\\SplunkUniversalForwarder\\\\etc\\\\apps\\\\Splunk_TA_windows\\\\bin\\\\win_listening_ports.bat\\\"\\\"</Data></EventData></Event>\"}, 