==============================================================================
=== TASK ===
Worker        : senior splunk agent #6
Parent question: Q304
Model         : gpt-5.4-mini
Assigned task : In the Splunk BOTSv3 dataset (index=botsv3, August 2018 APT attack against Frothly), determine the name of the user account that was created after an endpoint was compromised. Investigate endpoint compromise evidence and then identify any user-account creation events on the compromised endpoint(s), likely in Windows logs (e.g., Security EventCode 4720 or related account-management events, Sysmon, or authentication logs). Return the created username only if you can determine it confidently, and include the SPL and sourcetypes used.
==============================================================================


[STATE:agent_in]  step=0  msgs=1  errors=0  empty=0  verified=False
  last_msg: HumanMessage -> 'In the Splunk BOTSv3 dataset (index=botsv3, August 2018 APT attack against Frothly), determine the name of the user acco'

[Agent thinking]
Intention: Start by identifying available sourcetypes so I can locate endpoint and Windows security logs relevant to compromise and account creation.


[STATE:verify_in]  step=1  msgs=2  errors=0  empty=0  verified=False
  last_msg: AIMessage -> tool_call: get_source_types({})
[Verify OK]     get_source_types

[STATE:execute_in]  step=1  msgs=2  errors=0  empty=0  verified=True
  last_msg: AIMessage -> tool_call: get_source_types({})
[Execute] get_source_types({})
          -> {"source_types": ["access_combined", "alternatives", "amazon-ssm-agent", "amazon-ssm-agent-too_small", "apache_error", "aws:cloudtrail", "aws:cloudwatch", "aws:cloudwatch:guardduty", "aws:cloudwatchlogs", "aws:cloudwatchlogs:vpcflow", "aws:config:rule", "aws:description", "aws:elb:accesslogs", "aws:rds:audit", "aws:rds:error", "aws:s3:accesslogs", "bandwidth", "bash_history", "bootstrap", "cisco:asa", "cloud-init", "cloud-init-output", "code42:api", "code42:computer", "code42:org", "code42:security", "code42:user", "config_file", "cpu", "cron-too_small", "df", "dmesg", "dpkg", "error-too_small", "errors", "errors-too_small", "ess_content_importer", "hardware", "history-2", "interfaces", "iostat", "lastlog", "linux_audit", "linux_secure", "localhost-5", "lsof", "maillog-too_small", "ms:aad:audit", "ms:aad:signin", "ms:o365:management", "ms:o365:reporting:messagetrace", "netstat", "o365:management:activity", "openports", "osquery:info", "osquery:results", "osquery:warning", "out-3", "package", "perfmonmk:process", "protocol", "ps", "script:getendpointinfo", "script:installedapps", "script:listeningports", "stream:arp", "stream:dhcp", "stream:dns", "stream:http", "stream:icmp", "stream:igmp", "stream:ip", "stream:mysql", "stream:smb", "stream:smtp", "stream:tcp", "stream:udp", "symantec:ep:agent:file", "symantec:ep:agt_system:file", "symantec:ep:behavior:file", "symantec:ep:packet:file", "symantec:ep:risk:file", "symantec:ep:scm_system:file", "symantec:ep:security:file", "symantec:ep:traffic:file", "syslog", "time", "top", "unix:listeningports", "unix:service", "unix:sshdconfig", "unix:update", "unix:uptime", "unix:useraccounts", "unix:version", "userswithloginprivs", "vmstat", "who", "wineventlog", "winhostmon", "xmlwineventlog:microsoft-windows-sysmon/operational", "yum-too_small"], "count": 102}


[STATE:agent_in]  step=1  msgs=3  errors=0  empty=0  verified=True
  last_msg: ToolMessage -> '{"source_types": ["access_combined", "alternatives", "amazon-ssm-agent", "amazon-ssm-agent-too_small", "apache_error", "'

[Agent thinking]
Intention: Windows endpoint evidence likely lives in wineventlog or Sysmon; inspect their fields to confirm account-creation and compromise-related event fields.


[STATE:verify_in]  step=2  msgs=4  errors=0  empty=0  verified=True
  last_msg: AIMessage -> tool_call: get_sourcetype_fields({"sourcetype":"wineventlog","index":"botsv3","min_count":1})
[Verify OK]     get_sourcetype_fields

[STATE:execute_in]  step=2  msgs=4  errors=0  empty=0  verified=True
  last_msg: AIMessage -> tool_call: get_sourcetype_fields({"sourcetype":"wineventlog","index":"botsv3","min_count":1})
[Execute] get_sourcetype_fields({"index":"botsv3","min_count":1,"sourcetype":"wineventlog"})
          -> {"results": [{"field": "ComputerName", "count": "48101", "distinct_count": "9", "values": "[{\"value\":\"BSTOLL-L.froth.ly\",\"count\":24427},{\"value\":\"PCERF-L.froth.ly\",\"count\":4280},{\"value\":\"MKRAEUS-L.froth.ly\",\"count\":4174}]"}, {"field": "EventCode", "count": "48101", "distinct_count": "15", "values": "[{\"value\":\"5156\",\"count\":11501},{\"value\":\"4689\",\"count\":7446},{\"value\":\"4688\",\"count\":7427}]"}, {"field": "EventType", "count": "48101", "distinct_count": "5", "values": "[{\"value\":\"0\",\"count\":46512},{\"value\":\"4\",\"count\":1120},{\"value\":\"3\",\"count\":268}]"}, {"field": "Keywords", "count": "48101", "distinct_count": "10", "values": "[{\"value\":\"Audit Success\",\"count\":37207},{\"value\":\"Audit Failure\",\"count\":9214},{\"value\":\"Classic\",\"count\":866}]"}, {"field": "LogName", "count": "48101", "distinct_count": "7", "values": "[{\"value\":\"Security\",\"count\":46469},{\"value\":\"Application\",\"count\":719},{\"value\":\"System\",\"count\":482}]"}, {"field": "Message", "count": "48101", "distinct_count": "15", "values": "[{\"value\":\"The Windows Filtering Platform has permitted a connection.\\n\\nApplication Information:\\n\\tProcess ID:\\t\\t4560\\n\\tApplication Name:\\t\\\\device\\\\harddiskvolume4\\\\program files (x86)\\\\cisco\\\\cisco anyconnect secure mobility client\\\\acnvmagent.exe\\n\\nNetwork Information:\\n\\tDirection:\\t\\tOutbound\\n\\tSource Address:\\t\\t192.168.8.114\\n\\tSource Port:\\t\\t25001\\n\\tDestination Address:\\t192.168.9.25\\n\\tDestination Port:\\t\\t2055\\n\\tProtocol:\\t\\t17\\n\\nFilter Information:\\n\\tFilter Run-Time ID:\\t111804\\n\\tLayer Name:\\t\\tConnect\\n\\tLayer Run-Time ID:\\t48\",\"count\":1683},{\"value\":\"The Windows Filtering Platform has permitted a connection.\\n\\nApplication Information:\\n\\tProcess ID:\\t\\t4728\\n\\tApplication Name:\\t\\\\device\\\\harddiskvolume4\\\\program files (x86)\\\\cisco\\\\cisco anyconnect secure mobility client\\\\acnvmagent.exe\\n\\nNetwork Information:\\n\\tDirection:\\t\\tOutbound\\n\\tSource Address:\\t\\t192.168.8.114\\n\\tSource Port:\\t\\t25001\\n\\tDestination Address:\\t192.168.9.25\\n\\tDestination Port:\\t\\t2055\\n\\tProtocol:\\t\\t17\\n\\nFilter Information:\\n\\tFilter Run-Time ID:\\t109460\\n\\tLayer Name:\\t\\tConnect\\n\\tLayer Run-Time ID:\\t48\",\"count\":757},{\"value\":\"Special privileges assigned to new logon.\\n\\nSubject:\\n\\tSecurity ID:\\t\\tNT AUTHORITY\\\\SYSTEM\\n\\tAccount Name:\\t\\tSYSTEM\\n\\tAccount Domain:\\t\\tNT AUTHORITY\\n\\tLogon ID:\\t\\t0x3E7\\n\\nPrivileges:\\t\\tSeAssignPrimaryTokenPrivilege\\n\\t\\t\\tSeTcbPrivilege\\n\\t\\t\\tSeSecurityPrivilege\\n\\t\\t\\tSeTakeOwnershipPrivilege\\n\\t\\t\\tSeLoadDriverPrivilege\\n\\t\\t\\tSeBackupPrivilege\\n\\t\\t\\tSeRestorePrivilege\\n\\t\\t\\tSeDebugPrivilege\\n\\t\\t\\tSeAuditPrivilege\\n\\t\\t\\tSeSystemEnvironmentPrivilege\\n\\t\\t\\tSeImpersonatePrivilege\\n\\t\\t\\tSeDelegateSessionUserImpersonatePrivilege\",\"count\":363}]"}, {"field": "OpCode", "count": "48101", "distinct_count": "15", "values": "[{\"value\":\"Info\",\"count\":47448},{\"value\":\"The operation completed successfully.\",\"count\":435},{\"value\":\"None\",\"count\":76}]"}, {"field": "RecordNumber", "count": "48101", "distinct_count": "15", "values": "[{\"value\":\"224929\",\"count\":2},{\"value\":\"224932\",\"count\":2},{\"value\":\"224936\",\"count\":2}]"}, {"field": "SourceName", "count": "48101", "distinct_count": "15", "values": "[{\"value\":\"Microsoft Windows security auditing.\",\"count\":46419},{\"value\":\"Microsoft-Windows-AppLocker\",\"count\":339},{\"value\":\"Microsoft-Windows-Security-SPP\",\"count\":325}]"}, {"field": "TaskCategory", "count": "48101", "distinct_count": "15", "values": "[{\"value\":\"Filtering Platform Connection\",\"count\":15626},{\"value\":\"Process Termination\",\"count\":7446},{\"value\":\"Process Creation\",\"count\":7429}]"}, {"field": "Type", "count": "48101", "distinct_count": "5", "values": "[{\"value\":\"Information\",\"count\":47632},{\"value\":\"Warning\",\"count\":268},{\"value\":\"Error\",\"count\":168}]"}, {"field": "category", "count": "48101", "distinct_count": "15", "values": "[{\"value\":\"Filtering Platform Connection\",\"count\":15626},{\"value\":\"Process Termination\",\"count\":7446},{\"value\":\"Process Creation\",\"count\":7429}]"}, {"field": "dvc", "count": "48101", "distinct_count": "9", "values": "[{\"value\":\"BSTOLL-L.froth.ly\",\"count\":24427},{\"value\":\"PCERF-L.froth.ly\",\"count\":4280},{\"value\":\"MKRAEUS-L.froth.ly\",\"count\":4174}]"}, {"field": "dvc_nt_host", "count": "48101", "distinct_count": "9", "values": "[{\"value\":\"BSTOLL-L\",\"count\":24427},{\"value\":\"PCERF-L\",\"count\":4280},{\"value\":\"MKRAEUS-L\",\"count\":4174}]"}, {"field": "event_id", "count": "48101", "distinct_count": "15", "values": "[{\"value\":\"224929\",\"count\":2},{\"value\":\"224932\",\"count\":2},{\"value\":\"224936\",\"count\":2}]"}, {"field": "eventtype", "count": "48101", "distinct_count": "15", "values": "[{\"value\":\"endpoint_services_processes\",\"count\":48101},{\"value\":\"windows_event_signature\",\"count\":48101},{\"value\":\"windows_ta_data\",\"count\":48101}]"}, {"field": "host", "count": "48101", "distinct_count": "9", "values": "[{\"value\":\"BSTOLL-L\",\"count\":24427},{\"value\":\"PCERF-L\",\"count\":4280},{\"value\":\"MKRAEUS-L\",\"count\":4174}]"}, {"field": "id", "count": "48101", "distinct_count": "15", "values": "[{\"value\":\"224929\",\"count\":2},{\"value\":\"224932\",\"count\":2},{\"value\":\"224936\",\"count\":2}]"}, {"field": "index", "count": "48101", "distinct_count": "1", "values": "[{\"value\":\"botsv3\",\"count\":48101}]"}, {"field": "linecount", "count": "48101", "distinct_count": "15", "values": "[{\"value\":\"29\",\"count\":19738},{\"value\":\"23\",\"count\":7471},{\"value\":\"41\",\"count\":7428}]"}, {"field": "punct", "count": "48101", "distinct_count": "15", "values": "[{\"value\":\"//_::_\\\\r=\\\\r=___.\\\\r=\\\\r=\\\\r=\\\\r=-..\\\\r=__\\\\r=\\\\r=\\\\r=_\\\\r=_______.\\\\r\\\\r\\\\r\\\\r\",\"count\":15624},{\"value\":\"//_::_\\\\r=\\\\r=___.\\\\r=\\\\r=\\\\r=\\\\r=-..\\\\r=_\\\\r=\\\\r=\\\\r=_\\\\r=___.\\\\r\\\\r\\\\r\\\\r:\\\\r\\\\rt_\",\"count\":7453},{\"value\":\"//_::_\\\\r=\\\\r=___.\\\\r=\\\\r=\\\\r=\\\\r=-..\\\\r=_\\\\r=\\\\r=\\\\r=_\\\\r=_____.\\\\r\\\\r\\\\r\\\\r_:\\\\r\",\"count\":7427}]"}, {"field": "severity_id", "count": "48101", "distinct_count": "5", "values": "[{\"value\":\"0\",\"count\":46512},{\"value\":\"4\",\"count\":1120},{\"value\":\"3\",\"count\":268}]"}, {"field": "source", "count": "48101", "distinct_count": "6", "values": "[{\"value\":\"WinEventLog:Security\",\"count\":46469},{\"value\":\"WinEventLog:Application\",\"count\":719},{\"value\":\"WinEventLog:System\",\"count\":482}]"}, {"field": "sourcetype", "count": "48101", "distinct_count": "1", "values": "[{\"value\":\"WinEventLog\",\"count\":48101}]"}, {"field": "splunk_server", "count": "48101", "distinct_count": "1", "values": "[{\"value\":\"DESKTOP-Q4TP1FN\",\"count\":48101}]"}, {"field": "tag", "count": "48101", "distinct_count": "15", "values": "[{\"value\":\"track_event_signatures\",\"count\":48101},{\"value\":\"os\",\"count\":47670},{\"value\":\"windows\",\"count\":47670}]"}, {"field": "tag::eventtype", "count": "48101", "distinct_count": "15", "values": "[{\"value\":\"track_event_signatures\",\"count\":48101},{\"value\":\"os\",\"count\":47670},{\"value\":\"windows\",\"count\":47670}]"}, {"field": "vendor_product", "count": "48101", "distinct_count": "1", "values": "[{\"value\":\"Microsoft Windows\",\"count\":48101}]"}, {"field": "signature_id", "count": "48080", "distinct_count": "15", "values": "[{\"value\":\"5156\",\"count\":11501},{\"value\":\"4689\",\"count\":7446},{\"value\":\"4688\",\"count\":7427}]"}, {"field": "severity", "count": "48068", "distinct_count": "3", "values": "[{\"value\":\"informational\",\"count\":47632},{\"value\":\"medium\",\"count\":268},{\"value\":\"high\",\"count\":168}]"}, {"field": "dest", "count": "47762", "distinct_count": "15", "values": "[{\"value\":\"BSTOLL-L.froth.ly\",\"count\":8473},{\"value\":\"PCERF-L.froth.ly\",\"count\":4277},{\"value\":\"MKRAEUS-L.froth.ly\",\"count\":4174}]"}, {"field": "Error_Code", "count": "47670", "distinct_count": "4", "values": "[{\"value\":\"-\",\"count\":47666},{\"value\":\"0xC0000073\",\"count\":2},{\"value\":\"0xC000006E\",\"count\":1}]"}, {"field": "body", "count": "46951", "distinct_count": "15", "values": "[{\"value\":\"The Windows Filtering Platform has permitted a connection.\\n\\nApplication Information:\\n\\tProcess ID:\\t\\t4560\\n\\tApplication Name:\\t\\\\device\\\\harddiskvolume4\\\\program files (x86)\\\\cisco\\\\cisco anyconnect secure mobility client\\\\acnvmagent.exe\\n\\nNetwork Information:\\n\\tDirection:\\t\\tOutbound\\n\\tSource Address:\\t\\t192.168.8.114\\n\\tSource Port:\\t\\t25001\\n\\tDestination Address:\\t192.168.9.25\\n\\tDestination Port:\\t\\t2055\\n\\tProtocol:\\t\\t17\\n\\nFilter Information:\\n\\tFilter Run-Time ID:\\t111804\\n\\tLayer Name:\\t\\tConnect\\n\\tLayer Run-Time ID:\\t48\",\"count\":1683},{\"value\":\"The Windows Filtering Platform has permitted a connection.\\n\\nApplication Information:\\n\\tProcess ID:\\t\\t4728\\n\\tApplication Name:\\t\\\\device\\\\harddiskvolume4\\\\program files (x86)\\\\cisco\\\\cisco anyconnect secure mobility client\\\\acnvmagent.exe\\n\\nNetwork Information:\\n\\tDirection:\\t\\tOutbound\\n\\tSource Address:\\t\\t192.168.8.114\\n\\tSource Port:\\t\\t25001\\n\\tDestination Address:\\t192.168.9.25\\n\\tDestination Port:\\t\\t2055\\n\\tProtocol:\\t\\t17\\n\\nFilter Information:\\n\\tFilter Run-Time ID:\\t109460\\n\\tLayer Name:\\t\\tConnect\\n\\tLayer Run-Time ID:\\t48\",\"count\":757},{\"value\":\"Special privileges assigned to new logon.\\n\\nSubject:\\n\\tSecurity ID:\\t\\tNT AUTHORITY\\\\SYSTEM\\n\\tAccount Name:\\t\\tSYSTEM\\n\\tAccount Domain:\\t\\tNT AUTHORITY\\n\\tLogon ID:\\t\\t0x3E7\\n\\nPrivileges:\\t\\tSeAssignPrimaryTokenPrivilege\\n\\t\\t\\tSeTcbPrivilege\\n\\t\\t\\tSeSecurityPrivilege\\n\\t\\t\\tSeTakeOwnershipPrivilege\\n\\t\\t\\tSeLoadDriverPrivilege\\n\\t\\t\\tSeBackupPrivilege\\n\\t\\t\\tSeRestorePrivilege\\n\\t\\t\\tSeDebugPrivilege\\n\\t\\t\\tSeAuditPrivilege\\n\\t\\t\\tSeSystemEnvironmentPrivilege\\n\\t\\t\\tSeImpersonatePrivilege\\n\\t\\t\\tSeDelegateSessionUserImpersonatePrivilege\",\"count\":408}]"}, {"field": "product", "count": "46951", "distinct_count": "1", "values": "[{\"value\":\"Windows\",\"count\":46951}]"}, {"field": "vendor", "count": "46951", "distinct_count": "1", "values": "[{\"value\":\"Microsoft\",\"count\":46951}]"}, {"field": "status", "count": "46492", "distinct_count": "6", "values": "[{\"value\":\"success\",\"count\":41293},{\"value\":\"failure\",\"count\":5105},{\"value\":\"started\",\"count\":51}]"}, {"field": "signature", "count": "46485", "distinct_count": "15", "values": "[{\"value\":\"The Windows Filtering Platform has allowed a connection\",\"count\":11501},{\"value\":\"A process has exited\",\"count\":7446},{\"value\":\"A new process has been created\",\"count\":7427}]"}, {"field": "app", "count": "46469", "distinct_count": "15", "values": "[{\"value\":\"win:unknown\",\"count\":29997},{\"value\":\"\\\\device\\\\harddiskvolume4\\\\windows\\\\system32\\\\svchost.exe\",\"count\":7831},{\"value\":\"\\\\device\\\\harddiskvolume4\\\\program files (x86)\\\\cisco\\\\cisco anyconnect secure mobility client\\\\acnvmagent.exe\",\"count\":2471}]"}, {"field": "dest_nt_host", "count": "46469", "distinct_count": "10", "values": "[{\"value\":\"BSTOLL-L.froth.ly\",\"count\":23807},{\"value\":\"MKRAEUS-L.froth.ly\",\"count\":4097},{\"value\":\"PCERF-L.froth.ly\",\"count\":4089}]"}, {"field": "event_time", "count": "46469", "distinct_count": "15", "values": "[{\"value\":\"08/21/2018 01:35:28 AM\",\"count\":329},{\"value\":\"08/20/2018 09:11:59 AM\",\"count\":322},{\"value\":\"08/20/2018 09:06:15 AM\",\"count\":214}]"}, ... [truncated — use a more specific query]"}


[STATE:agent_in]  step=2  msgs=5  errors=0  empty=0  verified=True
  last_msg: ToolMessage -> '{"results": [{"field": "ComputerName", "count": "48101", "distinct_count": "9", "values": "[{\\"value\\":\\"BSTOLL-L.froth.'

[Agent thinking]
Intention: Find account-management events and relevant Windows Security event codes, especially 4720, then inspect the compromised host(s) once identified.


[STATE:verify_in]  step=3  msgs=6  errors=0  empty=0  verified=True
  last_msg: AIMessage -> tool_call: search_keyword({"keyword":"4720"})
[Verify OK]     search_keyword

[STATE:execute_in]  step=3  msgs=6  errors=0  empty=0  verified=True
  last_msg: AIMessage -> tool_call: search_keyword({"keyword":"4720"})
[Execute] search_keyword({"keyword":"4720"})
          -> {"results": [], "meta": {"total_event_count": 0, "returned": 0, "sid": "1782648096.439"}}


[STATE:agent_in]  step=3  msgs=7  errors=0  empty=1  verified=True
  last_msg: ToolMessage -> '{"results": [], "meta": {"total_event_count": 0, "returned": 0, "sid": "1782648096.439"}}'

[Agent thinking]
Intention: Event 4720 isn't obvious in the manifest, so inspect Windows logs around account creation-related terms and compromise indicators like 4688/4624/7045 on likely compromised hosts.


[STATE:verify_in]  step=4  msgs=8  errors=0  empty=1  verified=True
  last_msg: AIMessage -> tool_call: sample_events({"sourcetype":"wineventlog","index":"botsv3","keyword":"new process has been created","count":2})
[Verify OK]     sample_events

[STATE:execute_in]  step=4  msgs=8  errors=0  empty=1  verified=True
  last_msg: AIMessage -> tool_call: sample_events({"sourcetype":"wineventlog","index":"botsv3","keyword":"new process has been created","count":2})
[Execute] sample_events({"count":2,"index":"botsv3","keyword":"new process has been created","sourcetype":"wineventlog"})
          -> {"results": [{"_time": "2018-08-20T23:17:59.000+08:00", "_raw": "08/20/2018 03:17:59 AM\nLogName=Security\nSourceName=Microsoft Windows security auditing.\nEventCode=4688\nEventType=0\nType=Information\nComputerName=BGIST-L.froth.ly\nTaskCategory=Process Creation\nOpCode=Info\nRecordNumber=298939\nKeywords=Audit Success\nMessage=A new process has been created.\n\nCreator Subject:\n\tSecurity ID:\t\tNT AUTHORITY\\SYSTEM\n\tAccount Name:\t\tBGIST-L$\n\tAccount Domain:\t\tWORKGROUP\n\tLogon ID:\t\t0x3E7\n\nTarget Subject:\n\tSecurity ID:\t\tNULL SID\n\tAccount Name:\t\t-\n\tAccount Domain:\t\t-\n\tLogon ID:\t\t0x0\n\nProcess Information:\n\tNew Process ID:\t\t0x185c\n\tNew Process Name:\tC:\\Windows\\System32\\findstr.exe\n\tToken Elevation Type:\t%%1936\n\tMandatory Label:\t\tMandatory Label\\System Mandatory Level\n\tCreator Process ID:\t0x1534\n\tCreator Process Name:\tC:\\Windows\\System32\\cmd.exe\n\tProcess Command Line:\tfindstr  /r \"LISTENING\"\n\nToken Elevation Type indicates the type of token that was assigned to the new process in accordance with User Account Control policy.\n\nType 1 is a full token with no privileges removed or groups disabled.  A full token is only used if User Account Control is disabled or if the user is the built-in Administrator account or a service account.\n\nType 2 is an elevated token with no privileges removed or groups disabled.  An elevated token is used when User Account Control is enabled and the user chooses to start the program using Run as administrator.  An elevated token is also used when an application is configured to always require administrative privilege or to always require maximum privilege, and the user is a member of the Administrators group.\n\nType 3 is a limited token with administrative privileges removed and administrative groups disabled.  The limited token is used when User Account Control is enabled, the application does not require administrative privilege, and the user does not choose to start the program using Run as administrator."}, {"_time": "2018-08-20T23:17:59.000+08:00", "_raw": "08/20/2018 03:17:59 AM\nLogName=Security\nSourceName=Microsoft Windows security auditing.\nEventCode=4688\nEventType=0\nType=Information\nComputerName=BGIST-L.froth.ly\nTaskCategory=Process Creation\nOpCode=Info\nRecordNumber=298938\nKeywords=Audit Success\nMessage=A new process has been created.\n\nCreator Subject:\n\tSecurity ID:\t\tNT AUTHORITY\\SYSTEM\n\tAccount Name:\t\tBGIST-L$\n\tAccount Domain:\t\tWORKGROUP\n\tLogon ID:\t\t0x3E7\n\nTarget Subject:\n\tSecurity ID:\t\tNULL SID\n\tAccount Name:\t\t-\n\tAccount Domain:\t\t-\n\tLogon ID:\t\t0x0\n\nProcess Information:\n\tNew Process ID:\t\t0x2c4\n\tNew Process Name:\tC:\\Windows\\System32\\NETSTAT.EXE\n\tToken Elevation Type:\t%%1936\n\tMandatory Label:\t\tMandatory Label\\System Mandatory Level\n\tCreator Process ID:\t0x1534\n\tCreator Process Name:\tC:\\Windows\\System32\\cmd.exe\n\tProcess Command Line:\tnetstat  -nao \n\nToken Elevation Type indicates the type of token that was assigned to the new process in accordance with User Account Control policy.\n\nType 1 is a full token with no privileges removed or groups disabled.  A full token is only used if User Account Control is disabled or if the user is the built-in Administrator account or a service account.\n\nType 2 is an elevated token with no privileges removed or groups disabled.  An elevated token is used when User Account Control is enabled and the user chooses to start the program using Run as administrator.  An elevated token is also used when an application is configured to always require administrative privilege or to always require maximum privilege, and the user is a member of the Administrators group.\n\nType 3 is a limited token with administrative privileges removed and administrative groups disabled.  The limited token is used when User Account Control is enabled, the application does not require administrative privilege, and the user does not choose to start the program using Run as administrator."}], "meta": {"total_event_count": 2, "returned": 2, "sid": "1782648138.440"}}


[STATE:agent_in]  step=4  msgs=9  errors=0  empty=1  verified=True
  last_msg: ToolMessage -> '{"results": [{"_time": "2018-08-20T23:17:59.000+08:00", "_raw": "08/20/2018 03:17:59 AM\\nLogName=Security\\nSourceName=Mi'

[Agent thinking]
Intention: Look for host compromise patterns in Security logs, including suspicious process creation and logons, to identify the affected endpoint before searching for account creation.


[STATE:verify_in]  step=5  msgs=10  errors=0  empty=1  verified=True
  last_msg: AIMessage -> tool_call: run_splunk_search({"query":"index=botsv3 sourcetype=wineventlog (EventCode=4688 OR EventCode=4624 OR EventCode=4672 OR EventCode=7045) | stats count by ComputerName EventCode Message | sort - count","max_results":50})
[Verify OK]     run_splunk_search

[STATE:execute_in]  step=5  msgs=10  errors=0  empty=1  verified=True
  last_msg: AIMessage -> tool_call: run_splunk_search({"query":"index=botsv3 sourcetype=wineventlog (EventCode=4688 OR EventCode=4624 OR EventCode=4672 OR EventCode=7045) | stats count by ComputerName EventCode Message | sort - count","max_results":50})
[Execute] run_splunk_search({"max_results":50,"query":"index=botsv3 sourcetype=wineventlog (EventCode=4688 OR EventCode=4624 OR EventCode=4672 OR EventCode=7045) | stats count by ComputerName EventCode Message | sort - count"})
          -> {"results": [{"ComputerName": "BSTOLL-L.froth.ly", "EventCode": "4672", "Message": "Special privileges assigned to new logon.\n\nSubject:\n\tSecurity ID:\t\tNT AUTHORITY\\SYSTEM\n\tAccount Name:\t\tSYSTEM\n\tAccount Domain:\t\tNT AUTHORITY\n\tLogon ID:\t\t0x3E7\n\nPrivileges:\t\tSeAssignPrimaryTokenPrivilege\n\t\t\tSeTcbPrivilege\n\t\t\tSeSecurityPrivilege\n\t\t\tSeTakeOwnershipPrivilege\n\t\t\tSeLoadDriverPrivilege\n\t\t\tSeBackupPrivilege\n\t\t\tSeRestorePrivilege\n\t\t\tSeDebugPrivilege\n\t\t\tSeAuditPrivilege\n\t\t\tSeSystemEnvironmentPrivilege\n\t\t\tSeImpersonatePrivilege\n\t\t\tSeDelegateSessionUserImpersonatePrivilege", "count": "162"}, {"ComputerName": "BSTOLL-L.froth.ly", "EventCode": "4624", "Message": "An account was successfully logged on.\n\nSubject:\n\tSecurity ID:\t\tNT AUTHORITY\\SYSTEM\n\tAccount Name:\t\tBSTOLL-L$\n\tAccount Domain:\t\tWORKGROUP\n\tLogon ID:\t\t0x3E7\n\nLogon Information:\n\tLogon Type:\t\t5\n\tRestricted Admin Mode:\t-\n\tVirtual Account:\t\tNo\n\tElevated Token:\t\tYes\n\nImpersonation Level:\t\tImpersonation\n\nNew Logon:\n\tSecurity ID:\t\tNT AUTHORITY\\SYSTEM\n\tAccount Name:\t\tSYSTEM\n\tAccount Domain:\t\tNT AUTHORITY\n\tLogon ID:\t\t0x3E7\n\tLinked Logon ID:\t\t0x0\n\tNetwork Account Name:\t-\n\tNetwork Account Domain:\t-\n\tLogon GUID:\t\t{00000000-0000-0000-0000-000000000000}\n\nProcess Information:\n\tProcess ID:\t\t0x260\n\tProcess Name:\t\tC:\\Windows\\System32\\services.exe\n\nNetwork Information:\n\tWorkstation Name:\t-\n\tSource Network Address:\t-\n\tSource Port:\t\t-\n\nDetailed Authentication Information:\n\tLogon Process:\t\tAdvapi  \n\tAuthentication Package:\tNegotiate\n\tTransited Services:\t-\n\tPackage Name (NTLM only):\t-\n\tKey Length:\t\t0\n\nThis event is generated when a logon session is created. It is generated on the computer that was accessed.\n\nThe subject fields indicate the account on the local system which requested the logon. This is most commonly a service such as the Server service, or a local process such as Winlogon.exe or Services.exe.\n\nThe logon type field indicates the kind of logon that occurred. The most common types are 2 (interactive) and 3 (network).\n\nThe New Logon fields indicate the account for whom the new logon was created, i.e. the account that was logged on.\n\nThe network fields indicate where a remote logon request originated. Workstation name is not always available and may be left blank in some cases.\n\nThe impersonation level field indicates the extent to which a process in the logon session can impersonate.\n\nThe authentication information fields provide detailed information about this specific logon request.\n\t- Logon GUID is a unique identifier that can be used to correlate this event with a KDC event.\n\t- Transited services indicate which intermediate services have participated in this logon request.\n\t- Package name indicates which sub-protocol was used among the NTLM protocols.\n\t- Key length indicates the length of the generated session key. This will be 0 if no session key was requested.", "count": "80"}, {"ComputerName": "BSTOLL-L.froth.ly", "EventCode": "4624", "Message": "An account was successfully logged on.\n\nSubject:\n\tSecurity ID:\t\tNT AUTHORITY\\SYSTEM\n\tAccount Name:\t\tBSTOLL-L$\n\tAccount Domain:\t\tWORKGROUP\n\tLogon ID:\t\t0x3E7\n\nLogon Information:\n\tLogon Type:\t\t5\n\tRestricted Admin Mode:\t-\n\tVirtual Account:\t\tNo\n\tElevated Token:\t\tYes\n\nImpersonation Level:\t\tImpersonation\n\nNew Logon:\n\tSecurity ID:\t\tNT AUTHORITY\\SYSTEM\n\tAccount Name:\t\tSYSTEM\n\tAccount Domain:\t\tNT AUTHORITY\n\tLogon ID:\t\t0x3E7\n\tLinked Logon ID:\t\t0x0\n\tNetwork Account Name:\t-\n\tNetwork Account Domain:\t-\n\tLogon GUID:\t\t{00000000-0000-0000-0000-000000000000}\n\nProcess Information:\n\tProcess ID:\t\t0x270\n\tProcess Name:\t\tC:\\Windows\\System32\\services.exe\n\nNetwork Information:\n\tWorkstation Name:\t-\n\tSource Network Address:\t-\n\tSource Port:\t\t-\n\nDetailed Authentication Information:\n\tLogon Process:\t\tAdvapi  \n\tAuthentication Package:\tNegotiate\n\tTransited Services:\t-\n\tPackage Name (NTLM only):\t-\n\tKey Length:\t\t0\n\nThis event is generated when a logon session is created. It is generated on the computer that was accessed.\n\nThe subject fields indicate the account on the local system which requested the logon. This is most commonly a service such as the Server service, or a local process such as Winlogon.exe or Services.exe.\n\nThe logon type field indicates the kind of logon that occurred. The most common types are 2 (interactive) and 3 (network).\n\nThe New Logon fields indicate the account for whom the new logon was created, i.e. the account that was logged on.\n\nThe network fields indicate where a remote logon request originated. Workstation name is not always available and may be left blank in some cases.\n\nThe impersonation level field indicates the extent to which a process in the logon session can impersonate.\n\nThe authentication information fields provide detailed information about this specific logon request.\n\t- Logon GUID is a unique identifier that can be used to correlate this event with a KDC event.\n\t- Transited services indicate which intermediate services have participated in this logon request.\n\t- Package name indicates which sub-protocol was used among the NTLM protocols.\n\t- Key length indicates the length of the generated session key. This will be 0 if no session key was requested.", "count": "58"}, {"ComputerName": "PCERF-L.froth.ly", "EventCode": "4672", "Message": "Special privileges assigned to new logon.\n\nSubject:\n\tSecurity ID:\t\tNT AUTHORITY\\SYSTEM\n\tAccount Name:\t\tSYSTEM\n\tAccount Domain:\t\tNT AUTHORITY\n\tLogon ID:\t\t0x3E7\n\nPrivileges:\t\tSeAssignPrimaryTokenPrivilege\n\t\t\tSeTcbPrivilege\n\t\t\tSeSecurityPrivilege\n\t\t\tSeTakeOwnershipPrivilege\n\t\t\tSeLoadDriverPrivilege\n\t\t\tSeBackupPrivilege\n\t\t\tSeRestorePrivilege\n\t\t\tSeDebugPrivilege\n\t\t\tSeAuditPrivilege\n\t\t\tSeSystemEnvironmentPrivilege\n\t\t\tSeImpersonatePrivilege\n\t\t\tSeDelegateSessionUserImpersonatePrivilege", "count": "50"}, {"ComputerName": "BGIST-L.froth.ly", "EventCode": "4672", "Message": "Special privileges assigned to new logon.\n\nSubject:\n\tSecurity ID:\t\tNT AUTHORITY\\SYSTEM\n\tAccount Name:\t\tSYSTEM\n\tAccount Domain:\t\tNT AUTHORITY\n\tLogon ID:\t\t0x3E7\n\nPrivileges:\t\tSeAssignPrimaryTokenPrivilege\n\t\t\tSeTcbPrivilege\n\t\t\tSeSecurityPrivilege\n\t\t\tSeTakeOwnershipPrivilege\n\t\t\tSeLoadDriverPrivilege\n\t\t\tSeBackupPrivilege\n\t\t\tSeRestorePrivilege\n\t\t\tSeDebugPrivilege\n\t\t\tSeAuditPrivilege\n\t\t\tSeSystemEnvironmentPrivilege\n\t\t\tSeImpersonatePrivilege\n\t\t\tSeDelegateSessionUserImpersonatePrivilege", "count": "46"}, {"ComputerName": "BGIST-L.froth.ly", "EventCode": "4624", "Message": "An account was successfully logged on.\n\nSubject:\n\tSecurity ID:\t\tNT AUTHORITY\\SYSTEM\n\tAccount Name:\t\tBGIST-L$\n\tAccount Domain:\t\tWORKGROUP\n\tLogon ID:\t\t0x3E7\n\nLogon Information:\n\tLogon Type:\t\t5\n\tRestricted Admin Mode:\t-\n\tVirtual Account:\t\tNo\n\tElevated Token:\t\tYes\n\nImpersonation Level:\t\tImpersonation\n\nNew Logon:\n\tSecurity ID:\t\tNT AUTHORITY\\SYSTEM\n\tAccount Name:\t\tSYSTEM\n\tAccount Domain:\t\tNT AUTHORITY\n\tLogon ID:\t\t0x3E7\n\tLinked Logon ID:\t\t0x0\n\tNetwork Account Name:\t-\n\tNetwork Account Domain:\t-\n\tLogon GUID:\t\t{00000000-0000-0000-0000-000000000000}\n\nProcess Information:\n\tProcess ID:\t\t0x270\n\tProcess Name:\t\tC:\\Windows\\System32\\services.exe\n\nNetwork Information:\n\tWorkstation Name:\t-\n\tSource Network Address:\t-\n\tSource Port:\t\t-\n\nDetailed Authentication Information:\n\tLogon Process:\t\tAdvapi  \n\tAuthentication Package:\tNegotiate\n\tTransited Services:\t-\n\tPackage Name (NTLM only):\t-\n\tKey Length:\t\t0\n\nThis event is generated when a logon session is created. It is generated on the computer that was accessed.\n\nThe subject fields indicate the account on the local system which requested the logon. This is most commonly a service such as the Server service, or a local process such as Winlogon.exe or Services.exe.\n\nThe logon type field indicates the kind of logon that occurred. The most common types are 2 (interactive) and 3 (network).\n\nThe New Logon fields indicate the account for whom the new logon was created, i.e. the account that was logged on.\n\nThe network fields indicate where a remote logon request originated. Workstation name is not always available and may be left blank in some cases.\n\nThe impersonation level field indicates the extent to which a process in the logon session can impersonate.\n\nThe authentication information fields provide detailed information about this specific logon request.\n\t- Logon GUID is a unique identifier that can be used to correlate this event with a KDC event.\n\t- Transited services indicate which intermediate services have participated in this logon request.\n\t- Package name indicates which sub-protocol was used among the NTLM protocols.\n\t- Key length indicates the length of the generated session key. This will be 0 if no session key was requested.", "count": "44"}, {"ComputerName": "MKRAEUS-L.froth.ly", "EventCode": "4624", "Message": "An account was successfully logged on.\n\nSubject:\n\tSecurity ID:\t\tNT AUTHORITY\\SYSTEM\n\tAccount Name:\t\tMKRAEUS-L$\n\tAccount Domain:\t\tWORKGROUP\n\tLogon ID:\t\t0x3E7\n\nLogon Information:\n\tLogon Type:\t\t5\n\tRestricted Admin Mode:\t-\n\tVirtual Account:\t\tNo\n\tElevated Token:\t\tYes\n\nImpersonation Level:\t\tImpersonation\n\nNew Logon:\n\tSecurity ID:\t\tNT AUTHORITY\\SYSTEM\n\tAccount Name:\t\tSYSTEM\n\tAccount Domain:\t\tNT AUTHORITY\n\tLogon ID:\t\t0x3E7\n\tLinked Logon ID:\t\t0x0\n\tNetwork Account Name:\t-\n\tNetwork Account Domain:\t-\n\tLogon GUID:\t\t{00000000-0000-0000-0000-000000000000}\n\nProcess Information:\n\tProcess ID:\t\t0x354\n\tProcess Name:\t\tC:\\Windows\\System32\\services.exe\n\nNetwork Information:\n\tWorkstation Name:\t-\n\tSource Network Address:\t-\n\tSource Port:\t\t-\n\nDetailed Authentication Information:\n\tLogon Process:\t\tAdvapi  \n\tAuthentication Package:\tNegotiate\n\tTransited Services:\t-\n\tPackage Name (NTLM only):\t-\n\tKey Length:\t\t0\n\nThis event is generated when a logon session is created. It is generated on the computer that was accessed.\n\nThe subject fields indicate the account on the local system which requested the logon. This is most commonly a service such as the Server service, or a local process such as Winlogon.exe or Services.exe.\n\nThe logon type field indicates the kind of logon that occurred. The most common types are 2 (interactive) and 3 (network).\n\nThe New Logon fields indicate the account for whom the new logon was created, i.e. the account that was logged on.\n\nThe network fields indicate where a remote logon request originated. Workstation name is not always available and may be left blank in some cases.\n\nThe impersonation level field indicates the extent to which a process in the logon session can impersonate.\n\nThe authentication information fields provide detailed information about this specific logon request.\n\t- Logon GUID is a unique identifier that can be used to correlate this event with a KDC event.\n\t- Transited services indicate which intermediate services have participated in this logon request.\n\t- Package name indicates which sub-protocol was used among the NTLM protocols.\n\t- Key length indicates the length of the generated session key. This will be 0 if no session key was requested.", "count": "42"}, {"ComputerName": "MKRAEUS-L.froth.ly", "EventCode": "4672", "Message": "Special privileges assigned to new logon.\n\nSubject:\n\tSecurity ID:\t\tNT AUTHORITY\\SYSTEM\n\tAccount Name:\t\tSYSTEM\n\tAccount Domain:\t\tNT AUTHORITY\n\tLogon ID:\t\t0x3E7\n\nPrivileges:\t\tSeAssignPrimaryTokenPrivilege\n\t\t\tSeTcbPrivilege\n\t\t\tSeSecurityPrivilege\n\t\t\tSeTakeOwnershipPrivilege\n\t\... [truncated — use a more specific query]"}


[STATE:agent_in]  step=5  msgs=11  errors=0  empty=1  verified=True
  last_msg: ToolMessage -> '{"results": [{"ComputerName": "BSTOLL-L.froth.ly", "EventCode": "4672", "Message": "Special privileges assigned to new l'

[Agent thinking]
Intention: The top hosts suggest BSTOLL-L may be the compromised endpoint; now search for account-creation and related management events on that host.


[STATE:verify_in]  step=6  msgs=12  errors=0  empty=1  verified=True
  last_msg: AIMessage -> tool_call: run_splunk_search({"query":"index=botsv3 sourcetype=wineventlog ComputerName=\"BSTOLL-L.froth.ly\" (EventCode=4720 OR EventCode=4722 OR EventCode=4732 OR EventCode=4738 OR EventCode=4740 OR EventCode=4767) | stats count by EventCode Message | sort - count","max_results":50})
[Verify OK]     run_splunk_search

[STATE:execute_in]  step=6  msgs=12  errors=0  empty=1  verified=True
  last_msg: AIMessage -> tool_call: run_splunk_search({"query":"index=botsv3 sourcetype=wineventlog ComputerName=\"BSTOLL-L.froth.ly\" (EventCode=4720 OR EventCode=4722 OR EventCode=4732 OR EventCode=4738 OR EventCode=4740 OR EventCode=4767) | stats count by EventCode Message | sort - count","max_results":50})
[Execute] run_splunk_search({"max_results":50,"query":"index=botsv3 sourcetype=wineventlog ComputerName=\"BSTOLL-L.froth.ly\" (EventCode=4720 OR EventCode=4722 OR EventCode=4732 OR EventCode=4738 OR EventCode=4740 OR EventCode=4767) | stats count by EventCode Message | sort - count"})
          -> {"results": [], "meta": {"total_event_count": 0, "returned": 0, "sid": "1782648149.442"}}


[STATE:agent_in]  step=6  msgs=13  errors=0  empty=2  verified=True
  last_msg: ToolMessage -> '{"results": [], "meta": {"total_event_count": 0, "returned": 0, "sid": "1782648149.442"}}'

[Agent thinking]
Intention: If Security creation events are absent in wineventlog, check Sysmon and other Windows sources for compromise activity and user-creation artifacts on BSTOLL-L.


[STATE:verify_in]  step=7  msgs=14  errors=0  empty=2  verified=True
  last_msg: AIMessage -> tool_call: run_splunk_search({"query":"index=botsv3 (sourcetype=wineventlog OR sourcetype=xmlwineventlog:microsoft-windows-sysmon/operational OR sourcetype=winhostmon) ComputerName=\"BSTOLL-L.froth.ly\" | stats count by sourcetype EventCode EventID Signature Image CommandLine | sort - count","max_results":50})
[Verify OK]     run_splunk_search

[STATE:execute_in]  step=7  msgs=14  errors=0  empty=2  verified=True
  last_msg: AIMessage -> tool_call: run_splunk_search({"query":"index=botsv3 (sourcetype=wineventlog OR sourcetype=xmlwineventlog:microsoft-windows-sysmon/operational OR sourcetype=winhostmon) ComputerName=\"BSTOLL-L.froth.ly\" | stats count by sourcetype EventCode EventID Signature Image CommandLine | sort - count","max_results":50})
[Execute] run_splunk_search({"max_results":50,"query":"index=botsv3 (sourcetype=wineventlog OR sourcetype=xmlwineventlog:microsoft-windows-sysmon/operational OR sourcetype=winhostmon) ComputerName=\"BSTOLL-L.froth.ly\" | stats count by sourcetype EventCode EventID Signature Image CommandLine | sort - count"})
          -> {"results": [], "meta": {"total_event_count": 0, "returned": 0, "sid": "1782648154.443"}}


[STATE:agent_in]  step=7  msgs=15  errors=0  empty=3  verified=True
  last_msg: ToolMessage -> '{"results": [], "meta": {"total_event_count": 0, "returned": 0, "sid": "1782648154.443"}}'

[Agent thinking]
Intention: Use known Windows source field names and host filters to look for user account changes in any Windows sourcetype on the suspected endpoint.


[STATE:verify_in]  step=8  msgs=16  errors=0  empty=3  verified=True
  last_msg: AIMessage -> tool_call: run_splunk_search({"query":"index=botsv3 sourcetype=wineventlog (host=\"BSTOLL-L\" OR ComputerName=\"BSTOLL-L.froth.ly\" OR dest=\"BSTOLL-L.froth.ly\") (EventCode=4720 OR EventCode=4732 OR EventCode=4722 OR EventCode=4728 OR EventCode=4738 OR EventCode=4735 OR EventCode=4756 OR EventCode=4757) | stats count by host ComputerName EventCode Message | sort - count","max_results":50})
[Verify OK]     run_splunk_search

[STATE:execute_in]  step=8  msgs=16  errors=0  empty=3  verified=True
  last_msg: AIMessage -> tool_call: run_splunk_search({"query":"index=botsv3 sourcetype=wineventlog (host=\"BSTOLL-L\" OR ComputerName=\"BSTOLL-L.froth.ly\" OR dest=\"BSTOLL-L.froth.ly\") (EventCode=4720 OR EventCode=4732 OR EventCode=4722 OR EventCode=4728 OR EventCode=4738 OR EventCode=4735 OR EventCode=4756 OR EventCode=4757) | stats count by host ComputerName EventCode Message | sort - count","max_results":50})
[Execute] run_splunk_search({"max_results":50,"query":"index=botsv3 sourcetype=wineventlog (host=\"BSTOLL-L\" OR ComputerName=\"BSTOLL-L.froth.ly\" OR dest=\"BSTOLL-L.froth.ly\") (EventCode=4720 OR EventCode=4732 OR EventCode=4722 OR EventCode=4728 OR EventCode=4738 OR EventCode=4735 OR EventCode=4756 OR EventCode=4757) | stats count by host ComputerName EventCode Message | sort - count"})
          -> {"results": [], "meta": {"total_event_count": 0, "returned": 0, "sid": "1782648161.444"}}


[STATE:agent_in]  step=8  msgs=17  errors=0  empty=4  verified=True
  last_msg: ToolMessage -> '{"results": [], "meta": {"total_event_count": 0, "returned": 0, "sid": "1782648161.444"}}'

[Agent thinking]
Intention: The direct account-management events aren't indexed in wineventlog; inspect likely host compromise indicators in process and logon activity to infer the right endpoint and then pivot to another sourcetype if needed.


[STATE:verify_in]  step=9  msgs=18  errors=0  empty=4  verified=True
  last_msg: AIMessage -> tool_call: run_splunk_search({"query":"index=botsv3 sourcetype=wineventlog EventCode=4688 | stats count by ComputerName Message | sort - count","max_results":20})
[Verify OK]     run_splunk_search

[STATE:execute_in]  step=9  msgs=18  errors=0  empty=4  verified=True
  last_msg: AIMessage -> tool_call: run_splunk_search({"query":"index=botsv3 sourcetype=wineventlog EventCode=4688 | stats count by ComputerName Message | sort - count","max_results":20})
[Execute] run_splunk_search({"max_results":20,"query":"index=botsv3 sourcetype=wineventlog EventCode=4688 | stats count by ComputerName Message | sort - count"})
          -> {"results": [{"ComputerName": "ABUNGST-L.froth.ly", "Message": "A new process has been created.\n\nCreator Subject:\n\tSecurity ID:\t\tNT AUTHORITY\\SYSTEM\n\tAccount Name:\t\tABUNGST-L$\n\tAccount Domain:\t\tWORKGROUP\n\tLogon ID:\t\t0x3E7\n\nTarget Subject:\n\tSecurity ID:\t\tAzureAD\\AlBungstein\n\tAccount Name:\t\tAlBungstein\n\tAccount Domain:\t\tAzureAD\n\tLogon ID:\t\t0x1A28E3\n\nProcess Information:\n\tNew Process ID:\t\t0x1d78\n\tNew Process Name:\tC:\\Windows\\System32\\backgroundTaskHost.exe\n\tToken Elevation Type:\t%%1938\n\tMandatory Label:\t\tMandatory Label\\Low Mandatory Level\n\tCreator Process ID:\t0x3f0\n\tCreator Process Name:\tC:\\Windows\\System32\\svchost.exe\n\tProcess Command Line:\t\"C:\\Windows\\system32\\backgroundTaskHost.exe\" -ServerName:App.AppXmtcan0h2tfbfy7k9kn8hbxb6dmzz1zh0.mca\n\nToken Elevation Type indicates the type of token that was assigned to the new process in accordance with User Account Control policy.\n\nType 1 is a full token with no privileges removed or groups disabled.  A full token is only used if User Account Control is disabled or if the user is the built-in Administrator account or a service account.\n\nType 2 is an elevated token with no privileges removed or groups disabled.  An elevated token is used when User Account Control is enabled and the user chooses to start the program using Run as administrator.  An elevated token is also used when an application is configured to always require administrative privilege or to always require maximum privilege, and the user is a member of the Administrators group.\n\nType 3 is a limited token with administrative privileges removed and administrative groups disabled.  The limited token is used when User Account Control is enabled, the application does not require administrative privilege, and the user does not choose to start the program using Run as administrator.", "count": "2"}, {"ComputerName": "ABUNGST-L.froth.ly", "Message": "A new process has been created.\n\nCreator Subject:\n\tSecurity ID:\t\tNT AUTHORITY\\SYSTEM\n\tAccount Name:\t\tABUNGST-L$\n\tAccount Domain:\t\tWORKGROUP\n\tLogon ID:\t\t0x3E7\n\nTarget Subject:\n\tSecurity ID:\t\tNULL SID\n\tAccount Name:\t\t-\n\tAccount Domain:\t\t-\n\tLogon ID:\t\t0x0\n\nProcess Information:\n\tNew Process ID:\t\t0x1778\n\tNew Process Name:\tC:\\Windows\\System32\\cmd.exe\n\tToken Elevation Type:\t%%1936\n\tMandatory Label:\t\tMandatory Label\\System Mandatory Level\n\tCreator Process ID:\t0xca0\n\tCreator Process Name:\tC:\\Windows\\System32\\cmd.exe\n\tProcess Command Line:\tC:\\Windows\\system32\\cmd.exe /c wmic os get LocalDateTime /value 2>nul\n\nToken Elevation Type indicates the type of token that was assigned to the new process in accordance with User Account Control policy.\n\nType 1 is a full token with no privileges removed or groups disabled.  A full token is only used if User Account Control is disabled or if the user is the built-in Administrator account or a service account.\n\nType 2 is an elevated token with no privileges removed or groups disabled.  An elevated token is used when User Account Control is enabled and the user chooses to start the program using Run as administrator.  An elevated token is also used when an application is configured to always require administrative privilege or to always require maximum privilege, and the user is a member of the Administrators group.\n\nType 3 is a limited token with administrative privileges removed and administrative groups disabled.  The limited token is used when User Account Control is enabled, the application does not require administrative privilege, and the user does not choose to start the program using Run as administrator.", "count": "2"}, {"ComputerName": "ABUNGST-L.froth.ly", "Message": "A new process has been created.\n\nCreator Subject:\n\tSecurity ID:\t\tNT AUTHORITY\\SYSTEM\n\tAccount Name:\t\tABUNGST-L$\n\tAccount Domain:\t\tWORKGROUP\n\tLogon ID:\t\t0x3E7\n\nTarget Subject:\n\tSecurity ID:\t\tNULL SID\n\tAccount Name:\t\t-\n\tAccount Domain:\t\t-\n\tLogon ID:\t\t0x0\n\nProcess Information:\n\tNew Process ID:\t\t0x1884\n\tNew Process Name:\tC:\\Windows\\System32\\cmd.exe\n\tToken Elevation Type:\t%%1936\n\tMandatory Label:\t\tMandatory Label\\System Mandatory Level\n\tCreator Process ID:\t0xca0\n\tCreator Process Name:\tC:\\Windows\\System32\\cmd.exe\n\tProcess Command Line:\tC:\\Windows\\system32\\cmd.exe /c wmic os get LocalDateTime /value 2>nul\n\nToken Elevation Type indicates the type of token that was assigned to the new process in accordance with User Account Control policy.\n\nType 1 is a full token with no privileges removed or groups disabled.  A full token is only used if User Account Control is disabled or if the user is the built-in Administrator account or a service account.\n\nType 2 is an elevated token with no privileges removed or groups disabled.  An elevated token is used when User Account Control is enabled and the user chooses to start the program using Run as administrator.  An elevated token is also used when an application is configured to always require administrative privilege or to always require maximum privilege, and the user is a member of the Administrators group.\n\nType 3 is a limited token with administrative privileges removed and administrative groups disabled.  The limited token is used when User Account Control is enabled, the application does not require administrative privilege, and the user does not choose to start the program using Run as administrator.", "count": "2"}, {"ComputerName": "ABUNGST-L.froth.ly", "Message": "A new process has been created.\n\nCreator Subject:\n\tSecurity ID:\t\tNT AUTHORITY\\SYSTEM\n\tAccount Name:\t\tABUNGST-L$\n\tAccount Domain:\t\tWORKGROUP\n\tLogon ID:\t\t0x3E7\n\nTarget Subject:\n\tSecurity ID:\t\tNULL SID\n\tAccount Name:\t\t-\n\tAccount Domain:\t\t-\n\tLogon ID:\t\t0x0\n\nProcess Information:\n\tNew Process ID:\t\t0x189c\n\tNew Process Name:\tC:\\Windows\\System32\\svchost.exe\n\tToken Elevation Type:\t%%1936\n\tMandatory Label:\t\tMandatory Label\\System Mandatory Level\n\tCreator Process ID:\t0x36c\n\tCreator Process Name:\tC:\\Windows\\System32\\services.exe\n\tProcess Command Line:\tC:\\Windows\\system32\\svchost.exe -k wsappx -p\n\nToken Elevation Type indicates the type of token that was assigned to the new process in accordance with User Account Control policy.\n\nType 1 is a full token with no privileges removed or groups disabled.  A full token is only used if User Account Control is disabled or if the user is the built-in Administrator account or a service account.\n\nType 2 is an elevated token with no privileges removed or groups disabled.  An elevated token is used when User Account Control is enabled and the user chooses to start the program using Run as administrator.  An elevated token is also used when an application is configured to always require administrative privilege or to always require maximum privilege, and the user is a member of the Administrators group.\n\nType 3 is a limited token with administrative privileges removed and administrative groups disabled.  The limited token is used when User Account Control is enabled, the application does not require administrative privilege, and the user does not choose to start the program using Run as administrator.", "count": "2"}, {"ComputerName": "ABUNGST-L.froth.ly", "Message": "A new process has been created.\n\nCreator Subject:\n\tSecurity ID:\t\tNT AUTHORITY\\SYSTEM\n\tAccount Name:\t\tABUNGST-L$\n\tAccount Domain:\t\tWORKGROUP\n\tLogon ID:\t\t0x3E7\n\nTarget 