{
  "id": "Q201",
  "question": "What field would you use to alert that AWS API activity have occurred without MFA (multi-factor authentication)?",
  "base_points": 100,
  "correct_answer": "userIdentity.sessionContext.attributes.mfaAuthenticated",
  "sh_answer": "userIdentity.sessionContext.attributes.mfaAuthenticated",
  "clean_answer": "userIdentity.sessionContext.attributes.mfaAuthenticated",
  "sb_correct": true,
  "earned": 100,
  "num_delegations": 3,
  "delegations": [
    {
      "worker": "senior#1",
      "qid": "Q201",
      "subquestion": "In Splunk index=botsv3, search the August 2018 Frothly AWS CloudTrail logs using sourcetype=aws:cloudtrail and inspect the raw JSON structure of representative API events for confirmed IAM users bstoll, btun, splunk_access, and web_admin. Identify all candidate JSON paths related to MFA status, especially under userIdentity and sessionContext, and report the exact full JSON path names as they appear in the raw event data.",
      "status": "partial",
      "answer": "## PARTIAL ANSWER\n\nBased on raw JSON event inspection across all four confirmed IAM users (bstoll, btun, splunk_access, web_admin) in `aws:cloudtrail`, I identified **two candidate JSON paths related to MFA status**:\n\n### 1. `userIdentity.sessionContext.attributes.mfaAuthenticated`\n- **Present in:** All four users (bstoll: 611 events, btun: 73, splunk_access: 45, web_admin: 637)\n- **Value:** `\"false\"` for all events\n- **Full JSON path as it appears in raw data:**\n  ```json\n  \"userIdentity\": {\n    \"sessionContext\": {\n      \"attributes\": {\n        \"mfaAuthenticated\": \"false\",\n        \"creationDate\": \"2018-08-20T15:04:44Z\"\n      }\n    }\n  }\n  ```\n- This path appears in `AwsApiCall` events where `invokedBy` is `signin.amazonaws.com` or `lambda.amazonaws.com`.\n\n### 2. `additionalEventData.MFAUsed`\n- **Present in:** Only bstoll's `ConsoleLogin` events (4 events)\n- **Value:** `\"No\"`\n- **Full JSON path as it appears in raw data:**\n  ```json\n  \"additionalEventData\": {\n    \"MobileVersion\": \"No\",\n    \"MFAUsed\": \"No\",\n    \"LoginTo\": \"https://console.aws.amazon.com/console/home?...\"\n  }\n  ```\n- This path appears only in `AwsConsoleSignIn` / `ConsoleLogin` events from `signin.amazonaws.com`.\n\n### UNCERTAINTY\n- I confirmed both paths exist in raw JSON via `get_raw_events` and `search_keyword(keyword=\"mfa\")` which returned exactly these two fields from the manifest.\n- I could not verify whether `additionalEventData.MFAUsed` appears for btun, splunk_access, or web_admin ConsoleLogin events — my SPL search only found it for bstoll (4 events). The other three users may not have ConsoleLogin events in the dataset, or those events may not include `additionalEventData`.\n- Some events for these users (especially splunk_access making direct API calls via Boto3) lack `sessionContext` entirely, meaning `mfaAuthenticated` is absent in those specific events.\n\n### SPL Queries Run\n```spl\nindex=botsv3 sourcetype=aws:cloudtrail userIdentity.userName IN (bstoll, btun, splunk_access, web_admin) | stats count by userIdentity.userName, userIdentity.sessionContext.attributes.mfaAuthenticated\n\nindex=botsv3 sourcetype=aws:cloudtrail userIdentity.userName IN (bstoll, btun, splunk_access, web_admin) additionalEventData.MFAUsed=* | stats count by userIdentity.userName, additionalEventData.MFAUsed\n\nindex=botsv3 sourcetype=aws:cloudtrail userIdentity.userName=web_admin userIdentity.sessionContext.attributes.mfaAuthenticated=* | head 1 | stats values(_raw) as raw_event\n\nindex=botsv3 sourcetype=aws:cloudtrail userIdentity.userName=splunk_access userIdentity.sessionContext.attributes.mfaAuthenticated=* | head 1 | stats values(_raw) as raw_event\n\nindex=botsv3 sourcetype=aws:cloudtrail userIdentity.userName=bstoll additionalEventData.MFAUsed=* | head 1 | stats values(_raw) as raw_event\n```",
      "spl_used": [
        "index=botsv3 sourcetype=aws:cloudtrail userIdentity.userName=web_admin | stats count by userIdentity.userName, userIdentity.type, userIdentity.sessionContext.attributes.mfaAuthenticated",
        "index=botsv3 sourcetype=aws:cloudtrail userIdentity.userName IN (bstoll, btun, splunk_access, web_admin) | stats count by userIdentity.userName, userIdentity.sessionContext.attributes.mfaAuthenticated",
        "index=botsv3 sourcetype=aws:cloudtrail userIdentity.userName IN (bstoll, btun, splunk_access, web_admin) additionalEventData.MFAUsed=* | stats count by userIdentity.userName, additionalEventData.MFAUsed",
        "index=botsv3 sourcetype=aws:cloudtrail userIdentity.userName IN (bstoll, btun, splunk_access, web_admin) | eval has_sessionContext=if(isnull(userIdentity.sessionContext), \"no\", \"yes\") | stats count by userIdentity.userName, has_sessionContext, userIdentity.sessionContext.attributes.mfaAuthenticated",
        "index=botsv3 sourcetype=aws:cloudtrail userIdentity.userName=web_admin userIdentity.sessionContext.attributes.mfaAuthenticated=* | head 1 | table _raw",
        "index=botsv3 sourcetype=aws:cloudtrail userIdentity.userName=web_admin userIdentity.sessionContext.attributes.mfaAuthenticated=* | head 1 | stats values(_raw) as raw_event",
        "index=botsv3 sourcetype=aws:cloudtrail userIdentity.userName=splunk_access userIdentity.sessionContext.attributes.mfaAuthenticated=* | head 1 | stats values(_raw) as raw_event",
        "index=botsv3 sourcetype=aws:cloudtrail userIdentity.userName=bstoll additionalEventData.MFAUsed=* | head 1 | stats values(_raw) as raw_event"
      ],
      "sourcetypes": [
        "aws:cloudtrail"
      ],
      "full_state": [
        {
          "type": "HumanMessage",
          "content": "In Splunk index=botsv3, search the August 2018 Frothly AWS CloudTrail logs using sourcetype=aws:cloudtrail and inspect the raw JSON structure of representative API events for confirmed IAM users bstoll, btun, splunk_access, and web_admin. Identify all candidate JSON paths related to MFA status, especially under userIdentity and sessionContext, and report the exact full JSON path names as they appear in the raw event data."
        },
        {
          "type": "AIMessage",
          "content": "Intention: First, confirm that the `aws:cloudtrail` sourcetype exists in the BOTSv3 dataset before proceeding with any searches.\n→ call get_source_types()",
          "tool_calls": [
            {
              "name": "get_source_types",
              "args": {}
            }
          ]
        },
        {
          "type": "ToolMessage",
          "content": "{\"source_types\": [\"access_combined\", \"alternatives\", \"amazon-ssm-agent\", \"amazon-ssm-agent-too_small\", \"apache_error\", \"aws:cloudtrail\", \"aws:cloudwatch\", \"aws:cloudwatch:guardduty\", \"aws:cloudwatchlogs\", \"aws:cloudwatchlogs:vpcflow\", \"aws:config:rule\", \"aws:description\", \"aws:elb:accesslogs\", \"aws:rds:audit\", \"aws:rds:error\", \"aws:s3:accesslogs\", \"bandwidth\", \"bash_history\", \"bootstrap\", \"cisco:asa\", \"cloud-init\", \"cloud-init-output\", \"code42:api\", \"code42:computer\", \"code42:org\", \"code42:security\", \"code42:user\", \"config_file\", \"cpu\", \"cron-too_small\", \"df\", \"dmesg\", \"dpkg\", \"error-too_small\", \"errors\", \"errors-too_small\", \"ess_content_importer\", \"hardware\", \"history-2\", \"interfaces\", \"iostat\", \"lastlog\", \"linux_audit\", \"linux_secure\", \"localhost-5\", \"lsof\", \"maillog-too_small\", \"ms:aad:audit\", \"ms:aad:signin\", \"ms:o365:management\", \"ms:o365:reporting:messagetrace\", \"netstat\", \"o365:management:activity\", \"openports\", \"osquery:info\", \"osquery:results\", \"osquery:warning\", \"out-3\", \"package\", \"perfmonmk:process\", \"protocol\", \"ps\", \"script:getendpointinfo\", \"script:installedapps\", \"script:listeningports\", \"stream:arp\", \"stream:dhcp\", \"stream:dns\", \"stream:http\", \"stream:icmp\", \"stream:igmp\", \"stream:ip\", \"stream:mysql\", \"stream:smb\", \"stream:smtp\", \"stream:tcp\", \"stream:udp\", \"symantec:ep:agent:file\", \"symantec:ep:agt_system:file\", \"symantec:ep:behavior:file\", \"symantec:ep:packet:file\", \"symantec:ep:risk:file\", \"symantec:ep:scm_system:file\", \"symantec:ep:security:file\", \"symantec:ep:traffic:file\", \"syslog\", \"time\", \"top\", \"unix:listeningports\", \"unix:service\", \"unix:sshdconfig\", \"unix:update\", \"unix:uptime\", \"unix:useraccounts\", \"unix:version\", \"userswithloginprivs\", \"vmstat\", \"who\", \"wineventlog\", \"winhostmon\", \"xmlwineventlog:microsoft-windows-sysmon/operational\", \"yum-too_small\", \"WinEventLog\"], \"count\": 103}",
          "name": "get_source_types"
        },
        {
          "type": "AIMessage",
          "content": "Intention: The `aws:cloudtrail` sourcetype is confirmed. Now I need to inspect raw JSON events for each of the four IAM users to find MFA-related JSON paths. I'll retrieve raw events for all four users simultaneously.\n→ call get_raw_events(sourcetype=\"aws:cloudtrail\", keyword=\"bstoll\", limit=3)\n→ call get_raw_events(sourcetype=\"aws:cloudtrail\", keyword=\"btun\", limit=3)\n→ call get_raw_events(sourcetype=\"aws:cloudtrail\", keyword=\"splunk_access\", limit=3)\n→ call get_raw_events(sourcetype=\"aws:cloudtrail\", keyword=\"web_admin\", limit=3)",
          "tool_calls": [
            {
              "name": "get_raw_events",
              "args": {
                "sourcetype": "aws:cloudtrail",
                "keyword": "bstoll",
                "limit": 3
              }
            }
          ]
        },
        {
          "type": "ToolMessage",
          "content": "{\"results\": [{\"_time\": \"2018-08-20T23:15:04.000+08:00\", \"_raw\": \"{\\\"requestParameters\\\": {\\\"securityGroupIdSet\\\": {\\\"items\\\": [{\\\"groupId\\\": \\\"sg-0849cdeb5ef571996\\\"}]}, \\\"filterSet\\\": {}, \\\"securityGroupSet\\\": {}}, \\\"eventTime\\\": \\\"2018-08-20T15:15:04Z\\\", \\\"eventID\\\": \\\"51b2664e-dd61-4db3-ab77-31b649e9c69d\\\", \\\"eventVersion\\\": \\\"1.05\\\", \\\"awsRegion\\\": \\\"us-west-1\\\", \\\"eventType\\\": \\\"AwsApiCall\\\", \\\"eventSource\\\": \\\"ec2.amazonaws.com\\\", \\\"requestID\\\": \\\"11a2f0a0-78b1-4968-8887-43ab8a9ba0d5\\\", \\\"userIdentity\\\": {\\\"arn\\\": \\\"arn:aws:iam::622676721278:user/bstoll\\\", \\\"userName\\\": \\\"bstoll\\\", \\\"accountId\\\": \\\"622676721278\\\", \\\"principalId\\\": \\\"AIDAJUFKXZ44LV4EN4MGK\\\", \\\"accessKeyId\\\": \\\"ASIAZB6TMXZ7FYCAEHNR\\\", \\\"type\\\": \\\"IAMUser\\\", \\\"invokedBy\\\": \\\"signin.amazonaws.com\\\", \\\"sessionContext\\\": {\\\"attributes\\\": {\\\"mfaAuthenticated\\\": \\\"false\\\", \\\"creationDate\\\": \\\"2018-08-20T15:04:44Z\\\"}}}, \\\"eventName\\\": \\\"DescribeSecurityGroups\\\", \\\"recipientAccountId\\\": \\\"622676721278\\\", \\\"responseElements\\\": null, \\\"sourceIPAddress\\\": \\\"107.77.212.175\\\", \\\"userAgent\\\": \\\"signin.amazonaws.com\\\"}\"}, {\"_time\": \"2018-08-20T23:15:04.000+08:00\", \"_raw\": \"{\\\"requestParameters\\\": {\\\"maxResults\\\": 10000, \\\"filterSet\\\": {\\\"items\\\": [{\\\"name\\\": \\\"resource-id\\\", \\\"valueSet\\\": {\\\"items\\\": [{\\\"value\\\": \\\"sg-0849cdeb5ef571996\\\"}]}}]}}, \\\"eventTime\\\": \\\"2018-08-20T15:15:04Z\\\", \\\"eventID\\\": \\\"25800a4e-d333-4e84-8a73-c1d993256b2a\\\", \\\"eventVersion\\\": \\\"1.05\\\", \\\"awsRegion\\\": \\\"us-west-1\\\", \\\"eventType\\\": \\\"AwsApiCall\\\", \\\"eventSource\\\": \\\"ec2.amazonaws.com\\\", \\\"requestID\\\": \\\"cfa05cd2-cd9d-4a90-8b86-0bb65a71df4b\\\", \\\"userIdentity\\\": {\\\"arn\\\": \\\"arn:aws:iam::622676721278:user/bstoll\\\", \\\"userName\\\": \\\"bstoll\\\", \\\"accountId\\\": \\\"622676721278\\\", \\\"principalId\\\": \\\"AIDAJUFKXZ44LV4EN4MGK\\\", \\\"accessKeyId\\\": \\\"ASIAZB6TMXZ7FYCAEHNR\\\", \\\"type\\\": \\\"IAMUser\\\", \\\"invokedBy\\\": \\\"signin.amazonaws.com\\\", \\\"sessionContext\\\": {\\\"attributes\\\": {\\\"mfaAuthenticated\\\": \\\"false\\\", \\\"creationDate\\\": \\\"2018-08-20T15:04:44Z\\\"}}}, \\\"eventName\\\": \\\"DescribeTags\\\", \\\"recipientAccountId\\\": \\\"622676721278\\\", \\\"responseElements\\\": null, \\\"sourceIPAddress\\\": \\\"107.77.212.175\\\", \\\"userAgent\\\": \\\"signin.amazonaws.com\\\"}\"}, {\"_time\": \"2018-08-20T23:15:04.000+08:00\", \"_raw\": \"{\\\"requestParameters\\\": {\\\"groupId\\\": \\\"sg-0849cdeb5ef571996\\\", \\\"ipPermissions\\\": {\\\"items\\\": [{\\\"groups\\\": {}, \\\"prefixListIds\\\": {}, \\\"ipRanges\\\": {\\\"items\\\": [{\\\"cidrIp\\\": \\\"0.0.0.0/0\\\", \\\"description\\\": \\\"Fixing access to memcached\\\"}]}, \\\"fromPort\\\": 11211, \\\"ipv6Ranges\\\": {}, \\\"toPort\\\": 11211, \\\"ipProtocol\\\": \\\"udp\\\"}, {\\\"groups\\\": {}, \\\"prefixListIds\\\": {}, \\\"ipRanges\\\": {}, \\\"fromPort\\\": 11211, \\\"ipv6Ranges\\\": {\\\"items\\\": [{\\\"description\\\": \\\"Fixing access to memcached\\\", \\\"cidrIpv6\\\": \\\"::/0\\\"}]}, \\\"toPort\\\": 11211, \\\"ipProtocol\\\": \\\"udp\\\"}]}}, \\\"eventTime\\\": \\\"2018-08-20T15:15:04Z\\\", \\\"eventID\\\": \\\"a227404d-5669-4b4c-80be-438ad61af8f8\\\", \\\"eventVersion\\\": \\\"1.05\\\", \\\"awsRegion\\\": \\\"us-west-1\\\", \\\"eventType\\\": \\\"AwsApiCall\\\", \\\"eventSource\\\": \\\"ec2.amazonaws.com\\\", \\\"requestID\\\": \\\"8b109cb8-471d-45f9-8ebd-dc022d817a8a\\\", \\\"userIdentity\\\": {\\\"arn\\\": \\\"arn:aws:iam::622676721278:user/bstoll\\\", \\\"userName\\\": \\\"bstoll\\\", \\\"accountId\\\": \\\"622676721278\\\", \\\"principalId\\\": \\\"AIDAJUFKXZ44LV4EN4MGK\\\", \\\"accessKeyId\\\": \\\"ASIAZB6TMXZ7FYCAEHNR\\\", \\\"type\\\": \\\"IAMUser\\\", \\\"invokedBy\\\": \\\"signin.amazonaws.com\\\", \\\"sessionContext\\\": {\\\"attributes\\\": {\\\"mfaAuthenticated\\\": \\\"false\\\", \\\"creationDate\\\": \\\"2018-08-20T15:04:44Z\\\"}}}, \\\"eventName\\\": \\\"RevokeSecurityGroupIngress\\\", \\\"recipientAccountId\\\": \\\"622676721278\\\", \\\"responseElements\\\": {\\\"requestId\\\": \\\"8b109cb8-471d-45f9-8ebd-dc022d817a8a\\\", \\\"_return\\\": true}, \\\"sourceIPAddress\\\": \\\"107.77.212.175\\\", \\\"userAgent\\\": \\\"signin.amazonaws.com\\\"}\"}], \"meta\": {\"total_event_count\": 3, \"returned\": 3, \"sid\": \"1783472409.596\"}}",
          "name": "get_raw_events"
        },
        {
          "type": "AIMessage",
          "content": "Intention: I have bstoll's raw events showing the MFA path. Now I need to retrieve raw events for the other three IAM users to compare their JSON structures.\n→ call get_raw_events(sourcetype=\"aws:cloudtrail\", keyword=\"btun\", limit=3)\n→ call get_raw_events(sourcetype=\"aws:cloudtrail\", keyword=\"splunk_access\", limit=3)\n→ call get_raw_events(sourcetype=\"aws:cloudtrail\", keyword=\"web_admin\", limit=3)",
          "tool_calls": [
            {
              "name": "get_raw_events",
              "args": {
                "keyword": "btun",
                "limit": 3,
                "sourcetype": "aws:cloudtrail"
              }
            }
          ]
        },
        {
          "type": "ToolMessage",
          "content": "{\"results\": [{\"_time\": \"2018-08-20T22:58:06.000+08:00\", \"_raw\": \"{\\\"requestParameters\\\": {\\\"securityGroupIdSet\\\": {\\\"items\\\": [{\\\"groupId\\\": \\\"sg-0849cdeb5ef571996\\\"}]}, \\\"filterSet\\\": {}, \\\"securityGroupSet\\\": {}}, \\\"eventTime\\\": \\\"2018-08-20T14:58:06Z\\\", \\\"eventID\\\": \\\"5393c141-9717-479c-a67b-0521418991c1\\\", \\\"eventVersion\\\": \\\"1.05\\\", \\\"awsRegion\\\": \\\"us-west-1\\\", \\\"eventType\\\": \\\"AwsApiCall\\\", \\\"eventSource\\\": \\\"ec2.amazonaws.com\\\", \\\"requestID\\\": \\\"b5882497-69a4-482d-965f-d2978c00a9af\\\", \\\"userIdentity\\\": {\\\"arn\\\": \\\"arn:aws:iam::622676721278:user/btun\\\", \\\"userName\\\": \\\"btun\\\", \\\"accountId\\\": \\\"622676721278\\\", \\\"principalId\\\": \\\"AIDAIWUQICDLWN3F5I3TK\\\", \\\"accessKeyId\\\": \\\"ASIAZB6TMXZ7OUXGIVUC\\\", \\\"type\\\": \\\"IAMUser\\\", \\\"invokedBy\\\": \\\"signin.amazonaws.com\\\", \\\"sessionContext\\\": {\\\"attributes\\\": {\\\"mfaAuthenticated\\\": \\\"false\\\", \\\"creationDate\\\": \\\"2018-08-20T09:29:10Z\\\"}}}, \\\"eventName\\\": \\\"DescribeSecurityGroups\\\", \\\"recipientAccountId\\\": \\\"622676721278\\\", \\\"responseElements\\\": null, \\\"sourceIPAddress\\\": \\\"68.133.85.134\\\", \\\"userAgent\\\": \\\"signin.amazonaws.com\\\"}\"}, {\"_time\": \"2018-08-20T22:53:30.000+08:00\", \"_raw\": \"{\\\"requestParameters\\\": {\\\"userName\\\": \\\"btun\\\"}, \\\"eventTime\\\": \\\"2018-08-20T14:53:30Z\\\", \\\"eventID\\\": \\\"cc816560-4cca-4f46-997e-06f0f39f7a9a\\\", \\\"eventVersion\\\": \\\"1.02\\\", \\\"awsRegion\\\": \\\"us-east-1\\\", \\\"eventType\\\": \\\"AwsApiCall\\\", \\\"eventSource\\\": \\\"iam.amazonaws.com\\\", \\\"requestID\\\": \\\"5273ad06-9061-11e8-ba16-3f3e4f345a73\\\", \\\"userIdentity\\\": {\\\"arn\\\": \\\"arn:aws:iam::622676721278:user/splunk_access\\\", \\\"userName\\\": \\\"splunk_access\\\", \\\"accountId\\\": \\\"622676721278\\\", \\\"principalId\\\": \\\"AIDAIQDWHFKP2XVDXFKFW\\\", \\\"accessKeyId\\\": \\\"AKIAIGKL572SFDPOKLHA\\\", \\\"type\\\": \\\"IAMUser\\\"}, \\\"eventName\\\": \\\"ListAccessKeys\\\", \\\"recipientAccountId\\\": \\\"622676721278\\\", \\\"responseElements\\\": null, \\\"sourceIPAddress\\\": \\\"34.215.24.225\\\", \\\"userAgent\\\": \\\"Boto3/1.5.22 Python/2.7.14 Linux/4.4.0-1062-aws Botocore/1.8.46\\\"}\"}, {\"_time\": \"2018-08-20T21:57:31.000+08:00\", \"_raw\": \"{\\\"eventTime\\\": \\\"2018-08-20T13:57:31Z\\\", \\\"eventName\\\": \\\"ListAccessKeys\\\", \\\"userIdentity\\\": {\\\"accountId\\\": \\\"622676721278\\\", \\\"userName\\\": \\\"splunk_access\\\", \\\"arn\\\": \\\"arn:aws:iam::622676721278:user/splunk_access\\\", \\\"type\\\": \\\"IAMUser\\\", \\\"accessKeyId\\\": \\\"AKIAIGKL572SFDPOKLHA\\\", \\\"principalId\\\": \\\"AIDAIQDWHFKP2XVDXFKFW\\\"}, \\\"sourceIPAddress\\\": \\\"34.215.24.225\\\", \\\"eventSource\\\": \\\"iam.amazonaws.com\\\", \\\"eventVersion\\\": \\\"1.02\\\", \\\"requestID\\\": \\\"8d18ce07-9070-11e8-a6ba-919658ed9ee3\\\", \\\"responseElements\\\": null, \\\"awsRegion\\\": \\\"us-east-1\\\", \\\"userAgent\\\": \\\"Boto3/1.5.22 Python/2.7.14 Linux/4.4.0-1062-aws Botocore/1.8.46\\\", \\\"eventID\\\": \\\"a311c92c-c808-4664-8718-00ff2d01d314\\\", \\\"requestParameters\\\": {\\\"userName\\\": \\\"btun\\\"}, \\\"recipientAccountId\\\": \\\"622676721278\\\", \\\"eventType\\\": \\\"AwsApiCall\\\"}\"}], \"meta\": {\"total_event_count\": 3, \"returned\": 3, \"sid\": \"1783472417.598\"}}",
          "name": "get_raw_events"
        },
        {
          "type": "AIMessage",
          "content": "Intention: I have btun's raw events. Now I need the raw events for splunk_access and web_admin to complete the picture.\n→ call get_raw_events(sourcetype=\"aws:cloudtrail\", keyword=\"splunk_access\", limit=3)\n→ call get_raw_events(sourcetype=\"aws:cloudtrail\", keyword=\"web_admin\", limit=3)",
          "tool_calls": [
            {
              "name": "get_raw_events",
              "args": {
                "keyword": "splunk_access",
                "limit": 3,
                "sourcetype": "aws:cloudtrail"
              }
            }
          ]
        },
        {
          "type": "ToolMessage",
          "content": "{\"results\": [{\"_time\": \"2018-08-20T23:13:30.000+08:00\", \"_raw\": \"{\\\"requestParameters\\\": {\\\"configRuleNames\\\": [\\\"iam-user-no-policies-check\\\"], \\\"limit\\\": 0}, \\\"eventTime\\\": \\\"2018-08-20T15:13:30Z\\\", \\\"eventID\\\": \\\"7e62f8b0-501f-4af1-bd71-8067ac215307\\\", \\\"eventVersion\\\": \\\"1.05\\\", \\\"awsRegion\\\": \\\"us-west-1\\\", \\\"eventType\\\": \\\"AwsApiCall\\\", \\\"eventSource\\\": \\\"config.amazonaws.com\\\", \\\"requestID\\\": \\\"1d6d6ce6-9064-11e8-a0a3-45adedfc8fe4\\\", \\\"userIdentity\\\": {\\\"arn\\\": \\\"arn:aws:iam::622676721278:user/splunk_access\\\", \\\"userName\\\": \\\"splunk_access\\\", \\\"accountId\\\": \\\"622676721278\\\", \\\"principalId\\\": \\\"AIDAIQDWHFKP2XVDXFKFW\\\", \\\"accessKeyId\\\": \\\"AKIAIGKL572SFDPOKLHA\\\", \\\"type\\\": \\\"IAMUser\\\"}, \\\"eventName\\\": \\\"DescribeConfigRuleEvaluationStatus\\\", \\\"recipientAccountId\\\": \\\"622676721278\\\", \\\"responseElements\\\": {\\\"configRulesEvaluationStatus\\\": [{\\\"configRuleName\\\": \\\"iam-user-no-policies-check\\\", \\\"firstEvaluationStarted\\\": true, \\\"lastSuccessfulEvaluationTime\\\": \\\"Jul 25, 2018 6:03:02 PM\\\", \\\"firstActivatedTime\\\": \\\"Jul 18, 2018 6:10:12 PM\\\", \\\"configRuleId\\\": \\\"config-rule-rotcpx\\\", \\\"configRuleArn\\\": \\\"arn:aws:config:us-west-1:622676721278:config-rule/config-rule-rotcpx\\\", \\\"lastSuccessfulInvocationTime\\\": \\\"Jul 25, 2018 6:03:01 PM\\\"}]}, \\\"sourceIPAddress\\\": \\\"34.215.24.225\\\", \\\"userAgent\\\": \\\"Boto3/1.5.22 Python/2.7.14 Linux/4.4.0-1062-aws Botocore/1.8.46\\\"}\"}, {\"_time\": \"2018-08-20T23:13:30.000+08:00\", \"_raw\": \"{\\\"requestParameters\\\": {\\\"configRuleNames\\\": [\\\"lambda-function-public-access-prohibited\\\"], \\\"limit\\\": 0}, \\\"eventTime\\\": \\\"2018-08-20T15:13:30Z\\\", \\\"eventID\\\": \\\"0b772b66-d158-4799-bc00-bc68b29c650a\\\", \\\"eventVersion\\\": \\\"1.05\\\", \\\"awsRegion\\\": \\\"us-west-1\\\", \\\"eventType\\\": \\\"AwsApiCall\\\", \\\"eventSource\\\": \\\"config.amazonaws.com\\\", \\\"requestID\\\": \\\"1d76bbb8-9064-11e8-a0a3-45adedfc8fe4\\\", \\\"userIdentity\\\": {\\\"arn\\\": \\\"arn:aws:iam::622676721278:user/splunk_access\\\", \\\"userName\\\": \\\"splunk_access\\\", \\\"accountId\\\": \\\"622676721278\\\", \\\"principalId\\\": \\\"AIDAIQDWHFKP2XVDXFKFW\\\", \\\"accessKeyId\\\": \\\"AKIAIGKL572SFDPOKLHA\\\", \\\"type\\\": \\\"IAMUser\\\"}, \\\"eventName\\\": \\\"DescribeConfigRuleEvaluationStatus\\\", \\\"recipientAccountId\\\": \\\"622676721278\\\", \\\"responseElements\\\": {\\\"configRulesEvaluationStatus\\\": [{\\\"configRuleName\\\": \\\"lambda-function-public-access-prohibited\\\", \\\"firstEvaluationStarted\\\": true, \\\"lastSuccessfulEvaluationTime\\\": \\\"Jul 22, 2018 7:10:49 AM\\\", \\\"firstActivatedTime\\\": \\\"Jul 18, 2018 6:10:12 PM\\\", \\\"configRuleId\\\": \\\"config-rule-ic9fxa\\\", \\\"configRuleArn\\\": \\\"arn:aws:config:us-west-1:622676721278:config-rule/config-rule-ic9fxa\\\", \\\"lastSuccessfulInvocationTime\\\": \\\"Jul 22, 2018 7:10:41 AM\\\"}]}, \\\"sourceIPAddress\\\": \\\"34.215.24.225\\\", \\\"userAgent\\\": \\\"Boto3/1.5.22 Python/2.7.14 Linux/4.4.0-1062-aws Botocore/1.8.46\\\"}\"}, {\"_time\": \"2018-08-20T23:13:30.000+08:00\", \"_raw\": \"{\\\"requestParameters\\\": {\\\"configRuleNames\\\": [\\\"rds-multi-az-support\\\"], \\\"limit\\\": 0}, \\\"eventTime\\\": \\\"2018-08-20T15:13:30Z\\\", \\\"eventID\\\": \\\"404a4d36-2c0e-4bc7-95dd-71bc7f8b8e3e\\\", \\\"eventVersion\\\": \\\"1.05\\\", \\\"awsRegion\\\": \\\"us-west-1\\\", \\\"eventType\\\": \\\"AwsApiCall\\\", \\\"eventSource\\\": \\\"config.amazonaws.com\\\", \\\"requestID\\\": \\\"1d80319a-9064-11e8-a0a3-45adedfc8fe4\\\", \\\"userIdentity\\\": {\\\"arn\\\": \\\"arn:aws:iam::622676721278:user/splunk_access\\\", \\\"userName\\\": \\\"splunk_access\\\", \\\"accountId\\\": \\\"622676721278\\\", \\\"principalId\\\": \\\"AIDAIQDWHFKP2XVDXFKFW\\\", \\\"accessKeyId\\\": \\\"AKIAIGKL572SFDPOKLHA\\\", \\\"type\\\": \\\"IAMUser\\\"}, \\\"eventName\\\": \\\"DescribeConfigRuleEvaluationStatus\\\", \\\"recipientAccountId\\\": \\\"622676721278\\\", \\\"responseElements\\\": {\\\"configRulesEvaluationStatus\\\": [{\\\"configRuleName\\\": \\\"rds-multi-az-support\\\", \\\"firstEvaluationStarted\\\": true, \\\"lastSuccessfulEvaluationTime\\\": \\\"Jul 25, 2018 1:10:41 PM\\\", \\\"firstActivatedTime\\\": \\\"Jul 18, 2018 6:10:16 PM\\\", \\\"configRuleId\\\": \\\"config-rule-r4jved\\\", \\\"configRuleArn\\\": \\\"arn:aws:config:us-west-1:622676721278:config-rule/config-rule-r4jved\\\", \\\"lastSuccessfulInvocationTime\\\": \\\"Jul 25, 2018 1:10:40 PM\\\"}]}, \\\"sourceIPAddress\\\": \\\"34.215.24.225\\\", \\\"userAgent\\\": \\\"Boto3/1.5.22 Python/2.7.14 Linux/4.4.0-1062-aws Botocore/1.8.46\\\"}\"}], \"meta\": {\"total_event_count\": 3, \"returned\": 3, \"sid\": \"1783472422.600\"}}",
          "name": "get_raw_events"
        },
        {
          "type": "AIMessage",
          "content": "Intention: I have splunk_access's raw events. Now I need web_admin's raw events to complete the investigation.\n→ call get_raw_events(sourcetype=\"aws:cloudtrail\", keyword=\"web_admin\", limit=3)",
          "tool_calls": [
            {
              "name": "get_raw_events",
              "args": {
                "keyword": "web_admin",
                "limit": 3,
                "sourcetype": "aws:cloudtrail"
              }
            }
          ]
        },
        {
          "type": "ToolMessage",
          "content": "{\"results\": [{\"_time\": \"2018-08-20T22:53:31.000+08:00\", \"_raw\": \"{\\\"requestParameters\\\": {\\\"userName\\\": \\\"web_admin\\\"}, \\\"eventTime\\\": \\\"2018-08-20T14:53:31Z\\\", \\\"eventID\\\": \\\"0492fd3c-533a-45dc-bca8-9de04e468e24\\\", \\\"eventVersion\\\": \\\"1.02\\\", \\\"awsRegion\\\": \\\"us-east-1\\\", \\\"eventType\\\": \\\"AwsApiCall\\\", \\\"eventSource\\\": \\\"iam.amazonaws.com\\\", \\\"requestID\\\": \\\"52d4b850-9061-11e8-ba16-3f3e4f345a73\\\", \\\"userIdentity\\\": {\\\"arn\\\": \\\"arn:aws:iam::622676721278:user/splunk_access\\\", \\\"userName\\\": \\\"splunk_access\\\", \\\"accountId\\\": \\\"622676721278\\\", \\\"principalId\\\": \\\"AIDAIQDWHFKP2XVDXFKFW\\\", \\\"accessKeyId\\\": \\\"AKIAIGKL572SFDPOKLHA\\\", \\\"type\\\": \\\"IAMUser\\\"}, \\\"eventName\\\": \\\"ListAccessKeys\\\", \\\"recipientAccountId\\\": \\\"622676721278\\\", \\\"responseElements\\\": null, \\\"sourceIPAddress\\\": \\\"34.215.24.225\\\", \\\"userAgent\\\": \\\"Boto3/1.5.22 Python/2.7.14 Linux/4.4.0-1062-aws Botocore/1.8.46\\\"}\"}, {\"_time\": \"2018-08-20T21:57:32.000+08:00\", \"_raw\": \"{\\\"eventTime\\\": \\\"2018-08-20T13:57:32Z\\\", \\\"eventName\\\": \\\"ListAccessKeys\\\", \\\"userIdentity\\\": {\\\"accountId\\\": \\\"622676721278\\\", \\\"userName\\\": \\\"splunk_access\\\", \\\"arn\\\": \\\"arn:aws:iam::622676721278:user/splunk_access\\\", \\\"type\\\": \\\"IAMUser\\\", \\\"accessKeyId\\\": \\\"AKIAIGKL572SFDPOKLHA\\\", \\\"principalId\\\": \\\"AIDAIQDWHFKP2XVDXFKFW\\\"}, \\\"sourceIPAddress\\\": \\\"34.215.24.225\\\", \\\"eventSource\\\": \\\"iam.amazonaws.com\\\", \\\"eventVersion\\\": \\\"1.02\\\", \\\"requestID\\\": \\\"8d8bdb7b-9070-11e8-a6ba-919658ed9ee3\\\", \\\"responseElements\\\": null, \\\"awsRegion\\\": \\\"us-east-1\\\", \\\"userAgent\\\": \\\"Boto3/1.5.22 Python/2.7.14 Linux/4.4.0-1062-aws Botocore/1.8.46\\\", \\\"eventID\\\": \\\"a3895ddf-4c3f-45df-aaa0-c3ff3908fb70\\\", \\\"requestParameters\\\": {\\\"userName\\\": \\\"web_admin\\\"}, \\\"recipientAccountId\\\": \\\"622676721278\\\", \\\"eventType\\\": \\\"AwsApiCall\\\"}\"}, {\"_time\": \"2018-08-20T20:57:33.000+08:00\", \"_raw\": \"{\\\"eventTime\\\": \\\"2018-08-20T12:57:33Z\\\", \\\"eventName\\\": \\\"ListAccessKeys\\\", \\\"userIdentity\\\": {\\\"accountId\\\": \\\"622676721278\\\", \\\"userName\\\": \\\"splunk_access\\\", \\\"arn\\\": \\\"arn:aws:iam::622676721278:user/splunk_access\\\", \\\"type\\\": \\\"IAMUser\\\", \\\"accessKeyId\\\": \\\"AKIAIGKL572SFDPOKLHA\\\", \\\"principalId\\\": \\\"AIDAIQDWHFKP2XVDXFKFW\\\"}, \\\"sourceIPAddress\\\": \\\"34.215.24.225\\\", \\\"eventSource\\\": \\\"iam.amazonaws.com\\\", \\\"eventVersion\\\": \\\"1.02\\\", \\\"requestID\\\": \\\"2c96a9d3-9068-11e8-ab8b-ed4c24162757\\\", \\\"responseElements\\\": null, \\\"awsRegion\\\": \\\"us-east-1\\\", \\\"userAgent\\\": \\\"Boto3/1.5.22 Python/2.7.14 Linux/4.4.0-1062-aws Botocore/1.8.46\\\", \\\"eventID\\\": \\\"a0b61da9-fe43-4147-8e4f-7d50a352b70d\\\", \\\"requestParameters\\\": {\\\"userName\\\": \\\"web_admin\\\"}, \\\"recipientAccountId\\\": \\\"622676721278\\\", \\\"eventType\\\": \\\"AwsApiCall\\\"}\"}], \"meta\": {\"total_event_count\": 3, \"returned\": 3, \"sid\": \"1783472428.601\"}}",
          "name": "get_raw_events"
        },
        {
          "type": "AIMessage",
          "content": "Intention: I've found that bstoll and btun have `sessionContext.attributes.mfaAuthenticated`, but splunk_access and web_admin events lack `sessionContext` entirely. I should verify whether web_admin ever appears as a `userIdentity` actor (not just in `requestParameters`), and also search for any other MFA-related fields across all CloudTrail events.\n→ call run_splunk_search(query=\"index=botsv3 sourcetype=aws:cloudtrail userIdentity.userName=web_admin | stats count by userIdentity.userName, userIdentity.type, userIdentity.sessionContext.attributes.mfaAuthenticated\")\n→ call run_splunk_search(query=\"index=botsv3 sourcetype=aws:cloudtrail | search mfaAuthenticated=* | stats count by userIdentity.userName, userIdentity.sessionContext.attributes.mfaAuthenticated\")\n→ call search_keyword(keyword=\"mfa\")",
          "tool_calls": [
            {
              "name": "run_splunk_search",
              "args": {
                "query": "index=botsv3 sourcetype=aws:cloudtrail userIdentity.userName=web_admin | stats count by userIdentity.userName, userIdentity.type, userIdentity.sessionContext.attributes.mfaAuthenticated"
              }
            }
          ]
        },
        {
          "type": "ToolMessage",
          "content": "{\"results\": [{\"userIdentity.userName\": \"web_admin\", \"userIdentity.type\": \"IAMUser\", \"userIdentity.sessionContext.attributes.mfaAuthenticated\": \"false\", \"count\": \"637\"}], \"meta\": {\"total_event_count\": 1, \"returned\": 1, \"sid\": \"1783472441.603\"}}",
          "name": "run_splunk_search"
        },
        {
          "type": "AIMessage",
          "content": "Intention: web_admin does have 637 events with `mfaAuthenticated` = \"false\". Now let me check the other users' MFA status and also search for any other MFA-related fields.\n→ call run_splunk_search(query=\"index=botsv3 sourcetype=aws:cloudtrail userIdentity.userName IN (bstoll, btun, splunk_access, web_admin) | stats count by userIdentity.userName, userIdentity.sessionContext.attributes.mfaAuthenticated\")\n→ call search_keyword(keyword=\"mfa\")",
          "tool_calls": [
            {
              "name": "run_splunk_search",
              "args": {
                "query": "index=botsv3 sourcetype=aws:cloudtrail userIdentity.userName IN (bstoll, btun, splunk_access, web_admin) | stats count by userIdentity.userName, userIdentity.sessionContext.attributes.mfaAuthenticated"
              }
            }
          ]
        },
        {
          "type": "ToolMessage",
          "content": "{\"results\": [{\"userIdentity.userName\": \"bstoll\", \"userIdentity.sessionContext.attributes.mfaAuthenticated\": \"false\", \"count\": \"611\"}, {\"userIdentity.userName\": \"btun\", \"userIdentity.sessionContext.attributes.mfaAuthenticated\": \"false\", \"count\": \"73\"}, {\"userIdentity.userName\": \"splunk_access\", \"userIdentity.sessionContext.attributes.mfaAuthenticated\": \"false\", \"count\": \"45\"}, {\"userIdentity.userName\": \"web_admin\", \"userIdentity.sessionContext.attributes.mfaAuthenticated\": \"false\", \"count\": \"637\"}], \"meta\": {\"total_event_count\": 4, \"returned\": 4, \"sid\": \"1783472447.605\"}}",
          "name": "run_splunk_search"
        },
        {
          "type": "AIMessage",
          "content": "Intention: All four users have `mfaAuthenticated` = \"false\". Now let me check if there are any other MFA-related fields in the CloudTrail data, and also verify whether any events for these users lack `sessionContext` entirely (which would mean no MFA path at all).\n→ call search_keyword(keyword=\"mfa\")\n→ call run_splunk_search(query=\"index=botsv3 sourcetype=aws:cloudtrail userIdentity.userName IN (bstoll, btun, splunk_access, web_admin) | eval has_sessionContext=if(isnull(userIdentity.sessionContext), \"no\", \"yes\") | stats count by userIdentity.userName, has_sessionContext, userIdentity.sessionContext.attributes.mfaAuthenticated\")",
          "tool_calls": [
            {
              "name": "search_keyword",
              "args": {
                "keyword": "mfa"
              }
            }
          ]
        },
        {
          "type": "ToolMessage",
          "content": "{\"matches\": [{\"sourcetype\": \"aws:cloudtrail\", \"field\": \"userIdentity.sessionContext.attributes.mfaAuthenticated\"}, {\"sourcetype\": \"aws:cloudtrail\", \"field\": \"additionalEventData.MFAUsed\"}], \"count\": 2, \"source\": \"manifest\"}",
          "name": "search_keyword"
        },
        {
          "type": "AIMessage",
          "content": "Intention: There's a second MFA-related field: `additionalEventData.MFAUsed`. Let me check its values for these four users and also verify the sessionContext coverage.\n→ call run_splunk_search(query=\"index=botsv3 sourcetype=aws:cloudtrail userIdentity.userName IN (bstoll, btun, splunk_access, web_admin) additionalEventData.MFAUsed=* | stats count by userIdentity.userName, additionalEventData.MFAUsed\")\n→ call run_splunk_search(query=\"index=botsv3 sourcetype=aws:cloudtrail userIdentity.userName IN (bstoll, btun, splunk_access, web_admin) | eval has_sessionContext=if(isnull(userIdentity.sessionContext), \"no\", \"yes\") | stats count by userIdentity.userName, has_sessionContext, userIdentity.sessionContext.attributes.mfaAuthenticated\")",
          "tool_calls": [
            {
              "name": "run_splunk_search",
              "args": {
                "query": "index=botsv3 sourcetype=aws:cloudtrail userIdentity.userName IN (bstoll, btun, splunk_access, web_admin) additionalEventData.MFAUsed=* | stats count by userIdentity.userName, additionalEventData.MFAUsed"
              }
            }
          ]
        },
        {
          "type": "ToolMessage",
          "content": "{\"results\": [{\"userIdentity.userName\": \"bstoll\", \"additionalEventData.MFAUsed\": \"No\", \"count\": \"4\"}], \"meta\": {\"total_event_count\": 1, \"returned\": 1, \"sid\": \"1783472457.608\"}}",
          "name": "run_splunk_search"
        },
        {
          "type": "AIMessage",
          "content": "Intention: Only bstoll has `additionalEventData.MFAUsed` = \"No\" (4 events). Let me now verify the sessionContext coverage to see if any events for these users lack sessionContext entirely.\n→ call run_splunk_search(query=\"index=botsv3 sourcetype=aws:cloudtrail userIdentity.userName IN (bstoll, btun, splunk_access, web_admin) | eval has_sessionContext=if(isnull(userIdentity.sessionContext), \"no\", \"yes\") | stats count by userIdentity.userName, has_sessionContext, userIdentity.sessionContext.attributes.mfaAuthenticated\")",
          "tool_calls": [
            {
              "name": "run_splunk_search",
              "args": {
                "query": "index=botsv3 sourcetype=aws:cloudtrail userIdentity.userName IN (bstoll, btun, splunk_access, web_admin) | eval has_sessionContext=if(isnull(userIdentity.sessionContext), \"no\", \"yes\") | stats count by userIdentity.userName, has_sessionContext, userIdentity.sessionContext.attributes.mfaAuthenticated"
              }
            }
          ]
        },
        {
          "type": "ToolMessage",
          "content": "{\"results\": [{\"userIdentity.userName\": \"bstoll\", \"has_sessionContext\": \"no\", \"userIdentity.sessionContext.attributes.mfaAuthenticated\": \"false\", \"count\": \"611\"}, {\"userIdentity.userName\": \"btun\", \"has_sessionContext\": \"no\", \"userIdentity.sessionContext.attributes.mfaAuthenticated\": \"false\", \"count\": \"73\"}, {\"userIdentity.userName\": \"splunk_access\", \"has_sessionContext\": \"no\", \"userIdentity.sessionContext.attributes.mfaAuthenticated\": \"false\", \"count\": \"45\"}, {\"userIdentity.userName\": \"web_admin\", \"has_sessionContext\": \"no\", \"userIdentity.sessionContext.attributes.mfaAuthenticated\": \"false\", \"count\": \"637\"}], \"meta\": {\"total_event_count\": 4, \"returned\": 4, \"sid\": \"1783472463.610\"}}",
          "name": "run_splunk_search"
        },
        {
          "type": "AIMessage",
          "content": "Intention: The eval result is contradictory — `has_sessionContext` shows \"no\" but `mfaAuthenticated` is \"false\" for all users. This is likely because Splunk doesn't extract the intermediate `sessionContext` object as a field, only the leaf fields. Let me get a raw event for web_admin as the actual userIdentity actor (with sessionContext) and splunk_access with sessionContext to confirm the full JSON path.\n→ call get_raw_events(sourcetype=\"aws:cloudtrail\", keyword=\"web_admin mfaAuthenticated\", limit=3)\n→ call get_raw_events(sourcetype=\"aws:cloudtrail\", keyword=\"splunk_access mfaAuthenticated\", limit=3)",
          "tool_calls": [
            {
              "name": "get_raw_events",
              "args": {
                "keyword": "web_admin mfaAuthenticated",
                "limit": 3,
                "sourcetype": "aws:cloudtrail"
              }
            }
          ]
        },
        {
          "type": "ToolMessage",
          "content": "{\"results\": [], \"meta\": {\"total_event_count\": 0, \"returned\": 0, \"sid\": \"1783472476.611\"}}",
          "name": "get_raw_events"
        },
        {
          "type": "AIMessage",
          "content": "Intention: The keyword search for \"web_admin mfaAuthenticated\" returned no results — the keyword search likely doesn't support multi-word matching. Let me try a different approach: search for web_admin as the userIdentity actor with sessionContext using SPL, and get raw events.\n→ call run_splunk_search(query=\"index=botsv3 sourcetype=aws:cloudtrail userIdentity.userName=web_admin userIdentity.sessionContext.attributes.mfaAuthenticated=* | head 1 | table _raw\")",
          "tool_calls": [
            {
              "name": "run_splunk_search",
              "args": {
                "query": "index=botsv3 sourcetype=aws:cloudtrail userIdentity.userName=web_admin userIdentity.sessionContext.attributes.mfaAuthenticated=* | head 1 | table _raw"
              }
            }
          ]
        },
        {
          "type": "ToolMessage",
          "content": "{\"error\": \"Rejected: SPL query must aggregate results with | stats, | top, or | rare. Add an aggregation command before submitting.\"}",
          "name": "run_splunk_search"
        },
        {
          "type": "AIMessage",
          "content": "Intention: I need to use an aggregation. Let me use `| stats values(_raw)` to get the raw event content for web_admin with MFA.\n→ call run_splunk_search(query=\"index=botsv3 sourcetype=aws:cloudtrail userIdentity.userName=web_admin userIdentity.sessionContext.attributes.mfaAuthenticated=* | head 1 | stats values(_raw) as raw_event\")",
          "tool_calls": [
            {
              "name": "run_splunk_search",
              "args": {
                "query": "index=botsv3 sourcetype=aws:cloudtrail userIdentity.userName=web_admin userIdentity.sessionContext.attributes.mfaAuthenticated=* | head 1 | stats values(_raw) as raw_event"
              }
            }
          ]
        },
        {
          "type": "ToolMessage",
          "content": "{\"results\": [{\"raw_event\": \"{\\\"sourceIPAddress\\\": \\\"139.198.18.205\\\", \\\"eventTime\\\": \\\"2018-08-20T09:28:54Z\\\", \\\"userAgent\\\": \\\"Boto3/1.7.42 Python/2.7.12 Linux/4.4.0-131-generic Botocore/1.10.42\\\", \\\"responseElements\\\": null, \\\"eventSource\\\": \\\"ec2.amazonaws.com\\\", \\\"eventType\\\": \\\"AwsApiCall\\\", \\\"errorCode\\\": \\\"Client.UnauthorizedOperation\\\", \\\"requestParameters\\\": {\\\"disableApiTermination\\\": true, \\\"monitoring\\\": {\\\"enabled\\\": false}, \\\"tagSpecificationSet\\\": {\\\"items\\\": [{\\\"resourceType\\\": \\\"instance\\\", \\\"tags\\\": [{\\\"key\\\": \\\"my_i_key\\\", \\\"value\\\": \\\"my_i_val\\\"}]}]}, \\\"userData\\\": \\\"<sensitiveDataRemoved>\\\", \\\"instancesSet\\\": {\\\"items\\\": [{\\\"imageId\\\": \\\"ami-af79ebc0\\\", \\\"minCount\\\": 1, \\\"maxCount\\\": 10}]}, \\\"blockDeviceMapping\\\": {}, \\\"instanceType\\\": \\\"t2.2xlarge\\\"}, \\\"userIdentity\\\": {\\\"sessionContext\\\": {\\\"attributes\\\": {\\\"mfaAuthenticated\\\": \\\"false\\\", \\\"creationDate\\\": \\\"2018-08-20T09:16:12Z\\\"}}, \\\"accessKeyId\\\": \\\"ASIAZB6TMXZ7LL6JBJQA\\\", \\\"type\\\": \\\"IAMUser\\\", \\\"userName\\\": \\\"web_admin\\\", \\\"accountId\\\": \\\"622676721278\\\", \\\"arn\\\": \\\"arn:aws:iam::622676721278:user/web_admin\\\", \\\"principalId\\\": \\\"AIDAJNUCQVD57VVGYEFTQ\\\"}, \\\"eventID\\\": \\\"b5c629fe-277c-4822-bbb1-bafc02b65e6b\\\", \\\"eventVersion\\\": \\\"1.05\\\", \\\"recipientAccountId\\\": \\\"622676721278\\\", \\\"errorMessage\\\": \\\"You are not authorized to perform this operation. Encoded authorization failure message: GV4T_ACpOHiYMDkWBQ4bfWl7aAW7Z2ZO8zKyV6yDyEdHAObPYATvlEAhoOZ1P7-K6g8r1ffni1dhGDNorUQzPyZ7ZIaVd7A9bTumAw6t1Rs2UmUm2l91qYfsTS56FY0jpTWTuVA6GzTva3R_9OYdNUTd98ocEhYf_6M1ENAIB-wpcUES3xVrGEQrSoozZVoEzMR33rT9VSgk9KgH7mM6209TbvaT-UdiPHzE8FCUpzAytIXAkZ7QYwMgjCjAc5Mr1bBmxCmImJwSf_A4NjZIWkokiamqtd0mNw2Qb8JmvKYDt2P5imzWt0AZKRgtaNdQaIKaOUJK969N8rHG0GQvKBr5wdgCTCMFKiwIhnfM54Uc0faO74Xver1yYyLzMrmxXMAntBwvHC0hSoNBKVK6l3zZWrK3gnyqVdtGMOJmuETFizWGdWisAuBTUldEbWZULZHSeOF48UXy9TaGeAHuXUNEa0cD47dx0G-tIPEoyHLE_g6xrex4kGydJGtqC135nFbjrOIzvy3zuuG2zCRQtw72Ohun94EibZSK7d3i1Kb5tS8_4AK1vrOy5Ga7P1FWuRtjHHYfUSILSw6OQOrzFX_Rbq5YZIQodpSXomj0bww1gps7Kg_QiYSL4PnyhBoxycwKqg5ml_J8mFGJf04OPaHD9Y7l3_LH41MT66jyrQ\\\", \\\"eventName\\\": \\\"RunInstances\\\", \\\"requestID\\\": \\\"a2580df6-c000-47eb-b37d-f5f2957c63d0\\\", \\\"awsRegion\\\": \\\"eu-central-1\\\"}\"}], \"meta\": {\"total_event_count\": 1, \"returned\": 1, \"sid\": \"1783472484.612\"}}",
          "name": "run_splunk_search"
        },
        {
          "type": "AIMessage",
          "content": "Intention: I now have a raw event for web_admin as the userIdentity actor with the full sessionContext. Let me also get a raw event for splunk_access with sessionContext to confirm the same JSON path structure.\n→ call run_splunk_search(query=\"index=botsv3 sourcetype=aws:cloudtrail userIdentity.userName=splunk_access userIdentity.sessionContext.attributes.mfaAuthenticated=* | head 1 | stats values(_raw) as raw_event\")",
          "tool_calls": [
            {
              "name": "run_splunk_search",
              "args": {
                "query": "index=botsv3 sourcetype=aws:cloudtrail userIdentity.userName=splunk_access userIdentity.sessionContext.attributes.mfaAuthenticated=* | head 1 | stats values(_raw) as raw_event"
              }
            }
          ]
        },
        {
          "type": "ToolMessage",
          "content": "{\"results\": [{\"raw_event\": \"{\\\"requestParameters\\\": {\\\"encryptionContext\\\": {\\\"aws:lambda:FunctionArn\\\": \\\"arn:aws:lambda:us-east-1:622676721278:function:DNS\\\"}}, \\\"eventTime\\\": \\\"2018-08-20T14:53:30Z\\\", \\\"eventID\\\": \\\"97e14c81-f353-4988-8cbd-8ef28ee34331\\\", \\\"eventVersion\\\": \\\"1.05\\\", \\\"awsRegion\\\": \\\"us-east-1\\\", \\\"eventType\\\": \\\"AwsApiCall\\\", \\\"eventSource\\\": \\\"kms.amazonaws.com\\\", \\\"requestID\\\": \\\"52460cbd-9061-11e8-bc05-01f8a2eca80b\\\", \\\"readOnly\\\": true, \\\"userIdentity\\\": {\\\"arn\\\": \\\"arn:aws:iam::622676721278:user/splunk_access\\\", \\\"userName\\\": \\\"splunk_access\\\", \\\"accountId\\\": \\\"622676721278\\\", \\\"principalId\\\": \\\"AIDAIQDWHFKP2XVDXFKFW\\\", \\\"accessKeyId\\\": \\\"ASIAIQVYLFBYX325VKYA\\\", \\\"type\\\": \\\"IAMUser\\\", \\\"invokedBy\\\": \\\"lambda.amazonaws.com\\\", \\\"sessionContext\\\": {\\\"attributes\\\": {\\\"mfaAuthenticated\\\": \\\"false\\\", \\\"creationDate\\\": \\\"2018-08-20T14:53:30Z\\\"}}}, \\\"eventName\\\": \\\"Decrypt\\\", \\\"recipientAccountId\\\": \\\"622676721278\\\", \\\"resources\\\": [{\\\"ARN\\\": \\\"arn:aws:kms:us-east-1:622676721278:key/b09c7803-5621-4ced-9322-869c1a857ae4\\\", \\\"accountId\\\": \\\"622676721278\\\", \\\"type\\\": \\\"AWS::KMS::Key\\\"}], \\\"responseElements\\\": null, \\\"sourceIPAddress\\\": \\\"lambda.amazonaws.com\\\", \\\"userAgent\\\": \\\"lambda.amazonaws.com\\\"}\"}], \"meta\": {\"total_event_count\": 1, \"returned\": 1, \"sid\": \"1783472490.613\"}}",
          "name": "run_splunk_search"
        },
