{\"_time\": \"2018-08-20T23:15:13.000+08:00\", \"_raw\": \"{\\\"requestParameters\\\": {\\\"encryptionContext\\\": {\\\"aws:lambda:FunctionArn\\\": \\\"arn:aws:lambda:us-west-1:622676721278:function:VPCFlowLogs\\\"}}, \\\"eventTime\\\": \\\"2018-08-20T15:15:13Z\\\", \\\"eventID\\\": \\\"6f68013b-5b07-432c-bd07-d2219345e920\\\", \\\"eventVersion\\\": \\\"1.05\\\", \\\"awsRegion\\\": \\\"us-west-1\\\", \\\"eventType\\\": \\\"AwsApiCall\\\", \\\"eventSource\\\": \\\"kms.amazonaws.com\\\", \\\"requestID\\\": \\\"5adfb697-9064-11e8-a0f5-1d88a8ed2e42\\\", \\\"readOnly\\\": true, \\\"userIdentity\\\": {\\\"arn\\\": \\\"arn:aws:sts::622676721278:assumed-role/splunk_lambda/VPCFlowLogs\\\", \\\"accountId\\\": \\\"622676721278\\\", \\\"principalId\\\": \\\"AROAJIMMLKY7MV6T5G4V6:VPCFlowLogs\\\", \\\"accessKeyId\\\": \\\"ASIAJ36TWW5RJ4KGEU5Q\\\", \\\"type\\\": \\\"AssumedRole\\\", \\\"sessionContext\\\": {\\\"sessionIssuer\\\": {\\\"principalId\\\": \\\"AROAJIMMLKY7MV6T5G4V6\\\", \\\"arn\\\": \\\"arn:aws:iam::622676721278:role/service-role/splunk_lambda\\\", \\\"type\\\": \\\"Role\\\", \\\"userName\\\": \\\"splunk_lambda\\\", \\\"accountId\\\": \\\"622676721278\\\"}, \\\"attributes\\\": {\\\"mfaAuthenticated\\\": \\\"false\\\", \\\"creationDate\\\": \\\"2018-08-20T13:50:37Z\\\"}}}, \\\"eventName\\\": \\\"Decrypt\\\", \\\"recipientAccountId\\\": \\\"622676721278\\\", \\\"resources\\\": [{\\\"ARN\\\": \\\"arn:aws:kms:us-west-1:622676721278:key/d1c4c3ae-6693-46b5-8285-9b868801fe65\\\", \\\"accountId\\\": \\\"622676721278\\\", \\\"type\\\": \\\"AWS::KMS::Key\\\"}], \\\"responseElements\\\": null, \\\"sourceIPAddress\\\": \\\"13.57.247.32\\\", \\\"userAgent\\\": \\\"aws-internal/3\\\"}\"}], \"meta\": {\"total_event_count\": 2, \"returned\": 2, \"sid\": \"1783472456.607\"}}",
          "name": "get_raw_events"
        },
        {
          "type": "AIMessage",
          "content": "Intention: Now let me also get a raw event with `additionalEventData.MFAUsed` to see its JSON path structure.",
          "tool_calls": [
            {
              "name": "get_raw_events",
              "args": {
                "keyword": "MFAUsed",
                "limit": 2,
                "sourcetype": "aws:cloudtrail"
              }
            }
          ]
        },
        {
          "type": "ToolMessage",
          "content": "{\"results\": [{\"_time\": \"2018-08-20T23:04:44.000+08:00\", \"_raw\": \"{\\\"requestParameters\\\": null, \\\"additionalEventData\\\": {\\\"MobileVersion\\\": \\\"No\\\", \\\"MFAUsed\\\": \\\"No\\\", \\\"LoginTo\\\": \\\"https://console.aws.amazon.com/console/home?state=hashArgs%23&isauthcode=true\\\"}, \\\"eventTime\\\": \\\"2018-08-20T15:04:44Z\\\", \\\"eventID\\\": \\\"6ae589cc-9b68-4a08-a3c2-c29c9cd59b9b\\\", \\\"eventVersion\\\": \\\"1.05\\\", \\\"awsRegion\\\": \\\"us-east-1\\\", \\\"eventType\\\": \\\"AwsConsoleSignIn\\\", \\\"eventSource\\\": \\\"signin.amazonaws.com\\\", \\\"userIdentity\\\": {\\\"principalId\\\": \\\"AIDAJUFKXZ44LV4EN4MGK\\\", \\\"arn\\\": \\\"arn:aws:iam::622676721278:user/bstoll\\\", \\\"type\\\": \\\"IAMUser\\\", \\\"userName\\\": \\\"bstoll\\\", \\\"accountId\\\": \\\"622676721278\\\"}, \\\"eventName\\\": \\\"ConsoleLogin\\\", \\\"recipientAccountId\\\": \\\"622676721278\\\", \\\"responseElements\\\": {\\\"ConsoleLogin\\\": \\\"Success\\\"}, \\\"sourceIPAddress\\\": \\\"107.77.212.175\\\", \\\"userAgent\\\": \\\"Mozilla/5.0 (Windows NT 10.0; Win64; x64) AppleWebKit/537.36 (KHTML, like Gecko) Chrome/67.0.3396.99 Safari/537.36\\\"}\"}, {\"_time\": \"2018-08-20T22:06:36.000+08:00\", \"_raw\": \"{\\\"additionalEventData\\\": {\\\"MobileVersion\\\": \\\"No\\\", \\\"LoginTo\\\": \\\"https://console.aws.amazon.com/console/home?state=hashArgs%23&isauthcode=true\\\", \\\"MFAUsed\\\": \\\"No\\\"}, \\\"eventName\\\": \\\"ConsoleLogin\\\", \\\"userIdentity\\\": {\\\"userName\\\": \\\"bstoll\\\", \\\"accountId\\\": \\\"622676721278\\\", \\\"principalId\\\": \\\"AIDAJUFKXZ44LV4EN4MGK\\\", \\\"arn\\\": \\\"arn:aws:iam::622676721278:user/bstoll\\\", \\\"type\\\": \\\"IAMUser\\\"}, \\\"sourceIPAddress\\\": \\\"107.77.212.175\\\", \\\"eventSource\\\": \\\"signin.amazonaws.com\\\", \\\"eventVersion\\\": \\\"1.05\\\", \\\"responseElements\\\": {\\\"ConsoleLogin\\\": \\\"Success\\\"}, \\\"awsRegion\\\": \\\"us-east-1\\\", \\\"userAgent\\\": \\\"Mozilla/5.0 (Windows NT 10.0; Win64; x64) AppleWebKit/537.36 (KHTML, like Gecko) Chrome/64.0.3282.140 Safari/537.36 Edge/17.17134\\\", \\\"eventID\\\": \\\"30e9711a-e2f5-4c92-a599-9ff79b124770\\\", \\\"eventTime\\\": \\\"2018-08-20T14:06:36Z\\\", \\\"requestParameters\\\": null, \\\"recipientAccountId\\\": \\\"622676721278\\\", \\\"eventType\\\": \\\"AwsConsoleSignIn\\\"}\"}], \"meta\": {\"total_event_count\": 2, \"returned\": 2, \"sid\": \"1783472461.609\"}}",
          "name": "get_raw_events"
        },
        {
          "type": "AIMessage",
          "content": "Now I have all the evidence needed. Let me compile the findings.\n\n## Summary of Investigation\n\nI investigated two MFA-related fields in the `aws:cloudtrail` sourcetype:\n\n### Field 1: `userIdentity.sessionContext.attributes.mfaAuthenticated`\n- **JSON path in raw event:**\n  ```json\n  \"userIdentity\": {\n    \"sessionContext\": {\n      \"attributes\": {\n        \"mfaAuthenticated\": \"false\",\n        \"creationDate\": \"2018-08-20T15:09:21Z\"\n      }\n    }\n  }\n  ```\n- **Values:** `true` / `false` (boolean-style strings)\n- **Coverage across the four IAM users:**\n  | User | Total Events | Events with this field | Value(s) |\n  |------|-------------|----------------------|----------|\n  | bstoll | 615 | 611 | false |\n  | btun | 73 | 73 | false |\n  | splunk_access | 4,091 | 45 | false |\n  | web_admin | 646 | 637 | false |\n- **Total across all CloudTrail:** 2,155 events, all with value `\"false\"`\n- **Present on:** Both `AwsApiCall` and `AwsConsoleSignIn` event types; both `IAMUser` and `AssumedRole` identity types\n\n### Field 2: `additionalEventData.MFAUsed`\n- **JSON path in raw event:**\n  ```json\n  \"additionalEventData\": {\n    \"MFAUsed\": \"No\",\n    \"MobileVersion\": \"No\",\n    \"LoginTo\": \"https://console.aws.amazon.com/...\"\n  }\n  ```\n- **Values:** `\"Yes\"` / `\"No\"` (string, not boolean)\n- **Coverage:** Only **4 events** total — all `ConsoleLogin` (`AwsConsoleSignIn`) events for user `bstoll` only\n- **Not present** for btun, splunk_access, or web_admin\n\n### Conclusion\n\nThe field `userIdentity.sessionContext.attributes.mfaAuthenticated` is the appropriate field for alerting on AWS API activity without MFA because:\n1. **It contains boolean true/false values** — exactly as the question specifies\n2. **It covers all API activity** (`AwsApiCall` events), not just console sign-in events\n3. **It is populated across all four specified IAM users** (bstoll, btun, splunk_access, web_admin)\n4. **It has broad coverage** (2,155 events vs. only 4 for the alternative field)\n5. **It is the standard AWS CloudTrail field** for tracking MFA authentication status on API calls\n\nThe alternative field `additionalEventData.MFAUsed` only appears in `ConsoleLogin` events and has negligible coverage.\n\n---\n\n**FINAL ANSWER:** `userIdentity.sessionContext.attributes.mfaAuthenticated`\n\n**SPL:**\n```sql\nindex=botsv3 sourcetype=aws:cloudtrail userIdentity.userName IN (bstoll, btun, splunk_access, web_admin)\n| stats count as total_events, count(userIdentity.sessionContext.attributes.mfaAuthenticated) as mfa_auth_count, values(userIdentity.sessionContext.attributes.mfaAuthenticated) as mfa_auth_values, count(additionalEventData.MFAUsed) as mfa_used_count, values(additionalEventData.MFAUsed) as mfa_used_values by userIdentity.userName\n```"
        }
      ],
      "iterations": 10,
      "cap_hit": false
    },
    {
      "worker": "senior#3",
      "qid": "Q201",
      "subquestion": "Given [Task-1 (partial): ## PARTIAL ANSWER\n\nBased on raw JSON event inspection across all four confirmed IAM users (bstoll, btun, splunk_access, web_admin) in `aws:cloudtrail`, I identified **two candidate JSON paths related to MFA status**:\n\n### 1. `userIdentity.sessionContext.attributes.mfaAuthenticated`\n- **Present in:** All four users (bstoll: 611 events, btun: 73, splunk_access: 45, web_admin: 637)\n- **Value:** `\"fal] and [Task-2 (solved): Now I have all the evidence needed. Let me compile the findings.\n\n## Summary of Investigation\n\nI investigated two MFA-related fields in the `aws:cloudtrail` sourcetype:\n\n### Field 1: `userIdentity.sessionContext.attributes.mfaAuthenticated`\n- **JSON path in raw event:**\n  ```json\n  \"userIdentity\": {\n    \"sessionContext\": {\n      \"attributes\": {\n        \"mfaAuthenticated\": \"false\",\n        \"creatio]: confirm the single best full JSON path in index=botsv3 sourcetype=aws:cloudtrail for alerting on AWS API activity without MFA in the August 2018 Frothly environment, and provide just that exact JSON path as it appears in the event JSON.\n\nEXPECTED SHAPE: full JSON path only, dot-separated, case-sensitive as stored in the raw event JSON",
      "status": "solved",
      "answer": "The evidence is definitive. Comparing the two candidate fields:\n\n| Field | Event Count | Value(s) | Coverage |\n|---|---|---|---|\n| `userIdentity.sessionContext.attributes.mfaAuthenticated` | 2,155 | `\"false\"` | Present across all IAM users and AssumedRole sessions |\n| `additionalEventData.MFAUsed` | 4 | `\"No\"` | Only in specific console-login-type events |\n\nThe raw JSON confirms the exact nested structure:\n```json\n\"userIdentity\": {\n  \"sessionContext\": {\n    \"attributes\": {\n      \"mfaAuthenticated\": \"false\",\n      \"creationDate\": \"...\"\n    }\n  }\n}\n```\n\n`userIdentity.sessionContext.attributes.mfaAuthenticated` is the clear winner — it has 2,155 events with comprehensive coverage across all user types (IAMUser, AssumedRole), while `additionalEventData.MFAUsed` appears in only 4 events. For alerting on AWS API activity without MFA, the session-context field is the authoritative and complete path.\n\nFINAL ANSWER: `userIdentity.sessionContext.attributes.mfaAuthenticated`\nSPL: `index=botsv3 sourcetype=aws:cloudtrail | stats count by userIdentity.sessionContext.attributes.mfaAuthenticated`",
      "spl_used": [],
      "sourcetypes": [],
      "full_state": [
        {
          "type": "HumanMessage",
          "content": "Given [Task-1 (partial): ## PARTIAL ANSWER\n\nBased on raw JSON event inspection across all four confirmed IAM users (bstoll, btun, splunk_access, web_admin) in `aws:cloudtrail`, I identified **two candidate JSON paths related to MFA status**:\n\n### 1. `userIdentity.sessionContext.attributes.mfaAuthenticated`\n- **Present in:** All four users (bstoll: 611 events, btun: 73, splunk_access: 45, web_admin: 637)\n- **Value:** `\"fal] and [Task-2 (solved): Now I have all the evidence needed. Let me compile the findings.\n\n## Summary of Investigation\n\nI investigated two MFA-related fields in the `aws:cloudtrail` sourcetype:\n\n### Field 1: `userIdentity.sessionContext.attributes.mfaAuthenticated`\n- **JSON path in raw event:**\n  ```json\n  \"userIdentity\": {\n    \"sessionContext\": {\n      \"attributes\": {\n        \"mfaAuthenticated\": \"false\",\n        \"creatio]: confirm the single best full JSON path in index=botsv3 sourcetype=aws:cloudtrail for alerting on AWS API activity without MFA in the August 2018 Frothly environment, and provide just that exact JSON path as it appears in the event JSON.\n\nEXPECTED SHAPE: full JSON path only, dot-separated, case-sensitive as stored in the raw event JSON"
        },
        {
          "type": "AIMessage",
          "content": "Intention: I need to confirm the exact JSON path for the MFA authentication field in `aws:cloudtrail` raw events. Let me first verify the sourcetype exists, then sample a raw event to see the exact nested JSON structure.",
          "tool_calls": [
            {
              "name": "get_source_types",
              "args": {}
            }
          ]
        },
        {
          "type": "ToolMessage",
          "content": "{\"source_types\": [\"access_combined\", \"alternatives\", \"amazon-ssm-agent\", \"amazon-ssm-agent-too_small\", \"apache_error\", \"aws:cloudtrail\", \"aws:cloudwatch\", \"aws:cloudwatch:guardduty\", \"aws:cloudwatchlogs\", \"aws:cloudwatchlogs:vpcflow\", \"aws:config:rule\", \"aws:description\", \"aws:elb:accesslogs\", \"aws:rds:audit\", \"aws:rds:error\", \"aws:s3:accesslogs\", \"bandwidth\", \"bash_history\", \"bootstrap\", \"cisco:asa\", \"cloud-init\", \"cloud-init-output\", \"code42:api\", \"code42:computer\", \"code42:org\", \"code42:security\", \"code42:user\", \"config_file\", \"cpu\", \"cron-too_small\", \"df\", \"dmesg\", \"dpkg\", \"error-too_small\", \"errors\", \"errors-too_small\", \"ess_content_importer\", \"hardware\", \"history-2\", \"interfaces\", \"iostat\", \"lastlog\", \"linux_audit\", \"linux_secure\", \"localhost-5\", \"lsof\", \"maillog-too_small\", \"ms:aad:audit\", \"ms:aad:signin\", \"ms:o365:management\", \"ms:o365:reporting:messagetrace\", \"netstat\", \"o365:management:activity\", \"openports\", \"osquery:info\", \"osquery:results\", \"osquery:warning\", \"out-3\", \"package\", \"perfmonmk:process\", \"protocol\", \"ps\", \"script:getendpointinfo\", \"script:installedapps\", \"script:listeningports\", \"stream:arp\", \"stream:dhcp\", \"stream:dns\", \"stream:http\", \"stream:icmp\", \"stream:igmp\", \"stream:ip\", \"stream:mysql\", \"stream:smb\", \"stream:smtp\", \"stream:tcp\", \"stream:udp\", \"symantec:ep:agent:file\", \"symantec:ep:agt_system:file\", \"symantec:ep:behavior:file\", \"symantec:ep:packet:file\", \"symantec:ep:risk:file\", \"symantec:ep:scm_system:file\", \"symantec:ep:security:file\", \"symantec:ep:traffic:file\", \"syslog\", \"time\", \"top\", \"unix:listeningports\", \"unix:service\", \"unix:sshdconfig\", \"unix:update\", \"unix:uptime\", \"unix:useraccounts\", \"unix:version\", \"userswithloginprivs\", \"vmstat\", \"who\", \"wineventlog\", \"winhostmon\", \"xmlwineventlog:microsoft-windows-sysmon/operational\", \"yum-too_small\", \"WinEventLog\"], \"count\": 103}",
          "name": "get_source_types"
        },
        {
          "type": "AIMessage",
          "content": "Intention: The sourcetype `aws:cloudtrail` is confirmed. Now I need to inspect a raw event to see the exact nested JSON structure for the MFA authentication field, confirming the precise dot-separated path as it appears in the raw event JSON.",
          "tool_calls": [
            {
              "name": "get_raw_events",
              "args": {
                "sourcetype": "aws:cloudtrail",
                "keyword": "mfaAuthenticated",
                "limit": 3
              }
            }
          ]
        },
        {
          "type": "ToolMessage",
          "content": "{\"results\": [{\"_time\": \"2018-08-20T23:15:20.000+08:00\", \"_raw\": \"{\\\"requestParameters\\\": {\\\"filterSet\\\": {}, \\\"instancesSet\\\": {\\\"items\\\": [{\\\"instanceId\\\": \\\"i-0920036c8ca91e501\\\"}]}, \\\"includeAllInstances\\\": true}, \\\"eventTime\\\": \\\"2018-08-20T15:15:20Z\\\", \\\"eventID\\\": \\\"97c6bfcb-c3cf-437c-8b05-4043635ce306\\\", \\\"eventVersion\\\": \\\"1.05\\\", \\\"awsRegion\\\": \\\"us-west-1\\\", \\\"eventType\\\": \\\"AwsApiCall\\\", \\\"eventSource\\\": \\\"ec2.amazonaws.com\\\", \\\"requestID\\\": \\\"f4bd4e9b-e27c-4a52-93fa-fab7a76d3639\\\", \\\"userIdentity\\\": {\\\"arn\\\": \\\"arn:aws:sts::622676721278:assumed-role/AWSServiceRoleForAutoScaling/AutoScaling\\\", \\\"principalId\\\": \\\"AROAIOHK7E4SHKYSVVYLM:AutoScaling\\\", \\\"accountId\\\": \\\"622676721278\\\", \\\"type\\\": \\\"AssumedRole\\\", \\\"invokedBy\\\": \\\"autoscaling.amazonaws.com\\\", \\\"sessionContext\\\": {\\\"sessionIssuer\\\": {\\\"principalId\\\": \\\"AROAIOHK7E4SHKYSVVYLM\\\", \\\"arn\\\": \\\"arn:aws:iam::622676721278:role/aws-service-role/autoscaling.amazonaws.com/AWSServiceRoleForAutoScaling\\\", \\\"type\\\": \\\"Role\\\", \\\"userName\\\": \\\"AWSServiceRoleForAutoScaling\\\", \\\"accountId\\\": \\\"622676721278\\\"}, \\\"attributes\\\": {\\\"mfaAuthenticated\\\": \\\"false\\\", \\\"creationDate\\\": \\\"2018-08-20T15:09:21Z\\\"}}}, \\\"eventName\\\": \\\"DescribeInstanceStatus\\\", \\\"recipientAccountId\\\": \\\"622676721278\\\", \\\"responseElements\\\": null, \\\"sourceIPAddress\\\": \\\"autoscaling.amazonaws.com\\\", \\\"userAgent\\\": \\\"autoscaling.amazonaws.com\\\"}\"}, {\"_time\": \"2018-08-20T23:15:13.000+08:00\", \"_raw\": \"{\\\"requestParameters\\\": {\\\"encryptionContext\\\": {\\\"aws:lambda:FunctionArn\\\": \\\"arn:aws:lambda:us-west-1:622676721278:function:VPCFlowLogs\\\"}}, \\\"eventTime\\\": \\\"2018-08-20T15:15:13Z\\\", \\\"eventID\\\": \\\"6f68013b-5b07-432c-bd07-d2219345e920\\\", \\\"eventVersion\\\": \\\"1.05\\\", \\\"awsRegion\\\": \\\"us-west-1\\\", \\\"eventType\\\": \\\"AwsApiCall\\\", \\\"eventSource\\\": \\\"kms.amazonaws.com\\\", \\\"requestID\\\": \\\"5adfb697-9064-11e8-a0f5-1d88a8ed2e42\\\", \\\"readOnly\\\": true, \\\"userIdentity\\\": {\\\"arn\\\": \\\"arn:aws:sts::622676721278:assumed-role/splunk_lambda/VPCFlowLogs\\\", \\\"accountId\\\": \\\"622676721278\\\", \\\"principalId\\\": \\\"AROAJIMMLKY7MV6T5G4V6:VPCFlowLogs\\\", \\\"accessKeyId\\\": \\\"ASIAJ36TWW5RJ4KGEU5Q\\\", \\\"type\\\": \\\"AssumedRole\\\", \\\"sessionContext\\\": {\\\"sessionIssuer\\\": {\\\"principalId\\\": \\\"AROAJIMMLKY7MV6T5G4V6\\\", \\\"arn\\\": \\\"arn:aws:iam::622676721278:role/service-role/splunk_lambda\\\", \\\"type\\\": \\\"Role\\\", \\\"userName\\\": \\\"splunk_lambda\\\", \\\"accountId\\\": \\\"622676721278\\\"}, \\\"attributes\\\": {\\\"mfaAuthenticated\\\": \\\"false\\\", \\\"creationDate\\\": \\\"2018-08-20T13:50:37Z\\\"}}}, \\\"eventName\\\": \\\"Decrypt\\\", \\\"recipientAccountId\\\": \\\"622676721278\\\", \\\"resources\\\": [{\\\"ARN\\\": \\\"arn:aws:kms:us-west-1:622676721278:key/d1c4c3ae-6693-46b5-8285-9b868801fe65\\\", \\\"accountId\\\": \\\"622676721278\\\", \\\"type\\\": \\\"AWS::KMS::Key\\\"}], \\\"responseElements\\\": null, \\\"sourceIPAddress\\\": \\\"13.57.247.32\\\", \\\"userAgent\\\": \\\"aws-internal/3\\\"}\"}, {\"_time\": \"2018-08-20T23:15:04.000+08:00\", \"_raw\": \"{\\\"requestParameters\\\": {\\\"securityGroupIdSet\\\": {\\\"items\\\": [{\\\"groupId\\\": \\\"sg-0849cdeb5ef571996\\\"}]}, \\\"filterSet\\\": {}, \\\"securityGroupSet\\\": {}}, \\\"eventTime\\\": \\\"2018-08-20T15:15:04Z\\\", \\\"eventID\\\": \\\"51b2664e-dd61-4db3-ab77-31b649e9c69d\\\", \\\"eventVersion\\\": \\\"1.05\\\", \\\"awsRegion\\\": \\\"us-west-1\\\", \\\"eventType\\\": \\\"AwsApiCall\\\", \\\"eventSource\\\": \\\"ec2.amazonaws.com\\\", \\\"requestID\\\": \\\"11a2f0a0-78b1-4968-8887-43ab8a9ba0d5\\\", \\\"userIdentity\\\": {\\\"arn\\\": \\\"arn:aws:iam::622676721278:user/bstoll\\\", \\\"userName\\\": \\\"bstoll\\\", \\\"accountId\\\": \\\"622676721278\\\", \\\"principalId\\\": \\\"AIDAJUFKXZ44LV4EN4MGK\\\", \\\"accessKeyId\\\": \\\"ASIAZB6TMXZ7FYCAEHNR\\\", \\\"type\\\": \\\"IAMUser\\\", \\\"invokedBy\\\": \\\"signin.amazonaws.com\\\", \\\"sessionContext\\\": {\\\"attributes\\\": {\\\"mfaAuthenticated\\\": \\\"false\\\", \\\"creationDate\\\": \\\"2018-08-20T15:04:44Z\\\"}}}, \\\"eventName\\\": \\\"DescribeSecurityGroups\\\", \\\"recipientAccountId\\\": \\\"622676721278\\\", \\\"responseElements\\\": null, \\\"sourceIPAddress\\\": \\\"107.77.212.175\\\", \\\"userAgent\\\": \\\"signin.amazonaws.com\\\"}\"}], \"meta\": {\"total_event_count\": 3, \"returned\": 3, \"sid\": \"1783472521.615\"}}",
          "name": "get_raw_events"
        },
        {
          "type": "AIMessage",
          "content": "Intention: I can see the raw JSON clearly shows the path `userIdentity.sessionContext.attributes.mfaAuthenticated` with value `\"false\"`. Let me also verify there isn't a second MFA-related field that might be a better alerting path, since Task-1 mentioned two candidates.",
          "tool_calls": [
            {
              "name": "search_keyword",
              "args": {
                "keyword": "mfa"
              }
            }
          ]
        },
        {
          "type": "ToolMessage",
          "content": "{\"matches\": [{\"sourcetype\": \"aws:cloudtrail\", \"field\": \"userIdentity.sessionContext.attributes.mfaAuthenticated\"}, {\"sourcetype\": \"aws:cloudtrail\", \"field\": \"additionalEventData.MFAUsed\"}], \"count\": 2, \"source\": \"manifest\"}",
          "name": "search_keyword"
        },
        {
          "type": "AIMessage",
          "content": "Intention: There are two MFA-related fields. I need to check `additionalEventData.MFAUsed` to see its coverage and values, then determine which is the single best path for alerting on AWS API activity without MFA.",
          "tool_calls": [
            {
              "name": "get_field_values",
              "args": {
                "field": "additionalEventData.MFAUsed",
                "sourcetype": "aws:cloudtrail",
                "top_n": 10
              }
            }
          ]
        },
        {
          "type": "ToolMessage",
          "content": "{\"results\": [{\"additionalEventData.MFAUsed\": \"No\", \"count\": \"4\", \"percent\": \"100.000000\", \"_tc\": \"4\"}], \"meta\": {\"total_event_count\": 1, \"returned\": 1, \"sid\": \"1783472534.616\"}}",
          "name": "get_field_values"
        },
        {
          "type": "AIMessage",
          "content": "Intention: `additionalEventData.MFAUsed` only has 4 events with value \"No\" — very low coverage. Let me check the coverage of `userIdentity.sessionContext.attributes.mfaAuthenticated` to compare.",
          "tool_calls": [
            {
              "name": "get_field_values",
              "args": {
                "field": "userIdentity.sessionContext.attributes.mfaAuthenticated",
                "sourcetype": "aws:cloudtrail",
                "top_n": 10
              }
            }
          ]
        },
        {
          "type": "ToolMessage",
          "content": "{\"results\": [{\"userIdentity.sessionContext.attributes.mfaAuthenticated\": \"false\", \"count\": \"2155\", \"percent\": \"100.000000\", \"_tc\": \"2155\"}], \"meta\": {\"total_event_count\": 1, \"returned\": 1, \"sid\": \"1783472539.617\"}}",
          "name": "get_field_values"
        },
        {
          "type": "AIMessage",
          "content": "The evidence is definitive. Comparing the two candidate fields:\n\n| Field | Event Count | Value(s) | Coverage |\n|---|---|---|---|\n| `userIdentity.sessionContext.attributes.mfaAuthenticated` | 2,155 | `\"false\"` | Present across all IAM users and AssumedRole sessions |\n| `additionalEventData.MFAUsed` | 4 | `\"No\"` | Only in specific console-login-type events |\n\nThe raw JSON confirms the exact nested structure:\n```json\n\"userIdentity\": {\n  \"sessionContext\": {\n    \"attributes\": {\n      \"mfaAuthenticated\": \"false\",\n      \"creationDate\": \"...\"\n    }\n  }\n}\n```\n\n`userIdentity.sessionContext.attributes.mfaAuthenticated` is the clear winner — it has 2,155 events with comprehensive coverage across all user types (IAMUser, AssumedRole), while `additionalEventData.MFAUsed` appears in only 4 events. For alerting on AWS API activity without MFA, the session-context field is the authoritative and complete path.\n\nFINAL ANSWER: `userIdentity.sessionContext.attributes.mfaAuthenticated`\nSPL: `index=botsv3 sourcetype=aws:cloudtrail | stats count by userIdentity.sessionContext.attributes.mfaAuthenticated`"
        }
      ],
      "iterations": 6,
      "cap_hit": false
    }
  ]
}