{
  "id": "Q205",
  "question": "What is the name of the text file that was successfully uploaded into the S3 bucket while it was publicly accessible?",
  "base_points": 100,
  "correct_answer": "OPEN_BUCKET_PLEASE_FIX.txt",
  "sh_answer": "OPEN_BUCKET_PLEASE_FIX.txt",
  "clean_answer": "OPEN_BUCKET_PLEASE_FIX.txt",
  "sb_correct": true,
  "earned": 100,
  "num_delegations": 3,
  "delegations": [
    {
      "worker": "senior#11",
      "qid": "Q205",
      "subquestion": "In Splunk index=botsv3 sourcetype=aws:cloudtrail for the August 2018 Frothly AWS environment, search for all S3 object upload events to bucket `frothlywebcode` after the public-access-enabling `PutBucketAcl` event at `2018-08-20T13:01:46Z` with eventID `ab45689d-69cd-41e7-8705-5350402cf7ac`. Look for successful object creation actions such as `PutObject`, `CompleteMultipartUpload`, or similar. Report timestamps, eventName, object key, bucket name, user/principal, source IP, HTTP status if available, and eventID.",
      "status": "partial",
      "answer": "PARTIAL ANSWER: No S3 object upload events (PutObject, CompleteMultipartUpload, etc.) exist in `aws:cloudtrail` for the `frothlywebcode` bucket. CloudTrail only recorded bucket-level management events (GetBucket*, PutBucketAcl) — S3 data/object-level event logging was not enabled. The only post-PutBucketAcl S3 CloudTrail events are read operations (GetBucketAcl, GetBucketPolicy, GetBucketCors, etc.) by bstoll and splunk_access.\n\nHowever, `bash_history` on host `mars.i-08e52f8b5a034012d` reveals three S3 upload commands executed at `2018-08-20T14:26:54Z` (UTC), approximately 1 hour 25 minutes after the PutBucketAcl event:\n\n1. `python /home/ec2-user/tools/s3-upload.py --bucket frothlywebcode --file frothly_html_memcaced.tar.gz --folder '' --target frothly_html_memcached.tar.gz`\n2. `python /home/ec2-user/tools/s3-upload.py --bucket frothlywebcode --file frothly_web_memcaced.tar.gz --folder '' --target frothly_html_memcached.tar.gz`\n3. `python /home/ec2-user/tools/s3-upload.py --bucket frothlywebcode --file frothly_web_memcaced.tar.gz --folder '' --target frothly_html_memcached.tar.gz`\n\nThe PutBucketAcl event (eventID `ab45689d-69cd-41e7-8705-5350402cf7ac`) at `2018-08-20T13:01:46Z` by user `bstoll` from IP `107.77.212.175` is confirmed.\n\nUNCERTAINTY: The question asks specifically for CloudTrail object upload events with timestamps, eventName, object key, bucket name, user/principal, source IP, HTTP status, and eventID. These details are NOT available in CloudTrail because S3 data event logging was not enabled. The `aws:s3:accesslogs` sourcetype is empty (0 events), and `stream:http` has no PUT/POST traffic. The bash_history commands confirm uploads occurred but do not provide CloudTrail-level fields (eventID, HTTP status, source IP, etc.). The actual object key would be `frothly_html_memcached.tar.gz` based on the `--target` parameter, but this is inferred from bash_history, not from a CloudTrail event.\n\nSPL queries run:\n- `index=botsv3 sourcetype=aws:cloudtrail eventID=ab45689d-69cd-41e7-8705-5350402cf7ac` (confirmed PutBucketAcl event)\n- `index=botsv3 sourcetype=aws:cloudtrail eventSource=s3.amazonaws.com requestParameters.bucketName=frothlywebcode | stats count by eventName` (only bucket-level events: GetBucket*, PutBucketAcl — no PutObject/CompleteMultipartUpload)\n- `index=botsv3 sourcetype=aws:cloudtrail eventSource=s3.amazonaws.com (eventName=PutObject OR eventName=CompleteMultipartUpload OR ...) | stats count by eventName` (0 results)\n- `index=botsv3 sourcetype=aws:s3:accesslogs | stats count` (0 results — no S3 access logs at all)\n- `index=botsv3 sourcetype=bash_history frothlywebcode` (found 3 s3-upload.py commands at 14:26:54Z UTC)\n\nNEXT STEP: To get the exact CloudTrail-level details (eventID, source IP, HTTP status) for the object uploads, one would need to check if the `s3-upload.py` script logs its output anywhere (e.g., syslog, cloud-init-output, or a custom log), or examine the script itself to determine what S3 API calls it makes and whether those calls would appear in any other monitored log source.",
      "spl_used": [
        "index=botsv3 sourcetype=aws:cloudtrail eventID=ab45689d-69cd-41e7-8705-5350402cf7ac | stats values(eventName) as eventName values(eventTime) as eventTime values(requestParameters.bucketName) as bucketName values(sourceIPAddress) as sourceIP values(userIdentity.userName) as userName values(userIdentity.arn) as userArn",
        "index=botsv3 sourcetype=aws:cloudtrail eventSource=s3.amazonaws.com requestParameters.bucketName=frothlywebcode | stats count by eventName | sort -count",
        "index=botsv3 sourcetype=aws:cloudtrail eventSource=s3.amazonaws.com (eventName=PutObject OR eventName=CompleteMultipartUpload OR eventName=CopyObject OR eventName=CreateMultipartUpload OR eventName=UploadPart OR eventName=POST OR eventName=PUT) | stats count by eventName | sort -count",
        "index=botsv3 sourcetype=aws:s3:accesslogs bucket=frothlywebcode | stats count by operation | sort -count",
        "index=botsv3 sourcetype=aws:s3:accesslogs | stats count by bucket operation | sort -count",
        "index=botsv3 sourcetype=aws:cloudtrail eventSource=s3.amazonaws.com | stats count by eventName | sort -count",
        "index=botsv3 sourcetype=stream:http (frothlywebcode OR s3.amazonaws.com) | stats count by http_method uri_path | head 20",
        "index=botsv3 sourcetype=stream:http (http_method=PUT OR http_method=POST) | stats count by http_method uri_host uri_path | head 30",
        "index=botsv3 sourcetype=aws:cloudtrail eventSource=s3.amazonaws.com requestParameters.bucketName=frothlywebcode eventTime>\\\"2018-08-20T13:01:46Z\\\" | stats count by eventName eventTime eventID sourceIPAddress userIdentity.userName | sort eventTime",
        "index=botsv3 sourcetype=bash_history frothlywebcode | stats count by _time host | sort -_time",
        "index=botsv3 sourcetype=bash_history s3-upload.py | stats count by _raw | head 10"
      ],
      "sourcetypes": [
        "aws:cloudtrail",
        "aws:s3:accesslogs",
        "bash_history",
        "stream:http"
      ],
      "full_state": [
        {
          "type": "HumanMessage",
          "content": "In Splunk index=botsv3 sourcetype=aws:cloudtrail for the August 2018 Frothly AWS environment, search for all S3 object upload events to bucket `frothlywebcode` after the public-access-enabling `PutBucketAcl` event at `2018-08-20T13:01:46Z` with eventID `ab45689d-69cd-41e7-8705-5350402cf7ac`. Look for successful object creation actions such as `PutObject`, `CompleteMultipartUpload`, or similar. Report timestamps, eventName, object key, bucket name, user/principal, source IP, HTTP status if available, and eventID."
        },
        {
          "type": "AIMessage",
          "content": "Intention: Confirm that `aws:cloudtrail` is a valid sourcetype in BOTSv3 and discover its available fields before running any searches.\n→ call get_source_types()",
          "tool_calls": [
            {
              "name": "get_source_types",
              "args": {}
            }
          ]
        },
        {
          "type": "ToolMessage",
          "content": "{\"source_types\": [\"access_combined\", \"alternatives\", \"amazon-ssm-agent\", \"amazon-ssm-agent-too_small\", \"apache_error\", \"aws:cloudtrail\", \"aws:cloudwatch\", \"aws:cloudwatch:guardduty\", \"aws:cloudwatchlogs\", \"aws:cloudwatchlogs:vpcflow\", \"aws:config:rule\", \"aws:description\", \"aws:elb:accesslogs\", \"aws:rds:audit\", \"aws:rds:error\", \"aws:s3:accesslogs\", \"bandwidth\", \"bash_history\", \"bootstrap\", \"cisco:asa\", \"cloud-init\", \"cloud-init-output\", \"code42:api\", \"code42:computer\", \"code42:org\", \"code42:security\", \"code42:user\", \"config_file\", \"cpu\", \"cron-too_small\", \"df\", \"dmesg\", \"dpkg\", \"error-too_small\", \"errors\", \"errors-too_small\", \"ess_content_importer\", \"hardware\", \"history-2\", \"interfaces\", \"iostat\", \"lastlog\", \"linux_audit\", \"linux_secure\", \"localhost-5\", \"lsof\", \"maillog-too_small\", \"ms:aad:audit\", \"ms:aad:signin\", \"ms:o365:management\", \"ms:o365:reporting:messagetrace\", \"netstat\", \"o365:management:activity\", \"openports\", \"osquery:info\", \"osquery:results\", \"osquery:warning\", \"out-3\", \"package\", \"perfmonmk:process\", \"protocol\", \"ps\", \"script:getendpointinfo\", \"script:installedapps\", \"script:listeningports\", \"stream:arp\", \"stream:dhcp\", \"stream:dns\", \"stream:http\", \"stream:icmp\", \"stream:igmp\", \"stream:ip\", \"stream:mysql\", \"stream:smb\", \"stream:smtp\", \"stream:tcp\", \"stream:udp\", \"symantec:ep:agent:file\", \"symantec:ep:agt_system:file\", \"symantec:ep:behavior:file\", \"symantec:ep:packet:file\", \"symantec:ep:risk:file\", \"symantec:ep:scm_system:file\", \"symantec:ep:security:file\", \"symantec:ep:traffic:file\", \"syslog\", \"time\", \"top\", \"unix:listeningports\", \"unix:service\", \"unix:sshdconfig\", \"unix:update\", \"unix:uptime\", \"unix:useraccounts\", \"unix:version\", \"userswithloginprivs\", \"vmstat\", \"who\", \"wineventlog\", \"winhostmon\", \"xmlwineventlog:microsoft-windows-sysmon/operational\", \"yum-too_small\", \"WinEventLog\"], \"count\": 103}",
          "name": "get_source_types"
        },
        {
          "type": "AIMessage",
          "content": "Intention: Get the field summary for `aws:cloudtrail` to understand which fields are available for eventName, bucket name, object key, user/principal, source IP, HTTP status, and eventID.\n→ call get_sourcetype_fields(sourcetype=\"aws:cloudtrail\")",
          "tool_calls": [
            {
              "name": "get_sourcetype_fields",
              "args": {
                "sourcetype": "aws:cloudtrail"
              }
            }
          ]
        },
        {
          "type": "ToolMessage",
          "content": "{\"results\": [{\"field\": \"date_hour\", \"count\": \"6571\", \"distinct_count\": \"7\", \"values\": \"[{\\\"value\\\":\\\"13\\\",\\\"count\\\":1787},{\\\"value\\\":\\\"9\\\",\\\"count\\\":1294},{\\\"value\\\":\\\"14\\\",\\\"count\\\":1276}]\"}, {\"field\": \"date_mday\", \"count\": \"6571\", \"distinct_count\": \"1\", \"values\": \"[{\\\"value\\\":\\\"20\\\",\\\"count\\\":6571}]\"}, {\"field\": \"date_minute\", \"count\": \"6571\", \"distinct_count\": \"15\", \"values\": \"[{\\\"value\\\":\\\"5\\\",\\\"count\\\":797},{\\\"value\\\":\\\"11\\\",\\\"count\\\":327},{\\\"value\\\":\\\"40\\\",\\\"count\\\":298}]\"}, {\"field\": \"date_month\", \"count\": \"6571\", \"distinct_count\": \"1\", \"values\": \"[{\\\"value\\\":\\\"august\\\",\\\"count\\\":6571}]\"}, {\"field\": \"date_second\", \"count\": \"6571\", \"distinct_count\": \"15\", \"values\": \"[{\\\"value\\\":\\\"13\\\",\\\"count\\\":531},{\\\"value\\\":\\\"27\\\",\\\"count\\\":356},{\\\"value\\\":\\\"18\\\",\\\"count\\\":273}]\"}, {\"field\": \"date_wday\", \"count\": \"6571\", \"distinct_count\": \"1\", \"values\": \"[{\\\"value\\\":\\\"monday\\\",\\\"count\\\":6571}]\"}, {\"field\": \"date_year\", \"count\": \"6571\", \"distinct_count\": \"1\", \"values\": \"[{\\\"value\\\":\\\"2018\\\",\\\"count\\\":6571}]\"}, {\"field\": \"date_zone\", \"count\": \"6571\", \"distinct_count\": \"1\", \"values\": \"[{\\\"value\\\":\\\"0\\\",\\\"count\\\":6571}]\"}, {\"field\": \"host\", \"count\": \"6571\", \"distinct_count\": \"1\", \"values\": \"[{\\\"value\\\":\\\"splunk.froth.ly\\\",\\\"count\\\":6571}]\"}, {\"field\": \"index\", \"count\": \"6571\", \"distinct_count\": \"1\", \"values\": \"[{\\\"value\\\":\\\"botsv3\\\",\\\"count\\\":6571}]\"}, {\"field\": \"linecount\", \"count\": \"6571\", \"distinct_count\": \"1\", \"values\": \"[{\\\"value\\\":\\\"1\\\",\\\"count\\\":6571}]\"}, {\"field\": \"punct\", \"count\": \"6571\", \"distinct_count\": \"15\", \"values\": \"[{\\\"value\\\":\\\"{\\\\\\\"\\\\\\\":_\\\\\\\"--::\\\\\\\",_\\\\\\\"\\\\\\\":_\\\\\\\"\\\\\\\",_\\\\\\\"\\\\\\\":_{\\\\\\\"\\\\\\\":_\\\\\\\"\\\\\\\",_\\\\\\\"\\\\\\\":_\\\\\\\"\\\\\\\",_\\\\\\\"\\\\\\\":_\\\\\\\":::\\\",\\\"count\\\":1869},{\\\"value\\\":\\\"{\\\\\\\"\\\\\\\":_\\\\\\\"...\\\\\\\",_\\\\\\\"\\\\\\\":_\\\\\\\"--::\\\\\\\",_\\\\\\\"\\\\\\\":_\\\\\\\"/.._/.._/..--_/..\\\\\\\",_\\\\\\\"\\\",\\\"count\\\":975},{\\\"value\\\":\\\"{\\\\\\\"\\\\\\\":_\\\\\\\"--::\\\\\\\",_\\\\\\\"\\\\\\\":_\\\\\\\"----\\\\\\\",_\\\\\\\"\\\\\\\":_\\\\\\\"--\\\\\\\",_\\\\\\\"\\\\\\\":_\\\\\\\"...\\\\\\\",_\\\\\\\"\\\\\\\":_\\\",\\\"count\\\":699}]\"}, {\"field\": \"source\", \"count\": \"6571\", \"distinct_count\": \"15\", \"values\": \"[{\\\"value\\\":\\\"s3://cloudtrail-622676721278/AWSLogs/622676721278/CloudTrail/us-west-1/2018/07/26/622676721278_CloudTrail_us-west-1_20180726T0015Z_0kI4vZDDihwWjypH.json.gz\\\",\\\"count\\\":293},{\\\"value\\\":\\\"s3://cloudtrail-622676721278/AWSLogs/622676721278/CloudTrail/us-west-1/2018/07/26/622676721278_CloudTrail_us-west-1_20180726T0050Z_RFe4EoFn7GpzYj5o.json.gz\\\",\\\"count\\\":207},{\\\"value\\\":\\\"s3://cloudtrail-622676721278/AWSLogs/622676721278/CloudTrail/us-west-1/2018/07/26/622676721278_CloudTrail_us-west-1_20180726T0115Z_9iZynrwBbVlGXRS5.json.gz\\\",\\\"count\\\":195}]\"}, {\"field\": \"sourcetype\", \"count\": \"6571\", \"distinct_count\": \"1\", \"values\": \"[{\\\"value\\\":\\\"aws:cloudtrail\\\",\\\"count\\\":6571}]\"}, {\"field\": \"splunk_server\", \"count\": \"6571\", \"distinct_count\": \"1\", \"values\": \"[{\\\"value\\\":\\\"DESKTOP-Q4TP1FN\\\",\\\"count\\\":6571}]\"}, {\"field\": \"timeendpos\", \"count\": \"6571\", \"distinct_count\": \"15\", \"values\": \"[{\\\"value\\\":\\\"35\\\",\\\"count\\\":3275},{\\\"value\\\":\\\"72\\\",\\\"count\\\":663},{\\\"value\\\":\\\"71\\\",\\\"count\\\":464}]\"}, {\"field\": \"timestartpos\", \"count\": \"6571\", \"distinct_count\": \"15\", \"values\": \"[{\\\"value\\\":\\\"15\\\",\\\"count\\\":3275},{\\\"value\\\":\\\"52\\\",\\\"count\\\":663},{\\\"value\\\":\\\"51\\\",\\\"count\\\":464}]\"}, {\"field\": \"eventVersion\", \"count\": \"6570\", \"distinct_count\": \"4\", \"values\": \"[{\\\"value\\\":\\\"1.05\\\",\\\"count\\\":6166},{\\\"value\\\":\\\"1.04\\\",\\\"count\\\":268},{\\\"value\\\":\\\"1.02\\\",\\\"count\\\":118}]\"}, {\"field\": \"sourceIPAddress\", \"count\": \"6564\", \"distinct_count\": \"15\", \"values\": \"[{\\\"value\\\":\\\"34.215.24.225\\\",\\\"count\\\":4064},{\\\"value\\\":\\\"139.198.18.205\\\",\\\"count\\\":637},{\\\"value\\\":\\\"107.77.212.175\\\",\\\"count\\\":552}]\"}, {\"field\": \"eventName\", \"count\": \"6558\", \"distinct_count\": \"15\", \"values\": \"[{\\\"value\\\":\\\"DescribeConfigRuleEvaluationStatus\\\",\\\"count\\\":1798},{\\\"value\\\":\\\"RunInstances\\\",\\\"count\\\":576},{\\\"value\\\":\\\"DescribeInstances\\\",\\\"count\\\":346}]\"}, {\"field\": \"eventTime\", \"count\": \"6558\", \"distinct_count\": \"15\", \"values\": \"[{\\\"value\\\":\\\"2018-08-20T10:53:37Z\\\",\\\"count\\\":70},{\\\"value\\\":\\\"2018-08-20T12:57:32Z\\\",\\\"count\\\":70},{\\\"value\\\":\\\"2018-08-20T11:05:13Z\\\",\\\"count\\\":67}]\"}, {\"field\": \"requestID\", \"count\": \"6554\", \"distinct_count\": \"15\", \"values\": \"[{\\\"value\\\":\\\"00013aea-903f-11e8-bd4b-2941cf9c7c67\\\",\\\"count\\\":1},{\\\"value\\\":\\\"0008b490-903f-11e8-b120-2778f3934894\\\",\\\"count\\\":1},{\\\"value\\\":\\\"000ad7db-903f-11e8-bd4b-2941cf9c7c67\\\",\\\"count\\\":1}]\"}, {\"field\": \"eventID\", \"count\": \"6547\", \"distinct_count\": \"15\", \"values\": \"[{\\\"value\\\":\\\"00120435-c4d9-436f-8ac8-907c2acc709a\\\",\\\"count\\\":1},{\\\"value\\\":\\\"00256f5f-ca6d-4f41-a49a-391b84907001\\\",\\\"count\\\":1},{\\\"value\\\":\\\"00271086-392e-4e8c-ba8b-74a7df3eaf05\\\",\\\"count\\\":1}]\"}, {\"field\": \"eventSource\", \"count\": \"6546\", \"distinct_count\": \"15\", \"values\": \"[{\\\"value\\\":\\\"config.amazonaws.com\\\",\\\"count\\\":2159},{\\\"value\\\":\\\"ec2.amazonaws.com\\\",\\\"count\\\":1833},{\\\"value\\\":\\\"s3.amazonaws.com\\\",\\\"count\\\":912}]\"}, {\"field\": \"userIdentity.type\", \"count\": \"6546\", \"distinct_count\": \"3\", \"values\": \"[{\\\"value\\\":\\\"IAMUser\\\",\\\"count\\\":5425},{\\\"value\\\":\\\"AssumedRole\\\",\\\"count\\\":789},{\\\"value\\\":\\\"AWSService\\\",\\\"count\\\":332}]\"}, {\"field\": \"userAgent\", \"count\": \"6541\", \"distinct_count\": \"15\", \"values\": \"[{\\\"value\\\":\\\"Boto3/1.5.22 Python/2.7.14 Linux/4.4.0-1062-aws Botocore/1.8.46\\\",\\\"count\\\":2952},{\\\"value\\\":\\\"[Boto3/1.5.22 Python/2.7.14 Linux/4.4.0-1062-aws Botocore/1.8.46]\\\",\\\"count\\\":738},{\\\"value\\\":\\\"signin.amazonaws.com\\\",\\\"count\\\":684}]\"}, {\"field\": \"awsRegion\", \"count\": \"6539\", \"distinct_count\": \"15\", \"values\": \"[{\\\"value\\\":\\\"us-west-1\\\",\\\"count\\\":4289},{\\\"value\\\":\\\"us-east-1\\\",\\\"count\\\":1077},{\\\"value\\\":\\\"us-west-2\\\",\\\"count\\\":675}]\"}, {\"field\": \"eventType\", \"count\": \"6535\", \"distinct_count\": \"2\", \"values\": \"[{\\\"value\\\":\\\"AwsApiCall\\\",\\\"count\\\":6531},{\\\"value\\\":\\\"AwsConsoleSignIn\\\",\\\"count\\\":4}]\"}, {\"field\": \"recipientAccountId\", \"count\": \"6535\", \"distinct_count\": \"1\", \"values\": \"[{\\\"value\\\":\\\"622676721278\\\",\\\"count\\\":6535}]\"}, {\"field\": \"userIdentity.accountId\", \"count\": \"6214\", \"distinct_count\": \"1\", \"values\": \"[{\\\"value\\\":\\\"622676721278\\\",\\\"count\\\":6214}]\"}, {\"field\": \"userIdentity.arn\", \"count\": \"6214\", \"distinct_count\": \"15\", \"values\": \"[{\\\"value\\\":\\\"arn:aws:iam::622676721278:user/splunk_access\\\",\\\"count\\\":4091},{\\\"value\\\":\\\"arn:aws:iam::622676721278:user/web_admin\\\",\\\"count\\\":646},{\\\"value\\\":\\\"arn:aws:iam::622676721278:user/bstoll\\\",\\\"count\\\":615}]\"}, {\"field\": \"userIdentity.principalId\", \"count\": \"6214\", \"distinct_count\": \"15\", \"values\": \"[{\\\"value\\\":\\\"AIDAIQDWHFKP2XVDXFKFW\\\",\\\"count\\\":4091},{\\\"value\\\":\\\"AIDAJNUCQVD57VVGYEFTQ\\\",\\\"count\\\":646},{\\\"value\\\":\\\"AIDAJUFKXZ44LV4EN4MGK\\\",\\\"count\\\":615}]\"}, {\"field\": \"userIdentity.accessKeyId\", \"count\": \"5924\", \"distinct_count\": \"15\", \"values\": \"[{\\\"value\\\":\\\"AKIAIGKL572SFDPOKLHA\\\",\\\"count\\\":4046},{\\\"value\\\":\\\"ASIAZB6TMXZ7LL6JBJQA\\\",\\\"count\\\":637},{\\\"value\\\":\\\"ASIAZB6TMXZ7FYCAEHNR\\\",\\\"count\\\":338}]\"}, {\"field\": \"userIdentity.userName\", \"count\": \"5425\", \"distinct_count\": \"4\", \"values\": \"[{\\\"value\\\":\\\"splunk_access\\\",\\\"count\\\":4091},{\\\"value\\\":\\\"web_admin\\\",\\\"count\\\":646},{\\\"value\\\":\\\"bstoll\\\",\\\"count\\\":615}]\"}, {\"field\": \"responseElements\", \"count\": \"3593\", \"distinct_count\": \"1\", \"values\": \"[{\\\"value\\\":\\\"null\\\",\\\"count\\\":3593}]\"}, {\"field\": \"userIdentity.sessionContext.attributes.creationDate\", \"count\": \"2155\", \"distinct_count\": \"15\", \"values\": \"[{\\\"value\\\":\\\"2018-08-20T09:16:12Z\\\",\\\"count\\\":637},{\\\"value\\\":\\\"2018-08-20T12:19:44Z\\\",\\\"count\\\":354},{\\\"value\\\":\\\"2018-08-20T13:57:22Z\\\",\\\"count\\\":127}]\"}, {\"field\": \"userIdentity.sessionContext.attributes.mfaAuthenticated\", \"count\": \"2155\", \"distinct_count\": \"1\", \"values\": \"[{\\\"value\\\":\\\"false\\\",\\\"count\\\":2155}]\"}, {\"field\": \"requestParameters.limit\", \"count\": \"1862\", \"distinct_count\": \"1\", \"values\": \"[{\\\"value\\\":\\\"0\\\",\\\"count\\\":1862}]\"}, {\"field\": \"requestParameters.configRuleNames{}\", \"count\": \"1798\", \"distinct_count\": \"15\", \"values\": \"[{\\\"value\\\":\\\"acm-certificate-expiration-check\\\",\\\"count\\\":62},{\\\"value\\\":\\\"autoscaling-group-elb-healthcheck-required\\\",\\\"count\\\":62},{\\\"value\\\":\\\"cloudformation-stack-notification-check\\\",\\\"count\\\":62}]\"}, {\"field\": \"responseElements.configRulesEvaluationStatus{}.configRuleArn\", \"count\": \"1798\", \"distinct_count\": \"15\", \"values\": \"[{\\\"value\\\":\\\"arn:aws:config:us-west-1:622676721278:config-rule/config-rule-b4oyfz\\\",\\\"count\\\":62},{\\\"value\\\":\\\"arn:aws:config:us-west-1:622676721278:config-rule/config-rule-dxn4b2\\\",\\\"count\\\":62},{\\\"value\\\":\\\"arn:aws:config:us-west-1:622676721278:config-rule/config-rule-dzyf9e\\\",\\\"count\\\":62}]\"}, {\"field\": \"responseElements.configRulesEvaluationStatus{}.configRuleId\", \"count\": \"1798\", \"distinct_count\": \"15\", \"values\": \"[{\\\"value\\\":\\\"config-rule-b4oyfz\\\",\\\"count\\\":62},{\\\"value\\\":\\\"config-rule-dxn4b2\\\",\\\"count\\\":62},{\\\"value\\\":\\\"config-rule-dzyf9e\\\",\\\"count\\\":62}]\"}, {\"field\": \"responseElements.configRulesEvaluationStatus{}.configRuleName\", \"count\": \"1798\", \"distinct_count\": \"15\", \"values\": \"[{\\\"value\\\":\\\"acm-certificate-expiration-check\\\",\\\"count\\\":62},{\\\"value\\\":\\\"autoscaling-group-elb-healthcheck-required\\\",\\\"count\\\":62},{\\\"value\\\":\\\"cloudformation-stack-notification-check\\\",\\\"count\\\":62}]\"}, {\"field\": \"responseElements.configRulesEvaluationStatus{}.firstActivatedTime\", \"count\": \"1798\", \"distinct_count\": \"5\", \"values\": \"[{\\\"value\\\":\\\"Jul 18, 2018 6:10:14 PM\\\",\\\"count\\\":434},{\\\"value\\\":\\\"Jul 18, 2018 6:10:15 PM\\\",\\\"count\\\":434},{\\\"value\\\":\\\"Jul 18, 2018 6:10:12 PM\\\",\\\"count\\\":372}]\"}, {\"field\": \"responseElements.configRulesEvaluationStatus{}.firstEvaluationStarted\", \"count\": \"1798\", \"distinct_count\": \"1\", \"values\": \"[{\\\"value\\\":\\\"true\\\",\\\"count\\\":1798}]\"}, {\"field\": \"responseElements.configRulesEvaluationStatus{}.lastSuccessfulInvocationTime\", \"count\": \"1736\", \"distinct_count\": \"15\", \"values\": \"[{\\\"value\\\":\\\"Jul 25, 2018 6:10:19 PM\\\",\\\"count\\\":372},{\\\"value\\\":\\\"Jul 25, 2018 3:58:40 AM\\\",\\\"count\\\":238},{\\\"value\\\":\\\"Jul 25, 2018 1:10:40 PM\\\",\\\"count\\\":135}]\"}, {\"field\": \"responseElements.configRulesEvaluationStatus{}.lastSuccessfulEvaluationTime\", \"count\": \"1612\", \"distinct_count\": \"15\", \"values\": \"[{\\\"value\\\":\\\"Jul 25, 2018 6:10:20 PM\\\",\\\"count\\\":248},{\\\"value\\\":\\\"Jul 25, 2018 3:58:40 AM\\\",\\\"count\\\":170},{\\\"value\\\":\\\"Jul 25, 2018 1:10:41 PM\\\",\\\"count\\\":135}]\"}, {\"field\": \"userIdentity.invokedBy\", \"count\": \"1581\", \"distinct_count\": \"10\", \"values\": \"[{\\\"value\\\":\\\"signin.amazonaws.com\\\",\\\"count\\\":684},{\\\"value\\\":\\\"config.amazonaws.com\\\",\\\"count\\\":360},{\\\"value\\\":\\\"autoscaling.amazonaws.com\\\",\\\"count\\\":355}]\"}, {\"field\": \"errorCode\", \"count\": \"1067\", \"distinct_count\": \"15\", \"values\": \"[{\\\"value\\\":\\\"Client.InstanceLimitExceeded\\\",\\\"count\\\":280},{\\\"value\\\":\\\"Client.UnauthorizedOperation\\\",\\\"count\\\":231},{\\\"value\\\":\\\"NoSuchCORSConfiguration\\\",\\\"count\\\":151}]\"}, {\"field\": \"errorMessage\", \"count\": \"1067\", \"distinct_count\": \"15\", \"values\": \"[{\\\"value\\\":\\\"You have requested more instances (1) than your current instance limit of 0 allows for the specified instance type. Please visit http://aws.amazon.com/contact-us/ec2-request to request an adjustment to this limit.\\\",\\\"count\\\":280},{\\\"value\\\":\\\"The CORS configuration does not exist\\\",\\\"count\\\":151},{\\\"value\\\":\\\"The lifecycle configuration does not exist\\\",\\\"count\\\":147}]\"}, {\"field\": \"requestParameters.bucketName\", \"count\": \"899\", \"distinct_count\": \"15\", \"values\": \"[{\\\"value\\\":\\\"frothlywebcode\\\",\\\"count\\\":108},{\\\"value\\\":\\\"cloudtrail-622676721278\\\",\\\"count\\\":59},{\\\"value\\\":\\\"config-bucket-622676721278\\\",\\\"count\\\":54}]\"}, {\"field\": \"userIdentity.sessionContext.sessionIssuer.accountId\", \"count\": \"789\", \"distinct_count\": \"1\", \"values\": \"[{\\\"value\\\":\\\"622676721278\\\",\\\"count\\\":789}]\"}, {\"field\": \"userIdentity.sessionContext.sessionIssuer.arn\", \"count\": \"789\", \"distinct_count\": \"7\", \"values\": \"[{\\\"value\\\":\\\"arn:aws:iam::622676721278:role/aws-service-role/autoscaling.amazonaws.com/AWSServiceRoleForAutoScaling\\\",\\\"count\\\":279},{\\\"value\\\":\\\"arn:aws:iam::622676721278:role/service-role/splunk_lambda\\\",\\\"count\\\":261},{\\\"value\\\":\\\"arn:aws:iam::622676721278:role/service-role/config-role-us-west-1\\\",\\\"count\\\":238}]\"}, {\"field\": \"userIdentity.... [truncated — use a more specific query]\"}",
          "name": "get_sourcetype_fields"
        },
        {
          "type": "AIMessage",
          "content": "Intention: Sample raw events from aws:cloudtrail filtered on bucketName=frothlywebcode to see the full JSON structure, especially how object keys are stored and what PutObject/CompleteMultipartUpload events look like.\n→ call sample_events(sourcetype=\"aws:cloudtrail\", keyword=\"frothlywebcode\", count=5)",
          "tool_calls": [
            {
              "name": "sample_events",
              "args": {
                "sourcetype": "aws:cloudtrail",
                "keyword": "frothlywebcode",
                "count": 5
              }
            }
          ]
        },
        {
          "type": "ToolMessage",
          "content": "{\"results\": [{\"_time\": \"2018-08-20T22:53:34.000+08:00\", \"_raw\": \"{\\\"requestParameters\\\": {\\\"location\\\": [\\\"\\\"], \\\"bucketName\\\": \\\"frothlywebcode\\\"}, \\\"eventTime\\\": \\\"2018-08-20T14:53:34Z\\\", \\\"eventID\\\": \\\"59c09bd6-6dec-49f5-8a1f-2189c1c56f86\\\", \\\"eventVersion\\\": \\\"1.05\\\", \\\"awsRegion\\\": \\\"us-west-1\\\", \\\"eventType\\\": \\\"AwsApiCall\\\", \\\"eventSource\\\": \\\"s3.amazonaws.com\\\", \\\"requestID\\\": \\\"3945AF484E814B1B\\\", \\\"userIdentity\\\": {\\\"arn\\\": \\\"arn:aws:iam::622676721278:user/splunk_access\\\", \\\"userName\\\": \\\"splunk_access\\\", \\\"accountId\\\": \\\"622676721278\\\", \\\"principalId\\\": \\\"AIDAIQDWHFKP2XVDXFKFW\\\", \\\"accessKeyId\\\": \\\"AKIAIGKL572SFDPOKLHA\\\", \\\"type\\\": \\\"IAMUser\\\"}, \\\"eventName\\\": \\\"GetBucketLocation\\\", \\\"recipientAccountId\\\": \\\"622676721278\\\", \\\"responseElements\\\": null, \\\"sourceIPAddress\\\": \\\"34.215.24.225\\\", \\\"userAgent\\\": \\\"[Boto3/1.5.22 Python/2.7.14 Linux/4.4.0-1062-aws Botocore/1.8.46]\\\"}\"}, {\"_time\": \"2018-08-20T22:53:34.000+08:00\", \"_raw\": \"{\\\"requestParameters\\\": {\\\"tagging\\\": [\\\"\\\"], \\\"bucketName\\\": \\\"frothlywebcode\\\"}, \\\"eventTime\\\": \\\"2018-08-20T14:53:34Z\\\", \\\"errorCode\\\": \\\"NoSuchTagSet\\\", \\\"eventVersion\\\": \\\"1.05\\\", \\\"awsRegion\\\": \\\"us-west-1\\\", \\\"eventID\\\": \\\"df11cbe0-cde0-439b-8b9e-cacec4849507\\\", \\\"errorMessage\\\": \\\"The TagSet does not exist\\\", \\\"eventType\\\": \\\"AwsApiCall\\\", \\\"eventSource\\\": \\\"s3.amazonaws.com\\\", \\\"requestID\\\": \\\"5D77AA99E9AC517A\\\", \\\"userIdentity\\\": {\\\"arn\\\": \\\"arn:aws:iam::622676721278:user/splunk_access\\\", \\\"userName\\\": \\\"splunk_access\\\", \\\"accountId\\\": \\\"622676721278\\\", \\\"principalId\\\": \\\"AIDAIQDWHFKP2XVDXFKFW\\\", \\\"accessKeyId\\\": \\\"AKIAIGKL572SFDPOKLHA\\\", \\\"type\\\": \\\"IAMUser\\\"}, \\\"eventName\\\": \\\"GetBucketTagging\\\", \\\"recipientAccountId\\\": \\\"622676721278\\\", \\\"responseElements\\\": null, \\\"sourceIPAddress\\\": \\\"34.215.24.225\\\", \\\"userAgent\\\": \\\"[Boto3/1.5.22 Python/2.7.14 Linux/4.4.0-1062-aws Botocore/1.8.46]\\\"}\"}, {\"_time\": \"2018-08-20T22:53:34.000+08:00\", \"_raw\": \"{\\\"requestParameters\\\": {\\\"lifecycle\\\": [\\\"\\\"], \\\"bucketName\\\": \\\"frothlywebcode\\\"}, \\\"eventTime\\\": \\\"2018-08-20T14:53:34Z\\\", \\\"errorCode\\\": \\\"NoSuchLifecycleConfiguration\\\", \\\"eventVersion\\\": \\\"1.05\\\", \\\"awsRegion\\\": \\\"us-west-1\\\", \\\"eventID\\\": \\\"3e03e68e-fc37-4a4a-bd05-a3d088b4f098\\\", \\\"errorMessage\\\": \\\"The lifecycle configuration does not exist\\\", \\\"eventType\\\": \\\"AwsApiCall\\\", \\\"eventSource\\\": \\\"s3.amazonaws.com\\\", \\\"requestID\\\": \\\"654A5125CA2D6AE0\\\", \\\"userIdentity\\\": {\\\"arn\\\": \\\"arn:aws:iam::622676721278:user/splunk_access\\\", \\\"userName\\\": \\\"splunk_access\\\", \\\"accountId\\\": \\\"622676721278\\\", \\\"principalId\\\": \\\"AIDAIQDWHFKP2XVDXFKFW\\\", \\\"accessKeyId\\\": \\\"AKIAIGKL572SFDPOKLHA\\\", \\\"type\\\": \\\"IAMUser\\\"}, \\\"eventName\\\": \\\"GetBucketLifecycle\\\", \\\"recipientAccountId\\\": \\\"622676721278\\\", \\\"responseElements\\\": null, \\\"sourceIPAddress\\\": \\\"34.215.24.225\\\", \\\"userAgent\\\": \\\"[Boto3/1.5.22 Python/2.7.14 Linux/4.4.0-1062-aws Botocore/1.8.46]\\\"}\"}, {\"_time\": \"2018-08-20T22:53:34.000+08:00\", \"_raw\": \"{\\\"requestParameters\\\": {\\\"logging\\\": [\\\"\\\"], \\\"bucketName\\\": \\\"frothlywebcode\\\"}, \\\"eventTime\\\": \\\"2018-08-20T14:53:34Z\\\", \\\"eventID\\\": \\\"ce1f2091-03ac-43e4-8d15-d6fe061c7582\\\", \\\"eventVersion\\\": \\\"1.05\\\", \\\"awsRegion\\\": \\\"us-west-1\\\", \\\"eventType\\\": \\\"AwsApiCall\\\", \\\"eventSource\\\": \\\"s3.amazonaws.com\\\", \\\"requestID\\\": \\\"1003F89A3EC3DC72\\\", \\\"userIdentity\\\": {\\\"arn\\\": \\\"arn:aws:iam::622676721278:user/splunk_access\\\", \\\"userName\\\": \\\"splunk_access\\\", \\\"accountId\\\": \\\"622676721278\\\", \\\"principalId\\\": \\\"AIDAIQDWHFKP2XVDXFKFW\\\", \\\"accessKeyId\\\": \\\"AKIAIGKL572SFDPOKLHA\\\", \\\"type\\\": \\\"IAMUser\\\"}, \\\"eventName\\\": \\\"GetBucketLogging\\\", \\\"recipientAccountId\\\": \\\"622676721278\\\", \\\"responseElements\\\": null, \\\"sourceIPAddress\\\": \\\"34.215.24.225\\\", \\\"userAgent\\\": \\\"[Boto3/1.5.22 Python/2.7.14 Linux/4.4.0-1062-aws Botocore/1.8.46]\\\"}\"}, {\"_time\": \"2018-08-20T22:53:34.000+08:00\", \"_raw\": \"{\\\"requestParameters\\\": {\\\"cors\\\": [\\\"\\\"], \\\"bucketName\\\": \\\"frothlywebcode\\\"}, \\\"eventTime\\\": \\\"2018-08-20T14:53:34Z\\\", \\\"errorCode\\\": \\\"NoSuchCORSConfiguration\\\", \\\"eventVersion\\\": \\\"1.05\\\", \\\"awsRegion\\\": \\\"us-west-1\\\", \\\"eventID\\\": \\\"72658c7f-2c7c-48b2-becf-cf5336d391b4\\\", \\\"errorMessage\\\": \\\"The CORS configuration does not exist\\\", \\\"eventType\\\": \\\"AwsApiCall\\\", \\\"eventSource\\\": \\\"s3.amazonaws.com\\\", \\\"requestID\\\": \\\"0919611B196D6660\\\", \\\"userIdentity\\\": {\\\"arn\\\": \\\"arn:aws:iam::622676721278:user/splunk_access\\\", \\\"userName\\\": \\\"splunk_access\\\", \\\"accountId\\\": \\\"622676721278\\\", \\\"principalId\\\": \\\"AIDAIQDWHFKP2XVDXFKFW\\\", \\\"accessKeyId\\\": \\\"AKIAIGKL572SFDPOKLHA\\\", \\\"type\\\": \\\"IAMUser\\\"}, \\\"eventName\\\": \\\"GetBucketCors\\\", \\\"recipientAccountId\\\": \\\"622676721278\\\", \\\"responseElements\\\": null, \\\"sourceIPAddress\\\": \\\"34.215.24.225\\\", \\\"userAgent\\\": \\\"[Boto3/1.5.22 Python/2.7.14 Linux/4.4.0-1062-aws Botocore/1.8.46]\\\"}\"}], \"meta\": {\"total_event_count\": 5, \"returned\": 5, \"sid\": \"1783473393.707\"}}",
          "name": "sample_events"
        },
        {
          "type": "AIMessage",
          "content": "Intention: Verify the PutBucketAcl event with the specified eventID exists and see its full structure, including the timestamp.\n→ call run_splunk_search(query=\"index=botsv3 sourcetype=aws:cloudtrail eventID=ab45689d-69cd-41e7-8705-5350402cf7ac | stats values(eventName) as eventName values(eventTime) as eventTime values(requestParameters.bucketName) as bucketName values(sourceIPAddress) as sourceIP values(userIdentity.userName) as userName values(userIdentity.arn) as userArn\")",
          "tool_calls": [
            {
              "name": "run_splunk_search",
              "args": {
                "query": "index=botsv3 sourcetype=aws:cloudtrail eventID=ab45689d-69cd-41e7-8705-5350402cf7ac | stats values(eventName) as eventName values(eventTime) as eventTime values(requestParameters.bucketName) as bucketName values(sourceIPAddress) as sourceIP values(userIdentity.userName) as userName values(userIdentity.arn) as userArn"
              }
            }
          ]
        },
        {
          "type": "ToolMessage",
          "content": "{\"results\": [{\"eventName\": \"PutBucketAcl\", \"eventTime\": \"2018-08-20T13:01:46Z\", \"bucketName\": \"frothlywebcode\", \"sourceIP\": \"107.77.212.175\", \"userName\": \"bstoll\", \"userArn\": \"arn:aws:iam::622676721278:user/bstoll\"}], \"meta\": {\"total_event_count\": 1, \"returned\": 1, \"sid\": \"1783473401.710\"}}",
          "name": "run_splunk_search"
        },
        {
          "type": "AIMessage",
          "content": "Intention: Find all distinct eventNames for S3 events on the frothlywebcode bucket to identify which object upload operations are present in the data.\n→ call run_splunk_search(query=\"index=botsv3 sourcetype=aws:cloudtrail eventSource=s3.amazonaws.com requestParameters.bucketName=frothlywebcode | stats count by eventName | sort -count\")",
          "tool_calls": [
            {
              "name": "run_splunk_search",
              "args": {
                "query": "index=botsv3 sourcetype=aws:cloudtrail eventSource=s3.amazonaws.com requestParameters.bucketName=frothlywebcode | stats count by eventName | sort -count"
              }
            }
          ]
        },
        {
          "type": "ToolMessage",
          "content": "{\"results\": [{\"eventName\": \"GetBucketCors\", \"count\": \"16\"}, {\"eventName\": \"GetBucketAcl\", \"count\": \"12\"}, {\"eventName\": \"GetBucketLifecycle\", \"count\": \"12\"}, {\"eventName\": \"GetBucketLogging\", \"count\": \"12\"}, {\"eventName\": \"GetBucketPolicy\", \"count\": \"12\"}, {\"eventName\": \"GetBucketTagging\", \"count\": \"12\"}, {\"eventName\": \"GetBucketLocation\", \"count\": \"10\"}, {\"eventName\": \"GetBucketVersioning\", \"count\": \"5\"}, {\"eventName\": \"GetBucketEncryption\", \"count\": \"3\"}, {\"eventName\": \"GetBucketNotification\", \"count\": \"3\"}, {\"eventName\": \"GetBucketReplication\", \"count\": \"3\"}, {\"eventName\": \"GetBucketRequestPayment\", \"count\": \"3\"}, {\"eventName\": \"GetBucketWebsite\", \"count\": \"3\"}, {\"eventName\": \"PutBucketAcl\", \"count\": \"2\"}], \"meta\": {\"total_event_count\": 14, \"returned\": 14, \"sid\": \"1783473408.712\"}}",
          "name": "run_splunk_search"
        },
        {
          "type": "AIMessage",
          "content": "Intention: Check if any S3 object-level events (PutObject, CompleteMultipartUpload, etc.) exist anywhere in the CloudTrail data, regardless of bucket name. This will tell me if object-level CloudTrail logging was enabled.\n→ call run_splunk_search(query=\"index=botsv3 sourcetype=aws:cloudtrail eventSource=s3.amazonaws.com (eventName=PutObject OR eventName=CompleteMultipartUpload OR eventName=CopyObject OR eventName=CreateMultipartUpload OR eventName=UploadPart OR eventName=POST OR eventName=PUT) | stats count by eventName | sort -count\")",
          "tool_calls": [
            {
              "name": "run_splunk_search",
              "args": {
                "query": "index=botsv3 sourcetype=aws:cloudtrail eventSource=s3.amazonaws.com (eventName=PutObject OR eventName=CompleteMultipartUpload OR eventName=CopyObject OR eventName=CreateMultipartUpload OR eventName=UploadPart OR eventName=POST OR eventName=PUT) | stats count by eventName | sort -count"
              }
            }
          ]
        },
        {
          "type": "ToolMessage",
          "content": "{\"results\": [], \"meta\": {\"total_event_count\": 0, \"returned\": 0, \"sid\": \"1783473415.714\"}}",
          "name": "run_splunk_search"
        },
        {
          "type": "AIMessage",
          "content": "Intention: No object-level S3 events in CloudTrail. Check if S3 server access logs (aws:s3:accesslogs) exist and contain PUT operations to the frothlywebcode bucket, as this is a separate logging mechanism that captures object-level operations.\n→ call run_splunk_search(query=\"index=botsv3 sourcetype=aws:s3:accesslogs bucket=frothlywebcode | stats count by operation | sort -count\")",
          "tool_calls": [
            {
              "name": "run_splunk_search",
              "args": {
                "query": "index=botsv3 sourcetype=aws:s3:accesslogs bucket=frothlywebcode | stats count by operation | sort -count"
              }
            }
          ]
        },
        {
          "type": "ToolMessage",
          "content": "{\"results\": [], \"meta\": {\"total_event_count\": 0, \"returned\": 0, \"sid\": \"1783473422.716\"}}",
          "name": "run_splunk_search"
        },
        {
          "type": "AIMessage",
          "content": "Intention: Check if S3 access logs exist at all and what buckets/operations they cover.\n→ call run_splunk_search(query=\"index=botsv3 sourcetype=aws:s3:accesslogs | stats count by bucket operation | sort -count\")",
          "tool_calls": [
            {
              "name": "run_splunk_search",
              "args": {
                "query": "index=botsv3 sourcetype=aws:s3:accesslogs | stats count by bucket operation | sort -count"
              }
            }
          ]
        },
        {
          "type": "ToolMessage",
          "content": "{\"results\": [], \"meta\": {\"total_event_count\": 0, \"returned\": 0, \"sid\": \"1783473427.717\"}}",
          "name": "run_splunk_search"
        },
        {
          "type": "AIMessage",
          "content": "Intention: Check if S3 access logs exist at all in the dataset, and also look for any other sourcetypes that might contain S3 object upload events (e.g., stream:http might capture S3 API calls).\n→ call run_splunk_search(query=\"index=botsv3 sourcetype=aws:s3:accesslogs | stats count\")",
          "tool_calls": [
            {
              "name": "run_splunk_search",
              "args": {
                "query": "index=botsv3 sourcetype=aws:cloudtrail eventSource=s3.amazonaws.com | stats count by eventName | sort -count"
              }
            }
          ]
        },
        {
          "type": "ToolMessage",
          "content": "{\"results\": [{\"eventName\": \"GetBucketLocation\", \"count\": \"169\"}, {\"eventName\": \"GetBucketCors\", \"count\": \"151\"}, {\"eventName\": \"GetBucketLifecycle\", \"count\": \"147\"}, {\"eventName\": \"GetBucketLogging\", \"count\": \"147\"}, {\"eventName\": \"GetBucketTagging\", \"count\": \"147\"}, {\"eventName\": \"GetBucketAcl\", \"count\": \"57\"}, {\"eventName\": \"GetBucketPolicy\", \"count\": \"57\"}, {\"eventName\": \"ListBuckets\", \"count\": \"13\"}, {\"eventName\": \"GetBucketVersioning\", \"count\": \"6\"}, {\"eventName\": \"GetBucketEncryption\", \"count\": \"4\"}, {\"eventName\": \"GetBucketNotification\", \"count\": \"3\"}, {\"eventName\": \"GetBucketReplication\", \"count\": \"3\"}, {\"eventName\": \"GetBucketRequestPayment\", \"count\": \"3\"}, {\"eventName\": \"GetBucketWebsite\", \"count\": \"3\"}, {\"eventName\": \"PutBucketAcl\", \"count\": \"2\"}], \"meta\": {\"total_event_count\": 15, \"returned\": 15, \"sid\": \"1783473434.718\"}}",
          "name": "run_splunk_search"
        },
        {
          "type": "AIMessage",
          "content": "Intention: Check if stream:http contains S3 API calls to frothlywebcode, as network-level HTTP traffic might capture the actual PutObject/POST operations that CloudTrail doesn't have.\n→ call run_splunk_search(query=\"index=botsv3 sourcetype=stream:http (frothlywebcode OR s3.amazonaws.com) | stats count by http_method uri_path | head 20\")",
          "tool_calls": [
            {
              "name": "run_splunk_search",
              "args": {
                "query": "index=botsv3 sourcetype=stream:http (frothlywebcode OR s3.amazonaws.com) | stats count by http_method uri_path | head 20"
              }
            }
          ]
        },
        {
          "type": "ToolMessage",
          "content": "{\"results\": [{\"http_method\": \"GET\", \"uri_path\": \"/assets.contently.com/insights/insights.js\", \"count\": \"1\"}, {\"http_method\": \"GET\", \"uri_path\": \"/bushwickdaily.com/post_image-image/kcNZPd9PKPqeRF0vSTBoGg.jpg\", \"count\": \"1\"}, {\"http_method\": \"GET\", \"uri_path\": \"/favicon.ico\", \"count\": \"1\"}, {\"http_method\": \"GET\", \"uri_path\": \"/rapgenius/1363777807_nerd1.jpg\", \"count\": \"3\"}, {\"http_method\": \"GET\", \"uri_path\": \"/resizer/12nbdqArVnPVCL4nCrmJe6Z1hLM=/1400x0/arc-anglerfish-arc2-prod-tronc.s3.amazonaws.com/public/YF4YITFF7NFVZE346MBA7T6YBA.jpg\", \"count\": \"1\"}, {\"http_method\": \"GET\", \"uri_path\": \"/resizer/Ljwa1C76-0ulmfhkRYg_n-2Ivss=/1400x0/arc-anglerfish-arc2-prod-tronc.s3.amazonaws.com/public/FYVEMDFPGJGV7KPATGBAFXM23M.jpg\", \"count\": \"1\"}, {\"http_method\": \"GET\", \"uri_path\": \"/resizer/jPtu-LDpHkbc05yavEnwMvUiXnY=/1400x0/arc-anglerfish-arc2-prod-tronc.s3.amazonaws.com/public/TGJB6CBINFDVZOTQMNLBKKH6LU.jpg\", \"count\": \"1\"}, {\"http_method\": \"GET\", \"uri_path\": \"/resizer/xXDE9JYADznzgOy9NmRhry9kthw=/1400x0/arc-anglerfish-arc2-prod-tronc.s3.amazonaws.com/public/TBKPWSDASJF4DDEZ33ORURC66U.jpg\", \"count\": \"1\"}, {\"http_method\": \"GET\", \"uri_path\": \"/wp-content/uploads/2014/01/GF17_GFB_19oz_FeaturedBeer_205x242_WebGraphic.png\", \"count\": \"1\"}, {\"http_method\": \"GET\", \"uri_path\": \"/wp-content/uploads/2014/01/GF17_RemixIPA_1770x630_Desktop_WebSlider_3.0.jpg\", \"count\": \"1\"}, {\"http_method\": \"GET\", \"uri_path\": \"/wp-content/uploads/2014/01/GF17_RemixIPA_640x656_Mobile_WebSlider_1.0.jpg\", \"count\": \"1\"}, {\"http_method\": \"GET\", \"uri_path\": \"/wp-content/uploads/2014/01/GF18_PFK_205x242_FeaturedBeerGraphic.png\", \"count\": \"1\"}, {\"http_method\": \"GET\", \"uri_path\": \"/wp-content/uploads/2014/01/GF18_homePage_Slider_Desktop_DrinkOutside_1.0.jpg\", \"count\": \"1\"}, {\"http_method\": \"GET\", \"uri_path\": \"/wp-content/uploads/2014/01/GF18_homePage_Slider_Mobile_DrinkOutside_1.0.jpg\", \"count\": \"1\"}, {\"http_method\": \"GET\", \"uri_path\": \"/wp-content/uploads/2014/01/GF_home_PromoBox_WCIPA.png\", \"count\": \"1\"}, {\"http_method\": \"GET\", \"uri_path\": \"/wp-content/uploads/2014/01/GF_home_PromoBox_soulStyleStairs.png\", \"count\": \"1\"}, {\"http_method\": \"GET\", \"uri_path\": \"/wp-content/uploads/2014/01/beer_advocatec-1.png\", \"count\": \"1\"}, {\"http_method\": \"GET\", \"uri_path\": \"/wp-content/uploads/2014/01/discover_bg.jpg\", \"count\": \"1\"}, {\"http_method\": \"GET\", \"uri_path\": \"/wp-content/uploads/2014/01/locator-bg.jpg\", \"count\": \"1\"}, {\"http_method\": \"GET\", \"uri_path\": \"/wp-content/uploads/2014/01/rate-review-bg.jpg\", \"count\": \"1\"}], \"meta\": {\"total_event_count\": 20, \"returned\": 20, \"sid\": \"1783473439.720\"}}",
          "name": "run_splunk_search"
        },
        {
          "type": "AIMessage",
          "content": "Intention: Search stream:http more specifically for PUT or POST methods to S3 endpoints that might contain frothlywebcode in the URI or host.\n→ call run_splunk_search(query=\"index=botsv3 sourcetype=stream:http (http_method=PUT OR http_method=POST) | stats count by http_method uri_host uri_path | head 30\")",
          "tool_calls": [
            {
              "name": "run_splunk_search",
              "args": {
                "query": "index=botsv3 sourcetype=stream:http (http_method=PUT OR http_method=POST) | stats count by http_method uri_host uri_path | head 30"
              }
            }
          ]
        },
        {
          "type": "ToolMessage",
          "content": "{\"results\": [], \"meta\": {\"total_event_count\": 0, \"returned\": 0, \"sid\": \"1783473445.721\"}}",
          "name": "run_splunk_search"
        },
        {
          "type": "AIMessage",
          "content": "Intention: Check if there are any S3-related events in CloudTrail that reference frothlywebcode in the raw event text but might use different field names (e.g., the bucket name might be in a different field path). Also check for any PutBucketAcl events after the specified timestamp.\n→ call run_splunk_search(query=\"index=botsv3 sourcetype=aws:cloudtrail eventSource=s3.amazonaws.com requestParameters.bucketName=frothlywebcode eventTime>\\\"2018-08-20T13:01:46Z\\\" | stats count by eventName eventTime eventID sourceIPAddress userIdentity.userName | sort eventTime\")",
          "tool_calls": [
            {
              "name": "run_splunk_search",
              "args": {
                "query": "index=botsv3 sourcetype=aws:cloudtrail eventSource=s3.amazonaws.com requestParameters.bucketName=frothlywebcode eventTime>\\\"2018-08-20T13:01:46Z\\\" | stats count by eventName eventTime eventID sourceIPAddress userIdentity.userName | sort eventTime"
              }
            }
          ]
        },
        {
          "type": "ToolMessage",
          "content": "{\"results\": [{\"eventName\": \"GetBucketCors\", \"eventTime\": \"2018-08-20T09:08:04Z\", \"eventID\": \"5538cc77-f00d-4242-93f6-6b631ffb5e05\", \"sourceIPAddress\": \"34.215.24.225\", \"userIdentity.userName\": \"splunk_access\", \"count\": \"1\"}, {\"eventName\": \"GetBucketLifecycle\", \"eventTime\": \"2018-08-20T09:08:04Z\", \"eventID\": \"b6f6e5a1-bb6e-4d0b-b0b7-4a0b51ea07d2\", \"sourceIPAddress\": \"34.215.24.225\", \"userIdentity.userName\": \"splunk_access\", \"count\": \"1\"}, {\"eventName\": \"GetBucketLocation\", \"eventTime\": \"2018-08-20T09:08:04Z\", \"eventID\": \"a7d05bec-326d-4017-b6b8-7489cedd3a66\", \"sourceIPAddress\": \"34.215.24.225\", \"userIdentity.userName\": \"splunk_access\", \"count\": \"1\"}, {\"eventName\": \"GetBucketLogging\", \"eventTime\": \"2018-08-20T09:08:04Z\", \"eventID\": \"694acc1b-366c-463e-a3e9-eaddd5edfb91\", \"sourceIPAddress\": \"34.215.24.225\", \"userIdentity.userName\": \"splunk_access\", \"count\": \"1\"}, {\"eventName\": \"GetBucketTagging\", \"eventTime\": \"2018-08-20T09:08:04Z\", \"eventID\": \"106acb93-b15a-44c0-9ff4-570844d92166\", \"sourceIPAddress\": \"34.215.24.225\", \"userIdentity.userName\": \"splunk_access\", \"count\": \"1\"}, {\"eventName\": \"GetBucketCors\", \"eventTime\": \"2018-08-20T10:40:51Z\", \"eventID\": \"f606c510-34a9-43f4-99ce-87f841f77390\", \"sourceIPAddress\": \"34.215.24.225\", \"userIdentity.userName\": \"splunk_access\", \"count\": \"1\"}, {\"eventName\": \"GetBucketLifecycle\", \"eventTime\": \"2018-08-20T10:40:51Z\", \"eventID\": \"85ea92fc-e6eb-4511-8a79-09b60456ea94\", \"sourceIPAddress\": \"34.215.24.225\", \"userIdentity.userName\": \"splunk_access\", \"count\": \"1\"}, {\"eventName\": \"GetBucketLocation\", \"eventTime\": \"2018-08-20T10:40:51Z\", \"eventID\": \"ee43a8a7-badd-4d63-aa83-4709d5472388\", \"sourceIPAddress\": \"34.215.24.225\", \"userIdentity.userName\": \"splunk_access\", \"count\": \"1\"}, {\"eventName\": \"GetBucketLogging\", \"eventTime\": \"2018-08-20T10:40:51Z\", \"eventID\": \"6cb6c56f-2aef-4fab-a48d-4be2837708af\", \"sourceIPAddress\": \"34.215.24.225\", \"userIdentity.userName\": \"splunk_access\", \"count\": \"1\"}, {\"eventName\": \"GetBucketTagging\", \"eventTime\": \"2018-08-20T10:40:51Z\", \"eventID\": \"ec39cb25-796d-4c60-ac25-461d4dbcf387\", \"sourceIPAddress\": \"34.215.24.225\", \"userIdentity.userName\": \"splunk_access\", \"count\": \"1\"}, {\"eventName\": \"GetBucketCors\", \"eventTime\": \"2018-08-20T10:53:39Z\", \"eventID\": \"784a597b-a1a7-4466-8b62-8061b4eae8c2\", \"sourceIPAddress\": \"34.215.24.225\", \"userIdentity.userName\": \"splunk_access\", \"count\": \"1\"}, {\"eventName\": \"GetBucketLifecycle\", \"eventTime\": \"2018-08-20T10:53:39Z\", \"eventID\": \"715d4dd8-c008-45a4-86d5-ee0df3b32709\", \"sourceIPAddress\": \"34.215.24.225\", \"userIdentity.userName\": \"splunk_access\", \"count\": \"1\"}, {\"eventName\": \"GetBucketLocation\", \"eventTime\": \"2018-08-20T10:53:39Z\", \"eventID\": \"a15a0fcd-4fff-47d2-9db5-a4b552404c45\", \"sourceIPAddress\": \"34.215.24.225\", \"userIdentity.userName\": \"splunk_access\", \"count\": \"1\"}, {\"eventName\": \"GetBucketLogging\", \"eventTime\": \"2018-08-20T10:53:39Z\", \"eventID\": \"3dd77a62-7eb3-4997-b503-b46b73346e40\", \"sourceIPAddress\": \"34.215.24.225\", \"userIdentity.userName\": \"splunk_access\", \"count\": \"1\"}, {\"eventName\": \"GetBucketTagging\", \"eventTime\": \"2018-08-20T10:53:39Z\", \"eventID\": \"adb0b70c-bfa1-4b07-af5a-1f3c2fedf788\", \"sourceIPAddress\": \"34.215.24.225\", \"userIdentity.userName\": \"splunk_access\", \"count\": \"1\"}, {\"eventName\": \"GetBucketCors\", \"eventTime\": \"2018-08-20T11:05:16Z\", \"eventID\": \"c301d836-33bc-4182-8aed-6eff15ae9205\", \"sourceIPAddress\": \"34.215.24.225\", \"userIdentity.userName\": \"splunk_access\", \"count\": \"1\"}, {\"eventName\": \"GetBucketLifecycle\", \"eventTime\": \"2018-08-20T11:05:16Z\", \"eventID\": \"b781905a-bbd2-48b1-b8f9-4c59fc5cae83\", \"sourceIPAddress\": \"34.215.24.225\", \"userIdentity.userName\": \"splunk_access\", \"count\": \"1\"}, {\"eventName\": \"GetBucketLocation\", \"eventTime\": \"2018-08-20T11:05:16Z\", \"eventID\": \"8ac533f5-cc8c-4cb4-abcd-bf94b810f916\", \"sourceIPAddress\": \"34.215.24.225\", \"userIdentity.userName\": \"splunk_access\", \"count\": \"1\"}, {\"eventName\": \"GetBucketLogging\", \"eventTime\": \"2018-08-20T11:05:16Z\", \"eventID\": \"6e83852d-f6a0-4693-be66-d2cacb322b94\", \"sourceIPAddress\": \"34.215.24.225\", \"userIdentity.userName\": \"splunk_access\", \"count\": \"1\"}, {\"eventName\": \"GetBucketTagging\", \"eventTime\": \"2018-08-20T11:05:16Z\", \"eventID\": \"559069b4-d86f-4772-820e-951812d6a6ea\", \"sourceIPAddress\": \"34.215.24.225\", \"userIdentity.userName\": \"splunk_access\", \"count\": \"1\"}, 